02:53:18.170 [main                     ] DEBUG Logger               - Configured Logger
02:53:18.171 [main                     ] DEBUG GameApplication      - Logging settings
Title: Bomberman
Version: Tram Cam Desu
Width: 1080
Height: 720
Fullscreen: false
Intro: false
Profiling: false
Single step:false
App Mode: DEVELOPER
Menu Key: ESCAPE
Stage Style: DECORATED
Scene Factory: class uet.oop.bomberman.BBMApp$1

02:53:18.466 [JavaFX Application Thread] DEBUG FXGLApplication      - Initializing FXGL
02:53:18.468 [JavaFX Application Thread] INFO  Engine               - FXGL-11.17 (16.07.2021 15.46) on WINDOWS (J:18.0.2.1 FX:16)
02:53:18.468 [JavaFX Application Thread] DEBUG Engine               - JRE Vendor Name: Oracle Corporation
02:53:18.469 [JavaFX Application Thread] DEBUG Engine               - Running on OS: Windows 10 version 10.0
02:53:18.469 [JavaFX Application Thread] DEBUG Engine               - Architecture: amd64
02:53:18.469 [JavaFX Application Thread] INFO  Engine               - Source code and latest versions at: https://github.com/AlmasB/FXGL
02:53:18.469 [JavaFX Application Thread] INFO  Engine               -              Join the FXGL chat at: https://gitter.im/AlmasB/FXGL
02:53:18.537 [JavaFX Application Thread] DEBUG PrimaryStageWindow   - Creating a JavaFX scene
02:53:18.570 [JavaFX Application Thread] DEBUG PrimaryStageWindow   - Target settings size: 1080.0 x 720.0
02:53:18.570 [JavaFX Application Thread] DEBUG PrimaryStageWindow   - Scaled scene size:    1080.0 x 720.0
02:53:18.570 [JavaFX Application Thread] DEBUG PrimaryStageWindow   - Scaled ratio: (1.0, 1.0)
02:53:18.571 [JavaFX Application Thread] DEBUG PrimaryStageWindow   - Set initial scene to FXGLStartupScene
02:53:18.576 [JavaFX Application Thread] DEBUG PrimaryStageWindow   - Opening main window
02:53:18.640 [JavaFX Application Thread] DEBUG PrimaryStageWindow   - Window border size: (14.4000244140625, 37.5999755859375)
02:53:18.640 [JavaFX Application Thread] DEBUG PrimaryStageWindow   - Scaled size: 1080.0 x 720.0
02:53:18.640 [JavaFX Application Thread] DEBUG PrimaryStageWindow   - Scaled ratio: (1.0, 1.0)
02:53:18.641 [JavaFX Application Thread] DEBUG PrimaryStageWindow   - Scene size: 1080.0 x 720.0
02:53:18.641 [JavaFX Application Thread] DEBUG PrimaryStageWindow   - Stage size: 1094.4000244140625 x 757.5999755859375
02:53:18.648 [FXGL Background Thread 1 ] DEBUG Engine               - Initializing environment variables
02:53:18.732 [FXGL Background Thread 1 ] DEBUG FXGLAssetLoaderServi - User app class for loading assets: class uet.oop.bomberman.BBMApp
02:53:18.732 [FXGL Background Thread 1 ] DEBUG GameApplicationServi - Applying CSS: fxgl_dark.css
02:53:18.733 [FXGL Background Thread 1 ] DEBUG FXGLAssetLoaderServi - Loading from file system: jar:file:///C:/Users/Legion%207/.m2/repository/com/github/almasb/fxgl/11.17/fxgl-11.17.jar!/fxglassets/ui/css/fxgl_dark.css
02:53:18.797 [FXGL Background Thread 1 ] DEBUG GameApplicationServi - Initializing application scenes
02:53:18.858 [FXGL Background Thread 1 ] DEBUG GameWorld            - Game world initialized
02:53:18.915 [FXGL Background Thread 1 ] DEBUG PhysicsWorld         - Physics world initialized: appHeight=720, physics.ppm=50.0
02:53:18.915 [FXGL Background Thread 1 ] DEBUG PhysicsWorld         - Using strategy: BRUTE_FORCE
02:53:18.917 [FXGL Background Thread 1 ] DEBUG GameScene            - Game scene initialized: 1080x720
02:53:19.040 [FXGL Background Thread 1 ] DEBUG GameApplicationServi - Application scenes initialized
02:53:19.052 [FXGL Background Thread 1 ] DEBUG SystemBundleService  - Loading FXGL system data
02:53:19.057 [FXGL Background Thread 1 ] DEBUG FileSystemAccess     - Reading from: D:\GitHub\bomberman-tramcam-desu\system\fxgl.bundle
02:53:19.064 [FXGL Background Thread 1 ] DEBUG SystemBundleService  - Bundle FXGL: {}
02:53:19.064 [FXGL Background Thread 1 ] DEBUG UpdaterService       - Checking for updates
02:53:19.087 [FXGL Background Thread 4 ] DEBUG FXGLApplication      - Loading fonts
02:53:19.088 [FXGL Background Thread 4 ] DEBUG FXGLAssetLoaderServi - Loading from file system: file:/D:/GitHub/bomberman-tramcam-desu/target/classes/assets/ui/fonts/Retro%20Gaming.ttf
02:53:19.088 [FXGL Background Thread 1 ] DEBUG FXGLApplication      - Loading default localization
02:53:19.088 [FXGL Background Thread 1 ] DEBUG FXGLAssetLoaderServi - Loading from file system: jar:file:///C:/Users/Legion%207/.m2/repository/com/github/almasb/fxgl/11.17/fxgl-11.17.jar!/fxglassets/languages/english.lang
02:53:19.100 [FXGL Background Thread 1 ] INFO  FXGLApplication      - FXGL initialization took: 0.451 sec
02:53:19.111 [JavaFX Application Thread] DEBUG Input                - Registered new binding: Move Up - W
02:53:19.112 [JavaFX Application Thread] DEBUG Input                - Registered new binding: Move Down - S
02:53:19.112 [JavaFX Application Thread] DEBUG Input                - Registered new binding: Move Left - A
02:53:19.112 [JavaFX Application Thread] DEBUG Input                - Registered new binding: Move Right - D
02:53:19.112 [JavaFX Application Thread] DEBUG Input                - Registered new binding: Place Bomb - Space
02:53:19.113 [JavaFX Application Thread] DEBUG FXGLAssetLoaderServi - Loading from file system: file:/D:/GitHub/bomberman-tramcam-desu/target/classes/assets/music/MenuMusic.mp3
02:53:19.171 [FXGL Background Thread 4 ] DEBUG FXGLAssetLoaderServi - Loading from file system: jar:file:///C:/Users/Legion%207/.m2/repository/com/github/almasb/fxgl/11.17/fxgl-11.17.jar!/fxglassets/ui/fonts/Abel-Regular.ttf
02:53:19.181 [FXGL Background Thread 4 ] DEBUG FXGLAssetLoaderServi - Loading from file system: jar:file:///C:/Users/Legion%207/.m2/repository/com/github/almasb/fxgl/11.17/fxgl-11.17.jar!/fxglassets/ui/fonts/lucida_console.ttf
02:53:19.192 [FXGL Background Thread 4 ] DEBUG FXGLAssetLoaderServi - Loading from file system: jar:file:///C:/Users/Legion%207/.m2/repository/com/github/almasb/fxgl/11.17/fxgl-11.17.jar!/fxglassets/ui/fonts/Courier-Prime.ttf
02:53:19.297 [JavaFX Application Thread] DEBUG AudioPlayer          - Playing music com.almasb.fxgl.audio.Music@23f422c0
02:53:19.298 [JavaFX Application Thread] DEBUG FXGLAssetLoaderServi - Loading from file system: jar:file:///C:/Users/Legion%207/.m2/repository/com/github/almasb/fxgl/11.17/fxgl-11.17.jar!/fxglassets/textures/fxgl_icon.png
02:53:19.331 [JavaFX Application Thread] DEBUG FXGLAssetLoaderServi - Loading from file system: jar:file:///C:/Users/Legion%207/.m2/repository/com/github/almasb/fxgl/11.17/fxgl-11.17.jar!/fxglassets/textures/fxgl_default_cursor.png
02:53:19.333 [JavaFX Application Thread] DEBUG Input                - Registered new binding: Screenshot - CTRL+8
02:53:19.333 [JavaFX Application Thread] DEBUG Input                - Registered new binding: Dev Options - 1
02:53:19.334 [JavaFX Application Thread] DEBUG Input                - Registered new binding: Dev Console - 2
02:53:19.334 [JavaFX Application Thread] DEBUG Input                - Registered new binding: System info dump - CTRL+9
02:53:19.334 [JavaFX Application Thread] DEBUG Input                - Registered new binding: Restart - CTRL+R
02:53:19.335 [JavaFX Application Thread] DEBUG Input                - Registered new binding: Toggle Debug Camera - CTRL+C
02:53:19.340 [JavaFX Application Thread] DEBUG LoopRunner           - Starting loop
02:53:19.359 [JavaFX Application Thread] DEBUG LoopRunner           - Initializing JavaFX AnimationTimerLoop
02:53:19.362 [JavaFX Application Thread] DEBUG Input                - Clearing active input actions
02:53:19.375 [JavaFX Application Thread] DEBUG GameApplicationServi - Removing overlay from FXGLStartupScene and adding to FXGLMainMenuDummyScene
02:53:19.379 [JavaFX Application Thread] DEBUG PrimaryStageWindow   - FXGLStartupScene -> FXGLMainMenuDummyScene
02:53:19.380 [JavaFX Application Thread] DEBUG PrimaryStageWindow   - Push state: BBMMenuStartingScreen
02:53:19.380 [JavaFX Application Thread] DEBUG Input                - Clearing active input actions
02:53:19.384 [JavaFX Application Thread] DEBUG GameApplicationServi - Removing overlay from FXGLMainMenuDummyScene and adding to BBMMenuStartingScreen
02:53:19.385 [JavaFX Application Thread] DEBUG PrimaryStageWindow   - FXGLMainMenuDummyScene -> BBMMenuStartingScreen
02:53:19.388 [JavaFX Application Thread] DEBUG FXGLApplication      - Registering font factories with UI factory
02:53:20.355 [FXGL Background Thread 2 ] INFO  UpdaterService       - Your current version:  11.17
02:53:20.355 [FXGL Background Thread 2 ] INFO  UpdaterService       - Latest stable version: 17.2
02:53:20.854 [JavaFX Application Thread] DEBUG Menu                 - fireNewGame()
02:53:20.854 [JavaFX Application Thread] DEBUG GameApplicationServi - Starting new game
02:53:20.854 [JavaFX Application Thread] DEBUG PrimaryStageWindow   - Pop state: BBMMenuStartingScreen
02:53:20.854 [JavaFX Application Thread] DEBUG Input                - Clearing active input actions
02:53:20.855 [JavaFX Application Thread] DEBUG GameApplicationServi - Removing overlay from BBMMenuStartingScreen and adding to FXGLMainMenuDummyScene
02:53:20.856 [JavaFX Application Thread] DEBUG PrimaryStageWindow   - FXGLMainMenuDummyScene <- BBMMenuStartingScreen
02:53:20.856 [JavaFX Application Thread] DEBUG Input                - Clearing active input actions
02:53:20.861 [JavaFX Application Thread] DEBUG GameApplicationServi - Removing overlay from FXGLMainMenuDummyScene and adding to FXGLLoadingScene
02:53:20.862 [JavaFX Application Thread] DEBUG PrimaryStageWindow   - FXGLMainMenuDummyScene -> FXGLLoadingScene
02:53:20.862 [JavaFX Application Thread] DEBUG GameApplicationServi - Clearing previous game
02:53:20.862 [JavaFX Application Thread] DEBUG GameScene            - Clearing game scene
02:53:20.862 [JavaFX Application Thread] DEBUG GameWorld            - Clearing game world
02:53:20.862 [JavaFX Application Thread] DEBUG PhysicsWorld         - Clearing physics world
02:53:20.863 [FXGL Background Thread 2 ] DEBUG FXGLApplication      - Initializing game
02:53:20.870 [FXGL Background Thread 2 ] DEBUG FXGLAssetLoaderServi - Loading from file system: file:/D:/GitHub/bomberman-tramcam-desu/target/classes/assets/sounds/GameStarted.wav
02:53:20.924 [FXGL Background Thread 2 ] INFO  FXGLApplication      - Game initialization took: 0.061 sec
02:53:20.925 [JavaFX Application Thread] DEBUG Input                - Clearing active input actions
02:53:20.932 [JavaFX Application Thread] DEBUG GameApplicationServi - Removing overlay from FXGLLoadingScene and adding to GameScene
02:53:20.936 [JavaFX Application Thread] DEBUG PrimaryStageWindow   - FXGLLoadingScene -> GameScene
02:53:22.086 [FXGL Background Thread 3 ] DEBUG Engine               - Logging environment variables
02:53:22.086 [FXGL Background Thread 3 ] DEBUG Engine               - achievements: []
02:53:22.086 [FXGL Background Thread 3 ] DEBUG Engine               - actualHeight: 720.0
02:53:22.086 [FXGL Background Thread 3 ] DEBUG Engine               - actualHeightProperty: ReadOnlyDoubleProperty [value: 720.0]
02:53:22.087 [FXGL Background Thread 3 ] DEBUG Engine               - actualWidth: 1080.0
02:53:22.087 [FXGL Background Thread 3 ] DEBUG Engine               - actualWidthProperty: ReadOnlyDoubleProperty [value: 1080.0]
02:53:22.087 [FXGL Background Thread 3 ] DEBUG Engine               - appIcon: fxgl_icon.png
02:53:22.087 [FXGL Background Thread 3 ] DEBUG Engine               - applicationMode: DEVELOPER
02:53:22.087 [FXGL Background Thread 3 ] DEBUG Engine               - cSSList: [fxgl_dark.css]
02:53:22.087 [FXGL Background Thread 3 ] DEBUG Engine               - collisionDetectionStrategy: BRUTE_FORCE
02:53:22.087 [FXGL Background Thread 3 ] DEBUG Engine               - configClass: Optional.empty
02:53:22.087 [FXGL Background Thread 3 ] DEBUG Engine               - credits: []
02:53:22.087 [FXGL Background Thread 3 ] DEBUG Engine               - defaultCursor: CursorInfo(imageName=fxgl_default_cursor.png, hotspotX=7.0, hotspotY=6.0)
02:53:22.087 [FXGL Background Thread 3 ] DEBUG Engine               - devBBoxColorProperty: ObjectProperty [value: 0xff0000ff]
02:53:22.087 [FXGL Background Thread 3 ] DEBUG Engine               - devEnableDebugCameraProperty: BooleanProperty [value: false]
02:53:22.087 [FXGL Background Thread 3 ] DEBUG Engine               - devSensorColorProperty: ObjectProperty [value: 0xffff00ff]
02:53:22.087 [FXGL Background Thread 3 ] DEBUG Engine               - devShowBBoxProperty: BooleanProperty [value: false]
02:53:22.087 [FXGL Background Thread 3 ] DEBUG Engine               - devShowPositionProperty: BooleanProperty [value: false]
02:53:22.088 [FXGL Background Thread 3 ] DEBUG Engine               - enabledMenuItems: []
02:53:22.088 [FXGL Background Thread 3 ] DEBUG Engine               - engineServices: [class com.almasb.fxgl.app.services.FXGLAssetLoaderService, class com.almasb.fxgl.app.FXGLApplication$GameApplicationService, class com.almasb.fxgl.app.services.FXGLDialogService, class com.almasb.fxgl.app.services.IOTaskExecutorService, class com.almasb.fxgl.io.FileSystemService, class com.almasb.fxgl.localization.LocalizationService, class com.almasb.fxgl.app.services.SystemBundleService, class com.almasb.fxgl.profile.SaveLoadService, class com.almasb.fxgl.ui.FXGLUIFactoryServiceProvider, class com.almasb.fxgl.ui.FXGLDialogFactoryServiceProvider, class com.almasb.fxgl.audio.AudioPlayer, class com.almasb.fxgl.notification.impl.NotificationServiceProvider, class com.almasb.fxgl.achievement.AchievementService, class com.almasb.fxgl.cutscene.CutsceneService, class com.almasb.fxgl.minigames.MiniGameService, class com.almasb.fxgl.net.NetService, class com.almasb.fxgl.app.services.UpdaterService, class com.almasb.fxgl.dev.DevService]
02:53:22.088 [FXGL Background Thread 3 ] DEBUG Engine               - fontGame: Abel-Regular.ttf
02:53:22.088 [FXGL Background Thread 3 ] DEBUG Engine               - fontMono: lucida_console.ttf
02:53:22.088 [FXGL Background Thread 3 ] DEBUG Engine               - fontText: Courier-Prime.ttf
02:53:22.088 [FXGL Background Thread 3 ] DEBUG Engine               - fontUI: Retro Gaming.ttf
02:53:22.088 [FXGL Background Thread 3 ] DEBUG Engine               - fullScreen: BooleanProperty [value: false]
02:53:22.088 [FXGL Background Thread 3 ] DEBUG Engine               - gameDifficulty: MEDIUM
02:53:22.088 [FXGL Background Thread 3 ] DEBUG Engine               - gameDifficultyProperty: ObjectProperty [value: MEDIUM]
02:53:22.088 [FXGL Background Thread 3 ] DEBUG Engine               - globalMusicVolume: 0.5
02:53:22.088 [FXGL Background Thread 3 ] DEBUG Engine               - globalMusicVolumeProperty: DoubleProperty [value: 0.0]
02:53:22.088 [FXGL Background Thread 3 ] DEBUG Engine               - globalSoundVolume: 0.5
02:53:22.088 [FXGL Background Thread 3 ] DEBUG Engine               - globalSoundVolumeProperty: DoubleProperty [value: 0.4]
02:53:22.088 [FXGL Background Thread 3 ] DEBUG Engine               - height: 720
02:53:22.088 [FXGL Background Thread 3 ] DEBUG Engine               - is3D: false
02:53:22.088 [FXGL Background Thread 3 ] DEBUG Engine               - isAndroid: false
02:53:22.089 [FXGL Background Thread 3 ] DEBUG Engine               - isBrowser: false
02:53:22.089 [FXGL Background Thread 3 ] DEBUG Engine               - isClickFeedbackEnabled: false
02:53:22.089 [FXGL Background Thread 3 ] DEBUG Engine               - isCloseConfirmation: false
02:53:22.089 [FXGL Background Thread 3 ] DEBUG Engine               - isDesktop: true
02:53:22.089 [FXGL Background Thread 3 ] DEBUG Engine               - isDeveloperMenuEnabled: true
02:53:22.089 [FXGL Background Thread 3 ] DEBUG Engine               - isEntityPreloadEnabled: true
02:53:22.089 [FXGL Background Thread 3 ] DEBUG Engine               - isExperimentalTiledLargeMap: false
02:53:22.089 [FXGL Background Thread 3 ] DEBUG Engine               - isFileSystemWriteAllowed: true
02:53:22.089 [FXGL Background Thread 3 ] DEBUG Engine               - isFullScreenAllowed: false
02:53:22.089 [FXGL Background Thread 3 ] DEBUG Engine               - isFullScreenFromStart: false
02:53:22.089 [FXGL Background Thread 3 ] DEBUG Engine               - isGameMenuEnabled: true
02:53:22.089 [FXGL Background Thread 3 ] DEBUG Engine               - isIOS: false
02:53:22.089 [FXGL Background Thread 3 ] DEBUG Engine               - isIntroEnabled: false
02:53:22.089 [FXGL Background Thread 3 ] DEBUG Engine               - isLinux: false
02:53:22.090 [FXGL Background Thread 3 ] DEBUG Engine               - isMac: false
02:53:22.090 [FXGL Background Thread 3 ] DEBUG Engine               - isMainMenuEnabled: true
02:53:22.090 [FXGL Background Thread 3 ] DEBUG Engine               - isManualResizeEnabled: true
02:53:22.090 [FXGL Background Thread 3 ] DEBUG Engine               - isMobile: false
02:53:22.090 [FXGL Background Thread 3 ] DEBUG Engine               - isNative: false
02:53:22.090 [FXGL Background Thread 3 ] DEBUG Engine               - isPauseMusicWhenMinimized: true
02:53:22.090 [FXGL Background Thread 3 ] DEBUG Engine               - isPreserveResizeRatio: true
02:53:22.090 [FXGL Background Thread 3 ] DEBUG Engine               - isProfilingEnabled: false
02:53:22.090 [FXGL Background Thread 3 ] DEBUG Engine               - isScaleAffectedOnResize: true
02:53:22.090 [FXGL Background Thread 3 ] DEBUG Engine               - isSingleStep: false
02:53:22.090 [FXGL Background Thread 3 ] DEBUG Engine               - isUserProfileEnabled: false
02:53:22.090 [FXGL Background Thread 3 ] DEBUG Engine               - isWindows: true
02:53:22.090 [FXGL Background Thread 3 ] DEBUG Engine               - language: ObjectProperty [value: ENGLISH]
02:53:22.090 [FXGL Background Thread 3 ] DEBUG Engine               - menuKey: ESCAPE
02:53:22.090 [FXGL Background Thread 3 ] DEBUG Engine               - mouseSensitivity: 0.2
02:53:22.090 [FXGL Background Thread 3 ] DEBUG Engine               - notificationViewClass: class com.almasb.fxgl.notification.view.XboxNotificationView
02:53:22.090 [FXGL Background Thread 3 ] DEBUG Engine               - pixelsPerMeter: 50.0
02:53:22.090 [FXGL Background Thread 3 ] DEBUG Engine               - platform: WINDOWS
02:53:22.090 [FXGL Background Thread 3 ] DEBUG Engine               - prefHeightProperty: ReadOnlyDoubleProperty [value: 720.0]
02:53:22.091 [FXGL Background Thread 3 ] DEBUG Engine               - prefWidthProperty: ReadOnlyDoubleProperty [value: 1080.0]
02:53:22.091 [FXGL Background Thread 3 ] DEBUG Engine               - profileDir: profiles/
02:53:22.091 [FXGL Background Thread 3 ] DEBUG Engine               - profileName: StringProperty [value: DEFAULT]
02:53:22.091 [FXGL Background Thread 3 ] DEBUG Engine               - randomSeed: -1
02:53:22.091 [FXGL Background Thread 3 ] DEBUG Engine               - runtimeInfo: RuntimeInfo(platform=WINDOWS, version=11.17, build=16.07.2021 15.46)
02:53:22.091 [FXGL Background Thread 3 ] DEBUG Engine               - saveFileExt: sav
02:53:22.091 [FXGL Background Thread 3 ] DEBUG Engine               - scaledHeightProp$fxgl: DoubleProperty [bound, value: 720.0]
02:53:22.091 [FXGL Background Thread 3 ] DEBUG Engine               - scaledWidthProp$fxgl: DoubleProperty [bound, value: 1080.0]
02:53:22.091 [FXGL Background Thread 3 ] DEBUG Engine               - sceneFactory: uet.oop.bomberman.BBMApp$1@7a90604e
02:53:22.091 [FXGL Background Thread 3 ] DEBUG Engine               - secondsIn24h: 60
02:53:22.091 [FXGL Background Thread 3 ] DEBUG Engine               - soundMenuBack: menu/back.wav
02:53:22.091 [FXGL Background Thread 3 ] DEBUG Engine               - soundMenuPress: menu/press.wav
02:53:22.091 [FXGL Background Thread 3 ] DEBUG Engine               - soundMenuSelect: menu/select.wav
02:53:22.091 [FXGL Background Thread 3 ] DEBUG Engine               - soundNotification: core/notification.wav
02:53:22.091 [FXGL Background Thread 3 ] DEBUG Engine               - stageStyle: DECORATED
02:53:22.091 [FXGL Background Thread 3 ] DEBUG Engine               - supportedLanguages: [ENGLISH, FRENCH, GERMAN, HUNGARIAN, RUSSIAN]
02:53:22.091 [FXGL Background Thread 3 ] DEBUG Engine               - ticksPerSecond: -1
02:53:22.092 [FXGL Background Thread 3 ] DEBUG Engine               - title: Bomberman
02:53:22.092 [FXGL Background Thread 3 ] DEBUG Engine               - urlGithub: https://github.com/AlmasB/FXGL
02:53:22.092 [FXGL Background Thread 3 ] DEBUG Engine               - urlLeaderboard: http://fxgl-top.herokuapp.com/
02:53:22.092 [FXGL Background Thread 3 ] DEBUG Engine               - urlPOM: https://raw.githubusercontent.com/AlmasB/FXGL/release/README.md
02:53:22.092 [FXGL Background Thread 3 ] DEBUG Engine               - userAppClass: class uet.oop.bomberman.BBMApp
02:53:22.092 [FXGL Background Thread 3 ] DEBUG Engine               - version: Tram Cam Desu
02:53:22.092 [FXGL Background Thread 3 ] DEBUG Engine               - versionCheckDays: 7
02:53:22.092 [FXGL Background Thread 3 ] DEBUG Engine               - width: 1080
02:53:22.092 [FXGL Background Thread 3 ] DEBUG Engine               - Logging services
02:53:22.092 [FXGL Background Thread 3 ] DEBUG Engine               - class com.almasb.fxgl.app.services.FXGLAssetLoaderService
02:53:22.092 [FXGL Background Thread 3 ] DEBUG Engine               - class com.almasb.fxgl.app.FXGLApplication$GameApplicationService
02:53:22.092 [FXGL Background Thread 3 ] DEBUG Engine               - class com.almasb.fxgl.app.services.FXGLDialogService
02:53:22.092 [FXGL Background Thread 3 ] DEBUG Engine               - class com.almasb.fxgl.app.services.IOTaskExecutorService
02:53:22.092 [FXGL Background Thread 3 ] DEBUG Engine               - class com.almasb.fxgl.io.FileSystemService
02:53:22.092 [FXGL Background Thread 3 ] DEBUG Engine               - class com.almasb.fxgl.localization.LocalizationService
02:53:22.092 [FXGL Background Thread 3 ] DEBUG Engine               - class com.almasb.fxgl.app.services.SystemBundleService
02:53:22.092 [FXGL Background Thread 3 ] DEBUG Engine               - class com.almasb.fxgl.profile.SaveLoadService
02:53:22.092 [FXGL Background Thread 3 ] DEBUG Engine               - class com.almasb.fxgl.ui.FXGLUIFactoryServiceProvider
02:53:22.092 [FXGL Background Thread 3 ] DEBUG Engine               - class com.almasb.fxgl.ui.FXGLDialogFactoryServiceProvider
02:53:22.092 [FXGL Background Thread 3 ] DEBUG Engine               - class com.almasb.fxgl.audio.AudioPlayer
02:53:22.092 [FXGL Background Thread 3 ] DEBUG Engine               - class com.almasb.fxgl.notification.impl.NotificationServiceProvider
02:53:22.092 [FXGL Background Thread 3 ] DEBUG Engine               - class com.almasb.fxgl.achievement.AchievementService
02:53:22.093 [FXGL Background Thread 3 ] DEBUG Engine               - class com.almasb.fxgl.cutscene.CutsceneService
02:53:22.093 [FXGL Background Thread 3 ] DEBUG Engine               - class com.almasb.fxgl.minigames.MiniGameService
02:53:22.093 [FXGL Background Thread 3 ] DEBUG Engine               - class com.almasb.fxgl.net.NetService
02:53:22.093 [FXGL Background Thread 3 ] DEBUG Engine               - class com.almasb.fxgl.app.services.UpdaterService
02:53:22.093 [FXGL Background Thread 3 ] DEBUG Engine               - class com.almasb.fxgl.dev.DevService
02:53:23.496 [JavaFX Application Thread] WARN  TMXLevelLoader       - TiledMap generated from 1.7.2. Supported version: 1.2.3. Some features may not be parsed fully.
02:53:23.512 [JavaFX Application Thread] DEBUG TMXLevelLoader       - Parsed TiledMap: file:/D:/GitHub/bomberman-tramcam-desu/target/classes/assets/levels/level1.tmx
02:53:23.513 [JavaFX Application Thread] DEBUG TMXLevelLoader       - Creating tile layer entities
02:53:23.514 [JavaFX Application Thread] DEBUG TilesetLoader        - Loading view for layer Tile Layer 1
02:53:23.516 [JavaFX Application Thread] DEBUG TilesetLoader        - Created buffer with size 1488.0x720.0
02:53:23.596 [JavaFX Application Thread] DEBUG TMXLevelLoader       - Creating object layer entities
02:53:23.596 [JavaFX Application Thread] DEBUG FXGLAssetLoaderServi - Loading from file system: file:/D:/GitHub/bomberman-tramcam-desu/target/classes/assets/textures/photo/powerup_speed.png
02:53:23.603 [JavaFX Application Thread] DEBUG FXGLAssetLoaderServi - Loading from file system: file:/D:/GitHub/bomberman-tramcam-desu/target/classes/assets/textures/photo/powerup_flames.png
02:53:23.605 [JavaFX Application Thread] DEBUG FXGLAssetLoaderServi - Loading from file system: file:/D:/GitHub/bomberman-tramcam-desu/target/classes/assets/textures/photo/powerup_bombs.png
02:53:23.606 [JavaFX Application Thread] DEBUG FXGLAssetLoaderServi - Loading from file system: file:/D:/GitHub/bomberman-tramcam-desu/target/classes/assets/textures/photo/powerup_flamepass.png
02:53:23.608 [JavaFX Application Thread] DEBUG FXGLAssetLoaderServi - Loading from file system: file:/D:/GitHub/bomberman-tramcam-desu/target/classes/assets/textures/photo/portal.png
02:53:23.610 [JavaFX Application Thread] DEBUG FXGLAssetLoaderServi - Loading from file system: file:/D:/GitHub/bomberman-tramcam-desu/target/classes/assets/textures/sprites.png
02:53:23.677 [JavaFX Application Thread] DEBUG GameWorld            - Clearing removable entities
02:53:23.677 [JavaFX Application Thread] DEBUG GameWorld            - Setting level: com.almasb.fxgl.entity.level.Level@52ec19b6
02:53:23.725 [JavaFX Application Thread] DEBUG FXGLAssetLoaderServi - Loading from file system: file:/D:/GitHub/bomberman-tramcam-desu/target/classes/assets/sounds/walk_2.wav
02:53:30.572 [JavaFX Application Thread] DEBUG FXGLApplication      - Exiting FXGL
02:53:30.572 [JavaFX Application Thread] DEBUG LoopRunner           - Stopping loop
02:53:30.572 [JavaFX Application Thread] DEBUG SystemBundleService  - Saving FXGL system data
02:53:30.573 [JavaFX Application Thread] DEBUG FileSystemAccess     - Writing to: D:\GitHub\bomberman-tramcam-desu\system\fxgl.bundle
02:53:30.575 [JavaFX Application Thread] DEBUG Async                - Shutting down background threads
02:53:30.575 [JavaFX Application Thread] DEBUG PrimaryStageWindow   - Closing main window
02:53:30.586 [JavaFX Application Thread] DEBUG Logger               - Closing Logger
