12:43:08.591 [main                     ] DEBUG Logger               - Configured Logger
12:43:08.592 [main                     ] DEBUG GameApplication      - Logging settings
Title: Bomberman
Version: Tram Cam Desu
Width: 1080
Height: 720
Fullscreen: false
Intro: false
Profiling: false
Single step:false
App Mode: DEVELOPER
Menu Key: ESCAPE
Stage Style: DECORATED
Scene Factory: class uet.oop.bomberman.BBMApp$1

12:43:08.843 [JavaFX Application Thread] DEBUG FXGLApplication      - Initializing FXGL
12:43:08.844 [JavaFX Application Thread] INFO  Engine               - FXGL-11.17 (16.07.2021 15.46) on WINDOWS (J:18.0.2.1 FX:16)
12:43:08.844 [JavaFX Application Thread] DEBUG Engine               - JRE Vendor Name: Oracle Corporation
12:43:08.844 [JavaFX Application Thread] DEBUG Engine               - Running on OS: Windows 10 version 10.0
12:43:08.845 [JavaFX Application Thread] DEBUG Engine               - Architecture: amd64
12:43:08.845 [JavaFX Application Thread] INFO  Engine               - Source code and latest versions at: https://github.com/AlmasB/FXGL
12:43:08.845 [JavaFX Application Thread] INFO  Engine               -              Join the FXGL chat at: https://gitter.im/AlmasB/FXGL
12:43:08.914 [JavaFX Application Thread] DEBUG PrimaryStageWindow   - Creating a JavaFX scene
12:43:08.944 [JavaFX Application Thread] DEBUG PrimaryStageWindow   - Target settings size: 1080.0 x 720.0
12:43:08.944 [JavaFX Application Thread] DEBUG PrimaryStageWindow   - Scaled scene size:    1080.0 x 720.0
12:43:08.944 [JavaFX Application Thread] DEBUG PrimaryStageWindow   - Scaled ratio: (1.0, 1.0)
12:43:08.945 [JavaFX Application Thread] DEBUG PrimaryStageWindow   - Set initial scene to FXGLStartupScene
12:43:08.949 [JavaFX Application Thread] DEBUG PrimaryStageWindow   - Opening main window
12:43:09.009 [JavaFX Application Thread] DEBUG PrimaryStageWindow   - Window border size: (14.4000244140625, 37.5999755859375)
12:43:09.009 [JavaFX Application Thread] DEBUG PrimaryStageWindow   - Scaled size: 1080.0 x 720.0
12:43:09.009 [JavaFX Application Thread] DEBUG PrimaryStageWindow   - Scaled ratio: (1.0, 1.0)
12:43:09.009 [JavaFX Application Thread] DEBUG PrimaryStageWindow   - Scene size: 1080.0 x 720.0
12:43:09.009 [JavaFX Application Thread] DEBUG PrimaryStageWindow   - Stage size: 1094.4000244140625 x 757.5999755859375
12:43:09.015 [FXGL Background Thread 1 ] DEBUG Engine               - Initializing environment variables
12:43:09.081 [FXGL Background Thread 1 ] DEBUG FXGLAssetLoaderServi - User app class for loading assets: class uet.oop.bomberman.BBMApp
12:43:09.081 [FXGL Background Thread 1 ] DEBUG GameApplicationServi - Applying CSS: fxgl_dark.css
12:43:09.081 [FXGL Background Thread 1 ] DEBUG FXGLAssetLoaderServi - Loading from file system: jar:file:///C:/Users/Legion%207/.m2/repository/com/github/almasb/fxgl/11.17/fxgl-11.17.jar!/fxglassets/ui/css/fxgl_dark.css
12:43:09.122 [FXGL Background Thread 1 ] DEBUG GameApplicationServi - Initializing application scenes
12:43:09.158 [FXGL Background Thread 1 ] DEBUG GameWorld            - Game world initialized
12:43:09.208 [FXGL Background Thread 1 ] DEBUG PhysicsWorld         - Physics world initialized: appHeight=720, physics.ppm=50.0
12:43:09.208 [FXGL Background Thread 1 ] DEBUG PhysicsWorld         - Using strategy: BRUTE_FORCE
12:43:09.210 [FXGL Background Thread 1 ] DEBUG GameScene            - Game scene initialized: 1080x720
12:43:09.303 [FXGL Background Thread 1 ] DEBUG GameApplicationServi - Application scenes initialized
12:43:09.315 [FXGL Background Thread 1 ] DEBUG SystemBundleService  - Loading FXGL system data
12:43:09.320 [FXGL Background Thread 1 ] DEBUG FileSystemAccess     - Reading from: D:\GitHub\bomberman-tramcam-desu\system\fxgl.bundle
12:43:09.330 [FXGL Background Thread 1 ] DEBUG SystemBundleService  - Bundle FXGL: {}
12:43:09.330 [FXGL Background Thread 1 ] DEBUG UpdaterService       - Checking for updates
12:43:09.350 [FXGL Background Thread 4 ] DEBUG FXGLApplication      - Loading fonts
12:43:09.350 [FXGL Background Thread 4 ] DEBUG FXGLAssetLoaderServi - Loading from file system: file:/D:/GitHub/bomberman-tramcam-desu/target/classes/assets/ui/fonts/Retro%20Gaming.ttf
12:43:09.350 [FXGL Background Thread 1 ] DEBUG FXGLApplication      - Loading default localization
12:43:09.351 [FXGL Background Thread 1 ] DEBUG FXGLAssetLoaderServi - Loading from file system: jar:file:///C:/Users/Legion%207/.m2/repository/com/github/almasb/fxgl/11.17/fxgl-11.17.jar!/fxglassets/languages/english.lang
12:43:09.363 [FXGL Background Thread 1 ] INFO  FXGLApplication      - FXGL initialization took: 0.348 sec
12:43:09.374 [JavaFX Application Thread] DEBUG Input                - Registered new binding: Move Up - W
12:43:09.374 [JavaFX Application Thread] DEBUG Input                - Registered new binding: Move Down - S
12:43:09.374 [JavaFX Application Thread] DEBUG Input                - Registered new binding: Move Left - A
12:43:09.374 [JavaFX Application Thread] DEBUG Input                - Registered new binding: Move Right - D
12:43:09.375 [JavaFX Application Thread] DEBUG Input                - Registered new binding: Place Bomb - Space
12:43:09.375 [JavaFX Application Thread] DEBUG FXGLAssetLoaderServi - Loading from file system: file:/D:/GitHub/bomberman-tramcam-desu/target/classes/assets/music/MenuMusic.mp3
12:43:09.426 [FXGL Background Thread 4 ] DEBUG FXGLAssetLoaderServi - Loading from file system: jar:file:///C:/Users/Legion%207/.m2/repository/com/github/almasb/fxgl/11.17/fxgl-11.17.jar!/fxglassets/ui/fonts/Abel-Regular.ttf
12:43:09.435 [FXGL Background Thread 4 ] DEBUG FXGLAssetLoaderServi - Loading from file system: jar:file:///C:/Users/Legion%207/.m2/repository/com/github/almasb/fxgl/11.17/fxgl-11.17.jar!/fxglassets/ui/fonts/lucida_console.ttf
12:43:09.444 [FXGL Background Thread 4 ] DEBUG FXGLAssetLoaderServi - Loading from file system: jar:file:///C:/Users/Legion%207/.m2/repository/com/github/almasb/fxgl/11.17/fxgl-11.17.jar!/fxglassets/ui/fonts/Courier-Prime.ttf
12:43:09.491 [JavaFX Application Thread] DEBUG AudioPlayer          - Playing music com.almasb.fxgl.audio.Music@7188d4ec
12:43:09.492 [JavaFX Application Thread] DEBUG FXGLAssetLoaderServi - Loading from file system: jar:file:///C:/Users/Legion%207/.m2/repository/com/github/almasb/fxgl/11.17/fxgl-11.17.jar!/fxglassets/textures/fxgl_icon.png
12:43:09.506 [JavaFX Application Thread] DEBUG FXGLAssetLoaderServi - Loading from file system: jar:file:///C:/Users/Legion%207/.m2/repository/com/github/almasb/fxgl/11.17/fxgl-11.17.jar!/fxglassets/textures/fxgl_default_cursor.png
12:43:09.507 [JavaFX Application Thread] DEBUG Input                - Registered new binding: Screenshot - CTRL+8
12:43:09.508 [JavaFX Application Thread] DEBUG Input                - Registered new binding: Dev Options - 1
12:43:09.508 [JavaFX Application Thread] DEBUG Input                - Registered new binding: Dev Console - 2
12:43:09.508 [JavaFX Application Thread] DEBUG Input                - Registered new binding: System info dump - CTRL+9
12:43:09.508 [JavaFX Application Thread] DEBUG Input                - Registered new binding: Restart - CTRL+R
12:43:09.510 [JavaFX Application Thread] DEBUG Input                - Registered new binding: Toggle Debug Camera - CTRL+C
12:43:09.511 [JavaFX Application Thread] DEBUG LoopRunner           - Starting loop
12:43:09.519 [JavaFX Application Thread] DEBUG LoopRunner           - Initializing JavaFX AnimationTimerLoop
12:43:09.521 [JavaFX Application Thread] DEBUG Input                - Clearing active input actions
12:43:09.528 [JavaFX Application Thread] DEBUG GameApplicationServi - Removing overlay from FXGLStartupScene and adding to FXGLMainMenuDummyScene
12:43:09.530 [JavaFX Application Thread] DEBUG PrimaryStageWindow   - FXGLStartupScene -> FXGLMainMenuDummyScene
12:43:09.530 [JavaFX Application Thread] DEBUG PrimaryStageWindow   - Push state: BBMMenuStartingScreen
12:43:09.530 [JavaFX Application Thread] DEBUG Input                - Clearing active input actions
12:43:09.535 [JavaFX Application Thread] DEBUG GameApplicationServi - Removing overlay from FXGLMainMenuDummyScene and adding to BBMMenuStartingScreen
12:43:09.535 [JavaFX Application Thread] DEBUG PrimaryStageWindow   - FXGLMainMenuDummyScene -> BBMMenuStartingScreen
12:43:09.541 [JavaFX Application Thread] DEBUG FXGLApplication      - Registering font factories with UI factory
12:43:09.839 [FXGL Background Thread 2 ] INFO  UpdaterService       - Your current version:  11.17
12:43:09.840 [FXGL Background Thread 2 ] INFO  UpdaterService       - Latest stable version: 17.2
12:43:10.290 [JavaFX Application Thread] DEBUG Menu                 - fireNewGame()
12:43:10.290 [JavaFX Application Thread] DEBUG GameApplicationServi - Starting new game
12:43:10.290 [JavaFX Application Thread] DEBUG PrimaryStageWindow   - Pop state: BBMMenuStartingScreen
12:43:10.290 [JavaFX Application Thread] DEBUG Input                - Clearing active input actions
12:43:10.292 [JavaFX Application Thread] DEBUG GameApplicationServi - Removing overlay from BBMMenuStartingScreen and adding to FXGLMainMenuDummyScene
12:43:10.294 [JavaFX Application Thread] DEBUG PrimaryStageWindow   - FXGLMainMenuDummyScene <- BBMMenuStartingScreen
12:43:10.294 [JavaFX Application Thread] DEBUG Input                - Clearing active input actions
12:43:10.302 [JavaFX Application Thread] DEBUG GameApplicationServi - Removing overlay from FXGLMainMenuDummyScene and adding to FXGLLoadingScene
12:43:10.303 [JavaFX Application Thread] DEBUG PrimaryStageWindow   - FXGLMainMenuDummyScene -> FXGLLoadingScene
12:43:10.303 [JavaFX Application Thread] DEBUG GameApplicationServi - Clearing previous game
12:43:10.304 [JavaFX Application Thread] DEBUG GameScene            - Clearing game scene
12:43:10.304 [JavaFX Application Thread] DEBUG GameWorld            - Clearing game world
12:43:10.304 [JavaFX Application Thread] DEBUG PhysicsWorld         - Clearing physics world
12:43:10.305 [FXGL Background Thread 2 ] DEBUG FXGLApplication      - Initializing game
12:43:10.312 [FXGL Background Thread 2 ] DEBUG FXGLAssetLoaderServi - Loading from file system: file:/D:/GitHub/bomberman-tramcam-desu/target/classes/assets/sounds/GameStarted.wav
12:43:10.370 [FXGL Background Thread 2 ] INFO  FXGLApplication      - Game initialization took: 0.065 sec
12:43:10.371 [JavaFX Application Thread] DEBUG Input                - Clearing active input actions
12:43:10.379 [JavaFX Application Thread] DEBUG GameApplicationServi - Removing overlay from FXGLLoadingScene and adding to GameScene
12:43:10.382 [JavaFX Application Thread] DEBUG PrimaryStageWindow   - FXGLLoadingScene -> GameScene
12:43:12.350 [FXGL Background Thread 3 ] DEBUG Engine               - Logging environment variables
12:43:12.351 [FXGL Background Thread 3 ] DEBUG Engine               - achievements: []
12:43:12.351 [FXGL Background Thread 3 ] DEBUG Engine               - actualHeight: 720.0
12:43:12.352 [FXGL Background Thread 3 ] DEBUG Engine               - actualHeightProperty: ReadOnlyDoubleProperty [value: 720.0]
12:43:12.352 [FXGL Background Thread 3 ] DEBUG Engine               - actualWidth: 1080.0
12:43:12.352 [FXGL Background Thread 3 ] DEBUG Engine               - actualWidthProperty: ReadOnlyDoubleProperty [value: 1080.0]
12:43:12.353 [FXGL Background Thread 3 ] DEBUG Engine               - appIcon: fxgl_icon.png
12:43:12.353 [FXGL Background Thread 3 ] DEBUG Engine               - applicationMode: DEVELOPER
12:43:12.353 [FXGL Background Thread 3 ] DEBUG Engine               - cSSList: [fxgl_dark.css]
12:43:12.353 [FXGL Background Thread 3 ] DEBUG Engine               - collisionDetectionStrategy: BRUTE_FORCE
12:43:12.354 [FXGL Background Thread 3 ] DEBUG Engine               - configClass: Optional.empty
12:43:12.354 [FXGL Background Thread 3 ] DEBUG Engine               - credits: []
12:43:12.354 [FXGL Background Thread 3 ] DEBUG Engine               - defaultCursor: CursorInfo(imageName=fxgl_default_cursor.png, hotspotX=7.0, hotspotY=6.0)
12:43:12.355 [FXGL Background Thread 3 ] DEBUG Engine               - devBBoxColorProperty: ObjectProperty [value: 0xff0000ff]
12:43:12.355 [FXGL Background Thread 3 ] DEBUG Engine               - devEnableDebugCameraProperty: BooleanProperty [value: false]
12:43:12.356 [FXGL Background Thread 3 ] DEBUG Engine               - devSensorColorProperty: ObjectProperty [value: 0xffff00ff]
12:43:12.356 [FXGL Background Thread 3 ] DEBUG Engine               - devShowBBoxProperty: BooleanProperty [value: false]
12:43:12.356 [FXGL Background Thread 3 ] DEBUG Engine               - devShowPositionProperty: BooleanProperty [value: false]
12:43:12.356 [FXGL Background Thread 3 ] DEBUG Engine               - enabledMenuItems: []
12:43:12.357 [FXGL Background Thread 3 ] DEBUG Engine               - engineServices: [class com.almasb.fxgl.app.services.FXGLAssetLoaderService, class com.almasb.fxgl.app.FXGLApplication$GameApplicationService, class com.almasb.fxgl.app.services.FXGLDialogService, class com.almasb.fxgl.app.services.IOTaskExecutorService, class com.almasb.fxgl.io.FileSystemService, class com.almasb.fxgl.localization.LocalizationService, class com.almasb.fxgl.app.services.SystemBundleService, class com.almasb.fxgl.profile.SaveLoadService, class com.almasb.fxgl.ui.FXGLUIFactoryServiceProvider, class com.almasb.fxgl.ui.FXGLDialogFactoryServiceProvider, class com.almasb.fxgl.audio.AudioPlayer, class com.almasb.fxgl.notification.impl.NotificationServiceProvider, class com.almasb.fxgl.achievement.AchievementService, class com.almasb.fxgl.cutscene.CutsceneService, class com.almasb.fxgl.minigames.MiniGameService, class com.almasb.fxgl.net.NetService, class com.almasb.fxgl.app.services.UpdaterService, class com.almasb.fxgl.dev.DevService]
12:43:12.357 [FXGL Background Thread 3 ] DEBUG Engine               - fontGame: Abel-Regular.ttf
12:43:12.357 [FXGL Background Thread 3 ] DEBUG Engine               - fontMono: lucida_console.ttf
12:43:12.357 [FXGL Background Thread 3 ] DEBUG Engine               - fontText: Courier-Prime.ttf
12:43:12.357 [FXGL Background Thread 3 ] DEBUG Engine               - fontUI: Retro Gaming.ttf
12:43:12.357 [FXGL Background Thread 3 ] DEBUG Engine               - fullScreen: BooleanProperty [value: false]
12:43:12.357 [FXGL Background Thread 3 ] DEBUG Engine               - gameDifficulty: MEDIUM
12:43:12.357 [FXGL Background Thread 3 ] DEBUG Engine               - gameDifficultyProperty: ObjectProperty [value: MEDIUM]
12:43:12.357 [FXGL Background Thread 3 ] DEBUG Engine               - globalMusicVolume: 0.5
12:43:12.357 [FXGL Background Thread 3 ] DEBUG Engine               - globalMusicVolumeProperty: DoubleProperty [value: 0.0]
12:43:12.357 [FXGL Background Thread 3 ] DEBUG Engine               - globalSoundVolume: 0.5
12:43:12.357 [FXGL Background Thread 3 ] DEBUG Engine               - globalSoundVolumeProperty: DoubleProperty [value: 0.4]
12:43:12.357 [FXGL Background Thread 3 ] DEBUG Engine               - height: 720
12:43:12.357 [FXGL Background Thread 3 ] DEBUG Engine               - is3D: false
12:43:12.358 [FXGL Background Thread 3 ] DEBUG Engine               - isAndroid: false
12:43:12.358 [FXGL Background Thread 3 ] DEBUG Engine               - isBrowser: false
12:43:12.358 [FXGL Background Thread 3 ] DEBUG Engine               - isClickFeedbackEnabled: false
12:43:12.358 [FXGL Background Thread 3 ] DEBUG Engine               - isCloseConfirmation: false
12:43:12.358 [FXGL Background Thread 3 ] DEBUG Engine               - isDesktop: true
12:43:12.358 [FXGL Background Thread 3 ] DEBUG Engine               - isDeveloperMenuEnabled: true
12:43:12.358 [FXGL Background Thread 3 ] DEBUG Engine               - isEntityPreloadEnabled: true
12:43:12.358 [FXGL Background Thread 3 ] DEBUG Engine               - isExperimentalTiledLargeMap: false
12:43:12.358 [FXGL Background Thread 3 ] DEBUG Engine               - isFileSystemWriteAllowed: true
12:43:12.358 [FXGL Background Thread 3 ] DEBUG Engine               - isFullScreenAllowed: false
12:43:12.358 [FXGL Background Thread 3 ] DEBUG Engine               - isFullScreenFromStart: false
12:43:12.358 [FXGL Background Thread 3 ] DEBUG Engine               - isGameMenuEnabled: true
12:43:12.358 [FXGL Background Thread 3 ] DEBUG Engine               - isIOS: false
12:43:12.358 [FXGL Background Thread 3 ] DEBUG Engine               - isIntroEnabled: false
12:43:12.358 [FXGL Background Thread 3 ] DEBUG Engine               - isLinux: false
12:43:12.358 [FXGL Background Thread 3 ] DEBUG Engine               - isMac: false
12:43:12.359 [FXGL Background Thread 3 ] DEBUG Engine               - isMainMenuEnabled: true
12:43:12.359 [FXGL Background Thread 3 ] DEBUG Engine               - isManualResizeEnabled: true
12:43:12.359 [FXGL Background Thread 3 ] DEBUG Engine               - isMobile: false
12:43:12.359 [FXGL Background Thread 3 ] DEBUG Engine               - isNative: false
12:43:12.359 [FXGL Background Thread 3 ] DEBUG Engine               - isPauseMusicWhenMinimized: true
12:43:12.359 [FXGL Background Thread 3 ] DEBUG Engine               - isPreserveResizeRatio: true
12:43:12.359 [FXGL Background Thread 3 ] DEBUG Engine               - isProfilingEnabled: false
12:43:12.359 [FXGL Background Thread 3 ] DEBUG Engine               - isScaleAffectedOnResize: true
12:43:12.359 [FXGL Background Thread 3 ] DEBUG Engine               - isSingleStep: false
12:43:12.359 [FXGL Background Thread 3 ] DEBUG Engine               - isUserProfileEnabled: false
12:43:12.359 [FXGL Background Thread 3 ] DEBUG Engine               - isWindows: true
12:43:12.359 [FXGL Background Thread 3 ] DEBUG Engine               - language: ObjectProperty [value: ENGLISH]
12:43:12.359 [FXGL Background Thread 3 ] DEBUG Engine               - menuKey: ESCAPE
12:43:12.359 [FXGL Background Thread 3 ] DEBUG Engine               - mouseSensitivity: 0.2
12:43:12.359 [FXGL Background Thread 3 ] DEBUG Engine               - notificationViewClass: class com.almasb.fxgl.notification.view.XboxNotificationView
12:43:12.359 [FXGL Background Thread 3 ] DEBUG Engine               - pixelsPerMeter: 50.0
12:43:12.359 [FXGL Background Thread 3 ] DEBUG Engine               - platform: WINDOWS
12:43:12.359 [FXGL Background Thread 3 ] DEBUG Engine               - prefHeightProperty: ReadOnlyDoubleProperty [value: 720.0]
12:43:12.359 [FXGL Background Thread 3 ] DEBUG Engine               - prefWidthProperty: ReadOnlyDoubleProperty [value: 1080.0]
12:43:12.359 [FXGL Background Thread 3 ] DEBUG Engine               - profileDir: profiles/
12:43:12.359 [FXGL Background Thread 3 ] DEBUG Engine               - profileName: StringProperty [value: DEFAULT]
12:43:12.359 [FXGL Background Thread 3 ] DEBUG Engine               - randomSeed: -1
12:43:12.360 [FXGL Background Thread 3 ] DEBUG Engine               - runtimeInfo: RuntimeInfo(platform=WINDOWS, version=11.17, build=16.07.2021 15.46)
12:43:12.360 [FXGL Background Thread 3 ] DEBUG Engine               - saveFileExt: sav
12:43:12.360 [FXGL Background Thread 3 ] DEBUG Engine               - scaledHeightProp$fxgl: DoubleProperty [bound, value: 720.0]
12:43:12.360 [FXGL Background Thread 3 ] DEBUG Engine               - scaledWidthProp$fxgl: DoubleProperty [bound, value: 1080.0]
12:43:12.360 [FXGL Background Thread 3 ] DEBUG Engine               - sceneFactory: uet.oop.bomberman.BBMApp$1@2470a01
12:43:12.360 [FXGL Background Thread 3 ] DEBUG Engine               - secondsIn24h: 60
12:43:12.360 [FXGL Background Thread 3 ] DEBUG Engine               - soundMenuBack: menu/back.wav
12:43:12.360 [FXGL Background Thread 3 ] DEBUG Engine               - soundMenuPress: menu/press.wav
12:43:12.360 [FXGL Background Thread 3 ] DEBUG Engine               - soundMenuSelect: menu/select.wav
12:43:12.360 [FXGL Background Thread 3 ] DEBUG Engine               - soundNotification: core/notification.wav
12:43:12.360 [FXGL Background Thread 3 ] DEBUG Engine               - stageStyle: DECORATED
12:43:12.360 [FXGL Background Thread 3 ] DEBUG Engine               - supportedLanguages: [ENGLISH, FRENCH, GERMAN, HUNGARIAN, RUSSIAN]
12:43:12.360 [FXGL Background Thread 3 ] DEBUG Engine               - ticksPerSecond: -1
12:43:12.360 [FXGL Background Thread 3 ] DEBUG Engine               - title: Bomberman
12:43:12.360 [FXGL Background Thread 3 ] DEBUG Engine               - urlGithub: https://github.com/AlmasB/FXGL
12:43:12.360 [FXGL Background Thread 3 ] DEBUG Engine               - urlLeaderboard: http://fxgl-top.herokuapp.com/
12:43:12.360 [FXGL Background Thread 3 ] DEBUG Engine               - urlPOM: https://raw.githubusercontent.com/AlmasB/FXGL/release/README.md
12:43:12.360 [FXGL Background Thread 3 ] DEBUG Engine               - userAppClass: class uet.oop.bomberman.BBMApp
12:43:12.360 [FXGL Background Thread 3 ] DEBUG Engine               - version: Tram Cam Desu
12:43:12.362 [FXGL Background Thread 3 ] DEBUG Engine               - versionCheckDays: 7
12:43:12.362 [FXGL Background Thread 3 ] DEBUG Engine               - width: 1080
12:43:12.362 [FXGL Background Thread 3 ] DEBUG Engine               - Logging services
12:43:12.362 [FXGL Background Thread 3 ] DEBUG Engine               - class com.almasb.fxgl.app.services.FXGLAssetLoaderService
12:43:12.362 [FXGL Background Thread 3 ] DEBUG Engine               - class com.almasb.fxgl.app.FXGLApplication$GameApplicationService
12:43:12.362 [FXGL Background Thread 3 ] DEBUG Engine               - class com.almasb.fxgl.app.services.FXGLDialogService
12:43:12.362 [FXGL Background Thread 3 ] DEBUG Engine               - class com.almasb.fxgl.app.services.IOTaskExecutorService
12:43:12.362 [FXGL Background Thread 3 ] DEBUG Engine               - class com.almasb.fxgl.io.FileSystemService
12:43:12.362 [FXGL Background Thread 3 ] DEBUG Engine               - class com.almasb.fxgl.localization.LocalizationService
12:43:12.362 [FXGL Background Thread 3 ] DEBUG Engine               - class com.almasb.fxgl.app.services.SystemBundleService
12:43:12.362 [FXGL Background Thread 3 ] DEBUG Engine               - class com.almasb.fxgl.profile.SaveLoadService
12:43:12.362 [FXGL Background Thread 3 ] DEBUG Engine               - class com.almasb.fxgl.ui.FXGLUIFactoryServiceProvider
12:43:12.362 [FXGL Background Thread 3 ] DEBUG Engine               - class com.almasb.fxgl.ui.FXGLDialogFactoryServiceProvider
12:43:12.362 [FXGL Background Thread 3 ] DEBUG Engine               - class com.almasb.fxgl.audio.AudioPlayer
12:43:12.362 [FXGL Background Thread 3 ] DEBUG Engine               - class com.almasb.fxgl.notification.impl.NotificationServiceProvider
12:43:12.362 [FXGL Background Thread 3 ] DEBUG Engine               - class com.almasb.fxgl.achievement.AchievementService
12:43:12.362 [FXGL Background Thread 3 ] DEBUG Engine               - class com.almasb.fxgl.cutscene.CutsceneService
12:43:12.362 [FXGL Background Thread 3 ] DEBUG Engine               - class com.almasb.fxgl.minigames.MiniGameService
12:43:12.362 [FXGL Background Thread 3 ] DEBUG Engine               - class com.almasb.fxgl.net.NetService
12:43:12.362 [FXGL Background Thread 3 ] DEBUG Engine               - class com.almasb.fxgl.app.services.UpdaterService
12:43:12.362 [FXGL Background Thread 3 ] DEBUG Engine               - class com.almasb.fxgl.dev.DevService
12:43:12.944 [JavaFX Application Thread] WARN  TMXLevelLoader       - TiledMap generated from 1.7.2. Supported version: 1.2.3. Some features may not be parsed fully.
12:43:12.961 [JavaFX Application Thread] DEBUG TMXLevelLoader       - Parsed TiledMap: file:/D:/GitHub/bomberman-tramcam-desu/target/classes/assets/levels/level1.tmx
12:43:12.962 [JavaFX Application Thread] DEBUG TMXLevelLoader       - Creating tile layer entities
12:43:12.964 [JavaFX Application Thread] DEBUG TilesetLoader        - Loading view for layer Tile Layer 1
12:43:12.966 [JavaFX Application Thread] DEBUG TilesetLoader        - Created buffer with size 1488.0x720.0
12:43:13.048 [JavaFX Application Thread] DEBUG TMXLevelLoader       - Creating object layer entities
12:43:13.049 [JavaFX Application Thread] DEBUG FXGLAssetLoaderServi - Loading from file system: file:/D:/GitHub/bomberman-tramcam-desu/target/classes/assets/textures/photo/powerup_speed.png
12:43:13.055 [JavaFX Application Thread] DEBUG FXGLAssetLoaderServi - Loading from file system: file:/D:/GitHub/bomberman-tramcam-desu/target/classes/assets/textures/photo/powerup_flames.png
12:43:13.056 [JavaFX Application Thread] DEBUG FXGLAssetLoaderServi - Loading from file system: file:/D:/GitHub/bomberman-tramcam-desu/target/classes/assets/textures/photo/powerup_bombs.png
12:43:13.058 [JavaFX Application Thread] DEBUG FXGLAssetLoaderServi - Loading from file system: file:/D:/GitHub/bomberman-tramcam-desu/target/classes/assets/textures/photo/powerup_flamepass.png
12:43:13.060 [JavaFX Application Thread] DEBUG FXGLAssetLoaderServi - Loading from file system: file:/D:/GitHub/bomberman-tramcam-desu/target/classes/assets/textures/photo/portal.png
12:43:13.062 [JavaFX Application Thread] DEBUG FXGLAssetLoaderServi - Loading from file system: file:/D:/GitHub/bomberman-tramcam-desu/target/classes/assets/textures/sprites.png
12:43:13.137 [JavaFX Application Thread] DEBUG GameWorld            - Clearing removable entities
12:43:13.138 [JavaFX Application Thread] DEBUG GameWorld            - Setting level: com.almasb.fxgl.entity.level.Level@604b7b77
12:43:13.184 [JavaFX Application Thread] DEBUG FXGLAssetLoaderServi - Loading from file system: file:/D:/GitHub/bomberman-tramcam-desu/target/classes/assets/sounds/walk_2.wav
12:43:13.502 [JavaFX Application Thread] DEBUG LoopRunner           - Stopping loop
12:43:13.503 [JavaFX Application Thread] FATAL FXGLApplication      - Uncaught Exception:
java.lang.IllegalArgumentException: Component Balloom not found!
	at com.almasb.fxgl.entity/com.almasb.fxgl.entity.Entity.getComponent(Entity.java:369)
	at bomberman/uet.oop.bomberman.components.enemy.Ghost.lambda$new$3(Ghost.java:35)
	at com.almasb.fxgl.all/com.almasb.fxgl.dsl.FXGL$Companion$onCollisionBegin$1.onCollisionBegin(FXGL.kt:542)
	at com.almasb.fxgl.entity/com.almasb.fxgl.physics.CollisionPair.collisionBegin(CollisionPair.java:37)
	at com.almasb.fxgl.entity/com.almasb.fxgl.physics.PhysicsWorld.collisionBeginFor(PhysicsWorld.java:456)
	at com.almasb.fxgl.entity/com.almasb.fxgl.physics.PhysicsWorld.checkCollisionsInGroup(PhysicsWorld.java:408)
	at com.almasb.fxgl.entity/com.almasb.fxgl.physics.PhysicsWorld.checkCollisions(PhysicsWorld.java:376)
	at com.almasb.fxgl.entity/com.almasb.fxgl.physics.PhysicsWorld.onUpdate(PhysicsWorld.java:182)
	at com.almasb.fxgl.all/com.almasb.fxgl.app.scene.GameScene.step(GameScene.kt:224)
	at com.almasb.fxgl.all/com.almasb.fxgl.app.scene.GameScene.onUpdate(GameScene.kt:219)
	at com.almasb.fxgl.scene/com.almasb.fxgl.scene.Scene.update(Scene.kt:105)
	at com.almasb.fxgl.all/com.almasb.fxgl.app.MainWindow$update$1.invoke(MainWindow.kt:110)
	at com.almasb.fxgl.all/com.almasb.fxgl.app.MainWindow$update$1.invoke(MainWindow.kt:110)
	at com.almasb.fxgl.core/com.almasb.fxgl.core.fsm.StateMachine.runOnActiveStates(StateMachine.kt:69)
	at com.almasb.fxgl.all/com.almasb.fxgl.app.MainWindow.update(MainWindow.kt:110)
	at com.almasb.fxgl.all/com.almasb.fxgl.app.FXGLApplication$GameApplicationService.onUpdate(FXGLApplication.kt:426)
	at com.almasb.fxgl.all/com.almasb.fxgl.app.Engine.loop(Engine.kt:133)
	at com.almasb.fxgl.all/com.almasb.fxgl.app.Engine.access$loop(Engine.kt:24)
	at com.almasb.fxgl.all/com.almasb.fxgl.app.Engine$loop$1.invoke(Engine.kt:28)
	at com.almasb.fxgl.all/com.almasb.fxgl.app.Engine$loop$1.invoke(Engine.kt:28)
	at com.almasb.fxgl.all/com.almasb.fxgl.app.LoopRunner.frame(LoopRunner.kt:103)
	at com.almasb.fxgl.all/com.almasb.fxgl.app.LoopRunner.access$frame(LoopRunner.kt:23)
	at com.almasb.fxgl.all/com.almasb.fxgl.app.LoopRunner$impl$2$1.onTick(LoopRunner.kt:57)
	at com.almasb.fxgl.all/com.almasb.fxgl.app.AnimationTimerLoop$timer$1.handle(LoopRunner.kt:137)
	at javafx.graphics/javafx.animation.AnimationTimer$AnimationTimerReceiver.lambda$handle$0(AnimationTimer.java:57)
	at java.base/java.security.AccessController.doPrivileged(AccessController.java:399)
	at javafx.graphics/javafx.animation.AnimationTimer$AnimationTimerReceiver.handle(AnimationTimer.java:56)
	at javafx.graphics/com.sun.scenario.animation.AbstractPrimaryTimer.timePulseImpl(AbstractPrimaryTimer.java:356)
	at javafx.graphics/com.sun.scenario.animation.AbstractPrimaryTimer$MainLoop.run(AbstractPrimaryTimer.java:266)
	at javafx.graphics/com.sun.javafx.tk.quantum.QuantumToolkit.pulse(QuantumToolkit.java:559)
	at javafx.graphics/com.sun.javafx.tk.quantum.QuantumToolkit.pulse(QuantumToolkit.java:543)
	at javafx.graphics/com.sun.javafx.tk.quantum.QuantumToolkit.pulseFromQueue(QuantumToolkit.java:536)
	at javafx.graphics/com.sun.javafx.tk.quantum.QuantumToolkit.lambda$runToolkit$11(QuantumToolkit.java:342)
	at javafx.graphics/com.sun.glass.ui.InvokeLaterDispatcher$Future.run(InvokeLaterDispatcher.java:96)
	at javafx.graphics/com.sun.glass.ui.win.WinApplication._runLoop(Native Method)
	at javafx.graphics/com.sun.glass.ui.win.WinApplication.lambda$runLoop$3(WinApplication.java:174)
	at java.base/java.lang.Thread.run(Thread.java:833)

12:43:13.503 [JavaFX Application Thread] FATAL FXGLApplication      - Application will now exit
12:43:13.509 [JavaFX Application Thread] DEBUG PrimaryStageWindow   - Push state: ErrorSubScene
12:43:13.509 [JavaFX Application Thread] DEBUG Input                - Clearing active input actions
12:43:13.509 [JavaFX Application Thread] DEBUG GameApplicationServi - Removing overlay from GameScene and adding to ErrorSubScene
12:43:13.510 [JavaFX Application Thread] DEBUG PrimaryStageWindow   - GameScene -> ErrorSubScene
12:43:19.456 [JavaFX Application Thread] DEBUG FXGLApplication      - Exiting FXGL
12:43:19.456 [JavaFX Application Thread] DEBUG Async                - Shutting down background threads
12:43:19.456 [JavaFX Application Thread] DEBUG PrimaryStageWindow   - Closing main window
12:43:19.469 [JavaFX Application Thread] DEBUG Logger               - Closing Logger
