17:44:43.521 [main                     ] DEBUG Logger               - Configured Logger
17:44:43.522 [main                     ] DEBUG GameApplication      - Logging settings
Title: Bomberman
Version: Tram Cam Desu
Width: 1080
Height: 720
Fullscreen: false
Intro: false
Profiling: false
Single step:false
App Mode: DEVELOPER
Menu Key: ESCAPE
Stage Style: DECORATED
Scene Factory: class uet.oop.bomberman.BBMApp$1

17:44:43.846 [JavaFX Application Thread] DEBUG FXGLApplication      - Initializing FXGL
17:44:43.848 [JavaFX Application Thread] INFO  Engine               - FXGL-11.17 (16.07.2021 15.46) on WINDOWS (J:18.0.2.1 FX:16)
17:44:43.848 [JavaFX Application Thread] DEBUG Engine               - JRE Vendor Name: Oracle Corporation
17:44:43.848 [JavaFX Application Thread] DEBUG Engine               - Running on OS: Windows 10 version 10.0
17:44:43.848 [JavaFX Application Thread] DEBUG Engine               - Architecture: amd64
17:44:43.848 [JavaFX Application Thread] INFO  Engine               - Source code and latest versions at: https://github.com/AlmasB/FXGL
17:44:43.849 [JavaFX Application Thread] INFO  Engine               -              Join the FXGL chat at: https://gitter.im/AlmasB/FXGL
17:44:43.935 [JavaFX Application Thread] DEBUG PrimaryStageWindow   - Creating a JavaFX scene
17:44:43.975 [JavaFX Application Thread] DEBUG PrimaryStageWindow   - Target settings size: 1080.0 x 720.0
17:44:43.976 [JavaFX Application Thread] DEBUG PrimaryStageWindow   - Scaled scene size:    1080.0 x 720.0
17:44:43.976 [JavaFX Application Thread] DEBUG PrimaryStageWindow   - Scaled ratio: (1.0, 1.0)
17:44:43.976 [JavaFX Application Thread] DEBUG PrimaryStageWindow   - Set initial scene to FXGLStartupScene
17:44:43.982 [JavaFX Application Thread] DEBUG PrimaryStageWindow   - Opening main window
17:44:44.059 [JavaFX Application Thread] DEBUG PrimaryStageWindow   - Window border size: (14.4000244140625, 37.5999755859375)
17:44:44.059 [JavaFX Application Thread] DEBUG PrimaryStageWindow   - Scaled size: 1080.0 x 720.0
17:44:44.059 [JavaFX Application Thread] DEBUG PrimaryStageWindow   - Scaled ratio: (1.0, 1.0)
17:44:44.059 [JavaFX Application Thread] DEBUG PrimaryStageWindow   - Scene size: 1080.0 x 720.0
17:44:44.060 [JavaFX Application Thread] DEBUG PrimaryStageWindow   - Stage size: 1094.4000244140625 x 757.5999755859375
17:44:44.067 [FXGL Background Thread 1 ] DEBUG Engine               - Initializing environment variables
17:44:44.137 [FXGL Background Thread 1 ] DEBUG FXGLAssetLoaderServi - User app class for loading assets: class uet.oop.bomberman.BBMApp
17:44:44.137 [FXGL Background Thread 1 ] DEBUG GameApplicationServi - Applying CSS: fxgl_dark.css
17:44:44.137 [FXGL Background Thread 1 ] DEBUG FXGLAssetLoaderServi - Loading from file system: jar:file:///C:/Users/Legion%207/.m2/repository/com/github/almasb/fxgl/11.17/fxgl-11.17.jar!/fxglassets/ui/css/fxgl_dark.css
17:44:44.187 [FXGL Background Thread 1 ] DEBUG GameApplicationServi - Initializing application scenes
17:44:44.230 [FXGL Background Thread 1 ] DEBUG GameWorld            - Game world initialized
17:44:44.293 [FXGL Background Thread 1 ] DEBUG PhysicsWorld         - Physics world initialized: appHeight=720, physics.ppm=50.0
17:44:44.293 [FXGL Background Thread 1 ] DEBUG PhysicsWorld         - Using strategy: BRUTE_FORCE
17:44:44.296 [FXGL Background Thread 1 ] DEBUG GameScene            - Game scene initialized: 1080x720
17:44:44.423 [FXGL Background Thread 1 ] DEBUG GameApplicationServi - Application scenes initialized
17:44:44.434 [FXGL Background Thread 1 ] DEBUG SystemBundleService  - Loading FXGL system data
17:44:44.438 [FXGL Background Thread 1 ] DEBUG FileSystemAccess     - Reading from: D:\GitHub\bomberman-tramcam-desu\system\fxgl.bundle
17:44:44.446 [FXGL Background Thread 1 ] DEBUG SystemBundleService  - Bundle FXGL: {}
17:44:44.446 [FXGL Background Thread 1 ] DEBUG UpdaterService       - Checking for updates
17:44:44.469 [FXGL Background Thread 4 ] DEBUG FXGLApplication      - Loading fonts
17:44:44.469 [FXGL Background Thread 1 ] DEBUG FXGLApplication      - Loading default localization
17:44:44.469 [FXGL Background Thread 4 ] DEBUG FXGLAssetLoaderServi - Loading from file system: file:/D:/GitHub/bomberman-tramcam-desu/target/classes/assets/ui/fonts/Retro%20Gaming.ttf
17:44:44.469 [FXGL Background Thread 1 ] DEBUG FXGLAssetLoaderServi - Loading from file system: jar:file:///C:/Users/Legion%207/.m2/repository/com/github/almasb/fxgl/11.17/fxgl-11.17.jar!/fxglassets/languages/english.lang
17:44:44.486 [FXGL Background Thread 1 ] INFO  FXGLApplication      - FXGL initialization took: 0.419 sec
17:44:44.496 [JavaFX Application Thread] DEBUG Input                - Registered new binding: Move Up - W
17:44:44.496 [JavaFX Application Thread] DEBUG Input                - Registered new binding: Move Down - S
17:44:44.497 [JavaFX Application Thread] DEBUG Input                - Registered new binding: Move Left - A
17:44:44.497 [JavaFX Application Thread] DEBUG Input                - Registered new binding: Move Right - D
17:44:44.497 [JavaFX Application Thread] DEBUG Input                - Registered new binding: Place Bomb - Space
17:44:44.498 [JavaFX Application Thread] WARN  FXGLAssetLoaderServi - Asset "/assets/music/title_screen.mp3" was not found!
17:44:44.498 [JavaFX Application Thread] WARN  FXGLAssetLoaderServi - Failed to load MUSIC
17:44:44.499 [JavaFX Application Thread] DEBUG AudioPlayer          - Playing music com.almasb.fxgl.audio.Music@711f6359
17:44:44.499 [JavaFX Application Thread] DEBUG FXGLAssetLoaderServi - Loading from file system: jar:file:///C:/Users/Legion%207/.m2/repository/com/github/almasb/fxgl/11.17/fxgl-11.17.jar!/fxglassets/textures/fxgl_icon.png
17:44:44.515 [JavaFX Application Thread] DEBUG FXGLAssetLoaderServi - Loading from file system: jar:file:///C:/Users/Legion%207/.m2/repository/com/github/almasb/fxgl/11.17/fxgl-11.17.jar!/fxglassets/textures/fxgl_default_cursor.png
17:44:44.517 [JavaFX Application Thread] DEBUG Input                - Registered new binding: Screenshot - CTRL+8
17:44:44.517 [JavaFX Application Thread] DEBUG Input                - Registered new binding: Dev Options - 1
17:44:44.518 [JavaFX Application Thread] DEBUG Input                - Registered new binding: Dev Console - 2
17:44:44.519 [JavaFX Application Thread] DEBUG Input                - Registered new binding: System info dump - CTRL+9
17:44:44.519 [JavaFX Application Thread] DEBUG Input                - Registered new binding: Restart - CTRL+R
17:44:44.520 [JavaFX Application Thread] DEBUG Input                - Registered new binding: Toggle Debug Camera - CTRL+C
17:44:44.523 [JavaFX Application Thread] DEBUG LoopRunner           - Starting loop
17:44:44.539 [JavaFX Application Thread] DEBUG LoopRunner           - Initializing JavaFX AnimationTimerLoop
17:44:44.542 [JavaFX Application Thread] DEBUG Input                - Clearing active input actions
17:44:44.550 [JavaFX Application Thread] DEBUG GameApplicationServi - Removing overlay from FXGLStartupScene and adding to FXGLMainMenuDummyScene
17:44:44.554 [JavaFX Application Thread] DEBUG PrimaryStageWindow   - FXGLStartupScene -> FXGLMainMenuDummyScene
17:44:44.554 [JavaFX Application Thread] DEBUG PrimaryStageWindow   - Push state: BBMMenuStartingScreen
17:44:44.554 [JavaFX Application Thread] DEBUG Input                - Clearing active input actions
17:44:44.555 [FXGL Background Thread 4 ] DEBUG FXGLAssetLoaderServi - Loading from file system: jar:file:///C:/Users/Legion%207/.m2/repository/com/github/almasb/fxgl/11.17/fxgl-11.17.jar!/fxglassets/ui/fonts/Abel-Regular.ttf
17:44:44.558 [JavaFX Application Thread] DEBUG GameApplicationServi - Removing overlay from FXGLMainMenuDummyScene and adding to BBMMenuStartingScreen
17:44:44.558 [JavaFX Application Thread] DEBUG PrimaryStageWindow   - FXGLMainMenuDummyScene -> BBMMenuStartingScreen
17:44:44.564 [FXGL Background Thread 4 ] DEBUG FXGLAssetLoaderServi - Loading from file system: jar:file:///C:/Users/Legion%207/.m2/repository/com/github/almasb/fxgl/11.17/fxgl-11.17.jar!/fxglassets/ui/fonts/lucida_console.ttf
17:44:44.576 [FXGL Background Thread 4 ] DEBUG FXGLAssetLoaderServi - Loading from file system: jar:file:///C:/Users/Legion%207/.m2/repository/com/github/almasb/fxgl/11.17/fxgl-11.17.jar!/fxglassets/ui/fonts/Courier-Prime.ttf
17:44:44.832 [JavaFX Application Thread] DEBUG FXGLApplication      - Registering font factories with UI factory
17:44:45.134 [FXGL Background Thread 2 ] INFO  UpdaterService       - Your current version:  11.17
17:44:45.134 [FXGL Background Thread 2 ] INFO  UpdaterService       - Latest stable version: 17.2
17:44:46.197 [JavaFX Application Thread] DEBUG Menu                 - fireNewGame()
17:44:46.197 [JavaFX Application Thread] DEBUG GameApplicationServi - Starting new game
17:44:46.197 [JavaFX Application Thread] DEBUG PrimaryStageWindow   - Pop state: BBMMenuStartingScreen
17:44:46.197 [JavaFX Application Thread] DEBUG Input                - Clearing active input actions
17:44:46.198 [JavaFX Application Thread] DEBUG GameApplicationServi - Removing overlay from BBMMenuStartingScreen and adding to FXGLMainMenuDummyScene
17:44:46.199 [JavaFX Application Thread] DEBUG PrimaryStageWindow   - FXGLMainMenuDummyScene <- BBMMenuStartingScreen
17:44:46.199 [JavaFX Application Thread] DEBUG Input                - Clearing active input actions
17:44:46.206 [JavaFX Application Thread] DEBUG GameApplicationServi - Removing overlay from FXGLMainMenuDummyScene and adding to FXGLLoadingScene
17:44:46.207 [JavaFX Application Thread] DEBUG PrimaryStageWindow   - FXGLMainMenuDummyScene -> FXGLLoadingScene
17:44:46.207 [JavaFX Application Thread] DEBUG GameApplicationServi - Clearing previous game
17:44:46.207 [JavaFX Application Thread] DEBUG GameScene            - Clearing game scene
17:44:46.207 [JavaFX Application Thread] DEBUG GameWorld            - Clearing game world
17:44:46.207 [JavaFX Application Thread] DEBUG PhysicsWorld         - Clearing physics world
17:44:46.208 [FXGL Background Thread 2 ] DEBUG FXGLApplication      - Initializing game
17:44:46.214 [FXGL Background Thread 2 ] DEBUG FXGLAssetLoaderServi - Loading from file system: file:/D:/GitHub/bomberman-tramcam-desu/target/classes/assets/sounds/GameStarted.wav
17:44:46.325 [FXGL Background Thread 2 ] INFO  FXGLApplication      - Game initialization took: 0.117 sec
17:44:46.327 [JavaFX Application Thread] DEBUG Input                - Clearing active input actions
17:44:46.335 [JavaFX Application Thread] DEBUG GameApplicationServi - Removing overlay from FXGLLoadingScene and adding to GameScene
17:44:46.340 [JavaFX Application Thread] DEBUG PrimaryStageWindow   - FXGLLoadingScene -> GameScene
17:44:47.470 [FXGL Background Thread 3 ] DEBUG Engine               - Logging environment variables
17:44:47.470 [FXGL Background Thread 3 ] DEBUG Engine               - achievements: []
17:44:47.470 [FXGL Background Thread 3 ] DEBUG Engine               - actualHeight: 720.0
17:44:47.470 [FXGL Background Thread 3 ] DEBUG Engine               - actualHeightProperty: ReadOnlyDoubleProperty [value: 720.0]
17:44:47.470 [FXGL Background Thread 3 ] DEBUG Engine               - actualWidth: 1080.0
17:44:47.470 [FXGL Background Thread 3 ] DEBUG Engine               - actualWidthProperty: ReadOnlyDoubleProperty [value: 1080.0]
17:44:47.470 [FXGL Background Thread 3 ] DEBUG Engine               - appIcon: fxgl_icon.png
17:44:47.470 [FXGL Background Thread 3 ] DEBUG Engine               - applicationMode: DEVELOPER
17:44:47.470 [FXGL Background Thread 3 ] DEBUG Engine               - cSSList: [fxgl_dark.css]
17:44:47.470 [FXGL Background Thread 3 ] DEBUG Engine               - collisionDetectionStrategy: BRUTE_FORCE
17:44:47.470 [FXGL Background Thread 3 ] DEBUG Engine               - configClass: Optional.empty
17:44:47.471 [FXGL Background Thread 3 ] DEBUG Engine               - credits: []
17:44:47.471 [FXGL Background Thread 3 ] DEBUG Engine               - defaultCursor: CursorInfo(imageName=fxgl_default_cursor.png, hotspotX=7.0, hotspotY=6.0)
17:44:47.471 [FXGL Background Thread 3 ] DEBUG Engine               - devBBoxColorProperty: ObjectProperty [value: 0xff0000ff]
17:44:47.471 [FXGL Background Thread 3 ] DEBUG Engine               - devEnableDebugCameraProperty: BooleanProperty [value: false]
17:44:47.471 [FXGL Background Thread 3 ] DEBUG Engine               - devSensorColorProperty: ObjectProperty [value: 0xffff00ff]
17:44:47.471 [FXGL Background Thread 3 ] DEBUG Engine               - devShowBBoxProperty: BooleanProperty [value: false]
17:44:47.471 [FXGL Background Thread 3 ] DEBUG Engine               - devShowPositionProperty: BooleanProperty [value: false]
17:44:47.471 [FXGL Background Thread 3 ] DEBUG Engine               - enabledMenuItems: []
17:44:47.471 [FXGL Background Thread 3 ] DEBUG Engine               - engineServices: [class com.almasb.fxgl.app.services.FXGLAssetLoaderService, class com.almasb.fxgl.app.FXGLApplication$GameApplicationService, class com.almasb.fxgl.app.services.FXGLDialogService, class com.almasb.fxgl.app.services.IOTaskExecutorService, class com.almasb.fxgl.io.FileSystemService, class com.almasb.fxgl.localization.LocalizationService, class com.almasb.fxgl.app.services.SystemBundleService, class com.almasb.fxgl.profile.SaveLoadService, class com.almasb.fxgl.ui.FXGLUIFactoryServiceProvider, class com.almasb.fxgl.ui.FXGLDialogFactoryServiceProvider, class com.almasb.fxgl.audio.AudioPlayer, class com.almasb.fxgl.notification.impl.NotificationServiceProvider, class com.almasb.fxgl.achievement.AchievementService, class com.almasb.fxgl.cutscene.CutsceneService, class com.almasb.fxgl.minigames.MiniGameService, class com.almasb.fxgl.net.NetService, class com.almasb.fxgl.app.services.UpdaterService, class com.almasb.fxgl.dev.DevService]
17:44:47.471 [FXGL Background Thread 3 ] DEBUG Engine               - fontGame: Abel-Regular.ttf
17:44:47.471 [FXGL Background Thread 3 ] DEBUG Engine               - fontMono: lucida_console.ttf
17:44:47.471 [FXGL Background Thread 3 ] DEBUG Engine               - fontText: Courier-Prime.ttf
17:44:47.472 [FXGL Background Thread 3 ] DEBUG Engine               - fontUI: Retro Gaming.ttf
17:44:47.472 [FXGL Background Thread 3 ] DEBUG Engine               - fullScreen: BooleanProperty [value: false]
17:44:47.472 [FXGL Background Thread 3 ] DEBUG Engine               - gameDifficulty: MEDIUM
17:44:47.472 [FXGL Background Thread 3 ] DEBUG Engine               - gameDifficultyProperty: ObjectProperty [value: MEDIUM]
17:44:47.472 [FXGL Background Thread 3 ] DEBUG Engine               - globalMusicVolume: 0.5
17:44:47.472 [FXGL Background Thread 3 ] DEBUG Engine               - globalMusicVolumeProperty: DoubleProperty [value: 0.0]
17:44:47.472 [FXGL Background Thread 3 ] DEBUG Engine               - globalSoundVolume: 0.5
17:44:47.472 [FXGL Background Thread 3 ] DEBUG Engine               - globalSoundVolumeProperty: DoubleProperty [value: 0.4]
17:44:47.472 [FXGL Background Thread 3 ] DEBUG Engine               - height: 720
17:44:47.472 [FXGL Background Thread 3 ] DEBUG Engine               - is3D: false
17:44:47.472 [FXGL Background Thread 3 ] DEBUG Engine               - isAndroid: false
17:44:47.472 [FXGL Background Thread 3 ] DEBUG Engine               - isBrowser: false
17:44:47.472 [FXGL Background Thread 3 ] DEBUG Engine               - isClickFeedbackEnabled: false
17:44:47.472 [FXGL Background Thread 3 ] DEBUG Engine               - isCloseConfirmation: false
17:44:47.472 [FXGL Background Thread 3 ] DEBUG Engine               - isDesktop: true
17:44:47.473 [FXGL Background Thread 3 ] DEBUG Engine               - isDeveloperMenuEnabled: true
17:44:47.473 [FXGL Background Thread 3 ] DEBUG Engine               - isEntityPreloadEnabled: true
17:44:47.473 [FXGL Background Thread 3 ] DEBUG Engine               - isExperimentalTiledLargeMap: false
17:44:47.473 [FXGL Background Thread 3 ] DEBUG Engine               - isFileSystemWriteAllowed: true
17:44:47.473 [FXGL Background Thread 3 ] DEBUG Engine               - isFullScreenAllowed: false
17:44:47.473 [FXGL Background Thread 3 ] DEBUG Engine               - isFullScreenFromStart: false
17:44:47.473 [FXGL Background Thread 3 ] DEBUG Engine               - isGameMenuEnabled: true
17:44:47.473 [FXGL Background Thread 3 ] DEBUG Engine               - isIOS: false
17:44:47.473 [FXGL Background Thread 3 ] DEBUG Engine               - isIntroEnabled: false
17:44:47.473 [FXGL Background Thread 3 ] DEBUG Engine               - isLinux: false
17:44:47.473 [FXGL Background Thread 3 ] DEBUG Engine               - isMac: false
17:44:47.473 [FXGL Background Thread 3 ] DEBUG Engine               - isMainMenuEnabled: true
17:44:47.473 [FXGL Background Thread 3 ] DEBUG Engine               - isManualResizeEnabled: true
17:44:47.473 [FXGL Background Thread 3 ] DEBUG Engine               - isMobile: false
17:44:47.473 [FXGL Background Thread 3 ] DEBUG Engine               - isNative: false
17:44:47.473 [FXGL Background Thread 3 ] DEBUG Engine               - isPauseMusicWhenMinimized: true
17:44:47.473 [FXGL Background Thread 3 ] DEBUG Engine               - isPreserveResizeRatio: true
17:44:47.473 [FXGL Background Thread 3 ] DEBUG Engine               - isProfilingEnabled: false
17:44:47.473 [FXGL Background Thread 3 ] DEBUG Engine               - isScaleAffectedOnResize: true
17:44:47.473 [FXGL Background Thread 3 ] DEBUG Engine               - isSingleStep: false
17:44:47.473 [FXGL Background Thread 3 ] DEBUG Engine               - isUserProfileEnabled: false
17:44:47.474 [FXGL Background Thread 3 ] DEBUG Engine               - isWindows: true
17:44:47.474 [FXGL Background Thread 3 ] DEBUG Engine               - language: ObjectProperty [value: ENGLISH]
17:44:47.474 [FXGL Background Thread 3 ] DEBUG Engine               - menuKey: ESCAPE
17:44:47.474 [FXGL Background Thread 3 ] DEBUG Engine               - mouseSensitivity: 0.2
17:44:47.474 [FXGL Background Thread 3 ] DEBUG Engine               - notificationViewClass: class com.almasb.fxgl.notification.view.XboxNotificationView
17:44:47.474 [FXGL Background Thread 3 ] DEBUG Engine               - pixelsPerMeter: 50.0
17:44:47.474 [FXGL Background Thread 3 ] DEBUG Engine               - platform: WINDOWS
17:44:47.474 [FXGL Background Thread 3 ] DEBUG Engine               - prefHeightProperty: ReadOnlyDoubleProperty [value: 720.0]
17:44:47.474 [FXGL Background Thread 3 ] DEBUG Engine               - prefWidthProperty: ReadOnlyDoubleProperty [value: 1080.0]
17:44:47.474 [FXGL Background Thread 3 ] DEBUG Engine               - profileDir: profiles/
17:44:47.474 [FXGL Background Thread 3 ] DEBUG Engine               - profileName: StringProperty [value: DEFAULT]
17:44:47.474 [FXGL Background Thread 3 ] DEBUG Engine               - randomSeed: -1
17:44:47.474 [FXGL Background Thread 3 ] DEBUG Engine               - runtimeInfo: RuntimeInfo(platform=WINDOWS, version=11.17, build=16.07.2021 15.46)
17:44:47.474 [FXGL Background Thread 3 ] DEBUG Engine               - saveFileExt: sav
17:44:47.474 [FXGL Background Thread 3 ] DEBUG Engine               - scaledHeightProp$fxgl: DoubleProperty [bound, value: 720.0]
17:44:47.475 [FXGL Background Thread 3 ] DEBUG Engine               - scaledWidthProp$fxgl: DoubleProperty [bound, value: 1080.0]
17:44:47.475 [FXGL Background Thread 3 ] DEBUG Engine               - sceneFactory: uet.oop.bomberman.BBMApp$1@748733d6
17:44:47.475 [FXGL Background Thread 3 ] DEBUG Engine               - secondsIn24h: 60
17:44:47.475 [FXGL Background Thread 3 ] DEBUG Engine               - soundMenuBack: menu/back.wav
17:44:47.475 [FXGL Background Thread 3 ] DEBUG Engine               - soundMenuPress: menu/press.wav
17:44:47.475 [FXGL Background Thread 3 ] DEBUG Engine               - soundMenuSelect: menu/select.wav
17:44:47.475 [FXGL Background Thread 3 ] DEBUG Engine               - soundNotification: core/notification.wav
17:44:47.475 [FXGL Background Thread 3 ] DEBUG Engine               - stageStyle: DECORATED
17:44:47.475 [FXGL Background Thread 3 ] DEBUG Engine               - supportedLanguages: [ENGLISH, FRENCH, GERMAN, HUNGARIAN, RUSSIAN]
17:44:47.475 [FXGL Background Thread 3 ] DEBUG Engine               - ticksPerSecond: -1
17:44:47.475 [FXGL Background Thread 3 ] DEBUG Engine               - title: Bomberman
17:44:47.475 [FXGL Background Thread 3 ] DEBUG Engine               - urlGithub: https://github.com/AlmasB/FXGL
17:44:47.475 [FXGL Background Thread 3 ] DEBUG Engine               - urlLeaderboard: http://fxgl-top.herokuapp.com/
17:44:47.475 [FXGL Background Thread 3 ] DEBUG Engine               - urlPOM: https://raw.githubusercontent.com/AlmasB/FXGL/release/README.md
17:44:47.475 [FXGL Background Thread 3 ] DEBUG Engine               - userAppClass: class uet.oop.bomberman.BBMApp
17:44:47.475 [FXGL Background Thread 3 ] DEBUG Engine               - version: Tram Cam Desu
17:44:47.475 [FXGL Background Thread 3 ] DEBUG Engine               - versionCheckDays: 7
17:44:47.475 [FXGL Background Thread 3 ] DEBUG Engine               - width: 1080
17:44:47.476 [FXGL Background Thread 3 ] DEBUG Engine               - Logging services
17:44:47.476 [FXGL Background Thread 3 ] DEBUG Engine               - class com.almasb.fxgl.app.services.FXGLAssetLoaderService
17:44:47.476 [FXGL Background Thread 3 ] DEBUG Engine               - class com.almasb.fxgl.app.FXGLApplication$GameApplicationService
17:44:47.476 [FXGL Background Thread 3 ] DEBUG Engine               - class com.almasb.fxgl.app.services.FXGLDialogService
17:44:47.476 [FXGL Background Thread 3 ] DEBUG Engine               - class com.almasb.fxgl.app.services.IOTaskExecutorService
17:44:47.476 [FXGL Background Thread 3 ] DEBUG Engine               - class com.almasb.fxgl.io.FileSystemService
17:44:47.476 [FXGL Background Thread 3 ] DEBUG Engine               - class com.almasb.fxgl.localization.LocalizationService
17:44:47.476 [FXGL Background Thread 3 ] DEBUG Engine               - class com.almasb.fxgl.app.services.SystemBundleService
17:44:47.476 [FXGL Background Thread 3 ] DEBUG Engine               - class com.almasb.fxgl.profile.SaveLoadService
17:44:47.476 [FXGL Background Thread 3 ] DEBUG Engine               - class com.almasb.fxgl.ui.FXGLUIFactoryServiceProvider
17:44:47.476 [FXGL Background Thread 3 ] DEBUG Engine               - class com.almasb.fxgl.ui.FXGLDialogFactoryServiceProvider
17:44:47.476 [FXGL Background Thread 3 ] DEBUG Engine               - class com.almasb.fxgl.audio.AudioPlayer
17:44:47.476 [FXGL Background Thread 3 ] DEBUG Engine               - class com.almasb.fxgl.notification.impl.NotificationServiceProvider
17:44:47.476 [FXGL Background Thread 3 ] DEBUG Engine               - class com.almasb.fxgl.achievement.AchievementService
17:44:47.476 [FXGL Background Thread 3 ] DEBUG Engine               - class com.almasb.fxgl.cutscene.CutsceneService
17:44:47.476 [FXGL Background Thread 3 ] DEBUG Engine               - class com.almasb.fxgl.minigames.MiniGameService
17:44:47.476 [FXGL Background Thread 3 ] DEBUG Engine               - class com.almasb.fxgl.net.NetService
17:44:47.476 [FXGL Background Thread 3 ] DEBUG Engine               - class com.almasb.fxgl.app.services.UpdaterService
17:44:47.476 [FXGL Background Thread 3 ] DEBUG Engine               - class com.almasb.fxgl.dev.DevService
17:44:48.909 [JavaFX Application Thread] WARN  TMXLevelLoader       - TiledMap generated from 1.7.2. Supported version: 1.2.3. Some features may not be parsed fully.
17:44:48.928 [JavaFX Application Thread] DEBUG TMXLevelLoader       - Parsed TiledMap: file:/D:/GitHub/bomberman-tramcam-desu/target/classes/assets/levels/level1.tmx
17:44:48.930 [JavaFX Application Thread] DEBUG TMXLevelLoader       - Creating tile layer entities
17:44:48.930 [JavaFX Application Thread] DEBUG TilesetLoader        - Loading view for layer Tile Layer 1
17:44:48.933 [JavaFX Application Thread] DEBUG TilesetLoader        - Created buffer with size 1488.0x720.0
17:44:49.029 [JavaFX Application Thread] DEBUG TMXLevelLoader       - Creating object layer entities
17:44:49.034 [JavaFX Application Thread] DEBUG FXGLAssetLoaderServi - Loading from file system: file:/D:/GitHub/bomberman-tramcam-desu/target/classes/assets/textures/photo/powerup_immortal.png
17:44:49.037 [JavaFX Application Thread] DEBUG FXGLAssetLoaderServi - Loading from file system: file:/D:/GitHub/bomberman-tramcam-desu/target/classes/assets/textures/photo/powerup_speed.png
17:44:49.039 [JavaFX Application Thread] DEBUG FXGLAssetLoaderServi - Loading from file system: file:/D:/GitHub/bomberman-tramcam-desu/target/classes/assets/textures/photo/powerup_flames.png
17:44:49.040 [JavaFX Application Thread] DEBUG FXGLAssetLoaderServi - Loading from file system: file:/D:/GitHub/bomberman-tramcam-desu/target/classes/assets/textures/photo/powerup_bombs.png
17:44:49.044 [JavaFX Application Thread] DEBUG FXGLAssetLoaderServi - Loading from file system: file:/D:/GitHub/bomberman-tramcam-desu/target/classes/assets/textures/photo/portal.png
17:44:49.046 [JavaFX Application Thread] DEBUG FXGLAssetLoaderServi - Loading from file system: file:/D:/GitHub/bomberman-tramcam-desu/target/classes/assets/textures/sprites.png
17:44:49.136 [JavaFX Application Thread] DEBUG GameWorld            - Clearing removable entities
17:44:49.137 [JavaFX Application Thread] DEBUG GameWorld            - Setting level: com.almasb.fxgl.entity.level.Level@4968c82c
17:44:49.192 [JavaFX Application Thread] DEBUG FXGLAssetLoaderServi - Loading from file system: file:/D:/GitHub/bomberman-tramcam-desu/target/classes/assets/sounds/walk_2.wav
17:44:49.513 [JavaFX Application Thread] DEBUG PrimaryStageWindow   - Push state: BBMMenuInGame
17:44:49.513 [JavaFX Application Thread] DEBUG Input                - Clearing active input actions
17:44:49.514 [JavaFX Application Thread] DEBUG GameApplicationServi - Removing overlay from GameScene and adding to BBMMenuInGame
17:44:49.516 [JavaFX Application Thread] DEBUG PrimaryStageWindow   - GameScene -> BBMMenuInGame
17:44:50.845 [JavaFX Application Thread] DEBUG PrimaryStageWindow   - Push state: DialogSubScene
17:44:50.845 [JavaFX Application Thread] DEBUG Input                - Clearing active input actions
17:44:50.846 [JavaFX Application Thread] DEBUG GameApplicationServi - Removing overlay from BBMMenuInGame and adding to DialogSubScene
17:44:50.847 [JavaFX Application Thread] DEBUG PrimaryStageWindow   - BBMMenuInGame -> DialogSubScene
17:44:53.188 [JavaFX Application Thread] DEBUG PrimaryStageWindow   - Pop state: DialogSubScene
17:44:53.188 [JavaFX Application Thread] DEBUG Input                - Clearing active input actions
17:44:53.190 [JavaFX Application Thread] DEBUG GameApplicationServi - Removing overlay from DialogSubScene and adding to BBMMenuInGame
17:44:53.190 [JavaFX Application Thread] DEBUG PrimaryStageWindow   - BBMMenuInGame <- DialogSubScene
17:44:53.862 [JavaFX Application Thread] DEBUG PrimaryStageWindow   - Push state: DialogSubScene
17:44:53.862 [JavaFX Application Thread] DEBUG Input                - Clearing active input actions
17:44:53.863 [JavaFX Application Thread] DEBUG GameApplicationServi - Removing overlay from BBMMenuInGame and adding to DialogSubScene
17:44:53.865 [JavaFX Application Thread] DEBUG PrimaryStageWindow   - BBMMenuInGame -> DialogSubScene
17:44:55.168 [JavaFX Application Thread] DEBUG PrimaryStageWindow   - Pop state: DialogSubScene
17:44:55.168 [JavaFX Application Thread] DEBUG Input                - Clearing active input actions
17:44:55.168 [JavaFX Application Thread] DEBUG GameApplicationServi - Removing overlay from DialogSubScene and adding to BBMMenuInGame
17:44:55.169 [JavaFX Application Thread] DEBUG PrimaryStageWindow   - BBMMenuInGame <- DialogSubScene
17:44:55.825 [JavaFX Application Thread] DEBUG PrimaryStageWindow   - Push state: DialogSubScene
17:44:55.825 [JavaFX Application Thread] DEBUG Input                - Clearing active input actions
17:44:55.826 [JavaFX Application Thread] DEBUG GameApplicationServi - Removing overlay from BBMMenuInGame and adding to DialogSubScene
17:44:55.826 [JavaFX Application Thread] DEBUG PrimaryStageWindow   - BBMMenuInGame -> DialogSubScene
17:44:56.545 [JavaFX Application Thread] DEBUG PrimaryStageWindow   - Pop state: DialogSubScene
17:44:56.545 [JavaFX Application Thread] DEBUG Input                - Clearing active input actions
17:44:56.546 [JavaFX Application Thread] DEBUG GameApplicationServi - Removing overlay from DialogSubScene and adding to BBMMenuInGame
17:44:56.546 [JavaFX Application Thread] DEBUG PrimaryStageWindow   - BBMMenuInGame <- DialogSubScene
17:44:57.172 [JavaFX Application Thread] DEBUG PrimaryStageWindow   - Push state: DialogSubScene
17:44:57.172 [JavaFX Application Thread] DEBUG Input                - Clearing active input actions
17:44:57.172 [JavaFX Application Thread] DEBUG GameApplicationServi - Removing overlay from BBMMenuInGame and adding to DialogSubScene
17:44:57.173 [JavaFX Application Thread] DEBUG PrimaryStageWindow   - BBMMenuInGame -> DialogSubScene
17:44:57.891 [JavaFX Application Thread] DEBUG PrimaryStageWindow   - Pop state: DialogSubScene
17:44:57.891 [JavaFX Application Thread] DEBUG Input                - Clearing active input actions
17:44:57.891 [JavaFX Application Thread] DEBUG GameApplicationServi - Removing overlay from DialogSubScene and adding to BBMMenuInGame
17:44:57.892 [JavaFX Application Thread] DEBUG PrimaryStageWindow   - BBMMenuInGame <- DialogSubScene
17:44:58.949 [JavaFX Application Thread] DEBUG PrimaryStageWindow   - Push state: DialogSubScene
17:44:58.949 [JavaFX Application Thread] DEBUG Input                - Clearing active input actions
17:44:58.950 [JavaFX Application Thread] DEBUG GameApplicationServi - Removing overlay from BBMMenuInGame and adding to DialogSubScene
17:44:58.950 [JavaFX Application Thread] DEBUG PrimaryStageWindow   - BBMMenuInGame -> DialogSubScene
17:44:59.759 [JavaFX Application Thread] DEBUG PrimaryStageWindow   - Pop state: DialogSubScene
17:44:59.759 [JavaFX Application Thread] DEBUG Input                - Clearing active input actions
17:44:59.759 [JavaFX Application Thread] DEBUG GameApplicationServi - Removing overlay from DialogSubScene and adding to BBMMenuInGame
17:44:59.760 [JavaFX Application Thread] DEBUG PrimaryStageWindow   - BBMMenuInGame <- DialogSubScene
17:45:01.168 [JavaFX Application Thread] DEBUG FXGLApplication      - Exiting FXGL
17:45:01.168 [JavaFX Application Thread] DEBUG LoopRunner           - Stopping loop
17:45:01.168 [JavaFX Application Thread] DEBUG SystemBundleService  - Saving FXGL system data
17:45:01.169 [JavaFX Application Thread] DEBUG FileSystemAccess     - Writing to: D:\GitHub\bomberman-tramcam-desu\system\fxgl.bundle
17:45:01.171 [JavaFX Application Thread] DEBUG Async                - Shutting down background threads
17:45:01.171 [JavaFX Application Thread] DEBUG PrimaryStageWindow   - Closing main window
17:45:01.182 [JavaFX Application Thread] DEBUG Logger               - Closing Logger
