11:14:16.524 [main                     ] DEBUG Logger               - Configured Logger
11:14:16.525 [main                     ] DEBUG GameApplication      - Logging settings
Title: Bomberman
Version: Tram Cam Desu
Width: 1080
Height: 720
Fullscreen: false
Intro: false
Profiling: false
Single step:false
App Mode: DEVELOPER
Menu Key: ESCAPE
Stage Style: DECORATED
Scene Factory: class uet.oop.bomberman.BBMApp$1

11:14:16.775 [JavaFX Application Thread] DEBUG FXGLApplication      - Initializing FXGL
11:14:16.776 [JavaFX Application Thread] INFO  Engine               - FXGL-11.17 (16.07.2021 15.46) on WINDOWS (J:18.0.2.1 FX:16)
11:14:16.777 [JavaFX Application Thread] DEBUG Engine               - JRE Vendor Name: Oracle Corporation
11:14:16.777 [JavaFX Application Thread] DEBUG Engine               - Running on OS: Windows 10 version 10.0
11:14:16.777 [JavaFX Application Thread] DEBUG Engine               - Architecture: amd64
11:14:16.777 [JavaFX Application Thread] INFO  Engine               - Source code and latest versions at: https://github.com/AlmasB/FXGL
11:14:16.777 [JavaFX Application Thread] INFO  Engine               -              Join the FXGL chat at: https://gitter.im/AlmasB/FXGL
11:14:16.842 [JavaFX Application Thread] DEBUG PrimaryStageWindow   - Creating a JavaFX scene
11:14:16.875 [JavaFX Application Thread] DEBUG PrimaryStageWindow   - Target settings size: 1080.0 x 720.0
11:14:16.875 [JavaFX Application Thread] DEBUG PrimaryStageWindow   - Scaled scene size:    1080.0 x 720.0
11:14:16.875 [JavaFX Application Thread] DEBUG PrimaryStageWindow   - Scaled ratio: (1.0, 1.0)
11:14:16.875 [JavaFX Application Thread] DEBUG PrimaryStageWindow   - Set initial scene to FXGLStartupScene
11:14:16.881 [JavaFX Application Thread] DEBUG PrimaryStageWindow   - Opening main window
11:14:16.942 [JavaFX Application Thread] DEBUG PrimaryStageWindow   - Window border size: (14.4000244140625, 37.5999755859375)
11:14:16.942 [JavaFX Application Thread] DEBUG PrimaryStageWindow   - Scaled size: 1080.0 x 720.0
11:14:16.942 [JavaFX Application Thread] DEBUG PrimaryStageWindow   - Scaled ratio: (1.0, 1.0)
11:14:16.942 [JavaFX Application Thread] DEBUG PrimaryStageWindow   - Scene size: 1080.0 x 720.0
11:14:16.942 [JavaFX Application Thread] DEBUG PrimaryStageWindow   - Stage size: 1094.4000244140625 x 757.5999755859375
11:14:16.949 [FXGL Background Thread 1 ] DEBUG Engine               - Initializing environment variables
11:14:17.010 [FXGL Background Thread 1 ] DEBUG FXGLAssetLoaderServi - User app class for loading assets: class uet.oop.bomberman.BBMApp
11:14:17.010 [FXGL Background Thread 1 ] DEBUG GameApplicationServi - Applying CSS: fxgl_dark.css
11:14:17.011 [FXGL Background Thread 1 ] DEBUG FXGLAssetLoaderServi - Loading from file system: jar:file:///C:/Users/Legion%207/.m2/repository/com/github/almasb/fxgl/11.17/fxgl-11.17.jar!/fxglassets/ui/css/fxgl_dark.css
11:14:17.054 [FXGL Background Thread 1 ] DEBUG GameApplicationServi - Initializing application scenes
11:14:17.091 [FXGL Background Thread 1 ] DEBUG GameWorld            - Game world initialized
11:14:17.148 [FXGL Background Thread 1 ] DEBUG PhysicsWorld         - Physics world initialized: appHeight=720, physics.ppm=50.0
11:14:17.149 [FXGL Background Thread 1 ] DEBUG PhysicsWorld         - Using strategy: BRUTE_FORCE
11:14:17.152 [FXGL Background Thread 1 ] DEBUG GameScene            - Game scene initialized: 1080x720
11:14:17.246 [FXGL Background Thread 1 ] DEBUG GameApplicationServi - Application scenes initialized
11:14:17.259 [FXGL Background Thread 1 ] DEBUG SystemBundleService  - Loading FXGL system data
11:14:17.263 [FXGL Background Thread 1 ] DEBUG FileSystemAccess     - Reading from: D:\GitHub\bomberman-tramcam-desu\system\fxgl.bundle
11:14:17.275 [FXGL Background Thread 1 ] DEBUG SystemBundleService  - Bundle FXGL: {}
11:14:17.275 [FXGL Background Thread 1 ] DEBUG UpdaterService       - Checking for updates
11:14:17.300 [FXGL Background Thread 4 ] DEBUG FXGLApplication      - Loading fonts
11:14:17.300 [FXGL Background Thread 4 ] DEBUG FXGLAssetLoaderServi - Loading from file system: file:/D:/GitHub/bomberman-tramcam-desu/target/classes/assets/ui/fonts/Retro%20Gaming.ttf
11:14:17.300 [FXGL Background Thread 1 ] DEBUG FXGLApplication      - Loading default localization
11:14:17.301 [FXGL Background Thread 1 ] DEBUG FXGLAssetLoaderServi - Loading from file system: jar:file:///C:/Users/Legion%207/.m2/repository/com/github/almasb/fxgl/11.17/fxgl-11.17.jar!/fxglassets/languages/english.lang
11:14:17.323 [FXGL Background Thread 1 ] INFO  FXGLApplication      - FXGL initialization took: 0.374 sec
11:14:17.334 [JavaFX Application Thread] DEBUG Input                - Registered new binding: Move Up - W
11:14:17.334 [JavaFX Application Thread] DEBUG Input                - Registered new binding: Move Down - S
11:14:17.335 [JavaFX Application Thread] DEBUG Input                - Registered new binding: Move Left - A
11:14:17.335 [JavaFX Application Thread] DEBUG Input                - Registered new binding: Move Right - D
11:14:17.335 [JavaFX Application Thread] DEBUG Input                - Registered new binding: Place Bomb - Space
11:14:17.335 [JavaFX Application Thread] DEBUG FXGLAssetLoaderServi - Loading from file system: file:/D:/GitHub/bomberman-tramcam-desu/target/classes/assets/music/MenuMusic.mp3
11:14:17.376 [FXGL Background Thread 4 ] DEBUG FXGLAssetLoaderServi - Loading from file system: jar:file:///C:/Users/Legion%207/.m2/repository/com/github/almasb/fxgl/11.17/fxgl-11.17.jar!/fxglassets/ui/fonts/Abel-Regular.ttf
11:14:17.383 [FXGL Background Thread 4 ] DEBUG FXGLAssetLoaderServi - Loading from file system: jar:file:///C:/Users/Legion%207/.m2/repository/com/github/almasb/fxgl/11.17/fxgl-11.17.jar!/fxglassets/ui/fonts/lucida_console.ttf
11:14:17.392 [FXGL Background Thread 4 ] DEBUG FXGLAssetLoaderServi - Loading from file system: jar:file:///C:/Users/Legion%207/.m2/repository/com/github/almasb/fxgl/11.17/fxgl-11.17.jar!/fxglassets/ui/fonts/Courier-Prime.ttf
11:14:17.444 [JavaFX Application Thread] DEBUG AudioPlayer          - Playing music com.almasb.fxgl.audio.Music@5a008ee8
11:14:17.444 [JavaFX Application Thread] DEBUG FXGLAssetLoaderServi - Loading from file system: jar:file:///C:/Users/Legion%207/.m2/repository/com/github/almasb/fxgl/11.17/fxgl-11.17.jar!/fxglassets/textures/fxgl_icon.png
11:14:17.458 [JavaFX Application Thread] DEBUG FXGLAssetLoaderServi - Loading from file system: jar:file:///C:/Users/Legion%207/.m2/repository/com/github/almasb/fxgl/11.17/fxgl-11.17.jar!/fxglassets/textures/fxgl_default_cursor.png
11:14:17.459 [JavaFX Application Thread] DEBUG Input                - Registered new binding: Screenshot - CTRL+8
11:14:17.459 [JavaFX Application Thread] DEBUG Input                - Registered new binding: Dev Options - 1
11:14:17.460 [JavaFX Application Thread] DEBUG Input                - Registered new binding: Dev Console - 2
11:14:17.460 [JavaFX Application Thread] DEBUG Input                - Registered new binding: System info dump - CTRL+9
11:14:17.460 [JavaFX Application Thread] DEBUG Input                - Registered new binding: Restart - CTRL+R
11:14:17.460 [JavaFX Application Thread] DEBUG Input                - Registered new binding: Toggle Debug Camera - CTRL+C
11:14:17.462 [JavaFX Application Thread] DEBUG LoopRunner           - Starting loop
11:14:17.469 [JavaFX Application Thread] DEBUG LoopRunner           - Initializing JavaFX AnimationTimerLoop
11:14:17.471 [JavaFX Application Thread] DEBUG Input                - Clearing active input actions
11:14:17.478 [JavaFX Application Thread] DEBUG GameApplicationServi - Removing overlay from FXGLStartupScene and adding to FXGLMainMenuDummyScene
11:14:17.480 [JavaFX Application Thread] DEBUG PrimaryStageWindow   - FXGLStartupScene -> FXGLMainMenuDummyScene
11:14:17.480 [JavaFX Application Thread] DEBUG PrimaryStageWindow   - Push state: BBMMenuStartingScreen
11:14:17.480 [JavaFX Application Thread] DEBUG Input                - Clearing active input actions
11:14:17.482 [JavaFX Application Thread] DEBUG GameApplicationServi - Removing overlay from FXGLMainMenuDummyScene and adding to BBMMenuStartingScreen
11:14:17.483 [JavaFX Application Thread] DEBUG PrimaryStageWindow   - FXGLMainMenuDummyScene -> BBMMenuStartingScreen
11:14:17.483 [JavaFX Application Thread] DEBUG FXGLApplication      - Registering font factories with UI factory
11:14:17.814 [FXGL Background Thread 2 ] INFO  UpdaterService       - Your current version:  11.17
11:14:17.815 [FXGL Background Thread 2 ] INFO  UpdaterService       - Latest stable version: 17.2
11:14:18.984 [JavaFX Application Thread] DEBUG Menu                 - fireNewGame()
11:14:18.984 [JavaFX Application Thread] DEBUG GameApplicationServi - Starting new game
11:14:18.984 [JavaFX Application Thread] DEBUG PrimaryStageWindow   - Pop state: BBMMenuStartingScreen
11:14:18.984 [JavaFX Application Thread] DEBUG Input                - Clearing active input actions
11:14:18.985 [JavaFX Application Thread] DEBUG GameApplicationServi - Removing overlay from BBMMenuStartingScreen and adding to FXGLMainMenuDummyScene
11:14:18.987 [JavaFX Application Thread] DEBUG PrimaryStageWindow   - FXGLMainMenuDummyScene <- BBMMenuStartingScreen
11:14:18.987 [JavaFX Application Thread] DEBUG Input                - Clearing active input actions
11:14:18.993 [JavaFX Application Thread] DEBUG GameApplicationServi - Removing overlay from FXGLMainMenuDummyScene and adding to FXGLLoadingScene
11:14:18.993 [JavaFX Application Thread] DEBUG PrimaryStageWindow   - FXGLMainMenuDummyScene -> FXGLLoadingScene
11:14:18.993 [JavaFX Application Thread] DEBUG GameApplicationServi - Clearing previous game
11:14:18.993 [JavaFX Application Thread] DEBUG GameScene            - Clearing game scene
11:14:18.993 [JavaFX Application Thread] DEBUG GameWorld            - Clearing game world
11:14:18.993 [JavaFX Application Thread] DEBUG PhysicsWorld         - Clearing physics world
11:14:18.994 [FXGL Background Thread 2 ] DEBUG FXGLApplication      - Initializing game
11:14:19.005 [FXGL Background Thread 2 ] DEBUG FXGLAssetLoaderServi - Loading from file system: file:/D:/GitHub/bomberman-tramcam-desu/target/classes/assets/sounds/GameStarted.wav
11:14:19.048 [FXGL Background Thread 2 ] INFO  FXGLApplication      - Game initialization took: 0.054 sec
11:14:19.049 [JavaFX Application Thread] DEBUG Input                - Clearing active input actions
11:14:19.055 [JavaFX Application Thread] DEBUG GameApplicationServi - Removing overlay from FXGLLoadingScene and adding to GameScene
11:14:19.058 [JavaFX Application Thread] DEBUG PrimaryStageWindow   - FXGLLoadingScene -> GameScene
11:14:20.300 [FXGL Background Thread 3 ] DEBUG Engine               - Logging environment variables
11:14:20.301 [FXGL Background Thread 3 ] DEBUG Engine               - achievements: []
11:14:20.302 [FXGL Background Thread 3 ] DEBUG Engine               - actualHeight: 720.0
11:14:20.302 [FXGL Background Thread 3 ] DEBUG Engine               - actualHeightProperty: ReadOnlyDoubleProperty [value: 720.0]
11:14:20.302 [FXGL Background Thread 3 ] DEBUG Engine               - actualWidth: 1080.0
11:14:20.302 [FXGL Background Thread 3 ] DEBUG Engine               - actualWidthProperty: ReadOnlyDoubleProperty [value: 1080.0]
11:14:20.303 [FXGL Background Thread 3 ] DEBUG Engine               - appIcon: fxgl_icon.png
11:14:20.303 [FXGL Background Thread 3 ] DEBUG Engine               - applicationMode: DEVELOPER
11:14:20.303 [FXGL Background Thread 3 ] DEBUG Engine               - cSSList: [fxgl_dark.css]
11:14:20.303 [FXGL Background Thread 3 ] DEBUG Engine               - collisionDetectionStrategy: BRUTE_FORCE
11:14:20.304 [FXGL Background Thread 3 ] DEBUG Engine               - configClass: Optional.empty
11:14:20.304 [FXGL Background Thread 3 ] DEBUG Engine               - credits: []
11:14:20.304 [FXGL Background Thread 3 ] DEBUG Engine               - defaultCursor: CursorInfo(imageName=fxgl_default_cursor.png, hotspotX=7.0, hotspotY=6.0)
11:14:20.305 [FXGL Background Thread 3 ] DEBUG Engine               - devBBoxColorProperty: ObjectProperty [value: 0xff0000ff]
11:14:20.305 [FXGL Background Thread 3 ] DEBUG Engine               - devEnableDebugCameraProperty: BooleanProperty [value: false]
11:14:20.306 [FXGL Background Thread 3 ] DEBUG Engine               - devSensorColorProperty: ObjectProperty [value: 0xffff00ff]
11:14:20.306 [FXGL Background Thread 3 ] DEBUG Engine               - devShowBBoxProperty: BooleanProperty [value: false]
11:14:20.306 [FXGL Background Thread 3 ] DEBUG Engine               - devShowPositionProperty: BooleanProperty [value: false]
11:14:20.307 [FXGL Background Thread 3 ] DEBUG Engine               - enabledMenuItems: []
11:14:20.307 [FXGL Background Thread 3 ] DEBUG Engine               - engineServices: [class com.almasb.fxgl.app.services.FXGLAssetLoaderService, class com.almasb.fxgl.app.FXGLApplication$GameApplicationService, class com.almasb.fxgl.app.services.FXGLDialogService, class com.almasb.fxgl.app.services.IOTaskExecutorService, class com.almasb.fxgl.io.FileSystemService, class com.almasb.fxgl.localization.LocalizationService, class com.almasb.fxgl.app.services.SystemBundleService, class com.almasb.fxgl.profile.SaveLoadService, class com.almasb.fxgl.ui.FXGLUIFactoryServiceProvider, class com.almasb.fxgl.ui.FXGLDialogFactoryServiceProvider, class com.almasb.fxgl.audio.AudioPlayer, class com.almasb.fxgl.notification.impl.NotificationServiceProvider, class com.almasb.fxgl.achievement.AchievementService, class com.almasb.fxgl.cutscene.CutsceneService, class com.almasb.fxgl.minigames.MiniGameService, class com.almasb.fxgl.net.NetService, class com.almasb.fxgl.app.services.UpdaterService, class com.almasb.fxgl.dev.DevService]
11:14:20.307 [FXGL Background Thread 3 ] DEBUG Engine               - fontGame: Abel-Regular.ttf
11:14:20.308 [FXGL Background Thread 3 ] DEBUG Engine               - fontMono: lucida_console.ttf
11:14:20.308 [FXGL Background Thread 3 ] DEBUG Engine               - fontText: Courier-Prime.ttf
11:14:20.308 [FXGL Background Thread 3 ] DEBUG Engine               - fontUI: Retro Gaming.ttf
11:14:20.308 [FXGL Background Thread 3 ] DEBUG Engine               - fullScreen: BooleanProperty [value: false]
11:14:20.309 [FXGL Background Thread 3 ] DEBUG Engine               - gameDifficulty: MEDIUM
11:14:20.309 [FXGL Background Thread 3 ] DEBUG Engine               - gameDifficultyProperty: ObjectProperty [value: MEDIUM]
11:14:20.309 [FXGL Background Thread 3 ] DEBUG Engine               - globalMusicVolume: 0.5
11:14:20.309 [FXGL Background Thread 3 ] DEBUG Engine               - globalMusicVolumeProperty: DoubleProperty [value: 0.0]
11:14:20.310 [FXGL Background Thread 3 ] DEBUG Engine               - globalSoundVolume: 0.5
11:14:20.310 [FXGL Background Thread 3 ] DEBUG Engine               - globalSoundVolumeProperty: DoubleProperty [value: 0.4]
11:14:20.310 [FXGL Background Thread 3 ] DEBUG Engine               - height: 720
11:14:20.310 [FXGL Background Thread 3 ] DEBUG Engine               - is3D: false
11:14:20.311 [FXGL Background Thread 3 ] DEBUG Engine               - isAndroid: false
11:14:20.311 [FXGL Background Thread 3 ] DEBUG Engine               - isBrowser: false
11:14:20.311 [FXGL Background Thread 3 ] DEBUG Engine               - isClickFeedbackEnabled: false
11:14:20.311 [FXGL Background Thread 3 ] DEBUG Engine               - isCloseConfirmation: false
11:14:20.312 [FXGL Background Thread 3 ] DEBUG Engine               - isDesktop: true
11:14:20.312 [FXGL Background Thread 3 ] DEBUG Engine               - isDeveloperMenuEnabled: true
11:14:20.312 [FXGL Background Thread 3 ] DEBUG Engine               - isEntityPreloadEnabled: true
11:14:20.312 [FXGL Background Thread 3 ] DEBUG Engine               - isExperimentalTiledLargeMap: false
11:14:20.313 [FXGL Background Thread 3 ] DEBUG Engine               - isFileSystemWriteAllowed: true
11:14:20.313 [FXGL Background Thread 3 ] DEBUG Engine               - isFullScreenAllowed: false
11:14:20.313 [FXGL Background Thread 3 ] DEBUG Engine               - isFullScreenFromStart: false
11:14:20.313 [FXGL Background Thread 3 ] DEBUG Engine               - isGameMenuEnabled: true
11:14:20.313 [FXGL Background Thread 3 ] DEBUG Engine               - isIOS: false
11:14:20.314 [FXGL Background Thread 3 ] DEBUG Engine               - isIntroEnabled: false
11:14:20.314 [FXGL Background Thread 3 ] DEBUG Engine               - isLinux: false
11:14:20.314 [FXGL Background Thread 3 ] DEBUG Engine               - isMac: false
11:14:20.314 [FXGL Background Thread 3 ] DEBUG Engine               - isMainMenuEnabled: true
11:14:20.315 [FXGL Background Thread 3 ] DEBUG Engine               - isManualResizeEnabled: true
11:14:20.315 [FXGL Background Thread 3 ] DEBUG Engine               - isMobile: false
11:14:20.315 [FXGL Background Thread 3 ] DEBUG Engine               - isNative: false
11:14:20.315 [FXGL Background Thread 3 ] DEBUG Engine               - isPauseMusicWhenMinimized: true
11:14:20.315 [FXGL Background Thread 3 ] DEBUG Engine               - isPreserveResizeRatio: true
11:14:20.316 [FXGL Background Thread 3 ] DEBUG Engine               - isProfilingEnabled: false
11:14:20.316 [FXGL Background Thread 3 ] DEBUG Engine               - isScaleAffectedOnResize: true
11:14:20.316 [FXGL Background Thread 3 ] DEBUG Engine               - isSingleStep: false
11:14:20.316 [FXGL Background Thread 3 ] DEBUG Engine               - isUserProfileEnabled: false
11:14:20.316 [FXGL Background Thread 3 ] DEBUG Engine               - isWindows: true
11:14:20.317 [FXGL Background Thread 3 ] DEBUG Engine               - language: ObjectProperty [value: ENGLISH]
11:14:20.317 [FXGL Background Thread 3 ] DEBUG Engine               - menuKey: ESCAPE
11:14:20.317 [FXGL Background Thread 3 ] DEBUG Engine               - mouseSensitivity: 0.2
11:14:20.317 [FXGL Background Thread 3 ] DEBUG Engine               - notificationViewClass: class com.almasb.fxgl.notification.view.XboxNotificationView
11:14:20.318 [FXGL Background Thread 3 ] DEBUG Engine               - pixelsPerMeter: 50.0
11:14:20.318 [FXGL Background Thread 3 ] DEBUG Engine               - platform: WINDOWS
11:14:20.318 [FXGL Background Thread 3 ] DEBUG Engine               - prefHeightProperty: ReadOnlyDoubleProperty [value: 720.0]
11:14:20.318 [FXGL Background Thread 3 ] DEBUG Engine               - prefWidthProperty: ReadOnlyDoubleProperty [value: 1080.0]
11:14:20.319 [FXGL Background Thread 3 ] DEBUG Engine               - profileDir: profiles/
11:14:20.319 [FXGL Background Thread 3 ] DEBUG Engine               - profileName: StringProperty [value: DEFAULT]
11:14:20.319 [FXGL Background Thread 3 ] DEBUG Engine               - randomSeed: -1
11:14:20.319 [FXGL Background Thread 3 ] DEBUG Engine               - runtimeInfo: RuntimeInfo(platform=WINDOWS, version=11.17, build=16.07.2021 15.46)
11:14:20.320 [FXGL Background Thread 3 ] DEBUG Engine               - saveFileExt: sav
11:14:20.320 [FXGL Background Thread 3 ] DEBUG Engine               - scaledHeightProp$fxgl: DoubleProperty [bound, value: 720.0]
11:14:20.320 [FXGL Background Thread 3 ] DEBUG Engine               - scaledWidthProp$fxgl: DoubleProperty [bound, value: 1080.0]
11:14:20.320 [FXGL Background Thread 3 ] DEBUG Engine               - sceneFactory: uet.oop.bomberman.BBMApp$1@2cec3f52
11:14:20.321 [FXGL Background Thread 3 ] DEBUG Engine               - secondsIn24h: 60
11:14:20.321 [FXGL Background Thread 3 ] DEBUG Engine               - soundMenuBack: menu/back.wav
11:14:20.321 [FXGL Background Thread 3 ] DEBUG Engine               - soundMenuPress: menu/press.wav
11:14:20.321 [FXGL Background Thread 3 ] DEBUG Engine               - soundMenuSelect: menu/select.wav
11:14:20.322 [FXGL Background Thread 3 ] DEBUG Engine               - soundNotification: core/notification.wav
11:14:20.322 [FXGL Background Thread 3 ] DEBUG Engine               - stageStyle: DECORATED
11:14:20.322 [FXGL Background Thread 3 ] DEBUG Engine               - supportedLanguages: [ENGLISH, FRENCH, GERMAN, HUNGARIAN, RUSSIAN]
11:14:20.322 [FXGL Background Thread 3 ] DEBUG Engine               - ticksPerSecond: -1
11:14:20.322 [FXGL Background Thread 3 ] DEBUG Engine               - title: Bomberman
11:14:20.323 [FXGL Background Thread 3 ] DEBUG Engine               - urlGithub: https://github.com/AlmasB/FXGL
11:14:20.323 [FXGL Background Thread 3 ] DEBUG Engine               - urlLeaderboard: http://fxgl-top.herokuapp.com/
11:14:20.323 [FXGL Background Thread 3 ] DEBUG Engine               - urlPOM: https://raw.githubusercontent.com/AlmasB/FXGL/release/README.md
11:14:20.323 [FXGL Background Thread 3 ] DEBUG Engine               - userAppClass: class uet.oop.bomberman.BBMApp
11:14:20.323 [FXGL Background Thread 3 ] DEBUG Engine               - version: Tram Cam Desu
11:14:20.324 [FXGL Background Thread 3 ] DEBUG Engine               - versionCheckDays: 7
11:14:20.324 [FXGL Background Thread 3 ] DEBUG Engine               - width: 1080
11:14:20.324 [FXGL Background Thread 3 ] DEBUG Engine               - Logging services
11:14:20.324 [FXGL Background Thread 3 ] DEBUG Engine               - class com.almasb.fxgl.app.services.FXGLAssetLoaderService
11:14:20.324 [FXGL Background Thread 3 ] DEBUG Engine               - class com.almasb.fxgl.app.FXGLApplication$GameApplicationService
11:14:20.325 [FXGL Background Thread 3 ] DEBUG Engine               - class com.almasb.fxgl.app.services.FXGLDialogService
11:14:20.325 [FXGL Background Thread 3 ] DEBUG Engine               - class com.almasb.fxgl.app.services.IOTaskExecutorService
11:14:20.325 [FXGL Background Thread 3 ] DEBUG Engine               - class com.almasb.fxgl.io.FileSystemService
11:14:20.325 [FXGL Background Thread 3 ] DEBUG Engine               - class com.almasb.fxgl.localization.LocalizationService
11:14:20.325 [FXGL Background Thread 3 ] DEBUG Engine               - class com.almasb.fxgl.app.services.SystemBundleService
11:14:20.326 [FXGL Background Thread 3 ] DEBUG Engine               - class com.almasb.fxgl.profile.SaveLoadService
11:14:20.326 [FXGL Background Thread 3 ] DEBUG Engine               - class com.almasb.fxgl.ui.FXGLUIFactoryServiceProvider
11:14:20.326 [FXGL Background Thread 3 ] DEBUG Engine               - class com.almasb.fxgl.ui.FXGLDialogFactoryServiceProvider
11:14:20.326 [FXGL Background Thread 3 ] DEBUG Engine               - class com.almasb.fxgl.audio.AudioPlayer
11:14:20.326 [FXGL Background Thread 3 ] DEBUG Engine               - class com.almasb.fxgl.notification.impl.NotificationServiceProvider
11:14:20.327 [FXGL Background Thread 3 ] DEBUG Engine               - class com.almasb.fxgl.achievement.AchievementService
11:14:20.327 [FXGL Background Thread 3 ] DEBUG Engine               - class com.almasb.fxgl.cutscene.CutsceneService
11:14:20.327 [FXGL Background Thread 3 ] DEBUG Engine               - class com.almasb.fxgl.minigames.MiniGameService
11:14:20.327 [FXGL Background Thread 3 ] DEBUG Engine               - class com.almasb.fxgl.net.NetService
11:14:20.327 [FXGL Background Thread 3 ] DEBUG Engine               - class com.almasb.fxgl.app.services.UpdaterService
11:14:20.328 [FXGL Background Thread 3 ] DEBUG Engine               - class com.almasb.fxgl.dev.DevService
11:14:21.563 [JavaFX Application Thread] WARN  TMXLevelLoader       - TiledMap generated from 1.7.2. Supported version: 1.2.3. Some features may not be parsed fully.
11:14:21.629 [JavaFX Application Thread] DEBUG TMXLevelLoader       - Parsed TiledMap: file:/D:/GitHub/bomberman-tramcam-desu/target/classes/assets/levels/level1.tmx
11:14:21.632 [JavaFX Application Thread] DEBUG TMXLevelLoader       - Creating tile layer entities
11:14:21.634 [JavaFX Application Thread] DEBUG TilesetLoader        - Loading view for layer Tile Layer 1
11:14:21.638 [JavaFX Application Thread] DEBUG TilesetLoader        - Created buffer with size 1488.0x720.0
11:14:21.717 [JavaFX Application Thread] DEBUG TMXLevelLoader       - Creating object layer entities
11:14:21.718 [JavaFX Application Thread] DEBUG FXGLAssetLoaderServi - Loading from file system: file:/D:/GitHub/bomberman-tramcam-desu/target/classes/assets/textures/photo/powerup_speed.png
11:14:21.722 [JavaFX Application Thread] DEBUG FXGLAssetLoaderServi - Loading from file system: file:/D:/GitHub/bomberman-tramcam-desu/target/classes/assets/textures/photo/powerup_flames.png
11:14:21.723 [JavaFX Application Thread] DEBUG FXGLAssetLoaderServi - Loading from file system: file:/D:/GitHub/bomberman-tramcam-desu/target/classes/assets/textures/photo/powerup_bombs.png
11:14:21.725 [JavaFX Application Thread] DEBUG FXGLAssetLoaderServi - Loading from file system: file:/D:/GitHub/bomberman-tramcam-desu/target/classes/assets/textures/photo/powerup_flamepass.png
11:14:21.727 [JavaFX Application Thread] DEBUG FXGLAssetLoaderServi - Loading from file system: file:/D:/GitHub/bomberman-tramcam-desu/target/classes/assets/textures/photo/portal.png
11:14:21.730 [JavaFX Application Thread] DEBUG FXGLAssetLoaderServi - Loading from file system: file:/D:/GitHub/bomberman-tramcam-desu/target/classes/assets/textures/sprites.png
11:14:21.794 [JavaFX Application Thread] DEBUG GameWorld            - Clearing removable entities
11:14:21.795 [JavaFX Application Thread] DEBUG GameWorld            - Setting level: com.almasb.fxgl.entity.level.Level@24b3ea1
11:14:21.841 [JavaFX Application Thread] DEBUG FXGLAssetLoaderServi - Loading from file system: file:/D:/GitHub/bomberman-tramcam-desu/target/classes/assets/sounds/walk_2.wav
11:14:22.442 [JavaFX Application Thread] DEBUG FXGLAssetLoaderServi - Loading from file system: file:/D:/GitHub/bomberman-tramcam-desu/target/classes/assets/sounds/BombPlaced.wav
11:14:23.568 [JavaFX Application Thread] DEBUG FXGLAssetLoaderServi - Loading from file system: file:/D:/GitHub/bomberman-tramcam-desu/target/classes/assets/sounds/BombExploding.wav
11:14:24.197 [JavaFX Application Thread] DEBUG FXGLApplication      - Exiting FXGL
11:14:24.197 [JavaFX Application Thread] DEBUG LoopRunner           - Stopping loop
11:14:24.197 [JavaFX Application Thread] DEBUG SystemBundleService  - Saving FXGL system data
11:14:24.198 [JavaFX Application Thread] DEBUG FileSystemAccess     - Writing to: D:\GitHub\bomberman-tramcam-desu\system\fxgl.bundle
11:14:24.200 [JavaFX Application Thread] DEBUG Async                - Shutting down background threads
11:14:24.201 [JavaFX Application Thread] DEBUG PrimaryStageWindow   - Closing main window
11:14:24.212 [JavaFX Application Thread] DEBUG Logger               - Closing Logger
