18:26:06.834 [main                     ] DEBUG Logger               - Configured Logger
18:26:06.835 [main                     ] DEBUG GameApplication      - Logging settings
Title: Bomberman
Version: Tram Cam Desu
Width: 1080
Height: 720
Fullscreen: false
Intro: false
Profiling: false
Single step:false
App Mode: DEVELOPER
Menu Key: ESCAPE
Stage Style: DECORATED
Scene Factory: class uet.oop.bomberman.BBMApp$1

18:26:07.115 [JavaFX Application Thread] DEBUG FXGLApplication      - Initializing FXGL
18:26:07.118 [JavaFX Application Thread] INFO  Engine               - FXGL-11.17 (16.07.2021 15.46) on WINDOWS (J:18.0.2.1 FX:16)
18:26:07.118 [JavaFX Application Thread] DEBUG Engine               - JRE Vendor Name: Oracle Corporation
18:26:07.118 [JavaFX Application Thread] DEBUG Engine               - Running on OS: Windows 10 version 10.0
18:26:07.118 [JavaFX Application Thread] DEBUG Engine               - Architecture: amd64
18:26:07.118 [JavaFX Application Thread] INFO  Engine               - Source code and latest versions at: https://github.com/AlmasB/FXGL
18:26:07.119 [JavaFX Application Thread] INFO  Engine               -              Join the FXGL chat at: https://gitter.im/AlmasB/FXGL
18:26:07.186 [JavaFX Application Thread] DEBUG PrimaryStageWindow   - Creating a JavaFX scene
18:26:07.220 [JavaFX Application Thread] DEBUG PrimaryStageWindow   - Target settings size: 1080.0 x 720.0
18:26:07.220 [JavaFX Application Thread] DEBUG PrimaryStageWindow   - Scaled scene size:    1080.0 x 720.0
18:26:07.220 [JavaFX Application Thread] DEBUG PrimaryStageWindow   - Scaled ratio: (1.0, 1.0)
18:26:07.221 [JavaFX Application Thread] DEBUG PrimaryStageWindow   - Set initial scene to FXGLStartupScene
18:26:07.227 [JavaFX Application Thread] DEBUG PrimaryStageWindow   - Opening main window
18:26:07.291 [JavaFX Application Thread] DEBUG PrimaryStageWindow   - Window border size: (14.4000244140625, 37.5999755859375)
18:26:07.291 [JavaFX Application Thread] DEBUG PrimaryStageWindow   - Scaled size: 1080.0 x 720.0
18:26:07.291 [JavaFX Application Thread] DEBUG PrimaryStageWindow   - Scaled ratio: (1.0, 1.0)
18:26:07.291 [JavaFX Application Thread] DEBUG PrimaryStageWindow   - Scene size: 1080.0 x 720.0
18:26:07.291 [JavaFX Application Thread] DEBUG PrimaryStageWindow   - Stage size: 1094.4000244140625 x 757.5999755859375
18:26:07.299 [FXGL Background Thread 1 ] DEBUG Engine               - Initializing environment variables
18:26:07.371 [FXGL Background Thread 1 ] DEBUG FXGLAssetLoaderServi - User app class for loading assets: class uet.oop.bomberman.BBMApp
18:26:07.371 [FXGL Background Thread 1 ] DEBUG GameApplicationServi - Applying CSS: fxgl_dark.css
18:26:07.372 [FXGL Background Thread 1 ] DEBUG FXGLAssetLoaderServi - Loading from file system: jar:file:///C:/Users/Legion%207/.m2/repository/com/github/almasb/fxgl/11.17/fxgl-11.17.jar!/fxglassets/ui/css/fxgl_dark.css
18:26:07.422 [FXGL Background Thread 1 ] DEBUG GameApplicationServi - Initializing application scenes
18:26:07.479 [FXGL Background Thread 1 ] DEBUG GameWorld            - Game world initialized
18:26:07.553 [FXGL Background Thread 1 ] DEBUG PhysicsWorld         - Physics world initialized: appHeight=720, physics.ppm=50.0
18:26:07.554 [FXGL Background Thread 1 ] DEBUG PhysicsWorld         - Using strategy: BRUTE_FORCE
18:26:07.558 [FXGL Background Thread 1 ] DEBUG GameScene            - Game scene initialized: 1080x720
18:26:07.686 [FXGL Background Thread 1 ] DEBUG GameApplicationServi - Application scenes initialized
18:26:07.695 [FXGL Background Thread 1 ] DEBUG SystemBundleService  - Loading FXGL system data
18:26:07.699 [FXGL Background Thread 1 ] DEBUG FileSystemAccess     - Reading from: D:\GitHub\bomberman-tramcam-desu\system\fxgl.bundle
18:26:07.705 [FXGL Background Thread 1 ] DEBUG SystemBundleService  - Bundle FXGL: {}
18:26:07.705 [FXGL Background Thread 1 ] DEBUG UpdaterService       - Checking for updates
18:26:07.727 [FXGL Background Thread 4 ] DEBUG FXGLApplication      - Loading fonts
18:26:07.728 [FXGL Background Thread 4 ] DEBUG FXGLAssetLoaderServi - Loading from file system: file:/D:/GitHub/bomberman-tramcam-desu/target/classes/assets/ui/fonts/Retro%20Gaming.ttf
18:26:07.728 [FXGL Background Thread 1 ] DEBUG FXGLApplication      - Loading default localization
18:26:07.728 [FXGL Background Thread 1 ] DEBUG FXGLAssetLoaderServi - Loading from file system: jar:file:///C:/Users/Legion%207/.m2/repository/com/github/almasb/fxgl/11.17/fxgl-11.17.jar!/fxglassets/languages/english.lang
18:26:07.742 [FXGL Background Thread 1 ] INFO  FXGLApplication      - FXGL initialization took: 0.442 sec
18:26:07.752 [JavaFX Application Thread] DEBUG Input                - Registered new binding: Move Up - W
18:26:07.752 [JavaFX Application Thread] DEBUG Input                - Registered new binding: Move Down - S
18:26:07.752 [JavaFX Application Thread] DEBUG Input                - Registered new binding: Move Left - A
18:26:07.752 [JavaFX Application Thread] DEBUG Input                - Registered new binding: Move Right - D
18:26:07.752 [JavaFX Application Thread] DEBUG Input                - Registered new binding: Place Bomb - Space
18:26:07.753 [JavaFX Application Thread] DEBUG FXGLAssetLoaderServi - Loading from file system: file:/D:/GitHub/bomberman-tramcam-desu/target/classes/assets/music/MenuMusic.mp3
18:26:07.851 [FXGL Background Thread 4 ] DEBUG FXGLAssetLoaderServi - Loading from file system: jar:file:///C:/Users/Legion%207/.m2/repository/com/github/almasb/fxgl/11.17/fxgl-11.17.jar!/fxglassets/ui/fonts/Abel-Regular.ttf
18:26:07.866 [FXGL Background Thread 4 ] DEBUG FXGLAssetLoaderServi - Loading from file system: jar:file:///C:/Users/Legion%207/.m2/repository/com/github/almasb/fxgl/11.17/fxgl-11.17.jar!/fxglassets/ui/fonts/lucida_console.ttf
18:26:07.880 [FXGL Background Thread 4 ] DEBUG FXGLAssetLoaderServi - Loading from file system: jar:file:///C:/Users/Legion%207/.m2/repository/com/github/almasb/fxgl/11.17/fxgl-11.17.jar!/fxglassets/ui/fonts/Courier-Prime.ttf
18:26:07.908 [JavaFX Application Thread] DEBUG AudioPlayer          - Playing music com.almasb.fxgl.audio.Music@11eab6f
18:26:07.909 [JavaFX Application Thread] DEBUG FXGLAssetLoaderServi - Loading from file system: jar:file:///C:/Users/Legion%207/.m2/repository/com/github/almasb/fxgl/11.17/fxgl-11.17.jar!/fxglassets/textures/fxgl_icon.png
18:26:07.933 [JavaFX Application Thread] DEBUG FXGLAssetLoaderServi - Loading from file system: jar:file:///C:/Users/Legion%207/.m2/repository/com/github/almasb/fxgl/11.17/fxgl-11.17.jar!/fxglassets/textures/fxgl_default_cursor.png
18:26:07.934 [JavaFX Application Thread] DEBUG Input                - Registered new binding: Screenshot - CTRL+8
18:26:07.935 [JavaFX Application Thread] DEBUG Input                - Registered new binding: Dev Options - 1
18:26:07.935 [JavaFX Application Thread] DEBUG Input                - Registered new binding: Dev Console - 2
18:26:07.935 [JavaFX Application Thread] DEBUG Input                - Registered new binding: System info dump - CTRL+9
18:26:07.936 [JavaFX Application Thread] DEBUG Input                - Registered new binding: Restart - CTRL+R
18:26:07.936 [JavaFX Application Thread] DEBUG Input                - Registered new binding: Toggle Debug Camera - CTRL+C
18:26:07.939 [JavaFX Application Thread] DEBUG LoopRunner           - Starting loop
18:26:07.954 [JavaFX Application Thread] DEBUG LoopRunner           - Initializing JavaFX AnimationTimerLoop
18:26:07.957 [JavaFX Application Thread] DEBUG Input                - Clearing active input actions
18:26:07.967 [JavaFX Application Thread] DEBUG GameApplicationServi - Removing overlay from FXGLStartupScene and adding to FXGLMainMenuDummyScene
18:26:07.971 [JavaFX Application Thread] DEBUG PrimaryStageWindow   - FXGLStartupScene -> FXGLMainMenuDummyScene
18:26:07.972 [JavaFX Application Thread] DEBUG PrimaryStageWindow   - Push state: BBMMenuStartingScreen
18:26:07.973 [JavaFX Application Thread] DEBUG Input                - Clearing active input actions
18:26:07.976 [JavaFX Application Thread] DEBUG GameApplicationServi - Removing overlay from FXGLMainMenuDummyScene and adding to BBMMenuStartingScreen
18:26:07.977 [JavaFX Application Thread] DEBUG PrimaryStageWindow   - FXGLMainMenuDummyScene -> BBMMenuStartingScreen
18:26:07.978 [JavaFX Application Thread] DEBUG FXGLApplication      - Registering font factories with UI factory
18:26:08.548 [FXGL Background Thread 2 ] INFO  UpdaterService       - Your current version:  11.17
18:26:08.548 [FXGL Background Thread 2 ] INFO  UpdaterService       - Latest stable version: 17.2
18:26:10.727 [FXGL Background Thread 3 ] DEBUG Engine               - Logging environment variables
18:26:10.727 [FXGL Background Thread 3 ] DEBUG Engine               - achievements: []
18:26:10.727 [FXGL Background Thread 3 ] DEBUG Engine               - actualHeight: 720.0
18:26:10.727 [FXGL Background Thread 3 ] DEBUG Engine               - actualHeightProperty: ReadOnlyDoubleProperty [value: 720.0]
18:26:10.727 [FXGL Background Thread 3 ] DEBUG Engine               - actualWidth: 1080.0
18:26:10.727 [FXGL Background Thread 3 ] DEBUG Engine               - actualWidthProperty: ReadOnlyDoubleProperty [value: 1080.0]
18:26:10.727 [FXGL Background Thread 3 ] DEBUG Engine               - appIcon: fxgl_icon.png
18:26:10.727 [FXGL Background Thread 3 ] DEBUG Engine               - applicationMode: DEVELOPER
18:26:10.727 [FXGL Background Thread 3 ] DEBUG Engine               - cSSList: [fxgl_dark.css]
18:26:10.728 [FXGL Background Thread 3 ] DEBUG Engine               - collisionDetectionStrategy: BRUTE_FORCE
18:26:10.728 [FXGL Background Thread 3 ] DEBUG Engine               - configClass: Optional.empty
18:26:10.728 [FXGL Background Thread 3 ] DEBUG Engine               - credits: []
18:26:10.728 [FXGL Background Thread 3 ] DEBUG Engine               - defaultCursor: CursorInfo(imageName=fxgl_default_cursor.png, hotspotX=7.0, hotspotY=6.0)
18:26:10.728 [FXGL Background Thread 3 ] DEBUG Engine               - devBBoxColorProperty: ObjectProperty [value: 0xff0000ff]
18:26:10.728 [FXGL Background Thread 3 ] DEBUG Engine               - devEnableDebugCameraProperty: BooleanProperty [value: false]
18:26:10.728 [FXGL Background Thread 3 ] DEBUG Engine               - devSensorColorProperty: ObjectProperty [value: 0xffff00ff]
18:26:10.728 [FXGL Background Thread 3 ] DEBUG Engine               - devShowBBoxProperty: BooleanProperty [value: false]
18:26:10.728 [FXGL Background Thread 3 ] DEBUG Engine               - devShowPositionProperty: BooleanProperty [value: false]
18:26:10.728 [FXGL Background Thread 3 ] DEBUG Engine               - enabledMenuItems: []
18:26:10.728 [FXGL Background Thread 3 ] DEBUG Engine               - engineServices: [class com.almasb.fxgl.app.services.FXGLAssetLoaderService, class com.almasb.fxgl.app.FXGLApplication$GameApplicationService, class com.almasb.fxgl.app.services.FXGLDialogService, class com.almasb.fxgl.app.services.IOTaskExecutorService, class com.almasb.fxgl.io.FileSystemService, class com.almasb.fxgl.localization.LocalizationService, class com.almasb.fxgl.app.services.SystemBundleService, class com.almasb.fxgl.profile.SaveLoadService, class com.almasb.fxgl.ui.FXGLUIFactoryServiceProvider, class com.almasb.fxgl.ui.FXGLDialogFactoryServiceProvider, class com.almasb.fxgl.audio.AudioPlayer, class com.almasb.fxgl.notification.impl.NotificationServiceProvider, class com.almasb.fxgl.achievement.AchievementService, class com.almasb.fxgl.cutscene.CutsceneService, class com.almasb.fxgl.minigames.MiniGameService, class com.almasb.fxgl.net.NetService, class com.almasb.fxgl.app.services.UpdaterService, class com.almasb.fxgl.dev.DevService]
18:26:10.728 [FXGL Background Thread 3 ] DEBUG Engine               - fontGame: Abel-Regular.ttf
18:26:10.728 [FXGL Background Thread 3 ] DEBUG Engine               - fontMono: lucida_console.ttf
18:26:10.729 [FXGL Background Thread 3 ] DEBUG Engine               - fontText: Courier-Prime.ttf
18:26:10.729 [FXGL Background Thread 3 ] DEBUG Engine               - fontUI: Retro Gaming.ttf
18:26:10.729 [FXGL Background Thread 3 ] DEBUG Engine               - fullScreen: BooleanProperty [value: false]
18:26:10.729 [FXGL Background Thread 3 ] DEBUG Engine               - gameDifficulty: MEDIUM
18:26:10.729 [FXGL Background Thread 3 ] DEBUG Engine               - gameDifficultyProperty: ObjectProperty [value: MEDIUM]
18:26:10.729 [FXGL Background Thread 3 ] DEBUG Engine               - globalMusicVolume: 0.5
18:26:10.729 [FXGL Background Thread 3 ] DEBUG Engine               - globalMusicVolumeProperty: DoubleProperty [value: 0.5]
18:26:10.729 [FXGL Background Thread 3 ] DEBUG Engine               - globalSoundVolume: 0.5
18:26:10.729 [FXGL Background Thread 3 ] DEBUG Engine               - globalSoundVolumeProperty: DoubleProperty [value: 0.4]
18:26:10.729 [FXGL Background Thread 3 ] DEBUG Engine               - height: 720
18:26:10.729 [FXGL Background Thread 3 ] DEBUG Engine               - is3D: false
18:26:10.729 [FXGL Background Thread 3 ] DEBUG Engine               - isAndroid: false
18:26:10.729 [FXGL Background Thread 3 ] DEBUG Engine               - isBrowser: false
18:26:10.729 [FXGL Background Thread 3 ] DEBUG Engine               - isClickFeedbackEnabled: false
18:26:10.729 [FXGL Background Thread 3 ] DEBUG Engine               - isCloseConfirmation: false
18:26:10.729 [FXGL Background Thread 3 ] DEBUG Engine               - isDesktop: true
18:26:10.729 [FXGL Background Thread 3 ] DEBUG Engine               - isDeveloperMenuEnabled: true
18:26:10.730 [FXGL Background Thread 3 ] DEBUG Engine               - isEntityPreloadEnabled: true
18:26:10.730 [FXGL Background Thread 3 ] DEBUG Engine               - isExperimentalTiledLargeMap: false
18:26:10.730 [FXGL Background Thread 3 ] DEBUG Engine               - isFileSystemWriteAllowed: true
18:26:10.730 [FXGL Background Thread 3 ] DEBUG Engine               - isFullScreenAllowed: false
18:26:10.730 [FXGL Background Thread 3 ] DEBUG Engine               - isFullScreenFromStart: false
18:26:10.730 [FXGL Background Thread 3 ] DEBUG Engine               - isGameMenuEnabled: true
18:26:10.730 [FXGL Background Thread 3 ] DEBUG Engine               - isIOS: false
18:26:10.730 [FXGL Background Thread 3 ] DEBUG Engine               - isIntroEnabled: false
18:26:10.730 [FXGL Background Thread 3 ] DEBUG Engine               - isLinux: false
18:26:10.730 [FXGL Background Thread 3 ] DEBUG Engine               - isMac: false
18:26:10.730 [FXGL Background Thread 3 ] DEBUG Engine               - isMainMenuEnabled: true
18:26:10.730 [FXGL Background Thread 3 ] DEBUG Engine               - isManualResizeEnabled: true
18:26:10.730 [FXGL Background Thread 3 ] DEBUG Engine               - isMobile: false
18:26:10.730 [FXGL Background Thread 3 ] DEBUG Engine               - isNative: false
18:26:10.730 [FXGL Background Thread 3 ] DEBUG Engine               - isPauseMusicWhenMinimized: true
18:26:10.730 [FXGL Background Thread 3 ] DEBUG Engine               - isPreserveResizeRatio: true
18:26:10.730 [FXGL Background Thread 3 ] DEBUG Engine               - isProfilingEnabled: false
18:26:10.730 [FXGL Background Thread 3 ] DEBUG Engine               - isScaleAffectedOnResize: true
18:26:10.731 [FXGL Background Thread 3 ] DEBUG Engine               - isSingleStep: false
18:26:10.731 [FXGL Background Thread 3 ] DEBUG Engine               - isUserProfileEnabled: false
18:26:10.731 [FXGL Background Thread 3 ] DEBUG Engine               - isWindows: true
18:26:10.731 [FXGL Background Thread 3 ] DEBUG Engine               - language: ObjectProperty [value: ENGLISH]
18:26:10.731 [FXGL Background Thread 3 ] DEBUG Engine               - menuKey: ESCAPE
18:26:10.731 [FXGL Background Thread 3 ] DEBUG Engine               - mouseSensitivity: 0.2
18:26:10.731 [FXGL Background Thread 3 ] DEBUG Engine               - notificationViewClass: class com.almasb.fxgl.notification.view.XboxNotificationView
18:26:10.731 [FXGL Background Thread 3 ] DEBUG Engine               - pixelsPerMeter: 50.0
18:26:10.731 [FXGL Background Thread 3 ] DEBUG Engine               - platform: WINDOWS
18:26:10.731 [FXGL Background Thread 3 ] DEBUG Engine               - prefHeightProperty: ReadOnlyDoubleProperty [value: 720.0]
18:26:10.731 [FXGL Background Thread 3 ] DEBUG Engine               - prefWidthProperty: ReadOnlyDoubleProperty [value: 1080.0]
18:26:10.731 [FXGL Background Thread 3 ] DEBUG Engine               - profileDir: profiles/
18:26:10.731 [FXGL Background Thread 3 ] DEBUG Engine               - profileName: StringProperty [value: DEFAULT]
18:26:10.731 [FXGL Background Thread 3 ] DEBUG Engine               - randomSeed: -1
18:26:10.731 [FXGL Background Thread 3 ] DEBUG Engine               - runtimeInfo: RuntimeInfo(platform=WINDOWS, version=11.17, build=16.07.2021 15.46)
18:26:10.731 [FXGL Background Thread 3 ] DEBUG Engine               - saveFileExt: sav
18:26:10.732 [FXGL Background Thread 3 ] DEBUG Engine               - scaledHeightProp$fxgl: DoubleProperty [bound, value: 720.0]
18:26:10.732 [FXGL Background Thread 3 ] DEBUG Engine               - scaledWidthProp$fxgl: DoubleProperty [bound, value: 1080.0]
18:26:10.732 [FXGL Background Thread 3 ] DEBUG Engine               - sceneFactory: uet.oop.bomberman.BBMApp$1@634ab929
18:26:10.732 [FXGL Background Thread 3 ] DEBUG Engine               - secondsIn24h: 60
18:26:10.732 [FXGL Background Thread 3 ] DEBUG Engine               - soundMenuBack: menu/back.wav
18:26:10.732 [FXGL Background Thread 3 ] DEBUG Engine               - soundMenuPress: menu/press.wav
18:26:10.732 [FXGL Background Thread 3 ] DEBUG Engine               - soundMenuSelect: menu/select.wav
18:26:10.732 [FXGL Background Thread 3 ] DEBUG Engine               - soundNotification: core/notification.wav
18:26:10.732 [FXGL Background Thread 3 ] DEBUG Engine               - stageStyle: DECORATED
18:26:10.732 [FXGL Background Thread 3 ] DEBUG Engine               - supportedLanguages: [ENGLISH, FRENCH, GERMAN, HUNGARIAN, RUSSIAN]
18:26:10.732 [FXGL Background Thread 3 ] DEBUG Engine               - ticksPerSecond: -1
18:26:10.732 [FXGL Background Thread 3 ] DEBUG Engine               - title: Bomberman
18:26:10.732 [FXGL Background Thread 3 ] DEBUG Engine               - urlGithub: https://github.com/AlmasB/FXGL
18:26:10.732 [FXGL Background Thread 3 ] DEBUG Engine               - urlLeaderboard: http://fxgl-top.herokuapp.com/
18:26:10.732 [FXGL Background Thread 3 ] DEBUG Engine               - urlPOM: https://raw.githubusercontent.com/AlmasB/FXGL/release/README.md
18:26:10.732 [FXGL Background Thread 3 ] DEBUG Engine               - userAppClass: class uet.oop.bomberman.BBMApp
18:26:10.732 [FXGL Background Thread 3 ] DEBUG Engine               - version: Tram Cam Desu
18:26:10.732 [FXGL Background Thread 3 ] DEBUG Engine               - versionCheckDays: 7
18:26:10.732 [FXGL Background Thread 3 ] DEBUG Engine               - width: 1080
18:26:10.732 [FXGL Background Thread 3 ] DEBUG Engine               - Logging services
18:26:10.732 [FXGL Background Thread 3 ] DEBUG Engine               - class com.almasb.fxgl.app.services.FXGLAssetLoaderService
18:26:10.733 [FXGL Background Thread 3 ] DEBUG Engine               - class com.almasb.fxgl.app.FXGLApplication$GameApplicationService
18:26:10.733 [FXGL Background Thread 3 ] DEBUG Engine               - class com.almasb.fxgl.app.services.FXGLDialogService
18:26:10.733 [FXGL Background Thread 3 ] DEBUG Engine               - class com.almasb.fxgl.app.services.IOTaskExecutorService
18:26:10.733 [FXGL Background Thread 3 ] DEBUG Engine               - class com.almasb.fxgl.io.FileSystemService
18:26:10.733 [FXGL Background Thread 3 ] DEBUG Engine               - class com.almasb.fxgl.localization.LocalizationService
18:26:10.733 [FXGL Background Thread 3 ] DEBUG Engine               - class com.almasb.fxgl.app.services.SystemBundleService
18:26:10.733 [FXGL Background Thread 3 ] DEBUG Engine               - class com.almasb.fxgl.profile.SaveLoadService
18:26:10.733 [FXGL Background Thread 3 ] DEBUG Engine               - class com.almasb.fxgl.ui.FXGLUIFactoryServiceProvider
18:26:10.733 [FXGL Background Thread 3 ] DEBUG Engine               - class com.almasb.fxgl.ui.FXGLDialogFactoryServiceProvider
18:26:10.733 [FXGL Background Thread 3 ] DEBUG Engine               - class com.almasb.fxgl.audio.AudioPlayer
18:26:10.733 [FXGL Background Thread 3 ] DEBUG Engine               - class com.almasb.fxgl.notification.impl.NotificationServiceProvider
18:26:10.733 [FXGL Background Thread 3 ] DEBUG Engine               - class com.almasb.fxgl.achievement.AchievementService
18:26:10.733 [FXGL Background Thread 3 ] DEBUG Engine               - class com.almasb.fxgl.cutscene.CutsceneService
18:26:10.733 [FXGL Background Thread 3 ] DEBUG Engine               - class com.almasb.fxgl.minigames.MiniGameService
18:26:10.733 [FXGL Background Thread 3 ] DEBUG Engine               - class com.almasb.fxgl.net.NetService
18:26:10.733 [FXGL Background Thread 3 ] DEBUG Engine               - class com.almasb.fxgl.app.services.UpdaterService
18:26:10.733 [FXGL Background Thread 3 ] DEBUG Engine               - class com.almasb.fxgl.dev.DevService
18:26:24.426 [JavaFX Application Thread] DEBUG PrimaryStageWindow   - Push state: DialogSubScene
18:26:24.426 [JavaFX Application Thread] DEBUG Input                - Clearing active input actions
18:26:24.427 [JavaFX Application Thread] DEBUG GameApplicationServi - Removing overlay from BBMMenuStartingScreen and adding to DialogSubScene
18:26:24.428 [JavaFX Application Thread] DEBUG PrimaryStageWindow   - BBMMenuStartingScreen -> DialogSubScene
18:26:34.698 [JavaFX Application Thread] DEBUG PrimaryStageWindow   - Pop state: DialogSubScene
18:26:34.698 [JavaFX Application Thread] DEBUG Input                - Clearing active input actions
18:26:34.699 [JavaFX Application Thread] DEBUG GameApplicationServi - Removing overlay from DialogSubScene and adding to BBMMenuStartingScreen
18:26:34.700 [JavaFX Application Thread] DEBUG PrimaryStageWindow   - BBMMenuStartingScreen <- DialogSubScene
18:26:39.859 [JavaFX Application Thread] DEBUG PrimaryStageWindow   - Push state: DialogSubScene
18:26:39.860 [JavaFX Application Thread] DEBUG Input                - Clearing active input actions
18:26:39.860 [JavaFX Application Thread] DEBUG GameApplicationServi - Removing overlay from BBMMenuStartingScreen and adding to DialogSubScene
18:26:39.861 [JavaFX Application Thread] DEBUG PrimaryStageWindow   - BBMMenuStartingScreen -> DialogSubScene
18:26:50.751 [JavaFX Application Thread] DEBUG PrimaryStageWindow   - Pop state: DialogSubScene
18:26:50.751 [JavaFX Application Thread] DEBUG Input                - Clearing active input actions
18:26:50.751 [JavaFX Application Thread] DEBUG GameApplicationServi - Removing overlay from DialogSubScene and adding to BBMMenuStartingScreen
18:26:50.752 [JavaFX Application Thread] DEBUG PrimaryStageWindow   - BBMMenuStartingScreen <- DialogSubScene
18:26:56.799 [JavaFX Application Thread] DEBUG Menu                 - fireNewGame()
18:26:56.799 [JavaFX Application Thread] DEBUG GameApplicationServi - Starting new game
18:26:56.799 [JavaFX Application Thread] DEBUG PrimaryStageWindow   - Pop state: BBMMenuStartingScreen
18:26:56.799 [JavaFX Application Thread] DEBUG Input                - Clearing active input actions
18:26:56.800 [JavaFX Application Thread] DEBUG GameApplicationServi - Removing overlay from BBMMenuStartingScreen and adding to FXGLMainMenuDummyScene
18:26:56.801 [JavaFX Application Thread] DEBUG PrimaryStageWindow   - FXGLMainMenuDummyScene <- BBMMenuStartingScreen
18:26:56.801 [JavaFX Application Thread] DEBUG Input                - Clearing active input actions
18:26:56.806 [JavaFX Application Thread] DEBUG GameApplicationServi - Removing overlay from FXGLMainMenuDummyScene and adding to FXGLLoadingScene
18:26:56.806 [JavaFX Application Thread] DEBUG PrimaryStageWindow   - FXGLMainMenuDummyScene -> FXGLLoadingScene
18:26:56.806 [JavaFX Application Thread] DEBUG GameApplicationServi - Clearing previous game
18:26:56.806 [JavaFX Application Thread] DEBUG GameScene            - Clearing game scene
18:26:56.806 [JavaFX Application Thread] DEBUG GameWorld            - Clearing game world
18:26:56.807 [JavaFX Application Thread] DEBUG PhysicsWorld         - Clearing physics world
18:26:56.808 [FXGL Background Thread 2 ] DEBUG FXGLApplication      - Initializing game
18:26:56.815 [FXGL Background Thread 2 ] DEBUG FXGLAssetLoaderServi - Loading from file system: file:/D:/GitHub/bomberman-tramcam-desu/target/classes/assets/sounds/GameStarted.wav
18:26:56.862 [FXGL Background Thread 2 ] INFO  FXGLApplication      - Game initialization took: 0.053 sec
18:26:56.863 [JavaFX Application Thread] DEBUG Input                - Clearing active input actions
18:26:56.868 [JavaFX Application Thread] DEBUG GameApplicationServi - Removing overlay from FXGLLoadingScene and adding to GameScene
18:26:56.870 [JavaFX Application Thread] DEBUG PrimaryStageWindow   - FXGLLoadingScene -> GameScene
18:26:59.841 [JavaFX Application Thread] WARN  TMXLevelLoader       - TiledMap generated from 1.7.2. Supported version: 1.2.3. Some features may not be parsed fully.
18:26:59.860 [JavaFX Application Thread] DEBUG TMXLevelLoader       - Parsed TiledMap: file:/D:/GitHub/bomberman-tramcam-desu/target/classes/assets/levels/level1.tmx
18:26:59.861 [JavaFX Application Thread] DEBUG TMXLevelLoader       - Creating tile layer entities
18:26:59.862 [JavaFX Application Thread] DEBUG TilesetLoader        - Loading view for layer Tile Layer 1
18:26:59.863 [JavaFX Application Thread] DEBUG TilesetLoader        - Created buffer with size 1488.0x720.0
18:26:59.952 [JavaFX Application Thread] DEBUG TMXLevelLoader       - Creating object layer entities
18:26:59.955 [JavaFX Application Thread] DEBUG FXGLAssetLoaderServi - Loading from file system: file:/D:/GitHub/bomberman-tramcam-desu/target/classes/assets/textures/photo/powerup_immortal.png
18:26:59.957 [JavaFX Application Thread] DEBUG FXGLAssetLoaderServi - Loading from file system: file:/D:/GitHub/bomberman-tramcam-desu/target/classes/assets/textures/photo/powerup_speed.png
18:26:59.959 [JavaFX Application Thread] DEBUG FXGLAssetLoaderServi - Loading from file system: file:/D:/GitHub/bomberman-tramcam-desu/target/classes/assets/textures/photo/powerup_flames.png
18:26:59.960 [JavaFX Application Thread] DEBUG FXGLAssetLoaderServi - Loading from file system: file:/D:/GitHub/bomberman-tramcam-desu/target/classes/assets/textures/photo/powerup_bombs.png
18:26:59.964 [JavaFX Application Thread] DEBUG FXGLAssetLoaderServi - Loading from file system: file:/D:/GitHub/bomberman-tramcam-desu/target/classes/assets/textures/photo/portal.png
18:26:59.966 [JavaFX Application Thread] DEBUG FXGLAssetLoaderServi - Loading from file system: file:/D:/GitHub/bomberman-tramcam-desu/target/classes/assets/textures/sprites.png
18:27:00.034 [JavaFX Application Thread] DEBUG GameWorld            - Clearing removable entities
18:27:00.035 [JavaFX Application Thread] DEBUG GameWorld            - Setting level: com.almasb.fxgl.entity.level.Level@c168a7c
18:27:00.079 [JavaFX Application Thread] DEBUG FXGLAssetLoaderServi - Loading from file system: file:/D:/GitHub/bomberman-tramcam-desu/target/classes/assets/sounds/walk_2.wav
18:27:03.908 [JavaFX Application Thread] DEBUG FXGLAssetLoaderServi - Loading from file system: file:/D:/GitHub/bomberman-tramcam-desu/target/classes/assets/sounds/BombermanDead.wav
18:27:05.716 [JavaFX Application Thread] WARN  TMXLevelLoader       - TiledMap generated from 1.7.2. Supported version: 1.2.3. Some features may not be parsed fully.
18:27:05.726 [JavaFX Application Thread] DEBUG TMXLevelLoader       - Parsed TiledMap: file:/D:/GitHub/bomberman-tramcam-desu/target/classes/assets/levels/level1.tmx
18:27:05.726 [JavaFX Application Thread] DEBUG TMXLevelLoader       - Creating tile layer entities
18:27:05.726 [JavaFX Application Thread] DEBUG TilesetLoader        - Loading view for layer Tile Layer 1
18:27:05.727 [JavaFX Application Thread] DEBUG TilesetLoader        - Created buffer with size 1488.0x720.0
18:27:05.777 [JavaFX Application Thread] DEBUG TMXLevelLoader       - Creating object layer entities
18:27:05.809 [JavaFX Application Thread] DEBUG GameWorld            - Clearing removable entities
18:27:05.821 [JavaFX Application Thread] DEBUG GameWorld            - Setting level: com.almasb.fxgl.entity.level.Level@3c83dc2e
18:27:07.322 [JavaFX Application Thread] DEBUG FXGLAssetLoaderServi - Loading from file system: file:/D:/GitHub/bomberman-tramcam-desu/target/classes/assets/sounds/BombPlaced.wav
18:27:09.586 [JavaFX Application Thread] DEBUG FXGLAssetLoaderServi - Loading from file system: file:/D:/GitHub/bomberman-tramcam-desu/target/classes/assets/sounds/BombExploding.wav
18:27:10.739 [JavaFX Application Thread] DEBUG FXGLAssetLoaderServi - Loading from file system: file:/D:/GitHub/bomberman-tramcam-desu/target/classes/assets/sounds/walk_1.wav
18:27:14.388 [JavaFX Application Thread] WARN  TMXLevelLoader       - TiledMap generated from 1.7.2. Supported version: 1.2.3. Some features may not be parsed fully.
18:27:14.394 [JavaFX Application Thread] DEBUG TMXLevelLoader       - Parsed TiledMap: file:/D:/GitHub/bomberman-tramcam-desu/target/classes/assets/levels/level1.tmx
18:27:14.394 [JavaFX Application Thread] DEBUG TMXLevelLoader       - Creating tile layer entities
18:27:14.394 [JavaFX Application Thread] DEBUG TilesetLoader        - Loading view for layer Tile Layer 1
18:27:14.394 [JavaFX Application Thread] DEBUG TilesetLoader        - Created buffer with size 1488.0x720.0
18:27:14.431 [JavaFX Application Thread] DEBUG TMXLevelLoader       - Creating object layer entities
18:27:14.456 [JavaFX Application Thread] DEBUG GameWorld            - Clearing removable entities
18:27:14.463 [JavaFX Application Thread] DEBUG GameWorld            - Setting level: com.almasb.fxgl.entity.level.Level@5c89b644
18:27:32.593 [JavaFX Application Thread] DEBUG PrimaryStageWindow   - Push state: BBMMenuInGame
18:27:32.594 [JavaFX Application Thread] DEBUG Input                - Clearing active input actions
18:27:32.594 [JavaFX Application Thread] DEBUG GameApplicationServi - Removing overlay from GameScene and adding to BBMMenuInGame
18:27:32.595 [JavaFX Application Thread] DEBUG PrimaryStageWindow   - GameScene -> BBMMenuInGame
18:27:39.727 [JavaFX Application Thread] DEBUG PrimaryStageWindow   - Push state: DialogSubScene
18:27:39.727 [JavaFX Application Thread] DEBUG Input                - Clearing active input actions
18:27:39.727 [JavaFX Application Thread] DEBUG GameApplicationServi - Removing overlay from BBMMenuInGame and adding to DialogSubScene
18:27:39.728 [JavaFX Application Thread] DEBUG PrimaryStageWindow   - BBMMenuInGame -> DialogSubScene
18:27:40.485 [JavaFX Application Thread] DEBUG PrimaryStageWindow   - Pop state: DialogSubScene
18:27:40.485 [JavaFX Application Thread] DEBUG Input                - Clearing active input actions
18:27:40.485 [JavaFX Application Thread] DEBUG GameApplicationServi - Removing overlay from DialogSubScene and adding to BBMMenuInGame
18:27:40.486 [JavaFX Application Thread] DEBUG PrimaryStageWindow   - BBMMenuInGame <- DialogSubScene
18:27:41.319 [JavaFX Application Thread] DEBUG PrimaryStageWindow   - Push state: DialogSubScene
18:27:41.319 [JavaFX Application Thread] DEBUG Input                - Clearing active input actions
18:27:41.319 [JavaFX Application Thread] DEBUG GameApplicationServi - Removing overlay from BBMMenuInGame and adding to DialogSubScene
18:27:41.319 [JavaFX Application Thread] DEBUG PrimaryStageWindow   - BBMMenuInGame -> DialogSubScene
18:27:41.958 [JavaFX Application Thread] DEBUG PrimaryStageWindow   - Pop state: DialogSubScene
18:27:41.959 [JavaFX Application Thread] DEBUG Input                - Clearing active input actions
18:27:41.959 [JavaFX Application Thread] DEBUG GameApplicationServi - Removing overlay from DialogSubScene and adding to BBMMenuInGame
18:27:41.960 [JavaFX Application Thread] DEBUG PrimaryStageWindow   - BBMMenuInGame <- DialogSubScene
18:27:44.874 [JavaFX Application Thread] DEBUG Menu                 - fireExitToMainMenu()
18:27:44.876 [JavaFX Application Thread] DEBUG PrimaryStageWindow   - Push state: DialogSubScene
18:27:44.876 [JavaFX Application Thread] DEBUG Input                - Clearing active input actions
18:27:44.876 [JavaFX Application Thread] DEBUG GameApplicationServi - Removing overlay from BBMMenuInGame and adding to DialogSubScene
18:27:44.877 [JavaFX Application Thread] DEBUG PrimaryStageWindow   - BBMMenuInGame -> DialogSubScene
18:27:48.072 [JavaFX Application Thread] DEBUG PrimaryStageWindow   - Pop state: DialogSubScene
18:27:48.072 [JavaFX Application Thread] DEBUG Input                - Clearing active input actions
18:27:48.073 [JavaFX Application Thread] DEBUG GameApplicationServi - Removing overlay from DialogSubScene and adding to BBMMenuInGame
18:27:48.073 [JavaFX Application Thread] DEBUG PrimaryStageWindow   - BBMMenuInGame <- DialogSubScene
18:27:48.073 [JavaFX Application Thread] DEBUG PrimaryStageWindow   - Pop state: BBMMenuInGame
18:27:48.073 [JavaFX Application Thread] DEBUG Input                - Clearing active input actions
18:27:48.073 [JavaFX Application Thread] DEBUG GameApplicationServi - Removing overlay from BBMMenuInGame and adding to GameScene
18:27:48.073 [JavaFX Application Thread] DEBUG PrimaryStageWindow   - GameScene <- BBMMenuInGame
18:27:48.073 [JavaFX Application Thread] DEBUG Input                - Clearing active input actions
18:27:48.077 [JavaFX Application Thread] DEBUG GameApplicationServi - Removing overlay from GameScene and adding to FXGLMainMenuDummyScene
18:27:48.080 [JavaFX Application Thread] DEBUG PrimaryStageWindow   - GameScene -> FXGLMainMenuDummyScene
18:27:48.080 [JavaFX Application Thread] DEBUG PrimaryStageWindow   - Push state: BBMMenuStartingScreen
18:27:48.080 [JavaFX Application Thread] DEBUG Input                - Clearing active input actions
18:27:48.080 [JavaFX Application Thread] DEBUG GameApplicationServi - Removing overlay from FXGLMainMenuDummyScene and adding to BBMMenuStartingScreen
18:27:48.080 [JavaFX Application Thread] DEBUG PrimaryStageWindow   - FXGLMainMenuDummyScene -> BBMMenuStartingScreen
18:27:48.922 [JavaFX Application Thread] DEBUG PrimaryStageWindow   - Push state: DialogSubScene
18:27:48.922 [JavaFX Application Thread] DEBUG Input                - Clearing active input actions
18:27:48.923 [JavaFX Application Thread] DEBUG GameApplicationServi - Removing overlay from BBMMenuStartingScreen and adding to DialogSubScene
18:27:48.923 [JavaFX Application Thread] DEBUG PrimaryStageWindow   - BBMMenuStartingScreen -> DialogSubScene
18:27:52.593 [JavaFX Application Thread] DEBUG PrimaryStageWindow   - Pop state: DialogSubScene
18:27:52.593 [JavaFX Application Thread] DEBUG Input                - Clearing active input actions
18:27:52.594 [JavaFX Application Thread] DEBUG GameApplicationServi - Removing overlay from DialogSubScene and adding to BBMMenuStartingScreen
18:27:52.594 [JavaFX Application Thread] DEBUG PrimaryStageWindow   - BBMMenuStartingScreen <- DialogSubScene
18:27:53.263 [JavaFX Application Thread] DEBUG Menu                 - fireNewGame()
18:27:53.263 [JavaFX Application Thread] DEBUG GameApplicationServi - Starting new game
18:27:53.263 [JavaFX Application Thread] DEBUG PrimaryStageWindow   - Pop state: BBMMenuStartingScreen
18:27:53.263 [JavaFX Application Thread] DEBUG Input                - Clearing active input actions
18:27:53.263 [JavaFX Application Thread] DEBUG GameApplicationServi - Removing overlay from BBMMenuStartingScreen and adding to FXGLMainMenuDummyScene
18:27:53.264 [JavaFX Application Thread] DEBUG PrimaryStageWindow   - FXGLMainMenuDummyScene <- BBMMenuStartingScreen
18:27:53.264 [JavaFX Application Thread] DEBUG Input                - Clearing active input actions
18:27:53.266 [JavaFX Application Thread] DEBUG GameApplicationServi - Removing overlay from FXGLMainMenuDummyScene and adding to FXGLLoadingScene
18:27:53.266 [JavaFX Application Thread] DEBUG PrimaryStageWindow   - FXGLMainMenuDummyScene -> FXGLLoadingScene
18:27:53.266 [JavaFX Application Thread] DEBUG GameApplicationServi - Clearing previous game
18:27:53.266 [JavaFX Application Thread] DEBUG GameScene            - Clearing game scene
18:27:53.266 [JavaFX Application Thread] DEBUG GameWorld            - Clearing game world
18:27:53.271 [JavaFX Application Thread] DEBUG PhysicsWorld         - Clearing physics world
18:27:53.272 [FXGL Background Thread 2 ] DEBUG FXGLApplication      - Initializing game
18:27:53.287 [FXGL Background Thread 2 ] INFO  FXGLApplication      - Game initialization took: 0.014 sec
18:27:53.291 [JavaFX Application Thread] DEBUG Input                - Clearing active input actions
18:27:53.295 [JavaFX Application Thread] DEBUG GameApplicationServi - Removing overlay from FXGLLoadingScene and adding to GameScene
18:27:53.296 [JavaFX Application Thread] DEBUG PrimaryStageWindow   - FXGLLoadingScene -> GameScene
18:27:56.452 [JavaFX Application Thread] WARN  TMXLevelLoader       - TiledMap generated from 1.7.2. Supported version: 1.2.3. Some features may not be parsed fully.
18:27:56.455 [JavaFX Application Thread] DEBUG TMXLevelLoader       - Parsed TiledMap: file:/D:/GitHub/bomberman-tramcam-desu/target/classes/assets/levels/level1.tmx
18:27:56.455 [JavaFX Application Thread] DEBUG TMXLevelLoader       - Creating tile layer entities
18:27:56.455 [JavaFX Application Thread] DEBUG TilesetLoader        - Loading view for layer Tile Layer 1
18:27:56.456 [JavaFX Application Thread] DEBUG TilesetLoader        - Created buffer with size 1488.0x720.0
18:27:56.493 [JavaFX Application Thread] DEBUG TMXLevelLoader       - Creating object layer entities
18:27:56.496 [JavaFX Application Thread] DEBUG FXGLAssetLoaderServi - Loading from file system: file:/D:/GitHub/bomberman-tramcam-desu/target/classes/assets/textures/sprites2.png
18:27:56.531 [JavaFX Application Thread] DEBUG GameWorld            - Clearing removable entities
18:27:56.531 [JavaFX Application Thread] DEBUG GameWorld            - Setting level: com.almasb.fxgl.entity.level.Level@25f0af4e
18:28:07.273 [JavaFX Application Thread] DEBUG FXGLAssetLoaderServi - Loading from file system: file:/D:/GitHub/bomberman-tramcam-desu/target/classes/assets/sounds/power_up.wav
18:28:17.984 [JavaFX Application Thread] WARN  TMXLevelLoader       - TiledMap generated from 1.7.2. Supported version: 1.2.3. Some features may not be parsed fully.
18:28:17.988 [JavaFX Application Thread] DEBUG TMXLevelLoader       - Parsed TiledMap: file:/D:/GitHub/bomberman-tramcam-desu/target/classes/assets/levels/level1.tmx
18:28:17.988 [JavaFX Application Thread] DEBUG TMXLevelLoader       - Creating tile layer entities
18:28:17.988 [JavaFX Application Thread] DEBUG TilesetLoader        - Loading view for layer Tile Layer 1
18:28:17.990 [JavaFX Application Thread] DEBUG TilesetLoader        - Created buffer with size 1488.0x720.0
18:28:18.038 [JavaFX Application Thread] DEBUG TMXLevelLoader       - Creating object layer entities
18:28:18.059 [JavaFX Application Thread] DEBUG GameWorld            - Clearing removable entities
18:28:18.063 [JavaFX Application Thread] DEBUG GameWorld            - Setting level: com.almasb.fxgl.entity.level.Level@5176e0a3
18:28:31.429 [JavaFX Application Thread] WARN  TMXLevelLoader       - TiledMap generated from 1.7.2. Supported version: 1.2.3. Some features may not be parsed fully.
18:28:31.431 [JavaFX Application Thread] DEBUG TMXLevelLoader       - Parsed TiledMap: file:/D:/GitHub/bomberman-tramcam-desu/target/classes/assets/levels/level1.tmx
18:28:31.431 [JavaFX Application Thread] DEBUG TMXLevelLoader       - Creating tile layer entities
18:28:31.431 [JavaFX Application Thread] DEBUG TilesetLoader        - Loading view for layer Tile Layer 1
18:28:31.431 [JavaFX Application Thread] DEBUG TilesetLoader        - Created buffer with size 1488.0x720.0
18:28:31.480 [JavaFX Application Thread] DEBUG TMXLevelLoader       - Creating object layer entities
18:28:31.495 [JavaFX Application Thread] DEBUG GameWorld            - Clearing removable entities
18:28:31.499 [JavaFX Application Thread] DEBUG GameWorld            - Setting level: com.almasb.fxgl.entity.level.Level@16ce6403
18:28:39.492 [JavaFX Application Thread] DEBUG FXGLAssetLoaderServi - Loading from file system: file:/D:/GitHub/bomberman-tramcam-desu/target/classes/assets/sounds/LoseGame.wav
18:28:39.501 [JavaFX Application Thread] DEBUG PrimaryStageWindow   - Push state: DialogSubScene
18:28:39.501 [JavaFX Application Thread] DEBUG Input                - Clearing active input actions
18:28:39.502 [JavaFX Application Thread] DEBUG GameApplicationServi - Removing overlay from GameScene and adding to DialogSubScene
18:28:39.503 [JavaFX Application Thread] DEBUG PrimaryStageWindow   - GameScene -> DialogSubScene
18:28:39.503 [JavaFX Application Thread] WARN  TMXLevelLoader       - TiledMap generated from 1.7.2. Supported version: 1.2.3. Some features may not be parsed fully.
18:28:39.507 [JavaFX Application Thread] DEBUG TMXLevelLoader       - Parsed TiledMap: file:/D:/GitHub/bomberman-tramcam-desu/target/classes/assets/levels/level1.tmx
18:28:39.507 [JavaFX Application Thread] DEBUG TMXLevelLoader       - Creating tile layer entities
18:28:39.507 [JavaFX Application Thread] DEBUG TilesetLoader        - Loading view for layer Tile Layer 1
18:28:39.509 [JavaFX Application Thread] DEBUG TilesetLoader        - Created buffer with size 1488.0x720.0
18:28:39.554 [JavaFX Application Thread] DEBUG TMXLevelLoader       - Creating object layer entities
18:28:39.567 [JavaFX Application Thread] DEBUG GameWorld            - Clearing removable entities
18:28:39.570 [JavaFX Application Thread] DEBUG GameWorld            - Setting level: com.almasb.fxgl.entity.level.Level@371f3bed
18:28:48.137 [JavaFX Application Thread] DEBUG PrimaryStageWindow   - Pop state: DialogSubScene
18:28:48.137 [JavaFX Application Thread] DEBUG Input                - Clearing active input actions
18:28:48.137 [JavaFX Application Thread] DEBUG GameApplicationServi - Removing overlay from DialogSubScene and adding to GameScene
18:28:48.138 [JavaFX Application Thread] DEBUG PrimaryStageWindow   - GameScene <- DialogSubScene
18:28:48.138 [JavaFX Application Thread] DEBUG Input                - Clearing active input actions
18:28:48.140 [JavaFX Application Thread] DEBUG GameApplicationServi - Removing overlay from GameScene and adding to FXGLMainMenuDummyScene
18:28:48.140 [JavaFX Application Thread] DEBUG PrimaryStageWindow   - GameScene -> FXGLMainMenuDummyScene
18:28:48.140 [JavaFX Application Thread] DEBUG PrimaryStageWindow   - Push state: BBMMenuStartingScreen
18:28:48.140 [JavaFX Application Thread] DEBUG Input                - Clearing active input actions
18:28:48.140 [JavaFX Application Thread] DEBUG GameApplicationServi - Removing overlay from FXGLMainMenuDummyScene and adding to BBMMenuStartingScreen
18:28:48.143 [JavaFX Application Thread] DEBUG PrimaryStageWindow   - FXGLMainMenuDummyScene -> BBMMenuStartingScreen
18:28:56.411 [JavaFX Application Thread] DEBUG FXGLApplication      - Exiting FXGL
18:28:56.411 [JavaFX Application Thread] DEBUG LoopRunner           - Stopping loop
18:28:56.411 [JavaFX Application Thread] DEBUG SystemBundleService  - Saving FXGL system data
18:28:56.412 [JavaFX Application Thread] DEBUG FileSystemAccess     - Writing to: D:\GitHub\bomberman-tramcam-desu\system\fxgl.bundle
18:28:56.413 [JavaFX Application Thread] DEBUG Async                - Shutting down background threads
18:28:56.413 [JavaFX Application Thread] DEBUG PrimaryStageWindow   - Closing main window
18:28:56.426 [JavaFX Application Thread] DEBUG Logger               - Closing Logger
