14:46:02.436 [main                     ] DEBUG Logger               - Configured Logger
14:46:02.437 [main                     ] DEBUG GameApplication      - Logging settings
Title: Bomberman
Version: Tram Cam Desu
Width: 1080
Height: 720
Fullscreen: false
Intro: false
Profiling: false
Single step:false
App Mode: DEVELOPER
Menu Key: ESCAPE
Stage Style: DECORATED
Scene Factory: class uet.oop.bomberman.BBMApp$1

14:46:02.684 [JavaFX Application Thread] DEBUG FXGLApplication      - Initializing FXGL
14:46:02.686 [JavaFX Application Thread] INFO  Engine               - FXGL-11.17 (16.07.2021 15.46) on WINDOWS (J:18.0.2.1 FX:16)
14:46:02.686 [JavaFX Application Thread] DEBUG Engine               - JRE Vendor Name: Oracle Corporation
14:46:02.686 [JavaFX Application Thread] DEBUG Engine               - Running on OS: Windows 10 version 10.0
14:46:02.686 [JavaFX Application Thread] DEBUG Engine               - Architecture: amd64
14:46:02.686 [JavaFX Application Thread] INFO  Engine               - Source code and latest versions at: https://github.com/AlmasB/FXGL
14:46:02.686 [JavaFX Application Thread] INFO  Engine               -              Join the FXGL chat at: https://gitter.im/AlmasB/FXGL
14:46:02.751 [JavaFX Application Thread] DEBUG PrimaryStageWindow   - Creating a JavaFX scene
14:46:02.784 [JavaFX Application Thread] DEBUG PrimaryStageWindow   - Target settings size: 1080.0 x 720.0
14:46:02.784 [JavaFX Application Thread] DEBUG PrimaryStageWindow   - Scaled scene size:    1080.0 x 720.0
14:46:02.784 [JavaFX Application Thread] DEBUG PrimaryStageWindow   - Scaled ratio: (1.0, 1.0)
14:46:02.784 [JavaFX Application Thread] DEBUG PrimaryStageWindow   - Set initial scene to FXGLStartupScene
14:46:02.789 [JavaFX Application Thread] DEBUG PrimaryStageWindow   - Opening main window
14:46:02.850 [JavaFX Application Thread] DEBUG PrimaryStageWindow   - Window border size: (14.4000244140625, 37.5999755859375)
14:46:02.850 [JavaFX Application Thread] DEBUG PrimaryStageWindow   - Scaled size: 1080.0 x 720.0
14:46:02.851 [JavaFX Application Thread] DEBUG PrimaryStageWindow   - Scaled ratio: (1.0, 1.0)
14:46:02.851 [JavaFX Application Thread] DEBUG PrimaryStageWindow   - Scene size: 1080.0 x 720.0
14:46:02.851 [JavaFX Application Thread] DEBUG PrimaryStageWindow   - Stage size: 1094.4000244140625 x 757.5999755859375
14:46:02.857 [FXGL Background Thread 1 ] DEBUG Engine               - Initializing environment variables
14:46:02.930 [FXGL Background Thread 1 ] DEBUG FXGLAssetLoaderServi - User app class for loading assets: class uet.oop.bomberman.BBMApp
14:46:02.930 [FXGL Background Thread 1 ] DEBUG GameApplicationServi - Applying CSS: fxgl_dark.css
14:46:02.931 [FXGL Background Thread 1 ] DEBUG FXGLAssetLoaderServi - Loading from file system: jar:file:///C:/Users/Legion%207/.m2/repository/com/github/almasb/fxgl/11.17/fxgl-11.17.jar!/fxglassets/ui/css/fxgl_dark.css
14:46:02.968 [FXGL Background Thread 1 ] DEBUG GameApplicationServi - Initializing application scenes
14:46:03.006 [FXGL Background Thread 1 ] DEBUG GameWorld            - Game world initialized
14:46:03.061 [FXGL Background Thread 1 ] DEBUG PhysicsWorld         - Physics world initialized: appHeight=720, physics.ppm=50.0
14:46:03.061 [FXGL Background Thread 1 ] DEBUG PhysicsWorld         - Using strategy: BRUTE_FORCE
14:46:03.064 [FXGL Background Thread 1 ] DEBUG GameScene            - Game scene initialized: 1080x720
14:46:03.157 [FXGL Background Thread 1 ] DEBUG GameApplicationServi - Application scenes initialized
14:46:03.168 [FXGL Background Thread 1 ] DEBUG SystemBundleService  - Loading FXGL system data
14:46:03.171 [FXGL Background Thread 1 ] DEBUG FileSystemAccess     - Reading from: D:\GitHub\bomberman-tramcam-desu\system\fxgl.bundle
14:46:03.179 [FXGL Background Thread 1 ] DEBUG SystemBundleService  - Bundle FXGL: {}
14:46:03.179 [FXGL Background Thread 1 ] DEBUG UpdaterService       - Checking for updates
14:46:03.202 [FXGL Background Thread 4 ] DEBUG FXGLApplication      - Loading fonts
14:46:03.202 [FXGL Background Thread 1 ] DEBUG FXGLApplication      - Loading default localization
14:46:03.202 [FXGL Background Thread 4 ] DEBUG FXGLAssetLoaderServi - Loading from file system: file:/D:/GitHub/bomberman-tramcam-desu/target/classes/assets/ui/fonts/Retro%20Gaming.ttf
14:46:03.203 [FXGL Background Thread 1 ] DEBUG FXGLAssetLoaderServi - Loading from file system: jar:file:///C:/Users/Legion%207/.m2/repository/com/github/almasb/fxgl/11.17/fxgl-11.17.jar!/fxglassets/languages/english.lang
14:46:03.215 [FXGL Background Thread 1 ] INFO  FXGLApplication      - FXGL initialization took: 0.359 sec
14:46:03.234 [JavaFX Application Thread] DEBUG Input                - Registered new binding: Move Up - W
14:46:03.234 [JavaFX Application Thread] DEBUG Input                - Registered new binding: Move Down - S
14:46:03.234 [JavaFX Application Thread] DEBUG Input                - Registered new binding: Move Left - A
14:46:03.234 [JavaFX Application Thread] DEBUG Input                - Registered new binding: Move Right - D
14:46:03.234 [JavaFX Application Thread] DEBUG Input                - Registered new binding: Place Bomb - Space
14:46:03.235 [JavaFX Application Thread] WARN  FXGLAssetLoaderServi - Asset "/assets/music/title_screen.mp3" was not found!
14:46:03.235 [JavaFX Application Thread] WARN  FXGLAssetLoaderServi - Failed to load MUSIC
14:46:03.236 [JavaFX Application Thread] DEBUG AudioPlayer          - Playing music com.almasb.fxgl.audio.Music@703bb62c
14:46:03.236 [JavaFX Application Thread] DEBUG FXGLAssetLoaderServi - Loading from file system: jar:file:///C:/Users/Legion%207/.m2/repository/com/github/almasb/fxgl/11.17/fxgl-11.17.jar!/fxglassets/textures/fxgl_icon.png
14:46:03.250 [JavaFX Application Thread] DEBUG FXGLAssetLoaderServi - Loading from file system: jar:file:///C:/Users/Legion%207/.m2/repository/com/github/almasb/fxgl/11.17/fxgl-11.17.jar!/fxglassets/textures/fxgl_default_cursor.png
14:46:03.251 [JavaFX Application Thread] DEBUG Input                - Registered new binding: Screenshot - CTRL+8
14:46:03.252 [JavaFX Application Thread] DEBUG Input                - Registered new binding: Dev Options - 1
14:46:03.252 [JavaFX Application Thread] DEBUG Input                - Registered new binding: Dev Console - 2
14:46:03.252 [JavaFX Application Thread] DEBUG Input                - Registered new binding: System info dump - CTRL+9
14:46:03.252 [JavaFX Application Thread] DEBUG Input                - Registered new binding: Restart - CTRL+R
14:46:03.253 [JavaFX Application Thread] DEBUG Input                - Registered new binding: Toggle Debug Camera - CTRL+C
14:46:03.256 [JavaFX Application Thread] DEBUG LoopRunner           - Starting loop
14:46:03.265 [JavaFX Application Thread] DEBUG LoopRunner           - Initializing JavaFX AnimationTimerLoop
14:46:03.269 [JavaFX Application Thread] DEBUG Input                - Clearing active input actions
14:46:03.277 [JavaFX Application Thread] DEBUG GameApplicationServi - Removing overlay from FXGLStartupScene and adding to FXGLMainMenuDummyScene
14:46:03.277 [FXGL Background Thread 4 ] DEBUG FXGLAssetLoaderServi - Loading from file system: jar:file:///C:/Users/Legion%207/.m2/repository/com/github/almasb/fxgl/11.17/fxgl-11.17.jar!/fxglassets/ui/fonts/Abel-Regular.ttf
14:46:03.280 [JavaFX Application Thread] DEBUG PrimaryStageWindow   - FXGLStartupScene -> FXGLMainMenuDummyScene
14:46:03.280 [JavaFX Application Thread] DEBUG PrimaryStageWindow   - Push state: BBMMenuStartingScreen
14:46:03.281 [JavaFX Application Thread] DEBUG Input                - Clearing active input actions
14:46:03.286 [JavaFX Application Thread] DEBUG GameApplicationServi - Removing overlay from FXGLMainMenuDummyScene and adding to BBMMenuStartingScreen
14:46:03.286 [FXGL Background Thread 4 ] DEBUG FXGLAssetLoaderServi - Loading from file system: jar:file:///C:/Users/Legion%207/.m2/repository/com/github/almasb/fxgl/11.17/fxgl-11.17.jar!/fxglassets/ui/fonts/lucida_console.ttf
14:46:03.287 [JavaFX Application Thread] DEBUG PrimaryStageWindow   - FXGLMainMenuDummyScene -> BBMMenuStartingScreen
14:46:03.296 [FXGL Background Thread 4 ] DEBUG FXGLAssetLoaderServi - Loading from file system: jar:file:///C:/Users/Legion%207/.m2/repository/com/github/almasb/fxgl/11.17/fxgl-11.17.jar!/fxglassets/ui/fonts/Courier-Prime.ttf
14:46:03.434 [JavaFX Application Thread] DEBUG FXGLApplication      - Registering font factories with UI factory
14:46:04.009 [JavaFX Application Thread] DEBUG Menu                 - fireNewGame()
14:46:04.009 [JavaFX Application Thread] DEBUG GameApplicationServi - Starting new game
14:46:04.009 [JavaFX Application Thread] DEBUG PrimaryStageWindow   - Pop state: BBMMenuStartingScreen
14:46:04.009 [JavaFX Application Thread] DEBUG Input                - Clearing active input actions
14:46:04.011 [JavaFX Application Thread] DEBUG GameApplicationServi - Removing overlay from BBMMenuStartingScreen and adding to FXGLMainMenuDummyScene
14:46:04.012 [JavaFX Application Thread] DEBUG PrimaryStageWindow   - FXGLMainMenuDummyScene <- BBMMenuStartingScreen
14:46:04.012 [JavaFX Application Thread] DEBUG Input                - Clearing active input actions
14:46:04.017 [JavaFX Application Thread] DEBUG GameApplicationServi - Removing overlay from FXGLMainMenuDummyScene and adding to FXGLLoadingScene
14:46:04.018 [JavaFX Application Thread] DEBUG PrimaryStageWindow   - FXGLMainMenuDummyScene -> FXGLLoadingScene
14:46:04.019 [JavaFX Application Thread] DEBUG GameApplicationServi - Clearing previous game
14:46:04.019 [JavaFX Application Thread] DEBUG GameScene            - Clearing game scene
14:46:04.019 [JavaFX Application Thread] DEBUG GameWorld            - Clearing game world
14:46:04.020 [JavaFX Application Thread] DEBUG PhysicsWorld         - Clearing physics world
14:46:04.022 [FXGL Background Thread 4 ] DEBUG FXGLApplication      - Initializing game
14:46:04.028 [FXGL Background Thread 4 ] DEBUG FXGLAssetLoaderServi - Loading from file system: file:/D:/GitHub/bomberman-tramcam-desu/target/classes/assets/sounds/GameStarted.wav
14:46:04.124 [FXGL Background Thread 4 ] INFO  FXGLApplication      - Game initialization took: 0.102 sec
14:46:04.125 [JavaFX Application Thread] DEBUG Input                - Clearing active input actions
14:46:04.132 [JavaFX Application Thread] DEBUG GameApplicationServi - Removing overlay from FXGLLoadingScene and adding to GameScene
14:46:04.135 [JavaFX Application Thread] DEBUG PrimaryStageWindow   - FXGLLoadingScene -> GameScene
14:46:04.463 [FXGL Background Thread 2 ] INFO  UpdaterService       - Your current version:  11.17
14:46:04.463 [FXGL Background Thread 2 ] INFO  UpdaterService       - Latest stable version: 17.2
14:46:06.203 [FXGL Background Thread 3 ] DEBUG Engine               - Logging environment variables
14:46:06.203 [FXGL Background Thread 3 ] DEBUG Engine               - achievements: []
14:46:06.203 [FXGL Background Thread 3 ] DEBUG Engine               - actualHeight: 720.0
14:46:06.203 [FXGL Background Thread 3 ] DEBUG Engine               - actualHeightProperty: ReadOnlyDoubleProperty [value: 720.0]
14:46:06.203 [FXGL Background Thread 3 ] DEBUG Engine               - actualWidth: 1080.0
14:46:06.203 [FXGL Background Thread 3 ] DEBUG Engine               - actualWidthProperty: ReadOnlyDoubleProperty [value: 1080.0]
14:46:06.203 [FXGL Background Thread 3 ] DEBUG Engine               - appIcon: fxgl_icon.png
14:46:06.203 [FXGL Background Thread 3 ] DEBUG Engine               - applicationMode: DEVELOPER
14:46:06.203 [FXGL Background Thread 3 ] DEBUG Engine               - cSSList: [fxgl_dark.css]
14:46:06.203 [FXGL Background Thread 3 ] DEBUG Engine               - collisionDetectionStrategy: BRUTE_FORCE
14:46:06.203 [FXGL Background Thread 3 ] DEBUG Engine               - configClass: Optional.empty
14:46:06.204 [FXGL Background Thread 3 ] DEBUG Engine               - credits: []
14:46:06.204 [FXGL Background Thread 3 ] DEBUG Engine               - defaultCursor: CursorInfo(imageName=fxgl_default_cursor.png, hotspotX=7.0, hotspotY=6.0)
14:46:06.204 [FXGL Background Thread 3 ] DEBUG Engine               - devBBoxColorProperty: ObjectProperty [value: 0xff0000ff]
14:46:06.204 [FXGL Background Thread 3 ] DEBUG Engine               - devEnableDebugCameraProperty: BooleanProperty [value: false]
14:46:06.204 [FXGL Background Thread 3 ] DEBUG Engine               - devSensorColorProperty: ObjectProperty [value: 0xffff00ff]
14:46:06.204 [FXGL Background Thread 3 ] DEBUG Engine               - devShowBBoxProperty: BooleanProperty [value: false]
14:46:06.204 [FXGL Background Thread 3 ] DEBUG Engine               - devShowPositionProperty: BooleanProperty [value: false]
14:46:06.204 [FXGL Background Thread 3 ] DEBUG Engine               - enabledMenuItems: []
14:46:06.204 [FXGL Background Thread 3 ] DEBUG Engine               - engineServices: [class com.almasb.fxgl.app.services.FXGLAssetLoaderService, class com.almasb.fxgl.app.FXGLApplication$GameApplicationService, class com.almasb.fxgl.app.services.FXGLDialogService, class com.almasb.fxgl.app.services.IOTaskExecutorService, class com.almasb.fxgl.io.FileSystemService, class com.almasb.fxgl.localization.LocalizationService, class com.almasb.fxgl.app.services.SystemBundleService, class com.almasb.fxgl.profile.SaveLoadService, class com.almasb.fxgl.ui.FXGLUIFactoryServiceProvider, class com.almasb.fxgl.ui.FXGLDialogFactoryServiceProvider, class com.almasb.fxgl.audio.AudioPlayer, class com.almasb.fxgl.notification.impl.NotificationServiceProvider, class com.almasb.fxgl.achievement.AchievementService, class com.almasb.fxgl.cutscene.CutsceneService, class com.almasb.fxgl.minigames.MiniGameService, class com.almasb.fxgl.net.NetService, class com.almasb.fxgl.app.services.UpdaterService, class com.almasb.fxgl.dev.DevService]
14:46:06.204 [FXGL Background Thread 3 ] DEBUG Engine               - fontGame: Abel-Regular.ttf
14:46:06.204 [FXGL Background Thread 3 ] DEBUG Engine               - fontMono: lucida_console.ttf
14:46:06.204 [FXGL Background Thread 3 ] DEBUG Engine               - fontText: Courier-Prime.ttf
14:46:06.204 [FXGL Background Thread 3 ] DEBUG Engine               - fontUI: Retro Gaming.ttf
14:46:06.204 [FXGL Background Thread 3 ] DEBUG Engine               - fullScreen: BooleanProperty [value: false]
14:46:06.204 [FXGL Background Thread 3 ] DEBUG Engine               - gameDifficulty: MEDIUM
14:46:06.204 [FXGL Background Thread 3 ] DEBUG Engine               - gameDifficultyProperty: ObjectProperty [value: MEDIUM]
14:46:06.205 [FXGL Background Thread 3 ] DEBUG Engine               - globalMusicVolume: 0.5
14:46:06.205 [FXGL Background Thread 3 ] DEBUG Engine               - globalMusicVolumeProperty: DoubleProperty [value: 0.0]
14:46:06.205 [FXGL Background Thread 3 ] DEBUG Engine               - globalSoundVolume: 0.5
14:46:06.205 [FXGL Background Thread 3 ] DEBUG Engine               - globalSoundVolumeProperty: DoubleProperty [value: 0.4]
14:46:06.205 [FXGL Background Thread 3 ] DEBUG Engine               - height: 720
14:46:06.205 [FXGL Background Thread 3 ] DEBUG Engine               - is3D: false
14:46:06.205 [FXGL Background Thread 3 ] DEBUG Engine               - isAndroid: false
14:46:06.205 [FXGL Background Thread 3 ] DEBUG Engine               - isBrowser: false
14:46:06.205 [FXGL Background Thread 3 ] DEBUG Engine               - isClickFeedbackEnabled: false
14:46:06.205 [FXGL Background Thread 3 ] DEBUG Engine               - isCloseConfirmation: false
14:46:06.205 [FXGL Background Thread 3 ] DEBUG Engine               - isDesktop: true
14:46:06.205 [FXGL Background Thread 3 ] DEBUG Engine               - isDeveloperMenuEnabled: true
14:46:06.205 [FXGL Background Thread 3 ] DEBUG Engine               - isEntityPreloadEnabled: true
14:46:06.205 [FXGL Background Thread 3 ] DEBUG Engine               - isExperimentalTiledLargeMap: false
14:46:06.205 [FXGL Background Thread 3 ] DEBUG Engine               - isFileSystemWriteAllowed: true
14:46:06.205 [FXGL Background Thread 3 ] DEBUG Engine               - isFullScreenAllowed: false
14:46:06.205 [FXGL Background Thread 3 ] DEBUG Engine               - isFullScreenFromStart: false
14:46:06.205 [FXGL Background Thread 3 ] DEBUG Engine               - isGameMenuEnabled: true
14:46:06.205 [FXGL Background Thread 3 ] DEBUG Engine               - isIOS: false
14:46:06.206 [FXGL Background Thread 3 ] DEBUG Engine               - isIntroEnabled: false
14:46:06.206 [FXGL Background Thread 3 ] DEBUG Engine               - isLinux: false
14:46:06.206 [FXGL Background Thread 3 ] DEBUG Engine               - isMac: false
14:46:06.206 [FXGL Background Thread 3 ] DEBUG Engine               - isMainMenuEnabled: true
14:46:06.206 [FXGL Background Thread 3 ] DEBUG Engine               - isManualResizeEnabled: true
14:46:06.206 [FXGL Background Thread 3 ] DEBUG Engine               - isMobile: false
14:46:06.206 [FXGL Background Thread 3 ] DEBUG Engine               - isNative: false
14:46:06.206 [FXGL Background Thread 3 ] DEBUG Engine               - isPauseMusicWhenMinimized: true
14:46:06.206 [FXGL Background Thread 3 ] DEBUG Engine               - isPreserveResizeRatio: true
14:46:06.206 [FXGL Background Thread 3 ] DEBUG Engine               - isProfilingEnabled: false
14:46:06.206 [FXGL Background Thread 3 ] DEBUG Engine               - isScaleAffectedOnResize: true
14:46:06.206 [FXGL Background Thread 3 ] DEBUG Engine               - isSingleStep: false
14:46:06.206 [FXGL Background Thread 3 ] DEBUG Engine               - isUserProfileEnabled: false
14:46:06.206 [FXGL Background Thread 3 ] DEBUG Engine               - isWindows: true
14:46:06.206 [FXGL Background Thread 3 ] DEBUG Engine               - language: ObjectProperty [value: ENGLISH]
14:46:06.206 [FXGL Background Thread 3 ] DEBUG Engine               - menuKey: ESCAPE
14:46:06.206 [FXGL Background Thread 3 ] DEBUG Engine               - mouseSensitivity: 0.2
14:46:06.206 [FXGL Background Thread 3 ] DEBUG Engine               - notificationViewClass: class com.almasb.fxgl.notification.view.XboxNotificationView
14:46:06.206 [FXGL Background Thread 3 ] DEBUG Engine               - pixelsPerMeter: 50.0
14:46:06.206 [FXGL Background Thread 3 ] DEBUG Engine               - platform: WINDOWS
14:46:06.207 [FXGL Background Thread 3 ] DEBUG Engine               - prefHeightProperty: ReadOnlyDoubleProperty [value: 720.0]
14:46:06.207 [FXGL Background Thread 3 ] DEBUG Engine               - prefWidthProperty: ReadOnlyDoubleProperty [value: 1080.0]
14:46:06.207 [FXGL Background Thread 3 ] DEBUG Engine               - profileDir: profiles/
14:46:06.207 [FXGL Background Thread 3 ] DEBUG Engine               - profileName: StringProperty [value: DEFAULT]
14:46:06.207 [FXGL Background Thread 3 ] DEBUG Engine               - randomSeed: -1
14:46:06.207 [FXGL Background Thread 3 ] DEBUG Engine               - runtimeInfo: RuntimeInfo(platform=WINDOWS, version=11.17, build=16.07.2021 15.46)
14:46:06.207 [FXGL Background Thread 3 ] DEBUG Engine               - saveFileExt: sav
14:46:06.207 [FXGL Background Thread 3 ] DEBUG Engine               - scaledHeightProp$fxgl: DoubleProperty [bound, value: 720.0]
14:46:06.207 [FXGL Background Thread 3 ] DEBUG Engine               - scaledWidthProp$fxgl: DoubleProperty [bound, value: 1080.0]
14:46:06.207 [FXGL Background Thread 3 ] DEBUG Engine               - sceneFactory: uet.oop.bomberman.BBMApp$1@222ded27
14:46:06.207 [FXGL Background Thread 3 ] DEBUG Engine               - secondsIn24h: 60
14:46:06.207 [FXGL Background Thread 3 ] DEBUG Engine               - soundMenuBack: menu/back.wav
14:46:06.207 [FXGL Background Thread 3 ] DEBUG Engine               - soundMenuPress: menu/press.wav
14:46:06.207 [FXGL Background Thread 3 ] DEBUG Engine               - soundMenuSelect: menu/select.wav
14:46:06.207 [FXGL Background Thread 3 ] DEBUG Engine               - soundNotification: core/notification.wav
14:46:06.207 [FXGL Background Thread 3 ] DEBUG Engine               - stageStyle: DECORATED
14:46:06.207 [FXGL Background Thread 3 ] DEBUG Engine               - supportedLanguages: [ENGLISH, FRENCH, GERMAN, HUNGARIAN, RUSSIAN]
14:46:06.207 [FXGL Background Thread 3 ] DEBUG Engine               - ticksPerSecond: -1
14:46:06.208 [FXGL Background Thread 3 ] DEBUG Engine               - title: Bomberman
14:46:06.208 [FXGL Background Thread 3 ] DEBUG Engine               - urlGithub: https://github.com/AlmasB/FXGL
14:46:06.208 [FXGL Background Thread 3 ] DEBUG Engine               - urlLeaderboard: http://fxgl-top.herokuapp.com/
14:46:06.208 [FXGL Background Thread 3 ] DEBUG Engine               - urlPOM: https://raw.githubusercontent.com/AlmasB/FXGL/release/README.md
14:46:06.208 [FXGL Background Thread 3 ] DEBUG Engine               - userAppClass: class uet.oop.bomberman.BBMApp
14:46:06.208 [FXGL Background Thread 3 ] DEBUG Engine               - version: Tram Cam Desu
14:46:06.208 [FXGL Background Thread 3 ] DEBUG Engine               - versionCheckDays: 7
14:46:06.208 [FXGL Background Thread 3 ] DEBUG Engine               - width: 1080
14:46:06.208 [FXGL Background Thread 3 ] DEBUG Engine               - Logging services
14:46:06.208 [FXGL Background Thread 3 ] DEBUG Engine               - class com.almasb.fxgl.app.services.FXGLAssetLoaderService
14:46:06.208 [FXGL Background Thread 3 ] DEBUG Engine               - class com.almasb.fxgl.app.FXGLApplication$GameApplicationService
14:46:06.208 [FXGL Background Thread 3 ] DEBUG Engine               - class com.almasb.fxgl.app.services.FXGLDialogService
14:46:06.208 [FXGL Background Thread 3 ] DEBUG Engine               - class com.almasb.fxgl.app.services.IOTaskExecutorService
14:46:06.208 [FXGL Background Thread 3 ] DEBUG Engine               - class com.almasb.fxgl.io.FileSystemService
14:46:06.208 [FXGL Background Thread 3 ] DEBUG Engine               - class com.almasb.fxgl.localization.LocalizationService
14:46:06.208 [FXGL Background Thread 3 ] DEBUG Engine               - class com.almasb.fxgl.app.services.SystemBundleService
14:46:06.208 [FXGL Background Thread 3 ] DEBUG Engine               - class com.almasb.fxgl.profile.SaveLoadService
14:46:06.208 [FXGL Background Thread 3 ] DEBUG Engine               - class com.almasb.fxgl.ui.FXGLUIFactoryServiceProvider
14:46:06.208 [FXGL Background Thread 3 ] DEBUG Engine               - class com.almasb.fxgl.ui.FXGLDialogFactoryServiceProvider
14:46:06.208 [FXGL Background Thread 3 ] DEBUG Engine               - class com.almasb.fxgl.audio.AudioPlayer
14:46:06.208 [FXGL Background Thread 3 ] DEBUG Engine               - class com.almasb.fxgl.notification.impl.NotificationServiceProvider
14:46:06.208 [FXGL Background Thread 3 ] DEBUG Engine               - class com.almasb.fxgl.achievement.AchievementService
14:46:06.211 [FXGL Background Thread 3 ] DEBUG Engine               - class com.almasb.fxgl.cutscene.CutsceneService
14:46:06.211 [FXGL Background Thread 3 ] DEBUG Engine               - class com.almasb.fxgl.minigames.MiniGameService
14:46:06.211 [FXGL Background Thread 3 ] DEBUG Engine               - class com.almasb.fxgl.net.NetService
14:46:06.211 [FXGL Background Thread 3 ] DEBUG Engine               - class com.almasb.fxgl.app.services.UpdaterService
14:46:06.211 [FXGL Background Thread 3 ] DEBUG Engine               - class com.almasb.fxgl.dev.DevService
14:46:06.958 [JavaFX Application Thread] WARN  TMXLevelLoader       - TiledMap generated from 1.7.2. Supported version: 1.2.3. Some features may not be parsed fully.
14:46:07.038 [JavaFX Application Thread] DEBUG TMXLevelLoader       - Parsed TiledMap: file:/D:/GitHub/bomberman-tramcam-desu/target/classes/assets/levels/level1.tmx
14:46:07.040 [JavaFX Application Thread] DEBUG TMXLevelLoader       - Creating tile layer entities
14:46:07.041 [JavaFX Application Thread] DEBUG TilesetLoader        - Loading view for layer Tile Layer 1
14:46:07.047 [JavaFX Application Thread] DEBUG TilesetLoader        - Created buffer with size 1488.0x720.0
14:46:07.205 [JavaFX Application Thread] DEBUG TMXLevelLoader       - Creating object layer entities
14:46:07.207 [JavaFX Application Thread] WARN  TMXLevelLoader       - Parse error
java.lang.IllegalArgumentException: No EntityFactory has a method annotated @Spawns(flamePassItem)
	at com.almasb.fxgl.entity/com.almasb.fxgl.entity.GameWorld.create(GameWorld.kt:413)
	at com.almasb.fxgl.entity/com.almasb.fxgl.entity.level.tiled.TMXLevelLoader.createObjectLayerEntities(TMXLevelLoader.kt:132)
	at com.almasb.fxgl.entity/com.almasb.fxgl.entity.level.tiled.TMXLevelLoader.load(TMXLevelLoader.kt:50)
	at com.almasb.fxgl.all/com.almasb.fxgl.app.services.FXGLAssetLoaderService.loadLevel(FXGLAssetLoaderService.kt:446)
	at com.almasb.fxgl.all/com.almasb.fxgl.dsl.FXGL$Companion.setLevelFromMap(FXGL.kt:521)
	at com.almasb.fxgl.all/com.almasb.fxgl.dsl.FXGL.setLevelFromMap(FXGL.kt)
	at bomberman/uet.oop.bomberman.BBMApp.setLevel(BBMApp.java:291)
	at bomberman/uet.oop.bomberman.BBMApp.lambda$loadNextLevel$13(BBMApp.java:265)
	at com.almasb.fxgl.core/com.almasb.fxgl.time.TimerAction.update(TimerAction.kt:69)
	at com.almasb.fxgl.core/com.almasb.fxgl.time.Timer.update(Timer.kt:38)
	at com.almasb.fxgl.scene/com.almasb.fxgl.scene.Scene.update(Scene.kt:104)
	at com.almasb.fxgl.all/com.almasb.fxgl.app.MainWindow$update$1.invoke(MainWindow.kt:110)
	at com.almasb.fxgl.all/com.almasb.fxgl.app.MainWindow$update$1.invoke(MainWindow.kt:110)
	at com.almasb.fxgl.core/com.almasb.fxgl.core.fsm.StateMachine.runOnActiveStates(StateMachine.kt:69)
	at com.almasb.fxgl.all/com.almasb.fxgl.app.MainWindow.update(MainWindow.kt:110)
	at com.almasb.fxgl.all/com.almasb.fxgl.app.FXGLApplication$GameApplicationService.onUpdate(FXGLApplication.kt:426)
	at com.almasb.fxgl.all/com.almasb.fxgl.app.Engine.loop(Engine.kt:133)
	at com.almasb.fxgl.all/com.almasb.fxgl.app.Engine.access$loop(Engine.kt:24)
	at com.almasb.fxgl.all/com.almasb.fxgl.app.Engine$loop$1.invoke(Engine.kt:28)
	at com.almasb.fxgl.all/com.almasb.fxgl.app.Engine$loop$1.invoke(Engine.kt:28)
	at com.almasb.fxgl.all/com.almasb.fxgl.app.LoopRunner.frame(LoopRunner.kt:103)
	at com.almasb.fxgl.all/com.almasb.fxgl.app.LoopRunner.access$frame(LoopRunner.kt:23)
	at com.almasb.fxgl.all/com.almasb.fxgl.app.LoopRunner$impl$2$1.onTick(LoopRunner.kt:57)
	at com.almasb.fxgl.all/com.almasb.fxgl.app.AnimationTimerLoop$timer$1.handle(LoopRunner.kt:137)
	at javafx.graphics/javafx.animation.AnimationTimer$AnimationTimerReceiver.lambda$handle$0(AnimationTimer.java:57)
	at java.base/java.security.AccessController.doPrivileged(AccessController.java:399)
	at javafx.graphics/javafx.animation.AnimationTimer$AnimationTimerReceiver.handle(AnimationTimer.java:56)
	at javafx.graphics/com.sun.scenario.animation.AbstractPrimaryTimer.timePulseImpl(AbstractPrimaryTimer.java:356)
	at javafx.graphics/com.sun.scenario.animation.AbstractPrimaryTimer$MainLoop.run(AbstractPrimaryTimer.java:266)
	at javafx.graphics/com.sun.javafx.tk.quantum.QuantumToolkit.pulse(QuantumToolkit.java:559)
	at javafx.graphics/com.sun.javafx.tk.quantum.QuantumToolkit.pulse(QuantumToolkit.java:543)
	at javafx.graphics/com.sun.javafx.tk.quantum.QuantumToolkit.pulseFromQueue(QuantumToolkit.java:536)
	at javafx.graphics/com.sun.javafx.tk.quantum.QuantumToolkit.lambda$runToolkit$11(QuantumToolkit.java:342)
	at javafx.graphics/com.sun.glass.ui.InvokeLaterDispatcher$Future.run(InvokeLaterDispatcher.java:96)
	at javafx.graphics/com.sun.glass.ui.win.WinApplication._runLoop(Native Method)
	at javafx.graphics/com.sun.glass.ui.win.WinApplication.lambda$runLoop$3(WinApplication.java:174)
	at java.base/java.lang.Thread.run(Thread.java:833)

14:46:07.208 [JavaFX Application Thread] DEBUG LoopRunner           - Stopping loop
14:46:07.209 [JavaFX Application Thread] FATAL FXGLApplication      - Uncaught Exception:
com.almasb.fxgl.entity.level.LevelLoadingException: No EntityFactory has a method annotated @Spawns(flamePassItem)
	at com.almasb.fxgl.entity/com.almasb.fxgl.entity.level.tiled.TMXLevelLoader.load(TMXLevelLoader.kt:68)
	at com.almasb.fxgl.all/com.almasb.fxgl.app.services.FXGLAssetLoaderService.loadLevel(FXGLAssetLoaderService.kt:446)
	at com.almasb.fxgl.all/com.almasb.fxgl.dsl.FXGL$Companion.setLevelFromMap(FXGL.kt:521)
	at com.almasb.fxgl.all/com.almasb.fxgl.dsl.FXGL.setLevelFromMap(FXGL.kt)
	at bomberman/uet.oop.bomberman.BBMApp.setLevel(BBMApp.java:291)
	at bomberman/uet.oop.bomberman.BBMApp.lambda$loadNextLevel$13(BBMApp.java:265)
	at com.almasb.fxgl.core/com.almasb.fxgl.time.TimerAction.update(TimerAction.kt:69)
	at com.almasb.fxgl.core/com.almasb.fxgl.time.Timer.update(Timer.kt:38)
	at com.almasb.fxgl.scene/com.almasb.fxgl.scene.Scene.update(Scene.kt:104)
	at com.almasb.fxgl.all/com.almasb.fxgl.app.MainWindow$update$1.invoke(MainWindow.kt:110)
	at com.almasb.fxgl.all/com.almasb.fxgl.app.MainWindow$update$1.invoke(MainWindow.kt:110)
	at com.almasb.fxgl.core/com.almasb.fxgl.core.fsm.StateMachine.runOnActiveStates(StateMachine.kt:69)
	at com.almasb.fxgl.all/com.almasb.fxgl.app.MainWindow.update(MainWindow.kt:110)
	at com.almasb.fxgl.all/com.almasb.fxgl.app.FXGLApplication$GameApplicationService.onUpdate(FXGLApplication.kt:426)
	at com.almasb.fxgl.all/com.almasb.fxgl.app.Engine.loop(Engine.kt:133)
	at com.almasb.fxgl.all/com.almasb.fxgl.app.Engine.access$loop(Engine.kt:24)
	at com.almasb.fxgl.all/com.almasb.fxgl.app.Engine$loop$1.invoke(Engine.kt:28)
	at com.almasb.fxgl.all/com.almasb.fxgl.app.Engine$loop$1.invoke(Engine.kt:28)
	at com.almasb.fxgl.all/com.almasb.fxgl.app.LoopRunner.frame(LoopRunner.kt:103)
	at com.almasb.fxgl.all/com.almasb.fxgl.app.LoopRunner.access$frame(LoopRunner.kt:23)
	at com.almasb.fxgl.all/com.almasb.fxgl.app.LoopRunner$impl$2$1.onTick(LoopRunner.kt:57)
	at com.almasb.fxgl.all/com.almasb.fxgl.app.AnimationTimerLoop$timer$1.handle(LoopRunner.kt:137)
	at javafx.graphics/javafx.animation.AnimationTimer$AnimationTimerReceiver.lambda$handle$0(AnimationTimer.java:57)
	at java.base/java.security.AccessController.doPrivileged(AccessController.java:399)
	at javafx.graphics/javafx.animation.AnimationTimer$AnimationTimerReceiver.handle(AnimationTimer.java:56)
	at javafx.graphics/com.sun.scenario.animation.AbstractPrimaryTimer.timePulseImpl(AbstractPrimaryTimer.java:356)
	at javafx.graphics/com.sun.scenario.animation.AbstractPrimaryTimer$MainLoop.run(AbstractPrimaryTimer.java:266)
	at javafx.graphics/com.sun.javafx.tk.quantum.QuantumToolkit.pulse(QuantumToolkit.java:559)
	at javafx.graphics/com.sun.javafx.tk.quantum.QuantumToolkit.pulse(QuantumToolkit.java:543)
	at javafx.graphics/com.sun.javafx.tk.quantum.QuantumToolkit.pulseFromQueue(QuantumToolkit.java:536)
	at javafx.graphics/com.sun.javafx.tk.quantum.QuantumToolkit.lambda$runToolkit$11(QuantumToolkit.java:342)
	at javafx.graphics/com.sun.glass.ui.InvokeLaterDispatcher$Future.run(InvokeLaterDispatcher.java:96)
	at javafx.graphics/com.sun.glass.ui.win.WinApplication._runLoop(Native Method)
	at javafx.graphics/com.sun.glass.ui.win.WinApplication.lambda$runLoop$3(WinApplication.java:174)
	at java.base/java.lang.Thread.run(Thread.java:833)
Caused by: java.lang.IllegalArgumentException: No EntityFactory has a method annotated @Spawns(flamePassItem)
	at com.almasb.fxgl.entity/com.almasb.fxgl.entity.GameWorld.create(GameWorld.kt:413)
	at com.almasb.fxgl.entity/com.almasb.fxgl.entity.level.tiled.TMXLevelLoader.createObjectLayerEntities(TMXLevelLoader.kt:132)
	at com.almasb.fxgl.entity/com.almasb.fxgl.entity.level.tiled.TMXLevelLoader.load(TMXLevelLoader.kt:50)
	... 34 more

14:46:07.209 [JavaFX Application Thread] FATAL FXGLApplication      - Application will now exit
14:46:07.212 [JavaFX Application Thread] DEBUG PrimaryStageWindow   - Push state: ErrorSubScene
14:46:07.212 [JavaFX Application Thread] DEBUG Input                - Clearing active input actions
14:46:07.213 [JavaFX Application Thread] DEBUG GameApplicationServi - Removing overlay from GameScene and adding to ErrorSubScene
14:46:07.213 [JavaFX Application Thread] DEBUG PrimaryStageWindow   - GameScene -> ErrorSubScene
14:46:08.615 [JavaFX Application Thread] DEBUG FXGLApplication      - Exiting FXGL
14:46:08.615 [JavaFX Application Thread] DEBUG Async                - Shutting down background threads
14:46:08.615 [JavaFX Application Thread] DEBUG PrimaryStageWindow   - Closing main window
14:46:08.628 [JavaFX Application Thread] DEBUG Logger               - Closing Logger
