11:13:33.737 [main                     ] DEBUG Logger               - Configured Logger
11:13:33.738 [main                     ] DEBUG GameApplication      - Logging settings
Title: Bomberman
Version: Tram Cam Desu
Width: 1080
Height: 720
Fullscreen: false
Intro: false
Profiling: false
Single step:false
App Mode: DEVELOPER
Menu Key: ESCAPE
Stage Style: DECORATED
Scene Factory: class uet.oop.bomberman.BBMApp$1

11:13:33.995 [JavaFX Application Thread] DEBUG FXGLApplication      - Initializing FXGL
11:13:33.996 [JavaFX Application Thread] INFO  Engine               - FXGL-11.17 (16.07.2021 15.46) on WINDOWS (J:18.0.2.1 FX:16)
11:13:33.996 [JavaFX Application Thread] DEBUG Engine               - JRE Vendor Name: Oracle Corporation
11:13:33.996 [JavaFX Application Thread] DEBUG Engine               - Running on OS: Windows 10 version 10.0
11:13:33.996 [JavaFX Application Thread] DEBUG Engine               - Architecture: amd64
11:13:33.997 [JavaFX Application Thread] INFO  Engine               - Source code and latest versions at: https://github.com/AlmasB/FXGL
11:13:33.997 [JavaFX Application Thread] INFO  Engine               -              Join the FXGL chat at: https://gitter.im/AlmasB/FXGL
11:13:34.060 [JavaFX Application Thread] DEBUG PrimaryStageWindow   - Creating a JavaFX scene
11:13:34.094 [JavaFX Application Thread] DEBUG PrimaryStageWindow   - Target settings size: 1080.0 x 720.0
11:13:34.094 [JavaFX Application Thread] DEBUG PrimaryStageWindow   - Scaled scene size:    1080.0 x 720.0
11:13:34.094 [JavaFX Application Thread] DEBUG PrimaryStageWindow   - Scaled ratio: (1.0, 1.0)
11:13:34.095 [JavaFX Application Thread] DEBUG PrimaryStageWindow   - Set initial scene to FXGLStartupScene
11:13:34.100 [JavaFX Application Thread] DEBUG PrimaryStageWindow   - Opening main window
11:13:34.161 [JavaFX Application Thread] DEBUG PrimaryStageWindow   - Window border size: (14.4000244140625, 37.5999755859375)
11:13:34.161 [JavaFX Application Thread] DEBUG PrimaryStageWindow   - Scaled size: 1080.0 x 720.0
11:13:34.162 [JavaFX Application Thread] DEBUG PrimaryStageWindow   - Scaled ratio: (1.0, 1.0)
11:13:34.162 [JavaFX Application Thread] DEBUG PrimaryStageWindow   - Scene size: 1080.0 x 720.0
11:13:34.162 [JavaFX Application Thread] DEBUG PrimaryStageWindow   - Stage size: 1094.4000244140625 x 757.5999755859375
11:13:34.169 [FXGL Background Thread 1 ] DEBUG Engine               - Initializing environment variables
11:13:34.229 [FXGL Background Thread 1 ] DEBUG FXGLAssetLoaderServi - User app class for loading assets: class uet.oop.bomberman.BBMApp
11:13:34.229 [FXGL Background Thread 1 ] DEBUG GameApplicationServi - Applying CSS: fxgl_dark.css
11:13:34.230 [FXGL Background Thread 1 ] DEBUG FXGLAssetLoaderServi - Loading from file system: jar:file:///C:/Users/Legion%207/.m2/repository/com/github/almasb/fxgl/11.17/fxgl-11.17.jar!/fxglassets/ui/css/fxgl_dark.css
11:13:34.267 [FXGL Background Thread 1 ] DEBUG GameApplicationServi - Initializing application scenes
11:13:34.309 [FXGL Background Thread 1 ] DEBUG GameWorld            - Game world initialized
11:13:34.357 [FXGL Background Thread 1 ] DEBUG PhysicsWorld         - Physics world initialized: appHeight=720, physics.ppm=50.0
11:13:34.358 [FXGL Background Thread 1 ] DEBUG PhysicsWorld         - Using strategy: BRUTE_FORCE
11:13:34.359 [FXGL Background Thread 1 ] DEBUG GameScene            - Game scene initialized: 1080x720
11:13:34.454 [FXGL Background Thread 1 ] DEBUG GameApplicationServi - Application scenes initialized
11:13:34.469 [FXGL Background Thread 1 ] DEBUG SystemBundleService  - Loading FXGL system data
11:13:34.475 [FXGL Background Thread 1 ] DEBUG FileSystemAccess     - Reading from: D:\GitHub\bomberman-tramcam-desu\system\fxgl.bundle
11:13:34.484 [FXGL Background Thread 1 ] DEBUG SystemBundleService  - Bundle FXGL: {}
11:13:34.484 [FXGL Background Thread 1 ] DEBUG UpdaterService       - Checking for updates
11:13:34.513 [FXGL Background Thread 4 ] DEBUG FXGLApplication      - Loading fonts
11:13:34.513 [FXGL Background Thread 1 ] DEBUG FXGLApplication      - Loading default localization
11:13:34.513 [FXGL Background Thread 4 ] DEBUG FXGLAssetLoaderServi - Loading from file system: file:/D:/GitHub/bomberman-tramcam-desu/target/classes/assets/ui/fonts/Retro%20Gaming.ttf
11:13:34.513 [FXGL Background Thread 1 ] DEBUG FXGLAssetLoaderServi - Loading from file system: jar:file:///C:/Users/Legion%207/.m2/repository/com/github/almasb/fxgl/11.17/fxgl-11.17.jar!/fxglassets/languages/english.lang
11:13:34.527 [FXGL Background Thread 1 ] INFO  FXGLApplication      - FXGL initialization took: 0.357 sec
11:13:34.541 [JavaFX Application Thread] DEBUG Input                - Registered new binding: Move Up - W
11:13:34.541 [JavaFX Application Thread] DEBUG Input                - Registered new binding: Move Down - S
11:13:34.541 [JavaFX Application Thread] DEBUG Input                - Registered new binding: Move Left - A
11:13:34.541 [JavaFX Application Thread] DEBUG Input                - Registered new binding: Move Right - D
11:13:34.541 [JavaFX Application Thread] DEBUG Input                - Registered new binding: Place Bomb - Space
11:13:34.543 [JavaFX Application Thread] DEBUG FXGLAssetLoaderServi - Loading from file system: file:/D:/GitHub/bomberman-tramcam-desu/target/classes/assets/music/MenuMusic.mp3
11:13:34.584 [FXGL Background Thread 4 ] DEBUG FXGLAssetLoaderServi - Loading from file system: jar:file:///C:/Users/Legion%207/.m2/repository/com/github/almasb/fxgl/11.17/fxgl-11.17.jar!/fxglassets/ui/fonts/Abel-Regular.ttf
11:13:34.591 [FXGL Background Thread 4 ] DEBUG FXGLAssetLoaderServi - Loading from file system: jar:file:///C:/Users/Legion%207/.m2/repository/com/github/almasb/fxgl/11.17/fxgl-11.17.jar!/fxglassets/ui/fonts/lucida_console.ttf
11:13:34.601 [FXGL Background Thread 4 ] DEBUG FXGLAssetLoaderServi - Loading from file system: jar:file:///C:/Users/Legion%207/.m2/repository/com/github/almasb/fxgl/11.17/fxgl-11.17.jar!/fxglassets/ui/fonts/Courier-Prime.ttf
11:13:34.662 [JavaFX Application Thread] DEBUG AudioPlayer          - Playing music com.almasb.fxgl.audio.Music@4e70f839
11:13:34.663 [JavaFX Application Thread] DEBUG FXGLAssetLoaderServi - Loading from file system: jar:file:///C:/Users/Legion%207/.m2/repository/com/github/almasb/fxgl/11.17/fxgl-11.17.jar!/fxglassets/textures/fxgl_icon.png
11:13:34.678 [JavaFX Application Thread] DEBUG FXGLAssetLoaderServi - Loading from file system: jar:file:///C:/Users/Legion%207/.m2/repository/com/github/almasb/fxgl/11.17/fxgl-11.17.jar!/fxglassets/textures/fxgl_default_cursor.png
11:13:34.679 [JavaFX Application Thread] DEBUG Input                - Registered new binding: Screenshot - CTRL+8
11:13:34.680 [JavaFX Application Thread] DEBUG Input                - Registered new binding: Dev Options - 1
11:13:34.680 [JavaFX Application Thread] DEBUG Input                - Registered new binding: Dev Console - 2
11:13:34.680 [JavaFX Application Thread] DEBUG Input                - Registered new binding: System info dump - CTRL+9
11:13:34.680 [JavaFX Application Thread] DEBUG Input                - Registered new binding: Restart - CTRL+R
11:13:34.681 [JavaFX Application Thread] DEBUG Input                - Registered new binding: Toggle Debug Camera - CTRL+C
11:13:34.682 [JavaFX Application Thread] DEBUG LoopRunner           - Starting loop
11:13:34.689 [JavaFX Application Thread] DEBUG LoopRunner           - Initializing JavaFX AnimationTimerLoop
11:13:34.690 [JavaFX Application Thread] DEBUG Input                - Clearing active input actions
11:13:34.696 [JavaFX Application Thread] DEBUG GameApplicationServi - Removing overlay from FXGLStartupScene and adding to FXGLMainMenuDummyScene
11:13:34.699 [JavaFX Application Thread] DEBUG PrimaryStageWindow   - FXGLStartupScene -> FXGLMainMenuDummyScene
11:13:34.700 [JavaFX Application Thread] DEBUG PrimaryStageWindow   - Push state: BBMMenuStartingScreen
11:13:34.700 [JavaFX Application Thread] DEBUG Input                - Clearing active input actions
11:13:34.701 [JavaFX Application Thread] DEBUG GameApplicationServi - Removing overlay from FXGLMainMenuDummyScene and adding to BBMMenuStartingScreen
11:13:34.702 [JavaFX Application Thread] DEBUG PrimaryStageWindow   - FXGLMainMenuDummyScene -> BBMMenuStartingScreen
11:13:34.703 [JavaFX Application Thread] DEBUG FXGLApplication      - Registering font factories with UI factory
11:13:35.368 [FXGL Background Thread 2 ] INFO  UpdaterService       - Your current version:  11.17
11:13:35.369 [FXGL Background Thread 2 ] INFO  UpdaterService       - Latest stable version: 17.2
11:13:35.723 [JavaFX Application Thread] DEBUG Menu                 - fireNewGame()
11:13:35.723 [JavaFX Application Thread] DEBUG GameApplicationServi - Starting new game
11:13:35.723 [JavaFX Application Thread] DEBUG PrimaryStageWindow   - Pop state: BBMMenuStartingScreen
11:13:35.723 [JavaFX Application Thread] DEBUG Input                - Clearing active input actions
11:13:35.724 [JavaFX Application Thread] DEBUG GameApplicationServi - Removing overlay from BBMMenuStartingScreen and adding to FXGLMainMenuDummyScene
11:13:35.725 [JavaFX Application Thread] DEBUG PrimaryStageWindow   - FXGLMainMenuDummyScene <- BBMMenuStartingScreen
11:13:35.726 [JavaFX Application Thread] DEBUG Input                - Clearing active input actions
11:13:35.730 [JavaFX Application Thread] DEBUG GameApplicationServi - Removing overlay from FXGLMainMenuDummyScene and adding to FXGLLoadingScene
11:13:35.731 [JavaFX Application Thread] DEBUG PrimaryStageWindow   - FXGLMainMenuDummyScene -> FXGLLoadingScene
11:13:35.731 [JavaFX Application Thread] DEBUG GameApplicationServi - Clearing previous game
11:13:35.731 [JavaFX Application Thread] DEBUG GameScene            - Clearing game scene
11:13:35.731 [JavaFX Application Thread] DEBUG GameWorld            - Clearing game world
11:13:35.731 [JavaFX Application Thread] DEBUG PhysicsWorld         - Clearing physics world
11:13:35.732 [FXGL Background Thread 2 ] DEBUG FXGLApplication      - Initializing game
11:13:35.751 [FXGL Background Thread 2 ] DEBUG FXGLAssetLoaderServi - Loading from file system: file:/D:/GitHub/bomberman-tramcam-desu/target/classes/assets/sounds/GameStarted.wav
11:13:35.813 [FXGL Background Thread 2 ] INFO  FXGLApplication      - Game initialization took: 0.081 sec
11:13:35.814 [JavaFX Application Thread] DEBUG Input                - Clearing active input actions
11:13:35.820 [JavaFX Application Thread] DEBUG GameApplicationServi - Removing overlay from FXGLLoadingScene and adding to GameScene
11:13:35.822 [JavaFX Application Thread] DEBUG PrimaryStageWindow   - FXGLLoadingScene -> GameScene
11:13:37.514 [FXGL Background Thread 3 ] DEBUG Engine               - Logging environment variables
11:13:37.514 [FXGL Background Thread 3 ] DEBUG Engine               - achievements: []
11:13:37.514 [FXGL Background Thread 3 ] DEBUG Engine               - actualHeight: 720.0
11:13:37.514 [FXGL Background Thread 3 ] DEBUG Engine               - actualHeightProperty: ReadOnlyDoubleProperty [value: 720.0]
11:13:37.514 [FXGL Background Thread 3 ] DEBUG Engine               - actualWidth: 1080.0
11:13:37.514 [FXGL Background Thread 3 ] DEBUG Engine               - actualWidthProperty: ReadOnlyDoubleProperty [value: 1080.0]
11:13:37.514 [FXGL Background Thread 3 ] DEBUG Engine               - appIcon: fxgl_icon.png
11:13:37.515 [FXGL Background Thread 3 ] DEBUG Engine               - applicationMode: DEVELOPER
11:13:37.515 [FXGL Background Thread 3 ] DEBUG Engine               - cSSList: [fxgl_dark.css]
11:13:37.515 [FXGL Background Thread 3 ] DEBUG Engine               - collisionDetectionStrategy: BRUTE_FORCE
11:13:37.515 [FXGL Background Thread 3 ] DEBUG Engine               - configClass: Optional.empty
11:13:37.515 [FXGL Background Thread 3 ] DEBUG Engine               - credits: []
11:13:37.515 [FXGL Background Thread 3 ] DEBUG Engine               - defaultCursor: CursorInfo(imageName=fxgl_default_cursor.png, hotspotX=7.0, hotspotY=6.0)
11:13:37.515 [FXGL Background Thread 3 ] DEBUG Engine               - devBBoxColorProperty: ObjectProperty [value: 0xff0000ff]
11:13:37.515 [FXGL Background Thread 3 ] DEBUG Engine               - devEnableDebugCameraProperty: BooleanProperty [value: false]
11:13:37.515 [FXGL Background Thread 3 ] DEBUG Engine               - devSensorColorProperty: ObjectProperty [value: 0xffff00ff]
11:13:37.515 [FXGL Background Thread 3 ] DEBUG Engine               - devShowBBoxProperty: BooleanProperty [value: false]
11:13:37.515 [FXGL Background Thread 3 ] DEBUG Engine               - devShowPositionProperty: BooleanProperty [value: false]
11:13:37.515 [FXGL Background Thread 3 ] DEBUG Engine               - enabledMenuItems: []
11:13:37.515 [FXGL Background Thread 3 ] DEBUG Engine               - engineServices: [class com.almasb.fxgl.app.services.FXGLAssetLoaderService, class com.almasb.fxgl.app.FXGLApplication$GameApplicationService, class com.almasb.fxgl.app.services.FXGLDialogService, class com.almasb.fxgl.app.services.IOTaskExecutorService, class com.almasb.fxgl.io.FileSystemService, class com.almasb.fxgl.localization.LocalizationService, class com.almasb.fxgl.app.services.SystemBundleService, class com.almasb.fxgl.profile.SaveLoadService, class com.almasb.fxgl.ui.FXGLUIFactoryServiceProvider, class com.almasb.fxgl.ui.FXGLDialogFactoryServiceProvider, class com.almasb.fxgl.audio.AudioPlayer, class com.almasb.fxgl.notification.impl.NotificationServiceProvider, class com.almasb.fxgl.achievement.AchievementService, class com.almasb.fxgl.cutscene.CutsceneService, class com.almasb.fxgl.minigames.MiniGameService, class com.almasb.fxgl.net.NetService, class com.almasb.fxgl.app.services.UpdaterService, class com.almasb.fxgl.dev.DevService]
11:13:37.515 [FXGL Background Thread 3 ] DEBUG Engine               - fontGame: Abel-Regular.ttf
11:13:37.516 [FXGL Background Thread 3 ] DEBUG Engine               - fontMono: lucida_console.ttf
11:13:37.516 [FXGL Background Thread 3 ] DEBUG Engine               - fontText: Courier-Prime.ttf
11:13:37.516 [FXGL Background Thread 3 ] DEBUG Engine               - fontUI: Retro Gaming.ttf
11:13:37.516 [FXGL Background Thread 3 ] DEBUG Engine               - fullScreen: BooleanProperty [value: false]
11:13:37.516 [FXGL Background Thread 3 ] DEBUG Engine               - gameDifficulty: MEDIUM
11:13:37.516 [FXGL Background Thread 3 ] DEBUG Engine               - gameDifficultyProperty: ObjectProperty [value: MEDIUM]
11:13:37.516 [FXGL Background Thread 3 ] DEBUG Engine               - globalMusicVolume: 0.5
11:13:37.516 [FXGL Background Thread 3 ] DEBUG Engine               - globalMusicVolumeProperty: DoubleProperty [value: 0.0]
11:13:37.516 [FXGL Background Thread 3 ] DEBUG Engine               - globalSoundVolume: 0.5
11:13:37.516 [FXGL Background Thread 3 ] DEBUG Engine               - globalSoundVolumeProperty: DoubleProperty [value: 0.4]
11:13:37.516 [FXGL Background Thread 3 ] DEBUG Engine               - height: 720
11:13:37.516 [FXGL Background Thread 3 ] DEBUG Engine               - is3D: false
11:13:37.516 [FXGL Background Thread 3 ] DEBUG Engine               - isAndroid: false
11:13:37.516 [FXGL Background Thread 3 ] DEBUG Engine               - isBrowser: false
11:13:37.516 [FXGL Background Thread 3 ] DEBUG Engine               - isClickFeedbackEnabled: false
11:13:37.516 [FXGL Background Thread 3 ] DEBUG Engine               - isCloseConfirmation: false
11:13:37.516 [FXGL Background Thread 3 ] DEBUG Engine               - isDesktop: true
11:13:37.516 [FXGL Background Thread 3 ] DEBUG Engine               - isDeveloperMenuEnabled: true
11:13:37.517 [FXGL Background Thread 3 ] DEBUG Engine               - isEntityPreloadEnabled: true
11:13:37.517 [FXGL Background Thread 3 ] DEBUG Engine               - isExperimentalTiledLargeMap: false
11:13:37.517 [FXGL Background Thread 3 ] DEBUG Engine               - isFileSystemWriteAllowed: true
11:13:37.517 [FXGL Background Thread 3 ] DEBUG Engine               - isFullScreenAllowed: false
11:13:37.517 [FXGL Background Thread 3 ] DEBUG Engine               - isFullScreenFromStart: false
11:13:37.517 [FXGL Background Thread 3 ] DEBUG Engine               - isGameMenuEnabled: true
11:13:37.517 [FXGL Background Thread 3 ] DEBUG Engine               - isIOS: false
11:13:37.517 [FXGL Background Thread 3 ] DEBUG Engine               - isIntroEnabled: false
11:13:37.517 [FXGL Background Thread 3 ] DEBUG Engine               - isLinux: false
11:13:37.517 [FXGL Background Thread 3 ] DEBUG Engine               - isMac: false
11:13:37.517 [FXGL Background Thread 3 ] DEBUG Engine               - isMainMenuEnabled: true
11:13:37.517 [FXGL Background Thread 3 ] DEBUG Engine               - isManualResizeEnabled: true
11:13:37.517 [FXGL Background Thread 3 ] DEBUG Engine               - isMobile: false
11:13:37.517 [FXGL Background Thread 3 ] DEBUG Engine               - isNative: false
11:13:37.517 [FXGL Background Thread 3 ] DEBUG Engine               - isPauseMusicWhenMinimized: true
11:13:37.517 [FXGL Background Thread 3 ] DEBUG Engine               - isPreserveResizeRatio: true
11:13:37.517 [FXGL Background Thread 3 ] DEBUG Engine               - isProfilingEnabled: false
11:13:37.517 [FXGL Background Thread 3 ] DEBUG Engine               - isScaleAffectedOnResize: true
11:13:37.517 [FXGL Background Thread 3 ] DEBUG Engine               - isSingleStep: false
11:13:37.517 [FXGL Background Thread 3 ] DEBUG Engine               - isUserProfileEnabled: false
11:13:37.517 [FXGL Background Thread 3 ] DEBUG Engine               - isWindows: true
11:13:37.517 [FXGL Background Thread 3 ] DEBUG Engine               - language: ObjectProperty [value: ENGLISH]
11:13:37.518 [FXGL Background Thread 3 ] DEBUG Engine               - menuKey: ESCAPE
11:13:37.518 [FXGL Background Thread 3 ] DEBUG Engine               - mouseSensitivity: 0.2
11:13:37.518 [FXGL Background Thread 3 ] DEBUG Engine               - notificationViewClass: class com.almasb.fxgl.notification.view.XboxNotificationView
11:13:37.518 [FXGL Background Thread 3 ] DEBUG Engine               - pixelsPerMeter: 50.0
11:13:37.518 [FXGL Background Thread 3 ] DEBUG Engine               - platform: WINDOWS
11:13:37.518 [FXGL Background Thread 3 ] DEBUG Engine               - prefHeightProperty: ReadOnlyDoubleProperty [value: 720.0]
11:13:37.518 [FXGL Background Thread 3 ] DEBUG Engine               - prefWidthProperty: ReadOnlyDoubleProperty [value: 1080.0]
11:13:37.518 [FXGL Background Thread 3 ] DEBUG Engine               - profileDir: profiles/
11:13:37.518 [FXGL Background Thread 3 ] DEBUG Engine               - profileName: StringProperty [value: DEFAULT]
11:13:37.518 [FXGL Background Thread 3 ] DEBUG Engine               - randomSeed: -1
11:13:37.518 [FXGL Background Thread 3 ] DEBUG Engine               - runtimeInfo: RuntimeInfo(platform=WINDOWS, version=11.17, build=16.07.2021 15.46)
11:13:37.518 [FXGL Background Thread 3 ] DEBUG Engine               - saveFileExt: sav
11:13:37.518 [FXGL Background Thread 3 ] DEBUG Engine               - scaledHeightProp$fxgl: DoubleProperty [bound, value: 720.0]
11:13:37.518 [FXGL Background Thread 3 ] DEBUG Engine               - scaledWidthProp$fxgl: DoubleProperty [bound, value: 1080.0]
11:13:37.518 [FXGL Background Thread 3 ] DEBUG Engine               - sceneFactory: uet.oop.bomberman.BBMApp$1@33f5075c
11:13:37.518 [FXGL Background Thread 3 ] DEBUG Engine               - secondsIn24h: 60
11:13:37.518 [FXGL Background Thread 3 ] DEBUG Engine               - soundMenuBack: menu/back.wav
11:13:37.518 [FXGL Background Thread 3 ] DEBUG Engine               - soundMenuPress: menu/press.wav
11:13:37.518 [FXGL Background Thread 3 ] DEBUG Engine               - soundMenuSelect: menu/select.wav
11:13:37.518 [FXGL Background Thread 3 ] DEBUG Engine               - soundNotification: core/notification.wav
11:13:37.519 [FXGL Background Thread 3 ] DEBUG Engine               - stageStyle: DECORATED
11:13:37.519 [FXGL Background Thread 3 ] DEBUG Engine               - supportedLanguages: [ENGLISH, FRENCH, GERMAN, HUNGARIAN, RUSSIAN]
11:13:37.519 [FXGL Background Thread 3 ] DEBUG Engine               - ticksPerSecond: -1
11:13:37.519 [FXGL Background Thread 3 ] DEBUG Engine               - title: Bomberman
11:13:37.519 [FXGL Background Thread 3 ] DEBUG Engine               - urlGithub: https://github.com/AlmasB/FXGL
11:13:37.519 [FXGL Background Thread 3 ] DEBUG Engine               - urlLeaderboard: http://fxgl-top.herokuapp.com/
11:13:37.519 [FXGL Background Thread 3 ] DEBUG Engine               - urlPOM: https://raw.githubusercontent.com/AlmasB/FXGL/release/README.md
11:13:37.519 [FXGL Background Thread 3 ] DEBUG Engine               - userAppClass: class uet.oop.bomberman.BBMApp
11:13:37.519 [FXGL Background Thread 3 ] DEBUG Engine               - version: Tram Cam Desu
11:13:37.519 [FXGL Background Thread 3 ] DEBUG Engine               - versionCheckDays: 7
11:13:37.519 [FXGL Background Thread 3 ] DEBUG Engine               - width: 1080
11:13:37.519 [FXGL Background Thread 3 ] DEBUG Engine               - Logging services
11:13:37.519 [FXGL Background Thread 3 ] DEBUG Engine               - class com.almasb.fxgl.app.services.FXGLAssetLoaderService
11:13:37.519 [FXGL Background Thread 3 ] DEBUG Engine               - class com.almasb.fxgl.app.FXGLApplication$GameApplicationService
11:13:37.519 [FXGL Background Thread 3 ] DEBUG Engine               - class com.almasb.fxgl.app.services.FXGLDialogService
11:13:37.519 [FXGL Background Thread 3 ] DEBUG Engine               - class com.almasb.fxgl.app.services.IOTaskExecutorService
11:13:37.519 [FXGL Background Thread 3 ] DEBUG Engine               - class com.almasb.fxgl.io.FileSystemService
11:13:37.519 [FXGL Background Thread 3 ] DEBUG Engine               - class com.almasb.fxgl.localization.LocalizationService
11:13:37.519 [FXGL Background Thread 3 ] DEBUG Engine               - class com.almasb.fxgl.app.services.SystemBundleService
11:13:37.519 [FXGL Background Thread 3 ] DEBUG Engine               - class com.almasb.fxgl.profile.SaveLoadService
11:13:37.519 [FXGL Background Thread 3 ] DEBUG Engine               - class com.almasb.fxgl.ui.FXGLUIFactoryServiceProvider
11:13:37.519 [FXGL Background Thread 3 ] DEBUG Engine               - class com.almasb.fxgl.ui.FXGLDialogFactoryServiceProvider
11:13:37.519 [FXGL Background Thread 3 ] DEBUG Engine               - class com.almasb.fxgl.audio.AudioPlayer
11:13:37.519 [FXGL Background Thread 3 ] DEBUG Engine               - class com.almasb.fxgl.notification.impl.NotificationServiceProvider
11:13:37.520 [FXGL Background Thread 3 ] DEBUG Engine               - class com.almasb.fxgl.achievement.AchievementService
11:13:37.520 [FXGL Background Thread 3 ] DEBUG Engine               - class com.almasb.fxgl.cutscene.CutsceneService
11:13:37.520 [FXGL Background Thread 3 ] DEBUG Engine               - class com.almasb.fxgl.minigames.MiniGameService
11:13:37.520 [FXGL Background Thread 3 ] DEBUG Engine               - class com.almasb.fxgl.net.NetService
11:13:37.520 [FXGL Background Thread 3 ] DEBUG Engine               - class com.almasb.fxgl.app.services.UpdaterService
11:13:37.520 [FXGL Background Thread 3 ] DEBUG Engine               - class com.almasb.fxgl.dev.DevService
11:13:38.166 [JavaFX Application Thread] WARN  TMXLevelLoader       - TiledMap generated from 1.7.2. Supported version: 1.2.3. Some features may not be parsed fully.
11:13:38.183 [JavaFX Application Thread] DEBUG TMXLevelLoader       - Parsed TiledMap: file:/D:/GitHub/bomberman-tramcam-desu/target/classes/assets/levels/level1.tmx
11:13:38.187 [JavaFX Application Thread] DEBUG TMXLevelLoader       - Creating tile layer entities
11:13:38.188 [JavaFX Application Thread] DEBUG TilesetLoader        - Loading view for layer Tile Layer 1
11:13:38.190 [JavaFX Application Thread] DEBUG TilesetLoader        - Created buffer with size 1488.0x720.0
11:13:38.277 [JavaFX Application Thread] DEBUG TMXLevelLoader       - Creating object layer entities
11:13:38.278 [JavaFX Application Thread] DEBUG FXGLAssetLoaderServi - Loading from file system: file:/D:/GitHub/bomberman-tramcam-desu/target/classes/assets/textures/photo/powerup_speed.png
11:13:38.287 [JavaFX Application Thread] DEBUG FXGLAssetLoaderServi - Loading from file system: file:/D:/GitHub/bomberman-tramcam-desu/target/classes/assets/textures/photo/powerup_flames.png
11:13:38.289 [JavaFX Application Thread] DEBUG FXGLAssetLoaderServi - Loading from file system: file:/D:/GitHub/bomberman-tramcam-desu/target/classes/assets/textures/photo/powerup_bombs.png
11:13:38.290 [JavaFX Application Thread] DEBUG FXGLAssetLoaderServi - Loading from file system: file:/D:/GitHub/bomberman-tramcam-desu/target/classes/assets/textures/photo/powerup_flamepass.png
11:13:38.293 [JavaFX Application Thread] DEBUG FXGLAssetLoaderServi - Loading from file system: file:/D:/GitHub/bomberman-tramcam-desu/target/classes/assets/textures/photo/portal.png
11:13:38.298 [JavaFX Application Thread] DEBUG FXGLAssetLoaderServi - Loading from file system: file:/D:/GitHub/bomberman-tramcam-desu/target/classes/assets/textures/sprites.png
11:13:38.379 [JavaFX Application Thread] WARN  TMXLevelLoader       - Parse error
java.lang.IllegalArgumentException: No EntityFactory has a method annotated @Spawns(ballom_e)
	at com.almasb.fxgl.entity/com.almasb.fxgl.entity.GameWorld.create(GameWorld.kt:413)
	at com.almasb.fxgl.entity/com.almasb.fxgl.entity.level.tiled.TMXLevelLoader.createObjectLayerEntities(TMXLevelLoader.kt:132)
	at com.almasb.fxgl.entity/com.almasb.fxgl.entity.level.tiled.TMXLevelLoader.load(TMXLevelLoader.kt:50)
	at com.almasb.fxgl.all/com.almasb.fxgl.app.services.FXGLAssetLoaderService.loadLevel(FXGLAssetLoaderService.kt:446)
	at com.almasb.fxgl.all/com.almasb.fxgl.dsl.FXGL$Companion.setLevelFromMap(FXGL.kt:521)
	at com.almasb.fxgl.all/com.almasb.fxgl.dsl.FXGL.setLevelFromMap(FXGL.kt)
	at bomberman/uet.oop.bomberman.BBMApp.setLevel(BBMApp.java:279)
	at bomberman/uet.oop.bomberman.BBMApp.lambda$loadNextLevel$12(BBMApp.java:253)
	at com.almasb.fxgl.core/com.almasb.fxgl.time.TimerAction.update(TimerAction.kt:69)
	at com.almasb.fxgl.core/com.almasb.fxgl.time.Timer.update(Timer.kt:38)
	at com.almasb.fxgl.scene/com.almasb.fxgl.scene.Scene.update(Scene.kt:104)
	at com.almasb.fxgl.all/com.almasb.fxgl.app.MainWindow$update$1.invoke(MainWindow.kt:110)
	at com.almasb.fxgl.all/com.almasb.fxgl.app.MainWindow$update$1.invoke(MainWindow.kt:110)
	at com.almasb.fxgl.core/com.almasb.fxgl.core.fsm.StateMachine.runOnActiveStates(StateMachine.kt:69)
	at com.almasb.fxgl.all/com.almasb.fxgl.app.MainWindow.update(MainWindow.kt:110)
	at com.almasb.fxgl.all/com.almasb.fxgl.app.FXGLApplication$GameApplicationService.onUpdate(FXGLApplication.kt:426)
	at com.almasb.fxgl.all/com.almasb.fxgl.app.Engine.loop(Engine.kt:133)
	at com.almasb.fxgl.all/com.almasb.fxgl.app.Engine.access$loop(Engine.kt:24)
	at com.almasb.fxgl.all/com.almasb.fxgl.app.Engine$loop$1.invoke(Engine.kt:28)
	at com.almasb.fxgl.all/com.almasb.fxgl.app.Engine$loop$1.invoke(Engine.kt:28)
	at com.almasb.fxgl.all/com.almasb.fxgl.app.LoopRunner.frame(LoopRunner.kt:103)
	at com.almasb.fxgl.all/com.almasb.fxgl.app.LoopRunner.access$frame(LoopRunner.kt:23)
	at com.almasb.fxgl.all/com.almasb.fxgl.app.LoopRunner$impl$2$1.onTick(LoopRunner.kt:57)
	at com.almasb.fxgl.all/com.almasb.fxgl.app.AnimationTimerLoop$timer$1.handle(LoopRunner.kt:137)
	at javafx.graphics/javafx.animation.AnimationTimer$AnimationTimerReceiver.lambda$handle$0(AnimationTimer.java:57)
	at java.base/java.security.AccessController.doPrivileged(AccessController.java:399)
	at javafx.graphics/javafx.animation.AnimationTimer$AnimationTimerReceiver.handle(AnimationTimer.java:56)
	at javafx.graphics/com.sun.scenario.animation.AbstractPrimaryTimer.timePulseImpl(AbstractPrimaryTimer.java:356)
	at javafx.graphics/com.sun.scenario.animation.AbstractPrimaryTimer$MainLoop.run(AbstractPrimaryTimer.java:266)
	at javafx.graphics/com.sun.javafx.tk.quantum.QuantumToolkit.pulse(QuantumToolkit.java:559)
	at javafx.graphics/com.sun.javafx.tk.quantum.QuantumToolkit.pulse(QuantumToolkit.java:543)
	at javafx.graphics/com.sun.javafx.tk.quantum.QuantumToolkit.pulseFromQueue(QuantumToolkit.java:536)
	at javafx.graphics/com.sun.javafx.tk.quantum.QuantumToolkit.lambda$runToolkit$11(QuantumToolkit.java:342)
	at javafx.graphics/com.sun.glass.ui.InvokeLaterDispatcher$Future.run(InvokeLaterDispatcher.java:96)
	at javafx.graphics/com.sun.glass.ui.win.WinApplication._runLoop(Native Method)
	at javafx.graphics/com.sun.glass.ui.win.WinApplication.lambda$runLoop$3(WinApplication.java:174)
	at java.base/java.lang.Thread.run(Thread.java:833)

11:13:38.380 [JavaFX Application Thread] DEBUG LoopRunner           - Stopping loop
11:13:38.381 [JavaFX Application Thread] FATAL FXGLApplication      - Uncaught Exception:
com.almasb.fxgl.entity.level.LevelLoadingException: No EntityFactory has a method annotated @Spawns(ballom_e)
	at com.almasb.fxgl.entity/com.almasb.fxgl.entity.level.tiled.TMXLevelLoader.load(TMXLevelLoader.kt:68)
	at com.almasb.fxgl.all/com.almasb.fxgl.app.services.FXGLAssetLoaderService.loadLevel(FXGLAssetLoaderService.kt:446)
	at com.almasb.fxgl.all/com.almasb.fxgl.dsl.FXGL$Companion.setLevelFromMap(FXGL.kt:521)
	at com.almasb.fxgl.all/com.almasb.fxgl.dsl.FXGL.setLevelFromMap(FXGL.kt)
	at bomberman/uet.oop.bomberman.BBMApp.setLevel(BBMApp.java:279)
	at bomberman/uet.oop.bomberman.BBMApp.lambda$loadNextLevel$12(BBMApp.java:253)
	at com.almasb.fxgl.core/com.almasb.fxgl.time.TimerAction.update(TimerAction.kt:69)
	at com.almasb.fxgl.core/com.almasb.fxgl.time.Timer.update(Timer.kt:38)
	at com.almasb.fxgl.scene/com.almasb.fxgl.scene.Scene.update(Scene.kt:104)
	at com.almasb.fxgl.all/com.almasb.fxgl.app.MainWindow$update$1.invoke(MainWindow.kt:110)
	at com.almasb.fxgl.all/com.almasb.fxgl.app.MainWindow$update$1.invoke(MainWindow.kt:110)
	at com.almasb.fxgl.core/com.almasb.fxgl.core.fsm.StateMachine.runOnActiveStates(StateMachine.kt:69)
	at com.almasb.fxgl.all/com.almasb.fxgl.app.MainWindow.update(MainWindow.kt:110)
	at com.almasb.fxgl.all/com.almasb.fxgl.app.FXGLApplication$GameApplicationService.onUpdate(FXGLApplication.kt:426)
	at com.almasb.fxgl.all/com.almasb.fxgl.app.Engine.loop(Engine.kt:133)
	at com.almasb.fxgl.all/com.almasb.fxgl.app.Engine.access$loop(Engine.kt:24)
	at com.almasb.fxgl.all/com.almasb.fxgl.app.Engine$loop$1.invoke(Engine.kt:28)
	at com.almasb.fxgl.all/com.almasb.fxgl.app.Engine$loop$1.invoke(Engine.kt:28)
	at com.almasb.fxgl.all/com.almasb.fxgl.app.LoopRunner.frame(LoopRunner.kt:103)
	at com.almasb.fxgl.all/com.almasb.fxgl.app.LoopRunner.access$frame(LoopRunner.kt:23)
	at com.almasb.fxgl.all/com.almasb.fxgl.app.LoopRunner$impl$2$1.onTick(LoopRunner.kt:57)
	at com.almasb.fxgl.all/com.almasb.fxgl.app.AnimationTimerLoop$timer$1.handle(LoopRunner.kt:137)
	at javafx.graphics/javafx.animation.AnimationTimer$AnimationTimerReceiver.lambda$handle$0(AnimationTimer.java:57)
	at java.base/java.security.AccessController.doPrivileged(AccessController.java:399)
	at javafx.graphics/javafx.animation.AnimationTimer$AnimationTimerReceiver.handle(AnimationTimer.java:56)
	at javafx.graphics/com.sun.scenario.animation.AbstractPrimaryTimer.timePulseImpl(AbstractPrimaryTimer.java:356)
	at javafx.graphics/com.sun.scenario.animation.AbstractPrimaryTimer$MainLoop.run(AbstractPrimaryTimer.java:266)
	at javafx.graphics/com.sun.javafx.tk.quantum.QuantumToolkit.pulse(QuantumToolkit.java:559)
	at javafx.graphics/com.sun.javafx.tk.quantum.QuantumToolkit.pulse(QuantumToolkit.java:543)
	at javafx.graphics/com.sun.javafx.tk.quantum.QuantumToolkit.pulseFromQueue(QuantumToolkit.java:536)
	at javafx.graphics/com.sun.javafx.tk.quantum.QuantumToolkit.lambda$runToolkit$11(QuantumToolkit.java:342)
	at javafx.graphics/com.sun.glass.ui.InvokeLaterDispatcher$Future.run(InvokeLaterDispatcher.java:96)
	at javafx.graphics/com.sun.glass.ui.win.WinApplication._runLoop(Native Method)
	at javafx.graphics/com.sun.glass.ui.win.WinApplication.lambda$runLoop$3(WinApplication.java:174)
	at java.base/java.lang.Thread.run(Thread.java:833)
Caused by: java.lang.IllegalArgumentException: No EntityFactory has a method annotated @Spawns(ballom_e)
	at com.almasb.fxgl.entity/com.almasb.fxgl.entity.GameWorld.create(GameWorld.kt:413)
	at com.almasb.fxgl.entity/com.almasb.fxgl.entity.level.tiled.TMXLevelLoader.createObjectLayerEntities(TMXLevelLoader.kt:132)
	at com.almasb.fxgl.entity/com.almasb.fxgl.entity.level.tiled.TMXLevelLoader.load(TMXLevelLoader.kt:50)
	... 34 more

11:13:38.381 [JavaFX Application Thread] FATAL FXGLApplication      - Application will now exit
11:13:38.384 [JavaFX Application Thread] DEBUG PrimaryStageWindow   - Push state: ErrorSubScene
11:13:38.384 [JavaFX Application Thread] DEBUG Input                - Clearing active input actions
11:13:38.384 [JavaFX Application Thread] DEBUG GameApplicationServi - Removing overlay from GameScene and adding to ErrorSubScene
11:13:38.385 [JavaFX Application Thread] DEBUG PrimaryStageWindow   - GameScene -> ErrorSubScene
11:13:39.030 [JavaFX Application Thread] DEBUG FXGLApplication      - Exiting FXGL
11:13:39.030 [JavaFX Application Thread] DEBUG Async                - Shutting down background threads
11:13:39.030 [JavaFX Application Thread] DEBUG PrimaryStageWindow   - Closing main window
11:13:39.041 [JavaFX Application Thread] DEBUG Logger               - Closing Logger
