17:41:57.037 [main                     ] DEBUG Logger               - Configured Logger
17:41:57.038 [main                     ] DEBUG GameApplication      - Logging settings
Title: Bomberman
Version: Tram Cam Desu
Width: 1080
Height: 720
Fullscreen: false
Intro: false
Profiling: false
Single step:false
App Mode: DEVELOPER
Menu Key: ESCAPE
Stage Style: DECORATED
Scene Factory: class uet.oop.bomberman.BBMApp$1

17:41:57.315 [JavaFX Application Thread] DEBUG FXGLApplication      - Initializing FXGL
17:41:57.318 [JavaFX Application Thread] INFO  Engine               - FXGL-11.17 (16.07.2021 15.46) on WINDOWS (J:18.0.2.1 FX:16)
17:41:57.319 [JavaFX Application Thread] DEBUG Engine               - JRE Vendor Name: Oracle Corporation
17:41:57.319 [JavaFX Application Thread] DEBUG Engine               - Running on OS: Windows 10 version 10.0
17:41:57.319 [JavaFX Application Thread] DEBUG Engine               - Architecture: amd64
17:41:57.319 [JavaFX Application Thread] INFO  Engine               - Source code and latest versions at: https://github.com/AlmasB/FXGL
17:41:57.319 [JavaFX Application Thread] INFO  Engine               -              Join the FXGL chat at: https://gitter.im/AlmasB/FXGL
17:41:57.387 [JavaFX Application Thread] DEBUG PrimaryStageWindow   - Creating a JavaFX scene
17:41:57.420 [JavaFX Application Thread] DEBUG PrimaryStageWindow   - Target settings size: 1080.0 x 720.0
17:41:57.420 [JavaFX Application Thread] DEBUG PrimaryStageWindow   - Scaled scene size:    1080.0 x 720.0
17:41:57.420 [JavaFX Application Thread] DEBUG PrimaryStageWindow   - Scaled ratio: (1.0, 1.0)
17:41:57.421 [JavaFX Application Thread] DEBUG PrimaryStageWindow   - Set initial scene to FXGLStartupScene
17:41:57.426 [JavaFX Application Thread] DEBUG PrimaryStageWindow   - Opening main window
17:41:57.491 [JavaFX Application Thread] DEBUG PrimaryStageWindow   - Window border size: (14.4000244140625, 37.5999755859375)
17:41:57.491 [JavaFX Application Thread] DEBUG PrimaryStageWindow   - Scaled size: 1080.0 x 720.0
17:41:57.491 [JavaFX Application Thread] DEBUG PrimaryStageWindow   - Scaled ratio: (1.0, 1.0)
17:41:57.491 [JavaFX Application Thread] DEBUG PrimaryStageWindow   - Scene size: 1080.0 x 720.0
17:41:57.491 [JavaFX Application Thread] DEBUG PrimaryStageWindow   - Stage size: 1094.4000244140625 x 757.5999755859375
17:41:57.498 [FXGL Background Thread 1 ] DEBUG Engine               - Initializing environment variables
17:41:57.571 [FXGL Background Thread 1 ] DEBUG FXGLAssetLoaderServi - User app class for loading assets: class uet.oop.bomberman.BBMApp
17:41:57.571 [FXGL Background Thread 1 ] DEBUG GameApplicationServi - Applying CSS: fxgl_dark.css
17:41:57.572 [FXGL Background Thread 1 ] DEBUG FXGLAssetLoaderServi - Loading from file system: jar:file:///C:/Users/Legion%207/.m2/repository/com/github/almasb/fxgl/11.17/fxgl-11.17.jar!/fxglassets/ui/css/fxgl_dark.css
17:41:57.618 [FXGL Background Thread 1 ] DEBUG GameApplicationServi - Initializing application scenes
17:41:57.661 [FXGL Background Thread 1 ] DEBUG GameWorld            - Game world initialized
17:41:57.714 [FXGL Background Thread 1 ] DEBUG PhysicsWorld         - Physics world initialized: appHeight=720, physics.ppm=50.0
17:41:57.715 [FXGL Background Thread 1 ] DEBUG PhysicsWorld         - Using strategy: BRUTE_FORCE
17:41:57.719 [FXGL Background Thread 1 ] DEBUG GameScene            - Game scene initialized: 1080x720
17:41:57.816 [FXGL Background Thread 1 ] DEBUG GameApplicationServi - Application scenes initialized
17:41:57.824 [FXGL Background Thread 1 ] DEBUG SystemBundleService  - Loading FXGL system data
17:41:57.828 [FXGL Background Thread 1 ] DEBUG FileSystemAccess     - Reading from: D:\GitHub\bomberman-tramcam-desu\system\fxgl.bundle
17:41:57.833 [FXGL Background Thread 1 ] DEBUG SystemBundleService  - Bundle FXGL: {}
17:41:57.834 [FXGL Background Thread 1 ] DEBUG UpdaterService       - Checking for updates
17:41:57.856 [FXGL Background Thread 4 ] DEBUG FXGLApplication      - Loading fonts
17:41:57.856 [FXGL Background Thread 1 ] DEBUG FXGLApplication      - Loading default localization
17:41:57.856 [FXGL Background Thread 4 ] DEBUG FXGLAssetLoaderServi - Loading from file system: file:/D:/GitHub/bomberman-tramcam-desu/target/classes/assets/ui/fonts/Retro%20Gaming.ttf
17:41:57.857 [FXGL Background Thread 1 ] DEBUG FXGLAssetLoaderServi - Loading from file system: jar:file:///C:/Users/Legion%207/.m2/repository/com/github/almasb/fxgl/11.17/fxgl-11.17.jar!/fxglassets/languages/english.lang
17:41:57.868 [FXGL Background Thread 1 ] INFO  FXGLApplication      - FXGL initialization took: 0.370 sec
17:41:57.879 [JavaFX Application Thread] DEBUG Input                - Registered new binding: Move Up - W
17:41:57.880 [JavaFX Application Thread] DEBUG Input                - Registered new binding: Move Down - S
17:41:57.880 [JavaFX Application Thread] DEBUG Input                - Registered new binding: Move Left - A
17:41:57.880 [JavaFX Application Thread] DEBUG Input                - Registered new binding: Move Right - D
17:41:57.880 [JavaFX Application Thread] DEBUG Input                - Registered new binding: Place Bomb - Space
17:41:57.881 [JavaFX Application Thread] WARN  FXGLAssetLoaderServi - Asset "/assets/music/title_screen.mp3" was not found!
17:41:57.881 [JavaFX Application Thread] WARN  FXGLAssetLoaderServi - Failed to load MUSIC
17:41:57.883 [JavaFX Application Thread] DEBUG AudioPlayer          - Playing music com.almasb.fxgl.audio.Music@833f2ac
17:41:57.883 [JavaFX Application Thread] DEBUG FXGLAssetLoaderServi - Loading from file system: jar:file:///C:/Users/Legion%207/.m2/repository/com/github/almasb/fxgl/11.17/fxgl-11.17.jar!/fxglassets/textures/fxgl_icon.png
17:41:57.896 [JavaFX Application Thread] DEBUG FXGLAssetLoaderServi - Loading from file system: jar:file:///C:/Users/Legion%207/.m2/repository/com/github/almasb/fxgl/11.17/fxgl-11.17.jar!/fxglassets/textures/fxgl_default_cursor.png
17:41:57.901 [JavaFX Application Thread] DEBUG Input                - Registered new binding: Screenshot - CTRL+8
17:41:57.901 [JavaFX Application Thread] DEBUG Input                - Registered new binding: Dev Options - 1
17:41:57.902 [JavaFX Application Thread] DEBUG Input                - Registered new binding: Dev Console - 2
17:41:57.902 [JavaFX Application Thread] DEBUG Input                - Registered new binding: System info dump - CTRL+9
17:41:57.903 [JavaFX Application Thread] DEBUG Input                - Registered new binding: Restart - CTRL+R
17:41:57.903 [JavaFX Application Thread] DEBUG Input                - Registered new binding: Toggle Debug Camera - CTRL+C
17:41:57.906 [JavaFX Application Thread] DEBUG LoopRunner           - Starting loop
17:41:57.920 [JavaFX Application Thread] DEBUG LoopRunner           - Initializing JavaFX AnimationTimerLoop
17:41:57.922 [JavaFX Application Thread] DEBUG Input                - Clearing active input actions
17:41:57.928 [FXGL Background Thread 4 ] DEBUG FXGLAssetLoaderServi - Loading from file system: jar:file:///C:/Users/Legion%207/.m2/repository/com/github/almasb/fxgl/11.17/fxgl-11.17.jar!/fxglassets/ui/fonts/Abel-Regular.ttf
17:41:57.930 [JavaFX Application Thread] DEBUG GameApplicationServi - Removing overlay from FXGLStartupScene and adding to FXGLMainMenuDummyScene
17:41:57.936 [JavaFX Application Thread] DEBUG PrimaryStageWindow   - FXGLStartupScene -> FXGLMainMenuDummyScene
17:41:57.936 [JavaFX Application Thread] DEBUG PrimaryStageWindow   - Push state: BBMMenuStartingScreen
17:41:57.936 [JavaFX Application Thread] DEBUG Input                - Clearing active input actions
17:41:57.937 [FXGL Background Thread 4 ] DEBUG FXGLAssetLoaderServi - Loading from file system: jar:file:///C:/Users/Legion%207/.m2/repository/com/github/almasb/fxgl/11.17/fxgl-11.17.jar!/fxglassets/ui/fonts/lucida_console.ttf
17:41:57.940 [JavaFX Application Thread] DEBUG GameApplicationServi - Removing overlay from FXGLMainMenuDummyScene and adding to BBMMenuStartingScreen
17:41:57.941 [JavaFX Application Thread] DEBUG PrimaryStageWindow   - FXGLMainMenuDummyScene -> BBMMenuStartingScreen
17:41:57.947 [FXGL Background Thread 4 ] DEBUG FXGLAssetLoaderServi - Loading from file system: jar:file:///C:/Users/Legion%207/.m2/repository/com/github/almasb/fxgl/11.17/fxgl-11.17.jar!/fxglassets/ui/fonts/Courier-Prime.ttf
17:41:58.075 [JavaFX Application Thread] DEBUG FXGLApplication      - Registering font factories with UI factory
17:41:58.357 [FXGL Background Thread 2 ] INFO  UpdaterService       - Your current version:  11.17
17:41:58.357 [FXGL Background Thread 2 ] INFO  UpdaterService       - Latest stable version: 17.2
17:42:00.069 [JavaFX Application Thread] DEBUG FXGLApplication      - Exiting FXGL
17:42:00.070 [JavaFX Application Thread] DEBUG LoopRunner           - Stopping loop
17:42:00.070 [JavaFX Application Thread] DEBUG SystemBundleService  - Saving FXGL system data
17:42:00.071 [JavaFX Application Thread] DEBUG FileSystemAccess     - Writing to: D:\GitHub\bomberman-tramcam-desu\system\fxgl.bundle
17:42:00.072 [JavaFX Application Thread] DEBUG Async                - Shutting down background threads
17:42:00.073 [JavaFX Application Thread] DEBUG PrimaryStageWindow   - Closing main window
17:42:00.081 [JavaFX Application Thread] DEBUG Logger               - Closing Logger
