18:51:23.616 [main                     ] DEBUG Logger               - Configured Logger
18:51:23.617 [main                     ] DEBUG GameApplication      - Logging settings
Title: Bomberman
Version: Tram Cam Desu
Width: 1080
Height: 720
Fullscreen: false
Intro: false
Profiling: false
Single step:false
App Mode: DEVELOPER
Menu Key: ESCAPE
Stage Style: DECORATED
Scene Factory: class uet.oop.bomberman.BBMApp$1

18:51:23.898 [JavaFX Application Thread] DEBUG FXGLApplication      - Initializing FXGL
18:51:23.901 [JavaFX Application Thread] INFO  Engine               - FXGL-11.17 (16.07.2021 15.46) on WINDOWS (J:18.0.2.1 FX:16)
18:51:23.901 [JavaFX Application Thread] DEBUG Engine               - JRE Vendor Name: Oracle Corporation
18:51:23.901 [JavaFX Application Thread] DEBUG Engine               - Running on OS: Windows 10 version 10.0
18:51:23.902 [JavaFX Application Thread] DEBUG Engine               - Architecture: amd64
18:51:23.902 [JavaFX Application Thread] INFO  Engine               - Source code and latest versions at: https://github.com/AlmasB/FXGL
18:51:23.902 [JavaFX Application Thread] INFO  Engine               -              Join the FXGL chat at: https://gitter.im/AlmasB/FXGL
18:51:23.971 [JavaFX Application Thread] DEBUG PrimaryStageWindow   - Creating a JavaFX scene
18:51:24.005 [JavaFX Application Thread] DEBUG PrimaryStageWindow   - Target settings size: 1080.0 x 720.0
18:51:24.005 [JavaFX Application Thread] DEBUG PrimaryStageWindow   - Scaled scene size:    1080.0 x 720.0
18:51:24.005 [JavaFX Application Thread] DEBUG PrimaryStageWindow   - Scaled ratio: (1.0, 1.0)
18:51:24.005 [JavaFX Application Thread] DEBUG PrimaryStageWindow   - Set initial scene to FXGLStartupScene
18:51:24.010 [JavaFX Application Thread] DEBUG PrimaryStageWindow   - Opening main window
18:51:24.074 [JavaFX Application Thread] DEBUG PrimaryStageWindow   - Window border size: (14.4000244140625, 37.5999755859375)
18:51:24.074 [JavaFX Application Thread] DEBUG PrimaryStageWindow   - Scaled size: 1080.0 x 720.0
18:51:24.075 [JavaFX Application Thread] DEBUG PrimaryStageWindow   - Scaled ratio: (1.0, 1.0)
18:51:24.075 [JavaFX Application Thread] DEBUG PrimaryStageWindow   - Scene size: 1080.0 x 720.0
18:51:24.075 [JavaFX Application Thread] DEBUG PrimaryStageWindow   - Stage size: 1094.4000244140625 x 757.5999755859375
18:51:24.081 [FXGL Background Thread 1 ] DEBUG Engine               - Initializing environment variables
18:51:24.143 [FXGL Background Thread 1 ] DEBUG FXGLAssetLoaderServi - User app class for loading assets: class uet.oop.bomberman.BBMApp
18:51:24.143 [FXGL Background Thread 1 ] DEBUG GameApplicationServi - Applying CSS: fxgl_dark.css
18:51:24.145 [FXGL Background Thread 1 ] DEBUG FXGLAssetLoaderServi - Loading from file system: jar:file:///C:/Users/Legion%207/.m2/repository/com/github/almasb/fxgl/11.17/fxgl-11.17.jar!/fxglassets/ui/css/fxgl_dark.css
18:51:24.189 [FXGL Background Thread 1 ] DEBUG GameApplicationServi - Initializing application scenes
18:51:24.225 [FXGL Background Thread 1 ] DEBUG GameWorld            - Game world initialized
18:51:24.276 [FXGL Background Thread 1 ] DEBUG PhysicsWorld         - Physics world initialized: appHeight=720, physics.ppm=50.0
18:51:24.277 [FXGL Background Thread 1 ] DEBUG PhysicsWorld         - Using strategy: BRUTE_FORCE
18:51:24.279 [FXGL Background Thread 1 ] DEBUG GameScene            - Game scene initialized: 1080x720
18:51:24.382 [FXGL Background Thread 1 ] DEBUG GameApplicationServi - Application scenes initialized
18:51:24.395 [FXGL Background Thread 1 ] DEBUG SystemBundleService  - Loading FXGL system data
18:51:24.400 [FXGL Background Thread 1 ] DEBUG FileSystemAccess     - Reading from: D:\GitHub\bomberman-tramcam-desu\system\fxgl.bundle
18:51:24.407 [FXGL Background Thread 1 ] DEBUG SystemBundleService  - Bundle FXGL: {}
18:51:24.407 [FXGL Background Thread 1 ] DEBUG UpdaterService       - Checking for updates
18:51:24.434 [FXGL Background Thread 4 ] DEBUG FXGLApplication      - Loading fonts
18:51:24.434 [FXGL Background Thread 1 ] DEBUG FXGLApplication      - Loading default localization
18:51:24.434 [FXGL Background Thread 4 ] DEBUG FXGLAssetLoaderServi - Loading from file system: file:/D:/GitHub/bomberman-tramcam-desu/target/classes/assets/ui/fonts/Retro%20Gaming.ttf
18:51:24.434 [FXGL Background Thread 1 ] DEBUG FXGLAssetLoaderServi - Loading from file system: jar:file:///C:/Users/Legion%207/.m2/repository/com/github/almasb/fxgl/11.17/fxgl-11.17.jar!/fxglassets/languages/english.lang
18:51:24.447 [FXGL Background Thread 1 ] INFO  FXGLApplication      - FXGL initialization took: 0.365 sec
18:51:24.456 [JavaFX Application Thread] DEBUG Input                - Registered new binding: Move Up - W
18:51:24.456 [JavaFX Application Thread] DEBUG Input                - Registered new binding: Move Down - S
18:51:24.456 [JavaFX Application Thread] DEBUG Input                - Registered new binding: Move Left - A
18:51:24.456 [JavaFX Application Thread] DEBUG Input                - Registered new binding: Move Right - D
18:51:24.456 [JavaFX Application Thread] DEBUG Input                - Registered new binding: Place Bomb - Space
18:51:24.457 [JavaFX Application Thread] DEBUG FXGLAssetLoaderServi - Loading from file system: file:/D:/GitHub/bomberman-tramcam-desu/target/classes/assets/music/MenuMusic.mp3
18:51:24.509 [FXGL Background Thread 4 ] DEBUG FXGLAssetLoaderServi - Loading from file system: jar:file:///C:/Users/Legion%207/.m2/repository/com/github/almasb/fxgl/11.17/fxgl-11.17.jar!/fxglassets/ui/fonts/Abel-Regular.ttf
18:51:24.515 [FXGL Background Thread 4 ] DEBUG FXGLAssetLoaderServi - Loading from file system: jar:file:///C:/Users/Legion%207/.m2/repository/com/github/almasb/fxgl/11.17/fxgl-11.17.jar!/fxglassets/ui/fonts/lucida_console.ttf
18:51:24.523 [FXGL Background Thread 4 ] DEBUG FXGLAssetLoaderServi - Loading from file system: jar:file:///C:/Users/Legion%207/.m2/repository/com/github/almasb/fxgl/11.17/fxgl-11.17.jar!/fxglassets/ui/fonts/Courier-Prime.ttf
18:51:24.571 [JavaFX Application Thread] DEBUG AudioPlayer          - Playing music com.almasb.fxgl.audio.Music@3378023b
18:51:24.571 [JavaFX Application Thread] DEBUG FXGLAssetLoaderServi - Loading from file system: jar:file:///C:/Users/Legion%207/.m2/repository/com/github/almasb/fxgl/11.17/fxgl-11.17.jar!/fxglassets/textures/fxgl_icon.png
18:51:24.588 [JavaFX Application Thread] DEBUG FXGLAssetLoaderServi - Loading from file system: jar:file:///C:/Users/Legion%207/.m2/repository/com/github/almasb/fxgl/11.17/fxgl-11.17.jar!/fxglassets/textures/fxgl_default_cursor.png
18:51:24.589 [JavaFX Application Thread] DEBUG Input                - Registered new binding: Screenshot - CTRL+8
18:51:24.589 [JavaFX Application Thread] DEBUG Input                - Registered new binding: Dev Options - 1
18:51:24.590 [JavaFX Application Thread] DEBUG Input                - Registered new binding: Dev Console - 2
18:51:24.590 [JavaFX Application Thread] DEBUG Input                - Registered new binding: System info dump - CTRL+9
18:51:24.590 [JavaFX Application Thread] DEBUG Input                - Registered new binding: Restart - CTRL+R
18:51:24.590 [JavaFX Application Thread] DEBUG Input                - Registered new binding: Toggle Debug Camera - CTRL+C
18:51:24.595 [JavaFX Application Thread] DEBUG LoopRunner           - Starting loop
18:51:24.605 [JavaFX Application Thread] DEBUG LoopRunner           - Initializing JavaFX AnimationTimerLoop
18:51:24.606 [JavaFX Application Thread] DEBUG Input                - Clearing active input actions
18:51:24.613 [JavaFX Application Thread] DEBUG GameApplicationServi - Removing overlay from FXGLStartupScene and adding to FXGLMainMenuDummyScene
18:51:24.617 [JavaFX Application Thread] DEBUG PrimaryStageWindow   - FXGLStartupScene -> FXGLMainMenuDummyScene
18:51:24.618 [JavaFX Application Thread] DEBUG PrimaryStageWindow   - Push state: BBMMenuStartingScreen
18:51:24.618 [JavaFX Application Thread] DEBUG Input                - Clearing active input actions
18:51:24.620 [JavaFX Application Thread] DEBUG GameApplicationServi - Removing overlay from FXGLMainMenuDummyScene and adding to BBMMenuStartingScreen
18:51:24.621 [JavaFX Application Thread] DEBUG PrimaryStageWindow   - FXGLMainMenuDummyScene -> BBMMenuStartingScreen
18:51:24.621 [JavaFX Application Thread] DEBUG FXGLApplication      - Registering font factories with UI factory
18:51:24.948 [FXGL Background Thread 2 ] INFO  UpdaterService       - Your current version:  11.17
18:51:24.949 [FXGL Background Thread 2 ] INFO  UpdaterService       - Latest stable version: 17.2
18:51:25.791 [JavaFX Application Thread] DEBUG Menu                 - fireNewGame()
18:51:25.791 [JavaFX Application Thread] DEBUG GameApplicationServi - Starting new game
18:51:25.791 [JavaFX Application Thread] DEBUG PrimaryStageWindow   - Pop state: BBMMenuStartingScreen
18:51:25.791 [JavaFX Application Thread] DEBUG Input                - Clearing active input actions
18:51:25.792 [JavaFX Application Thread] DEBUG GameApplicationServi - Removing overlay from BBMMenuStartingScreen and adding to FXGLMainMenuDummyScene
18:51:25.794 [JavaFX Application Thread] DEBUG PrimaryStageWindow   - FXGLMainMenuDummyScene <- BBMMenuStartingScreen
18:51:25.794 [JavaFX Application Thread] DEBUG Input                - Clearing active input actions
18:51:25.801 [JavaFX Application Thread] DEBUG GameApplicationServi - Removing overlay from FXGLMainMenuDummyScene and adding to FXGLLoadingScene
18:51:25.802 [JavaFX Application Thread] DEBUG PrimaryStageWindow   - FXGLMainMenuDummyScene -> FXGLLoadingScene
18:51:25.802 [JavaFX Application Thread] DEBUG GameApplicationServi - Clearing previous game
18:51:25.802 [JavaFX Application Thread] DEBUG GameScene            - Clearing game scene
18:51:25.802 [JavaFX Application Thread] DEBUG GameWorld            - Clearing game world
18:51:25.802 [JavaFX Application Thread] DEBUG PhysicsWorld         - Clearing physics world
18:51:25.805 [FXGL Background Thread 2 ] DEBUG FXGLApplication      - Initializing game
18:51:25.836 [FXGL Background Thread 2 ] DEBUG FXGLAssetLoaderServi - Loading from file system: file:/D:/GitHub/bomberman-tramcam-desu/target/classes/assets/sounds/GameStarted.wav
18:51:25.892 [FXGL Background Thread 2 ] INFO  FXGLApplication      - Game initialization took: 0.088 sec
18:51:25.894 [JavaFX Application Thread] DEBUG Input                - Clearing active input actions
18:51:25.901 [JavaFX Application Thread] DEBUG GameApplicationServi - Removing overlay from FXGLLoadingScene and adding to GameScene
18:51:25.903 [JavaFX Application Thread] DEBUG PrimaryStageWindow   - FXGLLoadingScene -> GameScene
18:51:27.434 [FXGL Background Thread 3 ] DEBUG Engine               - Logging environment variables
18:51:27.434 [FXGL Background Thread 3 ] DEBUG Engine               - achievements: []
18:51:27.434 [FXGL Background Thread 3 ] DEBUG Engine               - actualHeight: 720.0
18:51:27.435 [FXGL Background Thread 3 ] DEBUG Engine               - actualHeightProperty: ReadOnlyDoubleProperty [value: 720.0]
18:51:27.435 [FXGL Background Thread 3 ] DEBUG Engine               - actualWidth: 1080.0
18:51:27.435 [FXGL Background Thread 3 ] DEBUG Engine               - actualWidthProperty: ReadOnlyDoubleProperty [value: 1080.0]
18:51:27.435 [FXGL Background Thread 3 ] DEBUG Engine               - appIcon: fxgl_icon.png
18:51:27.435 [FXGL Background Thread 3 ] DEBUG Engine               - applicationMode: DEVELOPER
18:51:27.435 [FXGL Background Thread 3 ] DEBUG Engine               - cSSList: [fxgl_dark.css]
18:51:27.435 [FXGL Background Thread 3 ] DEBUG Engine               - collisionDetectionStrategy: BRUTE_FORCE
18:51:27.435 [FXGL Background Thread 3 ] DEBUG Engine               - configClass: Optional.empty
18:51:27.435 [FXGL Background Thread 3 ] DEBUG Engine               - credits: []
18:51:27.435 [FXGL Background Thread 3 ] DEBUG Engine               - defaultCursor: CursorInfo(imageName=fxgl_default_cursor.png, hotspotX=7.0, hotspotY=6.0)
18:51:27.435 [FXGL Background Thread 3 ] DEBUG Engine               - devBBoxColorProperty: ObjectProperty [value: 0xff0000ff]
18:51:27.435 [FXGL Background Thread 3 ] DEBUG Engine               - devEnableDebugCameraProperty: BooleanProperty [value: false]
18:51:27.436 [FXGL Background Thread 3 ] DEBUG Engine               - devSensorColorProperty: ObjectProperty [value: 0xffff00ff]
18:51:27.436 [FXGL Background Thread 3 ] DEBUG Engine               - devShowBBoxProperty: BooleanProperty [value: false]
18:51:27.436 [FXGL Background Thread 3 ] DEBUG Engine               - devShowPositionProperty: BooleanProperty [value: false]
18:51:27.436 [FXGL Background Thread 3 ] DEBUG Engine               - enabledMenuItems: []
18:51:27.436 [FXGL Background Thread 3 ] DEBUG Engine               - engineServices: [class com.almasb.fxgl.app.services.FXGLAssetLoaderService, class com.almasb.fxgl.app.FXGLApplication$GameApplicationService, class com.almasb.fxgl.app.services.FXGLDialogService, class com.almasb.fxgl.app.services.IOTaskExecutorService, class com.almasb.fxgl.io.FileSystemService, class com.almasb.fxgl.localization.LocalizationService, class com.almasb.fxgl.app.services.SystemBundleService, class com.almasb.fxgl.profile.SaveLoadService, class com.almasb.fxgl.ui.FXGLUIFactoryServiceProvider, class com.almasb.fxgl.ui.FXGLDialogFactoryServiceProvider, class com.almasb.fxgl.audio.AudioPlayer, class com.almasb.fxgl.notification.impl.NotificationServiceProvider, class com.almasb.fxgl.achievement.AchievementService, class com.almasb.fxgl.cutscene.CutsceneService, class com.almasb.fxgl.minigames.MiniGameService, class com.almasb.fxgl.net.NetService, class com.almasb.fxgl.app.services.UpdaterService, class com.almasb.fxgl.dev.DevService]
18:51:27.436 [FXGL Background Thread 3 ] DEBUG Engine               - fontGame: Abel-Regular.ttf
18:51:27.436 [FXGL Background Thread 3 ] DEBUG Engine               - fontMono: lucida_console.ttf
18:51:27.436 [FXGL Background Thread 3 ] DEBUG Engine               - fontText: Courier-Prime.ttf
18:51:27.436 [FXGL Background Thread 3 ] DEBUG Engine               - fontUI: Retro Gaming.ttf
18:51:27.436 [FXGL Background Thread 3 ] DEBUG Engine               - fullScreen: BooleanProperty [value: false]
18:51:27.436 [FXGL Background Thread 3 ] DEBUG Engine               - gameDifficulty: MEDIUM
18:51:27.436 [FXGL Background Thread 3 ] DEBUG Engine               - gameDifficultyProperty: ObjectProperty [value: MEDIUM]
18:51:27.436 [FXGL Background Thread 3 ] DEBUG Engine               - globalMusicVolume: 0.5
18:51:27.436 [FXGL Background Thread 3 ] DEBUG Engine               - globalMusicVolumeProperty: DoubleProperty [value: 0.0]
18:51:27.436 [FXGL Background Thread 3 ] DEBUG Engine               - globalSoundVolume: 0.5
18:51:27.436 [FXGL Background Thread 3 ] DEBUG Engine               - globalSoundVolumeProperty: DoubleProperty [value: 0.4]
18:51:27.437 [FXGL Background Thread 3 ] DEBUG Engine               - height: 720
18:51:27.437 [FXGL Background Thread 3 ] DEBUG Engine               - is3D: false
18:51:27.437 [FXGL Background Thread 3 ] DEBUG Engine               - isAndroid: false
18:51:27.437 [FXGL Background Thread 3 ] DEBUG Engine               - isBrowser: false
18:51:27.437 [FXGL Background Thread 3 ] DEBUG Engine               - isClickFeedbackEnabled: false
18:51:27.437 [FXGL Background Thread 3 ] DEBUG Engine               - isCloseConfirmation: false
18:51:27.437 [FXGL Background Thread 3 ] DEBUG Engine               - isDesktop: true
18:51:27.437 [FXGL Background Thread 3 ] DEBUG Engine               - isDeveloperMenuEnabled: true
18:51:27.437 [FXGL Background Thread 3 ] DEBUG Engine               - isEntityPreloadEnabled: true
18:51:27.437 [FXGL Background Thread 3 ] DEBUG Engine               - isExperimentalTiledLargeMap: false
18:51:27.437 [FXGL Background Thread 3 ] DEBUG Engine               - isFileSystemWriteAllowed: true
18:51:27.437 [FXGL Background Thread 3 ] DEBUG Engine               - isFullScreenAllowed: false
18:51:27.437 [FXGL Background Thread 3 ] DEBUG Engine               - isFullScreenFromStart: false
18:51:27.437 [FXGL Background Thread 3 ] DEBUG Engine               - isGameMenuEnabled: true
18:51:27.437 [FXGL Background Thread 3 ] DEBUG Engine               - isIOS: false
18:51:27.437 [FXGL Background Thread 3 ] DEBUG Engine               - isIntroEnabled: false
18:51:27.437 [FXGL Background Thread 3 ] DEBUG Engine               - isLinux: false
18:51:27.437 [FXGL Background Thread 3 ] DEBUG Engine               - isMac: false
18:51:27.438 [FXGL Background Thread 3 ] DEBUG Engine               - isMainMenuEnabled: true
18:51:27.438 [FXGL Background Thread 3 ] DEBUG Engine               - isManualResizeEnabled: true
18:51:27.438 [FXGL Background Thread 3 ] DEBUG Engine               - isMobile: false
18:51:27.438 [FXGL Background Thread 3 ] DEBUG Engine               - isNative: false
18:51:27.438 [FXGL Background Thread 3 ] DEBUG Engine               - isPauseMusicWhenMinimized: true
18:51:27.438 [FXGL Background Thread 3 ] DEBUG Engine               - isPreserveResizeRatio: true
18:51:27.438 [FXGL Background Thread 3 ] DEBUG Engine               - isProfilingEnabled: false
18:51:27.438 [FXGL Background Thread 3 ] DEBUG Engine               - isScaleAffectedOnResize: true
18:51:27.438 [FXGL Background Thread 3 ] DEBUG Engine               - isSingleStep: false
18:51:27.438 [FXGL Background Thread 3 ] DEBUG Engine               - isUserProfileEnabled: false
18:51:27.438 [FXGL Background Thread 3 ] DEBUG Engine               - isWindows: true
18:51:27.438 [FXGL Background Thread 3 ] DEBUG Engine               - language: ObjectProperty [value: ENGLISH]
18:51:27.438 [FXGL Background Thread 3 ] DEBUG Engine               - menuKey: ESCAPE
18:51:27.438 [FXGL Background Thread 3 ] DEBUG Engine               - mouseSensitivity: 0.2
18:51:27.438 [FXGL Background Thread 3 ] DEBUG Engine               - notificationViewClass: class com.almasb.fxgl.notification.view.XboxNotificationView
18:51:27.438 [FXGL Background Thread 3 ] DEBUG Engine               - pixelsPerMeter: 50.0
18:51:27.438 [FXGL Background Thread 3 ] DEBUG Engine               - platform: WINDOWS
18:51:27.438 [FXGL Background Thread 3 ] DEBUG Engine               - prefHeightProperty: ReadOnlyDoubleProperty [value: 720.0]
18:51:27.438 [FXGL Background Thread 3 ] DEBUG Engine               - prefWidthProperty: ReadOnlyDoubleProperty [value: 1080.0]
18:51:27.438 [FXGL Background Thread 3 ] DEBUG Engine               - profileDir: profiles/
18:51:27.438 [FXGL Background Thread 3 ] DEBUG Engine               - profileName: StringProperty [value: DEFAULT]
18:51:27.439 [FXGL Background Thread 3 ] DEBUG Engine               - randomSeed: -1
18:51:27.439 [FXGL Background Thread 3 ] DEBUG Engine               - runtimeInfo: RuntimeInfo(platform=WINDOWS, version=11.17, build=16.07.2021 15.46)
18:51:27.439 [FXGL Background Thread 3 ] DEBUG Engine               - saveFileExt: sav
18:51:27.439 [FXGL Background Thread 3 ] DEBUG Engine               - scaledHeightProp$fxgl: DoubleProperty [bound, value: 720.0]
18:51:27.439 [FXGL Background Thread 3 ] DEBUG Engine               - scaledWidthProp$fxgl: DoubleProperty [bound, value: 1080.0]
18:51:27.439 [FXGL Background Thread 3 ] DEBUG Engine               - sceneFactory: uet.oop.bomberman.BBMApp$1@54e1e1a5
18:51:27.439 [FXGL Background Thread 3 ] DEBUG Engine               - secondsIn24h: 60
18:51:27.439 [FXGL Background Thread 3 ] DEBUG Engine               - soundMenuBack: menu/back.wav
18:51:27.439 [FXGL Background Thread 3 ] DEBUG Engine               - soundMenuPress: menu/press.wav
18:51:27.439 [FXGL Background Thread 3 ] DEBUG Engine               - soundMenuSelect: menu/select.wav
18:51:27.439 [FXGL Background Thread 3 ] DEBUG Engine               - soundNotification: core/notification.wav
18:51:27.439 [FXGL Background Thread 3 ] DEBUG Engine               - stageStyle: DECORATED
18:51:27.439 [FXGL Background Thread 3 ] DEBUG Engine               - supportedLanguages: [ENGLISH, FRENCH, GERMAN, HUNGARIAN, RUSSIAN]
18:51:27.439 [FXGL Background Thread 3 ] DEBUG Engine               - ticksPerSecond: -1
18:51:27.439 [FXGL Background Thread 3 ] DEBUG Engine               - title: Bomberman
18:51:27.439 [FXGL Background Thread 3 ] DEBUG Engine               - urlGithub: https://github.com/AlmasB/FXGL
18:51:27.440 [FXGL Background Thread 3 ] DEBUG Engine               - urlLeaderboard: http://fxgl-top.herokuapp.com/
18:51:27.440 [FXGL Background Thread 3 ] DEBUG Engine               - urlPOM: https://raw.githubusercontent.com/AlmasB/FXGL/release/README.md
18:51:27.440 [FXGL Background Thread 3 ] DEBUG Engine               - userAppClass: class uet.oop.bomberman.BBMApp
18:51:27.440 [FXGL Background Thread 3 ] DEBUG Engine               - version: Tram Cam Desu
18:51:27.440 [FXGL Background Thread 3 ] DEBUG Engine               - versionCheckDays: 7
18:51:27.440 [FXGL Background Thread 3 ] DEBUG Engine               - width: 1080
18:51:27.440 [FXGL Background Thread 3 ] DEBUG Engine               - Logging services
18:51:27.440 [FXGL Background Thread 3 ] DEBUG Engine               - class com.almasb.fxgl.app.services.FXGLAssetLoaderService
18:51:27.440 [FXGL Background Thread 3 ] DEBUG Engine               - class com.almasb.fxgl.app.FXGLApplication$GameApplicationService
18:51:27.440 [FXGL Background Thread 3 ] DEBUG Engine               - class com.almasb.fxgl.app.services.FXGLDialogService
18:51:27.440 [FXGL Background Thread 3 ] DEBUG Engine               - class com.almasb.fxgl.app.services.IOTaskExecutorService
18:51:27.440 [FXGL Background Thread 3 ] DEBUG Engine               - class com.almasb.fxgl.io.FileSystemService
18:51:27.440 [FXGL Background Thread 3 ] DEBUG Engine               - class com.almasb.fxgl.localization.LocalizationService
18:51:27.440 [FXGL Background Thread 3 ] DEBUG Engine               - class com.almasb.fxgl.app.services.SystemBundleService
18:51:27.440 [FXGL Background Thread 3 ] DEBUG Engine               - class com.almasb.fxgl.profile.SaveLoadService
18:51:27.440 [FXGL Background Thread 3 ] DEBUG Engine               - class com.almasb.fxgl.ui.FXGLUIFactoryServiceProvider
18:51:27.440 [FXGL Background Thread 3 ] DEBUG Engine               - class com.almasb.fxgl.ui.FXGLDialogFactoryServiceProvider
18:51:27.440 [FXGL Background Thread 3 ] DEBUG Engine               - class com.almasb.fxgl.audio.AudioPlayer
18:51:27.440 [FXGL Background Thread 3 ] DEBUG Engine               - class com.almasb.fxgl.notification.impl.NotificationServiceProvider
18:51:27.440 [FXGL Background Thread 3 ] DEBUG Engine               - class com.almasb.fxgl.achievement.AchievementService
18:51:27.440 [FXGL Background Thread 3 ] DEBUG Engine               - class com.almasb.fxgl.cutscene.CutsceneService
18:51:27.440 [FXGL Background Thread 3 ] DEBUG Engine               - class com.almasb.fxgl.minigames.MiniGameService
18:51:27.440 [FXGL Background Thread 3 ] DEBUG Engine               - class com.almasb.fxgl.net.NetService
18:51:27.441 [FXGL Background Thread 3 ] DEBUG Engine               - class com.almasb.fxgl.app.services.UpdaterService
18:51:27.441 [FXGL Background Thread 3 ] DEBUG Engine               - class com.almasb.fxgl.dev.DevService
18:51:28.689 [JavaFX Application Thread] WARN  TMXLevelLoader       - TiledMap generated from 1.7.2. Supported version: 1.2.3. Some features may not be parsed fully.
18:51:28.710 [JavaFX Application Thread] DEBUG TMXLevelLoader       - Parsed TiledMap: file:/D:/GitHub/bomberman-tramcam-desu/target/classes/assets/levels/level1.tmx
18:51:28.710 [JavaFX Application Thread] DEBUG TMXLevelLoader       - Creating tile layer entities
18:51:28.711 [JavaFX Application Thread] DEBUG TilesetLoader        - Loading view for layer Tile Layer 1
18:51:28.714 [JavaFX Application Thread] DEBUG TilesetLoader        - Created buffer with size 1488.0x720.0
18:51:28.798 [JavaFX Application Thread] DEBUG TMXLevelLoader       - Creating object layer entities
18:51:28.802 [JavaFX Application Thread] DEBUG FXGLAssetLoaderServi - Loading from file system: file:/D:/GitHub/bomberman-tramcam-desu/target/classes/assets/textures/photo/powerup_immortal.png
18:51:28.805 [JavaFX Application Thread] DEBUG FXGLAssetLoaderServi - Loading from file system: file:/D:/GitHub/bomberman-tramcam-desu/target/classes/assets/textures/photo/powerup_speed.png
18:51:28.808 [JavaFX Application Thread] DEBUG FXGLAssetLoaderServi - Loading from file system: file:/D:/GitHub/bomberman-tramcam-desu/target/classes/assets/textures/photo/powerup_flames.png
18:51:28.809 [JavaFX Application Thread] DEBUG FXGLAssetLoaderServi - Loading from file system: file:/D:/GitHub/bomberman-tramcam-desu/target/classes/assets/textures/photo/powerup_bombs.png
18:51:28.812 [JavaFX Application Thread] DEBUG FXGLAssetLoaderServi - Loading from file system: file:/D:/GitHub/bomberman-tramcam-desu/target/classes/assets/textures/photo/portal.png
18:51:28.813 [JavaFX Application Thread] DEBUG FXGLAssetLoaderServi - Loading from file system: file:/D:/GitHub/bomberman-tramcam-desu/target/classes/assets/textures/sprites.png
18:51:28.892 [JavaFX Application Thread] DEBUG GameWorld            - Clearing removable entities
18:51:28.893 [JavaFX Application Thread] DEBUG GameWorld            - Setting level: com.almasb.fxgl.entity.level.Level@2e337580
18:51:28.941 [JavaFX Application Thread] DEBUG FXGLAssetLoaderServi - Loading from file system: file:/D:/GitHub/bomberman-tramcam-desu/target/classes/assets/sounds/walk_2.wav
18:51:31.925 [JavaFX Application Thread] DEBUG FXGLAssetLoaderServi - Loading from file system: file:/D:/GitHub/bomberman-tramcam-desu/target/classes/assets/sounds/BombPlaced.wav
18:51:34.273 [JavaFX Application Thread] DEBUG FXGLAssetLoaderServi - Loading from file system: file:/D:/GitHub/bomberman-tramcam-desu/target/classes/assets/sounds/BombExploding.wav
18:51:39.232 [JavaFX Application Thread] DEBUG FXGLAssetLoaderServi - Loading from file system: file:/D:/GitHub/bomberman-tramcam-desu/target/classes/assets/sounds/power_up.wav
18:51:41.570 [JavaFX Application Thread] DEBUG FXGLAssetLoaderServi - Loading from file system: file:/D:/GitHub/bomberman-tramcam-desu/target/classes/assets/sounds/walk_1.wav
18:51:42.547 [JavaFX Application Thread] DEBUG FXGLApplication      - Exiting FXGL
18:51:42.547 [JavaFX Application Thread] DEBUG LoopRunner           - Stopping loop
18:51:42.548 [JavaFX Application Thread] DEBUG SystemBundleService  - Saving FXGL system data
18:51:42.549 [JavaFX Application Thread] DEBUG FileSystemAccess     - Writing to: D:\GitHub\bomberman-tramcam-desu\system\fxgl.bundle
18:51:42.551 [JavaFX Application Thread] DEBUG Async                - Shutting down background threads
18:51:42.552 [JavaFX Application Thread] DEBUG PrimaryStageWindow   - Closing main window
18:51:42.563 [JavaFX Application Thread] DEBUG Logger               - Closing Logger
