13:48:31.636 [main                     ] DEBUG Logger               - Configured Logger
13:48:31.637 [main                     ] DEBUG GameApplication      - Logging settings
Title: Bomberman
Version: Tram Cam Desu
Width: 1080
Height: 720
Fullscreen: false
Intro: false
Profiling: false
Single step:false
App Mode: DEVELOPER
Menu Key: ESCAPE
Stage Style: DECORATED
Scene Factory: class uet.oop.bomberman.BBMApp$1

13:48:31.883 [JavaFX Application Thread] DEBUG FXGLApplication      - Initializing FXGL
13:48:31.884 [JavaFX Application Thread] INFO  Engine               - FXGL-11.17 (16.07.2021 15.46) on WINDOWS (J:18.0.2.1 FX:16)
13:48:31.885 [JavaFX Application Thread] DEBUG Engine               - JRE Vendor Name: Oracle Corporation
13:48:31.885 [JavaFX Application Thread] DEBUG Engine               - Running on OS: Windows 10 version 10.0
13:48:31.885 [JavaFX Application Thread] DEBUG Engine               - Architecture: amd64
13:48:31.885 [JavaFX Application Thread] INFO  Engine               - Source code and latest versions at: https://github.com/AlmasB/FXGL
13:48:31.885 [JavaFX Application Thread] INFO  Engine               -              Join the FXGL chat at: https://gitter.im/AlmasB/FXGL
13:48:31.946 [JavaFX Application Thread] DEBUG PrimaryStageWindow   - Creating a JavaFX scene
13:48:31.979 [JavaFX Application Thread] DEBUG PrimaryStageWindow   - Target settings size: 1080.0 x 720.0
13:48:31.979 [JavaFX Application Thread] DEBUG PrimaryStageWindow   - Scaled scene size:    1080.0 x 720.0
13:48:31.979 [JavaFX Application Thread] DEBUG PrimaryStageWindow   - Scaled ratio: (1.0, 1.0)
13:48:31.979 [JavaFX Application Thread] DEBUG PrimaryStageWindow   - Set initial scene to FXGLStartupScene
13:48:31.984 [JavaFX Application Thread] DEBUG PrimaryStageWindow   - Opening main window
13:48:32.045 [JavaFX Application Thread] DEBUG PrimaryStageWindow   - Window border size: (14.4000244140625, 37.5999755859375)
13:48:32.046 [JavaFX Application Thread] DEBUG PrimaryStageWindow   - Scaled size: 1080.0 x 720.0
13:48:32.046 [JavaFX Application Thread] DEBUG PrimaryStageWindow   - Scaled ratio: (1.0, 1.0)
13:48:32.046 [JavaFX Application Thread] DEBUG PrimaryStageWindow   - Scene size: 1080.0 x 720.0
13:48:32.046 [JavaFX Application Thread] DEBUG PrimaryStageWindow   - Stage size: 1094.4000244140625 x 757.5999755859375
13:48:32.053 [FXGL Background Thread 1 ] DEBUG Engine               - Initializing environment variables
13:48:32.116 [FXGL Background Thread 1 ] DEBUG FXGLAssetLoaderServi - User app class for loading assets: class uet.oop.bomberman.BBMApp
13:48:32.116 [FXGL Background Thread 1 ] DEBUG GameApplicationServi - Applying CSS: fxgl_dark.css
13:48:32.117 [FXGL Background Thread 1 ] DEBUG FXGLAssetLoaderServi - Loading from file system: jar:file:///C:/Users/Legion%207/.m2/repository/com/github/almasb/fxgl/11.17/fxgl-11.17.jar!/fxglassets/ui/css/fxgl_dark.css
13:48:32.155 [FXGL Background Thread 1 ] DEBUG GameApplicationServi - Initializing application scenes
13:48:32.201 [FXGL Background Thread 1 ] DEBUG GameWorld            - Game world initialized
13:48:32.246 [FXGL Background Thread 1 ] DEBUG PhysicsWorld         - Physics world initialized: appHeight=720, physics.ppm=50.0
13:48:32.246 [FXGL Background Thread 1 ] DEBUG PhysicsWorld         - Using strategy: BRUTE_FORCE
13:48:32.248 [FXGL Background Thread 1 ] DEBUG GameScene            - Game scene initialized: 1080x720
13:48:32.331 [FXGL Background Thread 1 ] DEBUG GameApplicationServi - Application scenes initialized
13:48:32.344 [FXGL Background Thread 1 ] DEBUG SystemBundleService  - Loading FXGL system data
13:48:32.349 [FXGL Background Thread 1 ] DEBUG FileSystemAccess     - Reading from: D:\GitHub\bomberman-tramcam-desu\system\fxgl.bundle
13:48:32.357 [FXGL Background Thread 1 ] DEBUG SystemBundleService  - Bundle FXGL: {}
13:48:32.357 [FXGL Background Thread 1 ] DEBUG UpdaterService       - Checking for updates
13:48:32.381 [FXGL Background Thread 4 ] DEBUG FXGLApplication      - Loading fonts
13:48:32.382 [FXGL Background Thread 1 ] DEBUG FXGLApplication      - Loading default localization
13:48:32.382 [FXGL Background Thread 4 ] DEBUG FXGLAssetLoaderServi - Loading from file system: file:/D:/GitHub/bomberman-tramcam-desu/target/classes/assets/ui/fonts/Retro%20Gaming.ttf
13:48:32.382 [FXGL Background Thread 1 ] DEBUG FXGLAssetLoaderServi - Loading from file system: jar:file:///C:/Users/Legion%207/.m2/repository/com/github/almasb/fxgl/11.17/fxgl-11.17.jar!/fxglassets/languages/english.lang
13:48:32.393 [FXGL Background Thread 1 ] INFO  FXGLApplication      - FXGL initialization took: 0.341 sec
13:48:32.404 [JavaFX Application Thread] DEBUG Input                - Registered new binding: Move Up - W
13:48:32.404 [JavaFX Application Thread] DEBUG Input                - Registered new binding: Move Down - S
13:48:32.405 [JavaFX Application Thread] DEBUG Input                - Registered new binding: Move Left - A
13:48:32.405 [JavaFX Application Thread] DEBUG Input                - Registered new binding: Move Right - D
13:48:32.405 [JavaFX Application Thread] DEBUG Input                - Registered new binding: Place Bomb - Space
13:48:32.406 [JavaFX Application Thread] WARN  FXGLAssetLoaderServi - Asset "/assets/music/title_screen.mp3" was not found!
13:48:32.406 [JavaFX Application Thread] WARN  FXGLAssetLoaderServi - Failed to load MUSIC
13:48:32.407 [JavaFX Application Thread] DEBUG AudioPlayer          - Playing music com.almasb.fxgl.audio.Music@7be18506
13:48:32.407 [JavaFX Application Thread] DEBUG FXGLAssetLoaderServi - Loading from file system: jar:file:///C:/Users/Legion%207/.m2/repository/com/github/almasb/fxgl/11.17/fxgl-11.17.jar!/fxglassets/textures/fxgl_icon.png
13:48:32.422 [JavaFX Application Thread] DEBUG FXGLAssetLoaderServi - Loading from file system: jar:file:///C:/Users/Legion%207/.m2/repository/com/github/almasb/fxgl/11.17/fxgl-11.17.jar!/fxglassets/textures/fxgl_default_cursor.png
13:48:32.424 [JavaFX Application Thread] DEBUG Input                - Registered new binding: Screenshot - CTRL+8
13:48:32.424 [JavaFX Application Thread] DEBUG Input                - Registered new binding: Dev Options - 1
13:48:32.424 [JavaFX Application Thread] DEBUG Input                - Registered new binding: Dev Console - 2
13:48:32.425 [JavaFX Application Thread] DEBUG Input                - Registered new binding: System info dump - CTRL+9
13:48:32.425 [JavaFX Application Thread] DEBUG Input                - Registered new binding: Restart - CTRL+R
13:48:32.426 [JavaFX Application Thread] DEBUG Input                - Registered new binding: Toggle Debug Camera - CTRL+C
13:48:32.428 [JavaFX Application Thread] DEBUG LoopRunner           - Starting loop
13:48:32.440 [JavaFX Application Thread] DEBUG LoopRunner           - Initializing JavaFX AnimationTimerLoop
13:48:32.442 [JavaFX Application Thread] DEBUG Input                - Clearing active input actions
13:48:32.451 [JavaFX Application Thread] DEBUG GameApplicationServi - Removing overlay from FXGLStartupScene and adding to FXGLMainMenuDummyScene
13:48:32.454 [FXGL Background Thread 4 ] DEBUG FXGLAssetLoaderServi - Loading from file system: jar:file:///C:/Users/Legion%207/.m2/repository/com/github/almasb/fxgl/11.17/fxgl-11.17.jar!/fxglassets/ui/fonts/Abel-Regular.ttf
13:48:32.455 [JavaFX Application Thread] DEBUG PrimaryStageWindow   - FXGLStartupScene -> FXGLMainMenuDummyScene
13:48:32.455 [JavaFX Application Thread] DEBUG PrimaryStageWindow   - Push state: BBMMenuStartingScreen
13:48:32.455 [JavaFX Application Thread] DEBUG Input                - Clearing active input actions
13:48:32.461 [JavaFX Application Thread] DEBUG GameApplicationServi - Removing overlay from FXGLMainMenuDummyScene and adding to BBMMenuStartingScreen
13:48:32.462 [JavaFX Application Thread] DEBUG PrimaryStageWindow   - FXGLMainMenuDummyScene -> BBMMenuStartingScreen
13:48:32.462 [FXGL Background Thread 4 ] DEBUG FXGLAssetLoaderServi - Loading from file system: jar:file:///C:/Users/Legion%207/.m2/repository/com/github/almasb/fxgl/11.17/fxgl-11.17.jar!/fxglassets/ui/fonts/lucida_console.ttf
13:48:32.472 [FXGL Background Thread 4 ] DEBUG FXGLAssetLoaderServi - Loading from file system: jar:file:///C:/Users/Legion%207/.m2/repository/com/github/almasb/fxgl/11.17/fxgl-11.17.jar!/fxglassets/ui/fonts/Courier-Prime.ttf
13:48:32.606 [JavaFX Application Thread] DEBUG FXGLApplication      - Registering font factories with UI factory
13:48:33.133 [FXGL Background Thread 2 ] INFO  UpdaterService       - Your current version:  11.17
13:48:33.133 [FXGL Background Thread 2 ] INFO  UpdaterService       - Latest stable version: 17.2
13:48:34.456 [JavaFX Application Thread] DEBUG Menu                 - fireNewGame()
13:48:34.456 [JavaFX Application Thread] DEBUG GameApplicationServi - Starting new game
13:48:34.456 [JavaFX Application Thread] DEBUG PrimaryStageWindow   - Pop state: BBMMenuStartingScreen
13:48:34.457 [JavaFX Application Thread] DEBUG Input                - Clearing active input actions
13:48:34.457 [JavaFX Application Thread] DEBUG GameApplicationServi - Removing overlay from BBMMenuStartingScreen and adding to FXGLMainMenuDummyScene
13:48:34.459 [JavaFX Application Thread] DEBUG PrimaryStageWindow   - FXGLMainMenuDummyScene <- BBMMenuStartingScreen
13:48:34.459 [JavaFX Application Thread] DEBUG Input                - Clearing active input actions
13:48:34.463 [JavaFX Application Thread] DEBUG GameApplicationServi - Removing overlay from FXGLMainMenuDummyScene and adding to FXGLLoadingScene
13:48:34.464 [JavaFX Application Thread] DEBUG PrimaryStageWindow   - FXGLMainMenuDummyScene -> FXGLLoadingScene
13:48:34.464 [JavaFX Application Thread] DEBUG GameApplicationServi - Clearing previous game
13:48:34.464 [JavaFX Application Thread] DEBUG GameScene            - Clearing game scene
13:48:34.464 [JavaFX Application Thread] DEBUG GameWorld            - Clearing game world
13:48:34.464 [JavaFX Application Thread] DEBUG PhysicsWorld         - Clearing physics world
13:48:34.466 [FXGL Background Thread 2 ] DEBUG FXGLApplication      - Initializing game
13:48:34.473 [FXGL Background Thread 2 ] DEBUG FXGLAssetLoaderServi - Loading from file system: file:/D:/GitHub/bomberman-tramcam-desu/target/classes/assets/sounds/GameStarted.wav
13:48:34.575 [FXGL Background Thread 2 ] INFO  FXGLApplication      - Game initialization took: 0.108 sec
13:48:34.576 [JavaFX Application Thread] DEBUG Input                - Clearing active input actions
13:48:34.583 [JavaFX Application Thread] DEBUG GameApplicationServi - Removing overlay from FXGLLoadingScene and adding to GameScene
13:48:34.586 [JavaFX Application Thread] DEBUG PrimaryStageWindow   - FXGLLoadingScene -> GameScene
13:48:35.383 [FXGL Background Thread 3 ] DEBUG Engine               - Logging environment variables
13:48:35.383 [FXGL Background Thread 3 ] DEBUG Engine               - achievements: []
13:48:35.383 [FXGL Background Thread 3 ] DEBUG Engine               - actualHeight: 720.0
13:48:35.383 [FXGL Background Thread 3 ] DEBUG Engine               - actualHeightProperty: ReadOnlyDoubleProperty [value: 720.0]
13:48:35.384 [FXGL Background Thread 3 ] DEBUG Engine               - actualWidth: 1080.0
13:48:35.384 [FXGL Background Thread 3 ] DEBUG Engine               - actualWidthProperty: ReadOnlyDoubleProperty [value: 1080.0]
13:48:35.384 [FXGL Background Thread 3 ] DEBUG Engine               - appIcon: fxgl_icon.png
13:48:35.384 [FXGL Background Thread 3 ] DEBUG Engine               - applicationMode: DEVELOPER
13:48:35.384 [FXGL Background Thread 3 ] DEBUG Engine               - cSSList: [fxgl_dark.css]
13:48:35.384 [FXGL Background Thread 3 ] DEBUG Engine               - collisionDetectionStrategy: BRUTE_FORCE
13:48:35.384 [FXGL Background Thread 3 ] DEBUG Engine               - configClass: Optional.empty
13:48:35.384 [FXGL Background Thread 3 ] DEBUG Engine               - credits: []
13:48:35.384 [FXGL Background Thread 3 ] DEBUG Engine               - defaultCursor: CursorInfo(imageName=fxgl_default_cursor.png, hotspotX=7.0, hotspotY=6.0)
13:48:35.385 [FXGL Background Thread 3 ] DEBUG Engine               - devBBoxColorProperty: ObjectProperty [value: 0xff0000ff]
13:48:35.385 [FXGL Background Thread 3 ] DEBUG Engine               - devEnableDebugCameraProperty: BooleanProperty [value: false]
13:48:35.385 [FXGL Background Thread 3 ] DEBUG Engine               - devSensorColorProperty: ObjectProperty [value: 0xffff00ff]
13:48:35.385 [FXGL Background Thread 3 ] DEBUG Engine               - devShowBBoxProperty: BooleanProperty [value: false]
13:48:35.385 [FXGL Background Thread 3 ] DEBUG Engine               - devShowPositionProperty: BooleanProperty [value: false]
13:48:35.385 [FXGL Background Thread 3 ] DEBUG Engine               - enabledMenuItems: []
13:48:35.385 [FXGL Background Thread 3 ] DEBUG Engine               - engineServices: [class com.almasb.fxgl.app.services.FXGLAssetLoaderService, class com.almasb.fxgl.app.FXGLApplication$GameApplicationService, class com.almasb.fxgl.app.services.FXGLDialogService, class com.almasb.fxgl.app.services.IOTaskExecutorService, class com.almasb.fxgl.io.FileSystemService, class com.almasb.fxgl.localization.LocalizationService, class com.almasb.fxgl.app.services.SystemBundleService, class com.almasb.fxgl.profile.SaveLoadService, class com.almasb.fxgl.ui.FXGLUIFactoryServiceProvider, class com.almasb.fxgl.ui.FXGLDialogFactoryServiceProvider, class com.almasb.fxgl.audio.AudioPlayer, class com.almasb.fxgl.notification.impl.NotificationServiceProvider, class com.almasb.fxgl.achievement.AchievementService, class com.almasb.fxgl.cutscene.CutsceneService, class com.almasb.fxgl.minigames.MiniGameService, class com.almasb.fxgl.net.NetService, class com.almasb.fxgl.app.services.UpdaterService, class com.almasb.fxgl.dev.DevService]
13:48:35.385 [FXGL Background Thread 3 ] DEBUG Engine               - fontGame: Abel-Regular.ttf
13:48:35.385 [FXGL Background Thread 3 ] DEBUG Engine               - fontMono: lucida_console.ttf
13:48:35.385 [FXGL Background Thread 3 ] DEBUG Engine               - fontText: Courier-Prime.ttf
13:48:35.386 [FXGL Background Thread 3 ] DEBUG Engine               - fontUI: Retro Gaming.ttf
13:48:35.386 [FXGL Background Thread 3 ] DEBUG Engine               - fullScreen: BooleanProperty [value: false]
13:48:35.386 [FXGL Background Thread 3 ] DEBUG Engine               - gameDifficulty: MEDIUM
13:48:35.386 [FXGL Background Thread 3 ] DEBUG Engine               - gameDifficultyProperty: ObjectProperty [value: MEDIUM]
13:48:35.386 [FXGL Background Thread 3 ] DEBUG Engine               - globalMusicVolume: 0.5
13:48:35.386 [FXGL Background Thread 3 ] DEBUG Engine               - globalMusicVolumeProperty: DoubleProperty [value: 0.0]
13:48:35.386 [FXGL Background Thread 3 ] DEBUG Engine               - globalSoundVolume: 0.5
13:48:35.386 [FXGL Background Thread 3 ] DEBUG Engine               - globalSoundVolumeProperty: DoubleProperty [value: 0.4]
13:48:35.386 [FXGL Background Thread 3 ] DEBUG Engine               - height: 720
13:48:35.386 [FXGL Background Thread 3 ] DEBUG Engine               - is3D: false
13:48:35.386 [FXGL Background Thread 3 ] DEBUG Engine               - isAndroid: false
13:48:35.387 [FXGL Background Thread 3 ] DEBUG Engine               - isBrowser: false
13:48:35.387 [FXGL Background Thread 3 ] DEBUG Engine               - isClickFeedbackEnabled: false
13:48:35.387 [FXGL Background Thread 3 ] DEBUG Engine               - isCloseConfirmation: false
13:48:35.387 [FXGL Background Thread 3 ] DEBUG Engine               - isDesktop: true
13:48:35.387 [FXGL Background Thread 3 ] DEBUG Engine               - isDeveloperMenuEnabled: true
13:48:35.387 [FXGL Background Thread 3 ] DEBUG Engine               - isEntityPreloadEnabled: true
13:48:35.387 [FXGL Background Thread 3 ] DEBUG Engine               - isExperimentalTiledLargeMap: false
13:48:35.387 [FXGL Background Thread 3 ] DEBUG Engine               - isFileSystemWriteAllowed: true
13:48:35.387 [FXGL Background Thread 3 ] DEBUG Engine               - isFullScreenAllowed: false
13:48:35.387 [FXGL Background Thread 3 ] DEBUG Engine               - isFullScreenFromStart: false
13:48:35.387 [FXGL Background Thread 3 ] DEBUG Engine               - isGameMenuEnabled: true
13:48:35.387 [FXGL Background Thread 3 ] DEBUG Engine               - isIOS: false
13:48:35.387 [FXGL Background Thread 3 ] DEBUG Engine               - isIntroEnabled: false
13:48:35.387 [FXGL Background Thread 3 ] DEBUG Engine               - isLinux: false
13:48:35.388 [FXGL Background Thread 3 ] DEBUG Engine               - isMac: false
13:48:35.388 [FXGL Background Thread 3 ] DEBUG Engine               - isMainMenuEnabled: true
13:48:35.388 [FXGL Background Thread 3 ] DEBUG Engine               - isManualResizeEnabled: true
13:48:35.388 [FXGL Background Thread 3 ] DEBUG Engine               - isMobile: false
13:48:35.388 [FXGL Background Thread 3 ] DEBUG Engine               - isNative: false
13:48:35.388 [FXGL Background Thread 3 ] DEBUG Engine               - isPauseMusicWhenMinimized: true
13:48:35.388 [FXGL Background Thread 3 ] DEBUG Engine               - isPreserveResizeRatio: true
13:48:35.388 [FXGL Background Thread 3 ] DEBUG Engine               - isProfilingEnabled: false
13:48:35.388 [FXGL Background Thread 3 ] DEBUG Engine               - isScaleAffectedOnResize: true
13:48:35.388 [FXGL Background Thread 3 ] DEBUG Engine               - isSingleStep: false
13:48:35.388 [FXGL Background Thread 3 ] DEBUG Engine               - isUserProfileEnabled: false
13:48:35.388 [FXGL Background Thread 3 ] DEBUG Engine               - isWindows: true
13:48:35.388 [FXGL Background Thread 3 ] DEBUG Engine               - language: ObjectProperty [value: ENGLISH]
13:48:35.388 [FXGL Background Thread 3 ] DEBUG Engine               - menuKey: ESCAPE
13:48:35.388 [FXGL Background Thread 3 ] DEBUG Engine               - mouseSensitivity: 0.2
13:48:35.389 [FXGL Background Thread 3 ] DEBUG Engine               - notificationViewClass: class com.almasb.fxgl.notification.view.XboxNotificationView
13:48:35.389 [FXGL Background Thread 3 ] DEBUG Engine               - pixelsPerMeter: 50.0
13:48:35.389 [FXGL Background Thread 3 ] DEBUG Engine               - platform: WINDOWS
13:48:35.389 [FXGL Background Thread 3 ] DEBUG Engine               - prefHeightProperty: ReadOnlyDoubleProperty [value: 720.0]
13:48:35.389 [FXGL Background Thread 3 ] DEBUG Engine               - prefWidthProperty: ReadOnlyDoubleProperty [value: 1080.0]
13:48:35.389 [FXGL Background Thread 3 ] DEBUG Engine               - profileDir: profiles/
13:48:35.389 [FXGL Background Thread 3 ] DEBUG Engine               - profileName: StringProperty [value: DEFAULT]
13:48:35.389 [FXGL Background Thread 3 ] DEBUG Engine               - randomSeed: -1
13:48:35.389 [FXGL Background Thread 3 ] DEBUG Engine               - runtimeInfo: RuntimeInfo(platform=WINDOWS, version=11.17, build=16.07.2021 15.46)
13:48:35.389 [FXGL Background Thread 3 ] DEBUG Engine               - saveFileExt: sav
13:48:35.389 [FXGL Background Thread 3 ] DEBUG Engine               - scaledHeightProp$fxgl: DoubleProperty [bound, value: 720.0]
13:48:35.389 [FXGL Background Thread 3 ] DEBUG Engine               - scaledWidthProp$fxgl: DoubleProperty [bound, value: 1080.0]
13:48:35.389 [FXGL Background Thread 3 ] DEBUG Engine               - sceneFactory: uet.oop.bomberman.BBMApp$1@7a084566
13:48:35.390 [FXGL Background Thread 3 ] DEBUG Engine               - secondsIn24h: 60
13:48:35.390 [FXGL Background Thread 3 ] DEBUG Engine               - soundMenuBack: menu/back.wav
13:48:35.390 [FXGL Background Thread 3 ] DEBUG Engine               - soundMenuPress: menu/press.wav
13:48:35.390 [FXGL Background Thread 3 ] DEBUG Engine               - soundMenuSelect: menu/select.wav
13:48:35.390 [FXGL Background Thread 3 ] DEBUG Engine               - soundNotification: core/notification.wav
13:48:35.390 [FXGL Background Thread 3 ] DEBUG Engine               - stageStyle: DECORATED
13:48:35.390 [FXGL Background Thread 3 ] DEBUG Engine               - supportedLanguages: [ENGLISH, FRENCH, GERMAN, HUNGARIAN, RUSSIAN]
13:48:35.390 [FXGL Background Thread 3 ] DEBUG Engine               - ticksPerSecond: -1
13:48:35.390 [FXGL Background Thread 3 ] DEBUG Engine               - title: Bomberman
13:48:35.390 [FXGL Background Thread 3 ] DEBUG Engine               - urlGithub: https://github.com/AlmasB/FXGL
13:48:35.390 [FXGL Background Thread 3 ] DEBUG Engine               - urlLeaderboard: http://fxgl-top.herokuapp.com/
13:48:35.390 [FXGL Background Thread 3 ] DEBUG Engine               - urlPOM: https://raw.githubusercontent.com/AlmasB/FXGL/release/README.md
13:48:35.390 [FXGL Background Thread 3 ] DEBUG Engine               - userAppClass: class uet.oop.bomberman.BBMApp
13:48:35.390 [FXGL Background Thread 3 ] DEBUG Engine               - version: Tram Cam Desu
13:48:35.390 [FXGL Background Thread 3 ] DEBUG Engine               - versionCheckDays: 7
13:48:35.391 [FXGL Background Thread 3 ] DEBUG Engine               - width: 1080
13:48:35.391 [FXGL Background Thread 3 ] DEBUG Engine               - Logging services
13:48:35.391 [FXGL Background Thread 3 ] DEBUG Engine               - class com.almasb.fxgl.app.services.FXGLAssetLoaderService
13:48:35.391 [FXGL Background Thread 3 ] DEBUG Engine               - class com.almasb.fxgl.app.FXGLApplication$GameApplicationService
13:48:35.391 [FXGL Background Thread 3 ] DEBUG Engine               - class com.almasb.fxgl.app.services.FXGLDialogService
13:48:35.391 [FXGL Background Thread 3 ] DEBUG Engine               - class com.almasb.fxgl.app.services.IOTaskExecutorService
13:48:35.391 [FXGL Background Thread 3 ] DEBUG Engine               - class com.almasb.fxgl.io.FileSystemService
13:48:35.391 [FXGL Background Thread 3 ] DEBUG Engine               - class com.almasb.fxgl.localization.LocalizationService
13:48:35.391 [FXGL Background Thread 3 ] DEBUG Engine               - class com.almasb.fxgl.app.services.SystemBundleService
13:48:35.391 [FXGL Background Thread 3 ] DEBUG Engine               - class com.almasb.fxgl.profile.SaveLoadService
13:48:35.391 [FXGL Background Thread 3 ] DEBUG Engine               - class com.almasb.fxgl.ui.FXGLUIFactoryServiceProvider
13:48:35.391 [FXGL Background Thread 3 ] DEBUG Engine               - class com.almasb.fxgl.ui.FXGLDialogFactoryServiceProvider
13:48:35.391 [FXGL Background Thread 3 ] DEBUG Engine               - class com.almasb.fxgl.audio.AudioPlayer
13:48:35.391 [FXGL Background Thread 3 ] DEBUG Engine               - class com.almasb.fxgl.notification.impl.NotificationServiceProvider
13:48:35.391 [FXGL Background Thread 3 ] DEBUG Engine               - class com.almasb.fxgl.achievement.AchievementService
13:48:35.391 [FXGL Background Thread 3 ] DEBUG Engine               - class com.almasb.fxgl.cutscene.CutsceneService
13:48:35.391 [FXGL Background Thread 3 ] DEBUG Engine               - class com.almasb.fxgl.minigames.MiniGameService
13:48:35.392 [FXGL Background Thread 3 ] DEBUG Engine               - class com.almasb.fxgl.net.NetService
13:48:35.392 [FXGL Background Thread 3 ] DEBUG Engine               - class com.almasb.fxgl.app.services.UpdaterService
13:48:35.392 [FXGL Background Thread 3 ] DEBUG Engine               - class com.almasb.fxgl.dev.DevService
13:48:37.363 [JavaFX Application Thread] WARN  TMXLevelLoader       - TiledMap generated from 1.7.2. Supported version: 1.2.3. Some features may not be parsed fully.
13:48:37.380 [JavaFX Application Thread] DEBUG TMXLevelLoader       - Parsed TiledMap: file:/D:/GitHub/bomberman-tramcam-desu/target/classes/assets/levels/level1.tmx
13:48:37.382 [JavaFX Application Thread] DEBUG TMXLevelLoader       - Creating tile layer entities
13:48:37.383 [JavaFX Application Thread] DEBUG TilesetLoader        - Loading view for layer Tile Layer 1
13:48:37.385 [JavaFX Application Thread] DEBUG TilesetLoader        - Created buffer with size 1488.0x720.0
13:48:37.476 [JavaFX Application Thread] DEBUG TMXLevelLoader       - Creating object layer entities
13:48:37.477 [JavaFX Application Thread] DEBUG FXGLAssetLoaderServi - Loading from file system: file:/D:/GitHub/bomberman-tramcam-desu/target/classes/assets/textures/photo/powerup_speed.png
13:48:37.484 [JavaFX Application Thread] DEBUG FXGLAssetLoaderServi - Loading from file system: file:/D:/GitHub/bomberman-tramcam-desu/target/classes/assets/textures/photo/powerup_flames.png
13:48:37.485 [JavaFX Application Thread] DEBUG FXGLAssetLoaderServi - Loading from file system: file:/D:/GitHub/bomberman-tramcam-desu/target/classes/assets/textures/photo/powerup_bombs.png
13:48:37.486 [JavaFX Application Thread] DEBUG FXGLAssetLoaderServi - Loading from file system: file:/D:/GitHub/bomberman-tramcam-desu/target/classes/assets/textures/photo/powerup_flamepass.png
13:48:37.488 [JavaFX Application Thread] DEBUG FXGLAssetLoaderServi - Loading from file system: file:/D:/GitHub/bomberman-tramcam-desu/target/classes/assets/textures/photo/portal.png
13:48:37.490 [JavaFX Application Thread] DEBUG FXGLAssetLoaderServi - Loading from file system: file:/D:/GitHub/bomberman-tramcam-desu/target/classes/assets/textures/sprites.png
13:48:37.558 [JavaFX Application Thread] DEBUG GameWorld            - Clearing removable entities
13:48:37.559 [JavaFX Application Thread] DEBUG GameWorld            - Setting level: com.almasb.fxgl.entity.level.Level@2e140f76
13:48:37.607 [JavaFX Application Thread] DEBUG FXGLAssetLoaderServi - Loading from file system: file:/D:/GitHub/bomberman-tramcam-desu/target/classes/assets/sounds/walk_2.wav
13:48:38.030 [JavaFX Application Thread] DEBUG FXGLAssetLoaderServi - Loading from file system: file:/D:/GitHub/bomberman-tramcam-desu/target/classes/assets/sounds/BombPlaced.wav
13:48:38.451 [JavaFX Application Thread] DEBUG FXGLAssetLoaderServi - Loading from file system: file:/D:/GitHub/bomberman-tramcam-desu/target/classes/assets/sounds/walk_1.wav
13:48:39.325 [JavaFX Application Thread] DEBUG FXGLAssetLoaderServi - Loading from file system: file:/D:/GitHub/bomberman-tramcam-desu/target/classes/assets/sounds/BombExploding.wav
13:48:47.733 [JavaFX Application Thread] DEBUG FXGLAssetLoaderServi - Loading from file system: file:/D:/GitHub/bomberman-tramcam-desu/target/classes/assets/sounds/power_up.wav
13:49:41.463 [JavaFX Application Thread] DEBUG FXGLAssetLoaderServi - Loading from file system: file:/D:/GitHub/bomberman-tramcam-desu/target/classes/assets/sounds/BombermanDead.wav
13:49:42.968 [JavaFX Application Thread] WARN  TMXLevelLoader       - TiledMap generated from 1.7.2. Supported version: 1.2.3. Some features may not be parsed fully.
13:49:43.000 [JavaFX Application Thread] DEBUG TMXLevelLoader       - Parsed TiledMap: file:/D:/GitHub/bomberman-tramcam-desu/target/classes/assets/levels/level1.tmx
13:49:43.001 [JavaFX Application Thread] DEBUG TMXLevelLoader       - Creating tile layer entities
13:49:43.001 [JavaFX Application Thread] DEBUG TilesetLoader        - Loading view for layer Tile Layer 1
13:49:43.002 [JavaFX Application Thread] DEBUG TilesetLoader        - Created buffer with size 1488.0x720.0
13:49:43.115 [JavaFX Application Thread] DEBUG TMXLevelLoader       - Creating object layer entities
13:49:43.138 [JavaFX Application Thread] DEBUG GameWorld            - Clearing removable entities
13:49:43.145 [JavaFX Application Thread] DEBUG GameWorld            - Setting level: com.almasb.fxgl.entity.level.Level@7ec5db8f
13:49:44.685 [JavaFX Application Thread] DEBUG FXGLApplication      - Exiting FXGL
13:49:44.686 [JavaFX Application Thread] DEBUG LoopRunner           - Stopping loop
13:49:44.686 [JavaFX Application Thread] DEBUG SystemBundleService  - Saving FXGL system data
13:49:44.687 [JavaFX Application Thread] DEBUG FileSystemAccess     - Writing to: D:\GitHub\bomberman-tramcam-desu\system\fxgl.bundle
13:49:44.688 [JavaFX Application Thread] DEBUG Async                - Shutting down background threads
13:49:44.688 [JavaFX Application Thread] DEBUG PrimaryStageWindow   - Closing main window
13:49:44.702 [JavaFX Application Thread] DEBUG Logger               - Closing Logger
