12:44:28.543 [main                     ] DEBUG Logger               - Configured Logger
12:44:28.544 [main                     ] DEBUG GameApplication      - Logging settings
Title: Bomberman
Version: Tram Cam Desu
Width: 1080
Height: 720
Fullscreen: false
Intro: false
Profiling: false
Single step:false
App Mode: DEVELOPER
Menu Key: ESCAPE
Stage Style: DECORATED
Scene Factory: class uet.oop.bomberman.BBMApp$1

12:44:28.802 [JavaFX Application Thread] DEBUG FXGLApplication      - Initializing FXGL
12:44:28.804 [JavaFX Application Thread] INFO  Engine               - FXGL-11.17 (16.07.2021 15.46) on WINDOWS (J:18.0.2.1 FX:16)
12:44:28.804 [JavaFX Application Thread] DEBUG Engine               - JRE Vendor Name: Oracle Corporation
12:44:28.804 [JavaFX Application Thread] DEBUG Engine               - Running on OS: Windows 10 version 10.0
12:44:28.804 [JavaFX Application Thread] DEBUG Engine               - Architecture: amd64
12:44:28.804 [JavaFX Application Thread] INFO  Engine               - Source code and latest versions at: https://github.com/AlmasB/FXGL
12:44:28.804 [JavaFX Application Thread] INFO  Engine               -              Join the FXGL chat at: https://gitter.im/AlmasB/FXGL
12:44:28.870 [JavaFX Application Thread] DEBUG PrimaryStageWindow   - Creating a JavaFX scene
12:44:28.904 [JavaFX Application Thread] DEBUG PrimaryStageWindow   - Target settings size: 1080.0 x 720.0
12:44:28.904 [JavaFX Application Thread] DEBUG PrimaryStageWindow   - Scaled scene size:    1080.0 x 720.0
12:44:28.904 [JavaFX Application Thread] DEBUG PrimaryStageWindow   - Scaled ratio: (1.0, 1.0)
12:44:28.905 [JavaFX Application Thread] DEBUG PrimaryStageWindow   - Set initial scene to FXGLStartupScene
12:44:28.909 [JavaFX Application Thread] DEBUG PrimaryStageWindow   - Opening main window
12:44:28.966 [JavaFX Application Thread] DEBUG PrimaryStageWindow   - Window border size: (14.4000244140625, 37.5999755859375)
12:44:28.966 [JavaFX Application Thread] DEBUG PrimaryStageWindow   - Scaled size: 1080.0 x 720.0
12:44:28.966 [JavaFX Application Thread] DEBUG PrimaryStageWindow   - Scaled ratio: (1.0, 1.0)
12:44:28.966 [JavaFX Application Thread] DEBUG PrimaryStageWindow   - Scene size: 1080.0 x 720.0
12:44:28.966 [JavaFX Application Thread] DEBUG PrimaryStageWindow   - Stage size: 1094.4000244140625 x 757.5999755859375
12:44:28.972 [FXGL Background Thread 1 ] DEBUG Engine               - Initializing environment variables
12:44:29.031 [FXGL Background Thread 1 ] DEBUG FXGLAssetLoaderServi - User app class for loading assets: class uet.oop.bomberman.BBMApp
12:44:29.031 [FXGL Background Thread 1 ] DEBUG GameApplicationServi - Applying CSS: fxgl_dark.css
12:44:29.031 [FXGL Background Thread 1 ] DEBUG FXGLAssetLoaderServi - Loading from file system: jar:file:///C:/Users/Legion%207/.m2/repository/com/github/almasb/fxgl/11.17/fxgl-11.17.jar!/fxglassets/ui/css/fxgl_dark.css
12:44:29.072 [FXGL Background Thread 1 ] DEBUG GameApplicationServi - Initializing application scenes
12:44:29.105 [FXGL Background Thread 1 ] DEBUG GameWorld            - Game world initialized
12:44:29.165 [FXGL Background Thread 1 ] DEBUG PhysicsWorld         - Physics world initialized: appHeight=720, physics.ppm=50.0
12:44:29.166 [FXGL Background Thread 1 ] DEBUG PhysicsWorld         - Using strategy: BRUTE_FORCE
12:44:29.170 [FXGL Background Thread 1 ] DEBUG GameScene            - Game scene initialized: 1080x720
12:44:29.280 [FXGL Background Thread 1 ] DEBUG GameApplicationServi - Application scenes initialized
12:44:29.290 [FXGL Background Thread 1 ] DEBUG SystemBundleService  - Loading FXGL system data
12:44:29.293 [FXGL Background Thread 1 ] DEBUG FileSystemAccess     - Reading from: D:\GitHub\bomberman-tramcam-desu\system\fxgl.bundle
12:44:29.300 [FXGL Background Thread 1 ] DEBUG SystemBundleService  - Bundle FXGL: {}
12:44:29.301 [FXGL Background Thread 1 ] DEBUG UpdaterService       - Checking for updates
12:44:29.327 [FXGL Background Thread 4 ] DEBUG FXGLApplication      - Loading fonts
12:44:29.327 [FXGL Background Thread 1 ] DEBUG FXGLApplication      - Loading default localization
12:44:29.327 [FXGL Background Thread 4 ] DEBUG FXGLAssetLoaderServi - Loading from file system: file:/D:/GitHub/bomberman-tramcam-desu/target/classes/assets/ui/fonts/Retro%20Gaming.ttf
12:44:29.327 [FXGL Background Thread 1 ] DEBUG FXGLAssetLoaderServi - Loading from file system: jar:file:///C:/Users/Legion%207/.m2/repository/com/github/almasb/fxgl/11.17/fxgl-11.17.jar!/fxglassets/languages/english.lang
12:44:29.342 [FXGL Background Thread 1 ] INFO  FXGLApplication      - FXGL initialization took: 0.370 sec
12:44:29.355 [JavaFX Application Thread] DEBUG Input                - Registered new binding: Move Up - W
12:44:29.355 [JavaFX Application Thread] DEBUG Input                - Registered new binding: Move Down - S
12:44:29.355 [JavaFX Application Thread] DEBUG Input                - Registered new binding: Move Left - A
12:44:29.355 [JavaFX Application Thread] DEBUG Input                - Registered new binding: Move Right - D
12:44:29.355 [JavaFX Application Thread] DEBUG Input                - Registered new binding: Place Bomb - Space
12:44:29.356 [JavaFX Application Thread] DEBUG FXGLAssetLoaderServi - Loading from file system: file:/D:/GitHub/bomberman-tramcam-desu/target/classes/assets/music/MenuMusic.mp3
12:44:29.402 [FXGL Background Thread 4 ] DEBUG FXGLAssetLoaderServi - Loading from file system: jar:file:///C:/Users/Legion%207/.m2/repository/com/github/almasb/fxgl/11.17/fxgl-11.17.jar!/fxglassets/ui/fonts/Abel-Regular.ttf
12:44:29.409 [FXGL Background Thread 4 ] DEBUG FXGLAssetLoaderServi - Loading from file system: jar:file:///C:/Users/Legion%207/.m2/repository/com/github/almasb/fxgl/11.17/fxgl-11.17.jar!/fxglassets/ui/fonts/lucida_console.ttf
12:44:29.421 [FXGL Background Thread 4 ] DEBUG FXGLAssetLoaderServi - Loading from file system: jar:file:///C:/Users/Legion%207/.m2/repository/com/github/almasb/fxgl/11.17/fxgl-11.17.jar!/fxglassets/ui/fonts/Courier-Prime.ttf
12:44:29.467 [JavaFX Application Thread] DEBUG AudioPlayer          - Playing music com.almasb.fxgl.audio.Music@6e6aa9c4
12:44:29.467 [JavaFX Application Thread] DEBUG FXGLAssetLoaderServi - Loading from file system: jar:file:///C:/Users/Legion%207/.m2/repository/com/github/almasb/fxgl/11.17/fxgl-11.17.jar!/fxglassets/textures/fxgl_icon.png
12:44:29.481 [JavaFX Application Thread] DEBUG FXGLAssetLoaderServi - Loading from file system: jar:file:///C:/Users/Legion%207/.m2/repository/com/github/almasb/fxgl/11.17/fxgl-11.17.jar!/fxglassets/textures/fxgl_default_cursor.png
12:44:29.482 [JavaFX Application Thread] DEBUG Input                - Registered new binding: Screenshot - CTRL+8
12:44:29.483 [JavaFX Application Thread] DEBUG Input                - Registered new binding: Dev Options - 1
12:44:29.483 [JavaFX Application Thread] DEBUG Input                - Registered new binding: Dev Console - 2
12:44:29.483 [JavaFX Application Thread] DEBUG Input                - Registered new binding: System info dump - CTRL+9
12:44:29.483 [JavaFX Application Thread] DEBUG Input                - Registered new binding: Restart - CTRL+R
12:44:29.483 [JavaFX Application Thread] DEBUG Input                - Registered new binding: Toggle Debug Camera - CTRL+C
12:44:29.485 [JavaFX Application Thread] DEBUG LoopRunner           - Starting loop
12:44:29.492 [JavaFX Application Thread] DEBUG LoopRunner           - Initializing JavaFX AnimationTimerLoop
12:44:29.493 [JavaFX Application Thread] DEBUG Input                - Clearing active input actions
12:44:29.500 [JavaFX Application Thread] DEBUG GameApplicationServi - Removing overlay from FXGLStartupScene and adding to FXGLMainMenuDummyScene
12:44:29.502 [JavaFX Application Thread] DEBUG PrimaryStageWindow   - FXGLStartupScene -> FXGLMainMenuDummyScene
12:44:29.503 [JavaFX Application Thread] DEBUG PrimaryStageWindow   - Push state: BBMMenuStartingScreen
12:44:29.503 [JavaFX Application Thread] DEBUG Input                - Clearing active input actions
12:44:29.506 [JavaFX Application Thread] DEBUG GameApplicationServi - Removing overlay from FXGLMainMenuDummyScene and adding to BBMMenuStartingScreen
12:44:29.506 [JavaFX Application Thread] DEBUG PrimaryStageWindow   - FXGLMainMenuDummyScene -> BBMMenuStartingScreen
12:44:29.513 [JavaFX Application Thread] DEBUG FXGLApplication      - Registering font factories with UI factory
12:44:30.346 [JavaFX Application Thread] DEBUG Menu                 - fireNewGame()
12:44:30.347 [JavaFX Application Thread] DEBUG GameApplicationServi - Starting new game
12:44:30.347 [JavaFX Application Thread] DEBUG PrimaryStageWindow   - Pop state: BBMMenuStartingScreen
12:44:30.347 [JavaFX Application Thread] DEBUG Input                - Clearing active input actions
12:44:30.348 [JavaFX Application Thread] DEBUG GameApplicationServi - Removing overlay from BBMMenuStartingScreen and adding to FXGLMainMenuDummyScene
12:44:30.350 [JavaFX Application Thread] DEBUG PrimaryStageWindow   - FXGLMainMenuDummyScene <- BBMMenuStartingScreen
12:44:30.350 [JavaFX Application Thread] DEBUG Input                - Clearing active input actions
12:44:30.355 [JavaFX Application Thread] DEBUG GameApplicationServi - Removing overlay from FXGLMainMenuDummyScene and adding to FXGLLoadingScene
12:44:30.355 [JavaFX Application Thread] DEBUG PrimaryStageWindow   - FXGLMainMenuDummyScene -> FXGLLoadingScene
12:44:30.356 [JavaFX Application Thread] DEBUG GameApplicationServi - Clearing previous game
12:44:30.356 [JavaFX Application Thread] DEBUG GameScene            - Clearing game scene
12:44:30.356 [JavaFX Application Thread] DEBUG GameWorld            - Clearing game world
12:44:30.356 [JavaFX Application Thread] DEBUG PhysicsWorld         - Clearing physics world
12:44:30.359 [FXGL Background Thread 4 ] DEBUG FXGLApplication      - Initializing game
12:44:30.368 [FXGL Background Thread 4 ] DEBUG FXGLAssetLoaderServi - Loading from file system: file:/D:/GitHub/bomberman-tramcam-desu/target/classes/assets/sounds/GameStarted.wav
12:44:30.425 [FXGL Background Thread 4 ] INFO  FXGLApplication      - Game initialization took: 0.066 sec
12:44:30.428 [JavaFX Application Thread] DEBUG Input                - Clearing active input actions
12:44:30.433 [JavaFX Application Thread] DEBUG GameApplicationServi - Removing overlay from FXGLLoadingScene and adding to GameScene
12:44:30.437 [JavaFX Application Thread] DEBUG PrimaryStageWindow   - FXGLLoadingScene -> GameScene
12:44:30.602 [FXGL Background Thread 2 ] INFO  UpdaterService       - Your current version:  11.17
12:44:30.602 [FXGL Background Thread 2 ] INFO  UpdaterService       - Latest stable version: 17.2
12:44:32.327 [FXGL Background Thread 3 ] DEBUG Engine               - Logging environment variables
12:44:32.327 [FXGL Background Thread 3 ] DEBUG Engine               - achievements: []
12:44:32.327 [FXGL Background Thread 3 ] DEBUG Engine               - actualHeight: 720.0
12:44:32.327 [FXGL Background Thread 3 ] DEBUG Engine               - actualHeightProperty: ReadOnlyDoubleProperty [value: 720.0]
12:44:32.327 [FXGL Background Thread 3 ] DEBUG Engine               - actualWidth: 1080.0
12:44:32.327 [FXGL Background Thread 3 ] DEBUG Engine               - actualWidthProperty: ReadOnlyDoubleProperty [value: 1080.0]
12:44:32.327 [FXGL Background Thread 3 ] DEBUG Engine               - appIcon: fxgl_icon.png
12:44:32.327 [FXGL Background Thread 3 ] DEBUG Engine               - applicationMode: DEVELOPER
12:44:32.327 [FXGL Background Thread 3 ] DEBUG Engine               - cSSList: [fxgl_dark.css]
12:44:32.327 [FXGL Background Thread 3 ] DEBUG Engine               - collisionDetectionStrategy: BRUTE_FORCE
12:44:32.327 [FXGL Background Thread 3 ] DEBUG Engine               - configClass: Optional.empty
12:44:32.328 [FXGL Background Thread 3 ] DEBUG Engine               - credits: []
12:44:32.328 [FXGL Background Thread 3 ] DEBUG Engine               - defaultCursor: CursorInfo(imageName=fxgl_default_cursor.png, hotspotX=7.0, hotspotY=6.0)
12:44:32.328 [FXGL Background Thread 3 ] DEBUG Engine               - devBBoxColorProperty: ObjectProperty [value: 0xff0000ff]
12:44:32.328 [FXGL Background Thread 3 ] DEBUG Engine               - devEnableDebugCameraProperty: BooleanProperty [value: false]
12:44:32.328 [FXGL Background Thread 3 ] DEBUG Engine               - devSensorColorProperty: ObjectProperty [value: 0xffff00ff]
12:44:32.328 [FXGL Background Thread 3 ] DEBUG Engine               - devShowBBoxProperty: BooleanProperty [value: false]
12:44:32.328 [FXGL Background Thread 3 ] DEBUG Engine               - devShowPositionProperty: BooleanProperty [value: false]
12:44:32.328 [FXGL Background Thread 3 ] DEBUG Engine               - enabledMenuItems: []
12:44:32.328 [FXGL Background Thread 3 ] DEBUG Engine               - engineServices: [class com.almasb.fxgl.app.services.FXGLAssetLoaderService, class com.almasb.fxgl.app.FXGLApplication$GameApplicationService, class com.almasb.fxgl.app.services.FXGLDialogService, class com.almasb.fxgl.app.services.IOTaskExecutorService, class com.almasb.fxgl.io.FileSystemService, class com.almasb.fxgl.localization.LocalizationService, class com.almasb.fxgl.app.services.SystemBundleService, class com.almasb.fxgl.profile.SaveLoadService, class com.almasb.fxgl.ui.FXGLUIFactoryServiceProvider, class com.almasb.fxgl.ui.FXGLDialogFactoryServiceProvider, class com.almasb.fxgl.audio.AudioPlayer, class com.almasb.fxgl.notification.impl.NotificationServiceProvider, class com.almasb.fxgl.achievement.AchievementService, class com.almasb.fxgl.cutscene.CutsceneService, class com.almasb.fxgl.minigames.MiniGameService, class com.almasb.fxgl.net.NetService, class com.almasb.fxgl.app.services.UpdaterService, class com.almasb.fxgl.dev.DevService]
12:44:32.328 [FXGL Background Thread 3 ] DEBUG Engine               - fontGame: Abel-Regular.ttf
12:44:32.328 [FXGL Background Thread 3 ] DEBUG Engine               - fontMono: lucida_console.ttf
12:44:32.328 [FXGL Background Thread 3 ] DEBUG Engine               - fontText: Courier-Prime.ttf
12:44:32.328 [FXGL Background Thread 3 ] DEBUG Engine               - fontUI: Retro Gaming.ttf
12:44:32.328 [FXGL Background Thread 3 ] DEBUG Engine               - fullScreen: BooleanProperty [value: false]
12:44:32.328 [FXGL Background Thread 3 ] DEBUG Engine               - gameDifficulty: MEDIUM
12:44:32.328 [FXGL Background Thread 3 ] DEBUG Engine               - gameDifficultyProperty: ObjectProperty [value: MEDIUM]
12:44:32.329 [FXGL Background Thread 3 ] DEBUG Engine               - globalMusicVolume: 0.5
12:44:32.329 [FXGL Background Thread 3 ] DEBUG Engine               - globalMusicVolumeProperty: DoubleProperty [value: 0.0]
12:44:32.329 [FXGL Background Thread 3 ] DEBUG Engine               - globalSoundVolume: 0.5
12:44:32.329 [FXGL Background Thread 3 ] DEBUG Engine               - globalSoundVolumeProperty: DoubleProperty [value: 0.4]
12:44:32.329 [FXGL Background Thread 3 ] DEBUG Engine               - height: 720
12:44:32.329 [FXGL Background Thread 3 ] DEBUG Engine               - is3D: false
12:44:32.329 [FXGL Background Thread 3 ] DEBUG Engine               - isAndroid: false
12:44:32.329 [FXGL Background Thread 3 ] DEBUG Engine               - isBrowser: false
12:44:32.329 [FXGL Background Thread 3 ] DEBUG Engine               - isClickFeedbackEnabled: false
12:44:32.329 [FXGL Background Thread 3 ] DEBUG Engine               - isCloseConfirmation: false
12:44:32.329 [FXGL Background Thread 3 ] DEBUG Engine               - isDesktop: true
12:44:32.329 [FXGL Background Thread 3 ] DEBUG Engine               - isDeveloperMenuEnabled: true
12:44:32.329 [FXGL Background Thread 3 ] DEBUG Engine               - isEntityPreloadEnabled: true
12:44:32.329 [FXGL Background Thread 3 ] DEBUG Engine               - isExperimentalTiledLargeMap: false
12:44:32.329 [FXGL Background Thread 3 ] DEBUG Engine               - isFileSystemWriteAllowed: true
12:44:32.329 [FXGL Background Thread 3 ] DEBUG Engine               - isFullScreenAllowed: false
12:44:32.329 [FXGL Background Thread 3 ] DEBUG Engine               - isFullScreenFromStart: false
12:44:32.329 [FXGL Background Thread 3 ] DEBUG Engine               - isGameMenuEnabled: true
12:44:32.330 [FXGL Background Thread 3 ] DEBUG Engine               - isIOS: false
12:44:32.330 [FXGL Background Thread 3 ] DEBUG Engine               - isIntroEnabled: false
12:44:32.330 [FXGL Background Thread 3 ] DEBUG Engine               - isLinux: false
12:44:32.330 [FXGL Background Thread 3 ] DEBUG Engine               - isMac: false
12:44:32.330 [FXGL Background Thread 3 ] DEBUG Engine               - isMainMenuEnabled: true
12:44:32.330 [FXGL Background Thread 3 ] DEBUG Engine               - isManualResizeEnabled: true
12:44:32.330 [FXGL Background Thread 3 ] DEBUG Engine               - isMobile: false
12:44:32.330 [FXGL Background Thread 3 ] DEBUG Engine               - isNative: false
12:44:32.330 [FXGL Background Thread 3 ] DEBUG Engine               - isPauseMusicWhenMinimized: true
12:44:32.330 [FXGL Background Thread 3 ] DEBUG Engine               - isPreserveResizeRatio: true
12:44:32.330 [FXGL Background Thread 3 ] DEBUG Engine               - isProfilingEnabled: false
12:44:32.330 [FXGL Background Thread 3 ] DEBUG Engine               - isScaleAffectedOnResize: true
12:44:32.330 [FXGL Background Thread 3 ] DEBUG Engine               - isSingleStep: false
12:44:32.330 [FXGL Background Thread 3 ] DEBUG Engine               - isUserProfileEnabled: false
12:44:32.330 [FXGL Background Thread 3 ] DEBUG Engine               - isWindows: true
12:44:32.330 [FXGL Background Thread 3 ] DEBUG Engine               - language: ObjectProperty [value: ENGLISH]
12:44:32.330 [FXGL Background Thread 3 ] DEBUG Engine               - menuKey: ESCAPE
12:44:32.330 [FXGL Background Thread 3 ] DEBUG Engine               - mouseSensitivity: 0.2
12:44:32.330 [FXGL Background Thread 3 ] DEBUG Engine               - notificationViewClass: class com.almasb.fxgl.notification.view.XboxNotificationView
12:44:32.330 [FXGL Background Thread 3 ] DEBUG Engine               - pixelsPerMeter: 50.0
12:44:32.331 [FXGL Background Thread 3 ] DEBUG Engine               - platform: WINDOWS
12:44:32.331 [FXGL Background Thread 3 ] DEBUG Engine               - prefHeightProperty: ReadOnlyDoubleProperty [value: 720.0]
12:44:32.331 [FXGL Background Thread 3 ] DEBUG Engine               - prefWidthProperty: ReadOnlyDoubleProperty [value: 1080.0]
12:44:32.331 [FXGL Background Thread 3 ] DEBUG Engine               - profileDir: profiles/
12:44:32.331 [FXGL Background Thread 3 ] DEBUG Engine               - profileName: StringProperty [value: DEFAULT]
12:44:32.331 [FXGL Background Thread 3 ] DEBUG Engine               - randomSeed: -1
12:44:32.331 [FXGL Background Thread 3 ] DEBUG Engine               - runtimeInfo: RuntimeInfo(platform=WINDOWS, version=11.17, build=16.07.2021 15.46)
12:44:32.331 [FXGL Background Thread 3 ] DEBUG Engine               - saveFileExt: sav
12:44:32.331 [FXGL Background Thread 3 ] DEBUG Engine               - scaledHeightProp$fxgl: DoubleProperty [bound, value: 720.0]
12:44:32.331 [FXGL Background Thread 3 ] DEBUG Engine               - scaledWidthProp$fxgl: DoubleProperty [bound, value: 1080.0]
12:44:32.331 [FXGL Background Thread 3 ] DEBUG Engine               - sceneFactory: uet.oop.bomberman.BBMApp$1@18b263b
12:44:32.331 [FXGL Background Thread 3 ] DEBUG Engine               - secondsIn24h: 60
12:44:32.331 [FXGL Background Thread 3 ] DEBUG Engine               - soundMenuBack: menu/back.wav
12:44:32.331 [FXGL Background Thread 3 ] DEBUG Engine               - soundMenuPress: menu/press.wav
12:44:32.331 [FXGL Background Thread 3 ] DEBUG Engine               - soundMenuSelect: menu/select.wav
12:44:32.331 [FXGL Background Thread 3 ] DEBUG Engine               - soundNotification: core/notification.wav
12:44:32.331 [FXGL Background Thread 3 ] DEBUG Engine               - stageStyle: DECORATED
12:44:32.331 [FXGL Background Thread 3 ] DEBUG Engine               - supportedLanguages: [ENGLISH, FRENCH, GERMAN, HUNGARIAN, RUSSIAN]
12:44:32.331 [FXGL Background Thread 3 ] DEBUG Engine               - ticksPerSecond: -1
12:44:32.332 [FXGL Background Thread 3 ] DEBUG Engine               - title: Bomberman
12:44:32.332 [FXGL Background Thread 3 ] DEBUG Engine               - urlGithub: https://github.com/AlmasB/FXGL
12:44:32.332 [FXGL Background Thread 3 ] DEBUG Engine               - urlLeaderboard: http://fxgl-top.herokuapp.com/
12:44:32.332 [FXGL Background Thread 3 ] DEBUG Engine               - urlPOM: https://raw.githubusercontent.com/AlmasB/FXGL/release/README.md
12:44:32.332 [FXGL Background Thread 3 ] DEBUG Engine               - userAppClass: class uet.oop.bomberman.BBMApp
12:44:32.332 [FXGL Background Thread 3 ] DEBUG Engine               - version: Tram Cam Desu
12:44:32.332 [FXGL Background Thread 3 ] DEBUG Engine               - versionCheckDays: 7
12:44:32.332 [FXGL Background Thread 3 ] DEBUG Engine               - width: 1080
12:44:32.332 [FXGL Background Thread 3 ] DEBUG Engine               - Logging services
12:44:32.332 [FXGL Background Thread 3 ] DEBUG Engine               - class com.almasb.fxgl.app.services.FXGLAssetLoaderService
12:44:32.332 [FXGL Background Thread 3 ] DEBUG Engine               - class com.almasb.fxgl.app.FXGLApplication$GameApplicationService
12:44:32.332 [FXGL Background Thread 3 ] DEBUG Engine               - class com.almasb.fxgl.app.services.FXGLDialogService
12:44:32.332 [FXGL Background Thread 3 ] DEBUG Engine               - class com.almasb.fxgl.app.services.IOTaskExecutorService
12:44:32.332 [FXGL Background Thread 3 ] DEBUG Engine               - class com.almasb.fxgl.io.FileSystemService
12:44:32.332 [FXGL Background Thread 3 ] DEBUG Engine               - class com.almasb.fxgl.localization.LocalizationService
12:44:32.332 [FXGL Background Thread 3 ] DEBUG Engine               - class com.almasb.fxgl.app.services.SystemBundleService
12:44:32.332 [FXGL Background Thread 3 ] DEBUG Engine               - class com.almasb.fxgl.profile.SaveLoadService
12:44:32.332 [FXGL Background Thread 3 ] DEBUG Engine               - class com.almasb.fxgl.ui.FXGLUIFactoryServiceProvider
12:44:32.332 [FXGL Background Thread 3 ] DEBUG Engine               - class com.almasb.fxgl.ui.FXGLDialogFactoryServiceProvider
12:44:32.332 [FXGL Background Thread 3 ] DEBUG Engine               - class com.almasb.fxgl.audio.AudioPlayer
12:44:32.332 [FXGL Background Thread 3 ] DEBUG Engine               - class com.almasb.fxgl.notification.impl.NotificationServiceProvider
12:44:32.332 [FXGL Background Thread 3 ] DEBUG Engine               - class com.almasb.fxgl.achievement.AchievementService
12:44:32.333 [FXGL Background Thread 3 ] DEBUG Engine               - class com.almasb.fxgl.cutscene.CutsceneService
12:44:32.333 [FXGL Background Thread 3 ] DEBUG Engine               - class com.almasb.fxgl.minigames.MiniGameService
12:44:32.333 [FXGL Background Thread 3 ] DEBUG Engine               - class com.almasb.fxgl.net.NetService
12:44:32.333 [FXGL Background Thread 3 ] DEBUG Engine               - class com.almasb.fxgl.app.services.UpdaterService
12:44:32.333 [FXGL Background Thread 3 ] DEBUG Engine               - class com.almasb.fxgl.dev.DevService
12:44:32.972 [JavaFX Application Thread] WARN  TMXLevelLoader       - TiledMap generated from 1.7.2. Supported version: 1.2.3. Some features may not be parsed fully.
12:44:32.992 [JavaFX Application Thread] DEBUG TMXLevelLoader       - Parsed TiledMap: file:/D:/GitHub/bomberman-tramcam-desu/target/classes/assets/levels/level1.tmx
12:44:32.993 [JavaFX Application Thread] DEBUG TMXLevelLoader       - Creating tile layer entities
12:44:32.994 [JavaFX Application Thread] DEBUG TilesetLoader        - Loading view for layer Tile Layer 1
12:44:32.996 [JavaFX Application Thread] DEBUG TilesetLoader        - Created buffer with size 1488.0x720.0
12:44:33.084 [JavaFX Application Thread] DEBUG TMXLevelLoader       - Creating object layer entities
12:44:33.085 [JavaFX Application Thread] DEBUG FXGLAssetLoaderServi - Loading from file system: file:/D:/GitHub/bomberman-tramcam-desu/target/classes/assets/textures/photo/powerup_speed.png
12:44:33.091 [JavaFX Application Thread] DEBUG FXGLAssetLoaderServi - Loading from file system: file:/D:/GitHub/bomberman-tramcam-desu/target/classes/assets/textures/photo/powerup_flames.png
12:44:33.093 [JavaFX Application Thread] DEBUG FXGLAssetLoaderServi - Loading from file system: file:/D:/GitHub/bomberman-tramcam-desu/target/classes/assets/textures/photo/powerup_bombs.png
12:44:33.095 [JavaFX Application Thread] DEBUG FXGLAssetLoaderServi - Loading from file system: file:/D:/GitHub/bomberman-tramcam-desu/target/classes/assets/textures/photo/powerup_flamepass.png
12:44:33.097 [JavaFX Application Thread] DEBUG FXGLAssetLoaderServi - Loading from file system: file:/D:/GitHub/bomberman-tramcam-desu/target/classes/assets/textures/photo/portal.png
12:44:33.100 [JavaFX Application Thread] DEBUG FXGLAssetLoaderServi - Loading from file system: file:/D:/GitHub/bomberman-tramcam-desu/target/classes/assets/textures/sprites.png
12:44:33.178 [JavaFX Application Thread] DEBUG GameWorld            - Clearing removable entities
12:44:33.178 [JavaFX Application Thread] DEBUG GameWorld            - Setting level: com.almasb.fxgl.entity.level.Level@3abfabee
12:44:33.226 [JavaFX Application Thread] DEBUG FXGLAssetLoaderServi - Loading from file system: file:/D:/GitHub/bomberman-tramcam-desu/target/classes/assets/sounds/walk_2.wav
12:44:51.944 [JavaFX Application Thread] DEBUG FXGLApplication      - Exiting FXGL
12:44:51.944 [JavaFX Application Thread] DEBUG LoopRunner           - Stopping loop
12:44:51.945 [JavaFX Application Thread] DEBUG SystemBundleService  - Saving FXGL system data
12:44:51.946 [JavaFX Application Thread] DEBUG FileSystemAccess     - Writing to: D:\GitHub\bomberman-tramcam-desu\system\fxgl.bundle
12:44:51.948 [JavaFX Application Thread] DEBUG Async                - Shutting down background threads
12:44:51.948 [JavaFX Application Thread] DEBUG PrimaryStageWindow   - Closing main window
12:44:51.962 [JavaFX Application Thread] DEBUG Logger               - Closing Logger
