10:11:47.253 [main                     ] DEBUG Logger               - Configured Logger
10:11:47.254 [main                     ] DEBUG GameApplication      - Logging settings
Title: Bomberman
Version: Tram Cam Desu
Width: 1080
Height: 720
Fullscreen: false
Intro: false
Profiling: false
Single step:false
App Mode: DEVELOPER
Menu Key: ESCAPE
Stage Style: DECORATED
Scene Factory: class uet.oop.bomberman.BBMApp$1

10:11:47.622 [JavaFX Application Thread] DEBUG FXGLApplication      - Initializing FXGL
10:11:47.625 [JavaFX Application Thread] INFO  Engine               - FXGL-11.17 (16.07.2021 15.46) on WINDOWS (J:18.0.2.1 FX:16)
10:11:47.625 [JavaFX Application Thread] DEBUG Engine               - JRE Vendor Name: Oracle Corporation
10:11:47.625 [JavaFX Application Thread] DEBUG Engine               - Running on OS: Windows 10 version 10.0
10:11:47.625 [JavaFX Application Thread] DEBUG Engine               - Architecture: amd64
10:11:47.625 [JavaFX Application Thread] INFO  Engine               - Source code and latest versions at: https://github.com/AlmasB/FXGL
10:11:47.626 [JavaFX Application Thread] INFO  Engine               -              Join the FXGL chat at: https://gitter.im/AlmasB/FXGL
10:11:47.723 [JavaFX Application Thread] DEBUG PrimaryStageWindow   - Creating a JavaFX scene
10:11:47.767 [JavaFX Application Thread] DEBUG PrimaryStageWindow   - Target settings size: 1080.0 x 720.0
10:11:47.767 [JavaFX Application Thread] DEBUG PrimaryStageWindow   - Scaled scene size:    1080.0 x 720.0
10:11:47.768 [JavaFX Application Thread] DEBUG PrimaryStageWindow   - Scaled ratio: (1.0, 1.0)
10:11:47.768 [JavaFX Application Thread] DEBUG PrimaryStageWindow   - Set initial scene to FXGLStartupScene
10:11:47.773 [JavaFX Application Thread] DEBUG PrimaryStageWindow   - Opening main window
10:11:47.843 [JavaFX Application Thread] DEBUG PrimaryStageWindow   - Window border size: (14.4000244140625, 37.5999755859375)
10:11:47.843 [JavaFX Application Thread] DEBUG PrimaryStageWindow   - Scaled size: 1080.0 x 720.0
10:11:47.844 [JavaFX Application Thread] DEBUG PrimaryStageWindow   - Scaled ratio: (1.0, 1.0)
10:11:47.844 [JavaFX Application Thread] DEBUG PrimaryStageWindow   - Scene size: 1080.0 x 720.0
10:11:47.844 [JavaFX Application Thread] DEBUG PrimaryStageWindow   - Stage size: 1094.4000244140625 x 757.5999755859375
10:11:47.849 [FXGL Background Thread 1 ] DEBUG Engine               - Initializing environment variables
10:11:47.896 [FXGL Background Thread 1 ] DEBUG FXGLAssetLoaderServi - User app class for loading assets: class uet.oop.bomberman.BBMApp
10:11:47.896 [FXGL Background Thread 1 ] DEBUG GameApplicationServi - Applying CSS: fxgl_dark.css
10:11:47.896 [FXGL Background Thread 1 ] DEBUG FXGLAssetLoaderServi - Loading from file system: jar:file:///C:/Users/Legion%207/.m2/repository/com/github/almasb/fxgl/11.17/fxgl-11.17.jar!/fxglassets/ui/css/fxgl_dark.css
10:11:47.929 [FXGL Background Thread 1 ] DEBUG GameApplicationServi - Initializing application scenes
10:11:47.966 [FXGL Background Thread 1 ] DEBUG GameWorld            - Game world initialized
10:11:48.018 [FXGL Background Thread 1 ] DEBUG PhysicsWorld         - Physics world initialized: appHeight=720, physics.ppm=50.0
10:11:48.019 [FXGL Background Thread 1 ] DEBUG PhysicsWorld         - Using strategy: BRUTE_FORCE
10:11:48.022 [FXGL Background Thread 1 ] DEBUG GameScene            - Game scene initialized: 1080x720
10:11:48.122 [FXGL Background Thread 1 ] DEBUG GameApplicationServi - Application scenes initialized
10:11:48.131 [FXGL Background Thread 1 ] DEBUG SystemBundleService  - Loading FXGL system data
10:11:48.134 [FXGL Background Thread 1 ] DEBUG FileSystemAccess     - Reading from: D:\GitHub\bomberman-tramcam-desu\system\fxgl.bundle
10:11:48.140 [FXGL Background Thread 1 ] DEBUG SystemBundleService  - Bundle FXGL: {}
10:11:48.140 [FXGL Background Thread 1 ] DEBUG UpdaterService       - Checking for updates
10:11:48.163 [FXGL Background Thread 4 ] DEBUG FXGLApplication      - Loading fonts
10:11:48.163 [FXGL Background Thread 4 ] DEBUG FXGLAssetLoaderServi - Loading from file system: file:/D:/GitHub/bomberman-tramcam-desu/target/classes/assets/ui/fonts/Retro%20Gaming.ttf
10:11:48.163 [FXGL Background Thread 1 ] DEBUG FXGLApplication      - Loading default localization
10:11:48.164 [FXGL Background Thread 1 ] DEBUG FXGLAssetLoaderServi - Loading from file system: jar:file:///C:/Users/Legion%207/.m2/repository/com/github/almasb/fxgl/11.17/fxgl-11.17.jar!/fxglassets/languages/english.lang
10:11:48.176 [FXGL Background Thread 1 ] INFO  FXGLApplication      - FXGL initialization took: 0.327 sec
10:11:48.192 [JavaFX Application Thread] DEBUG Input                - Registered new binding: Move Up - W
10:11:48.193 [JavaFX Application Thread] DEBUG Input                - Registered new binding: Move Down - S
10:11:48.193 [JavaFX Application Thread] DEBUG Input                - Registered new binding: Move Left - A
10:11:48.193 [JavaFX Application Thread] DEBUG Input                - Registered new binding: Move Right - D
10:11:48.193 [JavaFX Application Thread] DEBUG Input                - Registered new binding: Place Bomb - Space
10:11:48.198 [JavaFX Application Thread] DEBUG FXGLAssetLoaderServi - Loading from file system: file:/D:/GitHub/bomberman-tramcam-desu/target/classes/assets/music/MenuMusic.mp3
10:11:48.244 [FXGL Background Thread 4 ] DEBUG FXGLAssetLoaderServi - Loading from file system: jar:file:///C:/Users/Legion%207/.m2/repository/com/github/almasb/fxgl/11.17/fxgl-11.17.jar!/fxglassets/ui/fonts/Abel-Regular.ttf
10:11:48.252 [FXGL Background Thread 4 ] DEBUG FXGLAssetLoaderServi - Loading from file system: jar:file:///C:/Users/Legion%207/.m2/repository/com/github/almasb/fxgl/11.17/fxgl-11.17.jar!/fxglassets/ui/fonts/lucida_console.ttf
10:11:48.262 [FXGL Background Thread 4 ] DEBUG FXGLAssetLoaderServi - Loading from file system: jar:file:///C:/Users/Legion%207/.m2/repository/com/github/almasb/fxgl/11.17/fxgl-11.17.jar!/fxglassets/ui/fonts/Courier-Prime.ttf
10:11:48.382 [JavaFX Application Thread] DEBUG AudioPlayer          - Playing music com.almasb.fxgl.audio.Music@51817ebc
10:11:48.382 [JavaFX Application Thread] DEBUG FXGLAssetLoaderServi - Loading from file system: jar:file:///C:/Users/Legion%207/.m2/repository/com/github/almasb/fxgl/11.17/fxgl-11.17.jar!/fxglassets/textures/fxgl_icon.png
10:11:48.396 [JavaFX Application Thread] DEBUG FXGLAssetLoaderServi - Loading from file system: jar:file:///C:/Users/Legion%207/.m2/repository/com/github/almasb/fxgl/11.17/fxgl-11.17.jar!/fxglassets/textures/fxgl_default_cursor.png
10:11:48.397 [JavaFX Application Thread] DEBUG Input                - Registered new binding: Screenshot - CTRL+8
10:11:48.398 [JavaFX Application Thread] DEBUG Input                - Registered new binding: Dev Options - 1
10:11:48.398 [JavaFX Application Thread] DEBUG Input                - Registered new binding: Dev Console - 2
10:11:48.398 [JavaFX Application Thread] DEBUG Input                - Registered new binding: System info dump - CTRL+9
10:11:48.398 [JavaFX Application Thread] DEBUG Input                - Registered new binding: Restart - CTRL+R
10:11:48.401 [JavaFX Application Thread] DEBUG Input                - Registered new binding: Toggle Debug Camera - CTRL+C
10:11:48.404 [JavaFX Application Thread] DEBUG LoopRunner           - Starting loop
10:11:48.413 [JavaFX Application Thread] DEBUG LoopRunner           - Initializing JavaFX AnimationTimerLoop
10:11:48.414 [JavaFX Application Thread] DEBUG Input                - Clearing active input actions
10:11:48.420 [JavaFX Application Thread] DEBUG GameApplicationServi - Removing overlay from FXGLStartupScene and adding to FXGLMainMenuDummyScene
10:11:48.423 [JavaFX Application Thread] DEBUG PrimaryStageWindow   - FXGLStartupScene -> FXGLMainMenuDummyScene
10:11:48.423 [JavaFX Application Thread] DEBUG PrimaryStageWindow   - Push state: BBMMenuStartingScreen
10:11:48.423 [JavaFX Application Thread] DEBUG Input                - Clearing active input actions
10:11:48.425 [JavaFX Application Thread] DEBUG GameApplicationServi - Removing overlay from FXGLMainMenuDummyScene and adding to BBMMenuStartingScreen
10:11:48.425 [JavaFX Application Thread] DEBUG PrimaryStageWindow   - FXGLMainMenuDummyScene -> BBMMenuStartingScreen
10:11:48.426 [JavaFX Application Thread] DEBUG FXGLApplication      - Registering font factories with UI factory
10:11:48.729 [FXGL Background Thread 2 ] INFO  UpdaterService       - Your current version:  11.17
10:11:48.729 [FXGL Background Thread 2 ] INFO  UpdaterService       - Latest stable version: 17.2
10:11:51.163 [FXGL Background Thread 3 ] DEBUG Engine               - Logging environment variables
10:11:51.163 [FXGL Background Thread 3 ] DEBUG Engine               - achievements: []
10:11:51.163 [FXGL Background Thread 3 ] DEBUG Engine               - actualHeight: 720.0
10:11:51.163 [FXGL Background Thread 3 ] DEBUG Engine               - actualHeightProperty: ReadOnlyDoubleProperty [value: 720.0]
10:11:51.163 [FXGL Background Thread 3 ] DEBUG Engine               - actualWidth: 1080.0
10:11:51.163 [FXGL Background Thread 3 ] DEBUG Engine               - actualWidthProperty: ReadOnlyDoubleProperty [value: 1080.0]
10:11:51.163 [FXGL Background Thread 3 ] DEBUG Engine               - appIcon: fxgl_icon.png
10:11:51.163 [FXGL Background Thread 3 ] DEBUG Engine               - applicationMode: DEVELOPER
10:11:51.163 [FXGL Background Thread 3 ] DEBUG Engine               - cSSList: [fxgl_dark.css]
10:11:51.163 [FXGL Background Thread 3 ] DEBUG Engine               - collisionDetectionStrategy: BRUTE_FORCE
10:11:51.164 [FXGL Background Thread 3 ] DEBUG Engine               - configClass: Optional.empty
10:11:51.164 [FXGL Background Thread 3 ] DEBUG Engine               - credits: []
10:11:51.164 [FXGL Background Thread 3 ] DEBUG Engine               - defaultCursor: CursorInfo(imageName=fxgl_default_cursor.png, hotspotX=7.0, hotspotY=6.0)
10:11:51.164 [FXGL Background Thread 3 ] DEBUG Engine               - devBBoxColorProperty: ObjectProperty [value: 0xff0000ff]
10:11:51.164 [FXGL Background Thread 3 ] DEBUG Engine               - devEnableDebugCameraProperty: BooleanProperty [value: false]
10:11:51.164 [FXGL Background Thread 3 ] DEBUG Engine               - devSensorColorProperty: ObjectProperty [value: 0xffff00ff]
10:11:51.164 [FXGL Background Thread 3 ] DEBUG Engine               - devShowBBoxProperty: BooleanProperty [value: false]
10:11:51.164 [FXGL Background Thread 3 ] DEBUG Engine               - devShowPositionProperty: BooleanProperty [value: false]
10:11:51.164 [FXGL Background Thread 3 ] DEBUG Engine               - enabledMenuItems: []
10:11:51.164 [FXGL Background Thread 3 ] DEBUG Engine               - engineServices: [class com.almasb.fxgl.app.services.FXGLAssetLoaderService, class com.almasb.fxgl.app.FXGLApplication$GameApplicationService, class com.almasb.fxgl.app.services.FXGLDialogService, class com.almasb.fxgl.app.services.IOTaskExecutorService, class com.almasb.fxgl.io.FileSystemService, class com.almasb.fxgl.localization.LocalizationService, class com.almasb.fxgl.app.services.SystemBundleService, class com.almasb.fxgl.profile.SaveLoadService, class com.almasb.fxgl.ui.FXGLUIFactoryServiceProvider, class com.almasb.fxgl.ui.FXGLDialogFactoryServiceProvider, class com.almasb.fxgl.audio.AudioPlayer, class com.almasb.fxgl.notification.impl.NotificationServiceProvider, class com.almasb.fxgl.achievement.AchievementService, class com.almasb.fxgl.cutscene.CutsceneService, class com.almasb.fxgl.minigames.MiniGameService, class com.almasb.fxgl.net.NetService, class com.almasb.fxgl.app.services.UpdaterService, class com.almasb.fxgl.dev.DevService]
10:11:51.164 [FXGL Background Thread 3 ] DEBUG Engine               - fontGame: Abel-Regular.ttf
10:11:51.164 [FXGL Background Thread 3 ] DEBUG Engine               - fontMono: lucida_console.ttf
10:11:51.164 [FXGL Background Thread 3 ] DEBUG Engine               - fontText: Courier-Prime.ttf
10:11:51.164 [FXGL Background Thread 3 ] DEBUG Engine               - fontUI: Retro Gaming.ttf
10:11:51.164 [FXGL Background Thread 3 ] DEBUG Engine               - fullScreen: BooleanProperty [value: false]
10:11:51.164 [FXGL Background Thread 3 ] DEBUG Engine               - gameDifficulty: MEDIUM
10:11:51.165 [FXGL Background Thread 3 ] DEBUG Engine               - gameDifficultyProperty: ObjectProperty [value: MEDIUM]
10:11:51.165 [FXGL Background Thread 3 ] DEBUG Engine               - globalMusicVolume: 0.5
10:11:51.165 [FXGL Background Thread 3 ] DEBUG Engine               - globalMusicVolumeProperty: DoubleProperty [value: 0.4]
10:11:51.165 [FXGL Background Thread 3 ] DEBUG Engine               - globalSoundVolume: 0.5
10:11:51.165 [FXGL Background Thread 3 ] DEBUG Engine               - globalSoundVolumeProperty: DoubleProperty [value: 0.4]
10:11:51.165 [FXGL Background Thread 3 ] DEBUG Engine               - height: 720
10:11:51.165 [FXGL Background Thread 3 ] DEBUG Engine               - is3D: false
10:11:51.165 [FXGL Background Thread 3 ] DEBUG Engine               - isAndroid: false
10:11:51.165 [FXGL Background Thread 3 ] DEBUG Engine               - isBrowser: false
10:11:51.165 [FXGL Background Thread 3 ] DEBUG Engine               - isClickFeedbackEnabled: false
10:11:51.165 [FXGL Background Thread 3 ] DEBUG Engine               - isCloseConfirmation: false
10:11:51.165 [FXGL Background Thread 3 ] DEBUG Engine               - isDesktop: true
10:11:51.165 [FXGL Background Thread 3 ] DEBUG Engine               - isDeveloperMenuEnabled: true
10:11:51.165 [FXGL Background Thread 3 ] DEBUG Engine               - isEntityPreloadEnabled: true
10:11:51.165 [FXGL Background Thread 3 ] DEBUG Engine               - isExperimentalTiledLargeMap: false
10:11:51.166 [FXGL Background Thread 3 ] DEBUG Engine               - isFileSystemWriteAllowed: true
10:11:51.166 [FXGL Background Thread 3 ] DEBUG Engine               - isFullScreenAllowed: false
10:11:51.166 [FXGL Background Thread 3 ] DEBUG Engine               - isFullScreenFromStart: false
10:11:51.166 [FXGL Background Thread 3 ] DEBUG Engine               - isGameMenuEnabled: true
10:11:51.166 [FXGL Background Thread 3 ] DEBUG Engine               - isIOS: false
10:11:51.166 [FXGL Background Thread 3 ] DEBUG Engine               - isIntroEnabled: false
10:11:51.166 [FXGL Background Thread 3 ] DEBUG Engine               - isLinux: false
10:11:51.166 [FXGL Background Thread 3 ] DEBUG Engine               - isMac: false
10:11:51.167 [FXGL Background Thread 3 ] DEBUG Engine               - isMainMenuEnabled: true
10:11:51.167 [FXGL Background Thread 3 ] DEBUG Engine               - isManualResizeEnabled: true
10:11:51.167 [FXGL Background Thread 3 ] DEBUG Engine               - isMobile: false
10:11:51.167 [FXGL Background Thread 3 ] DEBUG Engine               - isNative: false
10:11:51.167 [FXGL Background Thread 3 ] DEBUG Engine               - isPauseMusicWhenMinimized: true
10:11:51.167 [FXGL Background Thread 3 ] DEBUG Engine               - isPreserveResizeRatio: true
10:11:51.167 [FXGL Background Thread 3 ] DEBUG Engine               - isProfilingEnabled: false
10:11:51.167 [FXGL Background Thread 3 ] DEBUG Engine               - isScaleAffectedOnResize: true
10:11:51.167 [FXGL Background Thread 3 ] DEBUG Engine               - isSingleStep: false
10:11:51.167 [FXGL Background Thread 3 ] DEBUG Engine               - isUserProfileEnabled: false
10:11:51.167 [FXGL Background Thread 3 ] DEBUG Engine               - isWindows: true
10:11:51.167 [FXGL Background Thread 3 ] DEBUG Engine               - language: ObjectProperty [value: ENGLISH]
10:11:51.167 [FXGL Background Thread 3 ] DEBUG Engine               - menuKey: ESCAPE
10:11:51.167 [FXGL Background Thread 3 ] DEBUG Engine               - mouseSensitivity: 0.2
10:11:51.167 [FXGL Background Thread 3 ] DEBUG Engine               - notificationViewClass: class com.almasb.fxgl.notification.view.XboxNotificationView
10:11:51.167 [FXGL Background Thread 3 ] DEBUG Engine               - pixelsPerMeter: 50.0
10:11:51.167 [FXGL Background Thread 3 ] DEBUG Engine               - platform: WINDOWS
10:11:51.167 [FXGL Background Thread 3 ] DEBUG Engine               - prefHeightProperty: ReadOnlyDoubleProperty [value: 720.0]
10:11:51.168 [FXGL Background Thread 3 ] DEBUG Engine               - prefWidthProperty: ReadOnlyDoubleProperty [value: 1080.0]
10:11:51.168 [FXGL Background Thread 3 ] DEBUG Engine               - profileDir: profiles/
10:11:51.168 [FXGL Background Thread 3 ] DEBUG Engine               - profileName: StringProperty [value: DEFAULT]
10:11:51.168 [FXGL Background Thread 3 ] DEBUG Engine               - randomSeed: -1
10:11:51.168 [FXGL Background Thread 3 ] DEBUG Engine               - runtimeInfo: RuntimeInfo(platform=WINDOWS, version=11.17, build=16.07.2021 15.46)
10:11:51.168 [FXGL Background Thread 3 ] DEBUG Engine               - saveFileExt: sav
10:11:51.168 [FXGL Background Thread 3 ] DEBUG Engine               - scaledHeightProp$fxgl: DoubleProperty [bound, value: 720.0]
10:11:51.168 [FXGL Background Thread 3 ] DEBUG Engine               - scaledWidthProp$fxgl: DoubleProperty [bound, value: 1080.0]
10:11:51.168 [FXGL Background Thread 3 ] DEBUG Engine               - sceneFactory: uet.oop.bomberman.BBMApp$1@58739fb9
10:11:51.168 [FXGL Background Thread 3 ] DEBUG Engine               - secondsIn24h: 60
10:11:51.168 [FXGL Background Thread 3 ] DEBUG Engine               - soundMenuBack: menu/back.wav
10:11:51.168 [FXGL Background Thread 3 ] DEBUG Engine               - soundMenuPress: menu/press.wav
10:11:51.168 [FXGL Background Thread 3 ] DEBUG Engine               - soundMenuSelect: menu/select.wav
10:11:51.168 [FXGL Background Thread 3 ] DEBUG Engine               - soundNotification: core/notification.wav
10:11:51.168 [FXGL Background Thread 3 ] DEBUG Engine               - stageStyle: DECORATED
10:11:51.168 [FXGL Background Thread 3 ] DEBUG Engine               - supportedLanguages: [ENGLISH, FRENCH, GERMAN, HUNGARIAN, RUSSIAN]
10:11:51.168 [FXGL Background Thread 3 ] DEBUG Engine               - ticksPerSecond: -1
10:11:51.168 [FXGL Background Thread 3 ] DEBUG Engine               - title: Bomberman
10:11:51.168 [FXGL Background Thread 3 ] DEBUG Engine               - urlGithub: https://github.com/AlmasB/FXGL
10:11:51.168 [FXGL Background Thread 3 ] DEBUG Engine               - urlLeaderboard: http://fxgl-top.herokuapp.com/
10:11:51.168 [FXGL Background Thread 3 ] DEBUG Engine               - urlPOM: https://raw.githubusercontent.com/AlmasB/FXGL/release/README.md
10:11:51.169 [FXGL Background Thread 3 ] DEBUG Engine               - userAppClass: class uet.oop.bomberman.BBMApp
10:11:51.169 [FXGL Background Thread 3 ] DEBUG Engine               - version: Tram Cam Desu
10:11:51.169 [FXGL Background Thread 3 ] DEBUG Engine               - versionCheckDays: 7
10:11:51.169 [FXGL Background Thread 3 ] DEBUG Engine               - width: 1080
10:11:51.169 [FXGL Background Thread 3 ] DEBUG Engine               - Logging services
10:11:51.169 [FXGL Background Thread 3 ] DEBUG Engine               - class com.almasb.fxgl.app.services.FXGLAssetLoaderService
10:11:51.169 [FXGL Background Thread 3 ] DEBUG Engine               - class com.almasb.fxgl.app.FXGLApplication$GameApplicationService
10:11:51.169 [FXGL Background Thread 3 ] DEBUG Engine               - class com.almasb.fxgl.app.services.FXGLDialogService
10:11:51.169 [FXGL Background Thread 3 ] DEBUG Engine               - class com.almasb.fxgl.app.services.IOTaskExecutorService
10:11:51.169 [FXGL Background Thread 3 ] DEBUG Engine               - class com.almasb.fxgl.io.FileSystemService
10:11:51.169 [FXGL Background Thread 3 ] DEBUG Engine               - class com.almasb.fxgl.localization.LocalizationService
10:11:51.169 [FXGL Background Thread 3 ] DEBUG Engine               - class com.almasb.fxgl.app.services.SystemBundleService
10:11:51.169 [FXGL Background Thread 3 ] DEBUG Engine               - class com.almasb.fxgl.profile.SaveLoadService
10:11:51.169 [FXGL Background Thread 3 ] DEBUG Engine               - class com.almasb.fxgl.ui.FXGLUIFactoryServiceProvider
10:11:51.169 [FXGL Background Thread 3 ] DEBUG Engine               - class com.almasb.fxgl.ui.FXGLDialogFactoryServiceProvider
10:11:51.169 [FXGL Background Thread 3 ] DEBUG Engine               - class com.almasb.fxgl.audio.AudioPlayer
10:11:51.169 [FXGL Background Thread 3 ] DEBUG Engine               - class com.almasb.fxgl.notification.impl.NotificationServiceProvider
10:11:51.169 [FXGL Background Thread 3 ] DEBUG Engine               - class com.almasb.fxgl.achievement.AchievementService
10:11:51.169 [FXGL Background Thread 3 ] DEBUG Engine               - class com.almasb.fxgl.cutscene.CutsceneService
10:11:51.169 [FXGL Background Thread 3 ] DEBUG Engine               - class com.almasb.fxgl.minigames.MiniGameService
10:11:51.169 [FXGL Background Thread 3 ] DEBUG Engine               - class com.almasb.fxgl.net.NetService
10:11:51.169 [FXGL Background Thread 3 ] DEBUG Engine               - class com.almasb.fxgl.app.services.UpdaterService
10:11:51.169 [FXGL Background Thread 3 ] DEBUG Engine               - class com.almasb.fxgl.dev.DevService
10:11:57.291 [JavaFX Application Thread] DEBUG Menu                 - fireNewGame()
10:11:57.291 [JavaFX Application Thread] DEBUG GameApplicationServi - Starting new game
10:11:57.291 [JavaFX Application Thread] DEBUG PrimaryStageWindow   - Pop state: BBMMenuStartingScreen
10:11:57.292 [JavaFX Application Thread] DEBUG Input                - Clearing active input actions
10:11:57.293 [JavaFX Application Thread] DEBUG GameApplicationServi - Removing overlay from BBMMenuStartingScreen and adding to FXGLMainMenuDummyScene
10:11:57.295 [JavaFX Application Thread] DEBUG PrimaryStageWindow   - FXGLMainMenuDummyScene <- BBMMenuStartingScreen
10:11:57.295 [JavaFX Application Thread] DEBUG Input                - Clearing active input actions
10:11:57.302 [JavaFX Application Thread] DEBUG GameApplicationServi - Removing overlay from FXGLMainMenuDummyScene and adding to FXGLLoadingScene
10:11:57.303 [JavaFX Application Thread] DEBUG PrimaryStageWindow   - FXGLMainMenuDummyScene -> FXGLLoadingScene
10:11:57.303 [JavaFX Application Thread] DEBUG GameApplicationServi - Clearing previous game
10:11:57.303 [JavaFX Application Thread] DEBUG GameScene            - Clearing game scene
10:11:57.303 [JavaFX Application Thread] DEBUG GameWorld            - Clearing game world
10:11:57.303 [JavaFX Application Thread] DEBUG PhysicsWorld         - Clearing physics world
10:11:57.306 [FXGL Background Thread 2 ] DEBUG FXGLApplication      - Initializing game
10:11:57.335 [FXGL Background Thread 2 ] DEBUG FXGLAssetLoaderServi - Loading from file system: file:/D:/GitHub/bomberman-tramcam-desu/target/classes/assets/sounds/GameStarted.wav
10:11:57.394 [FXGL Background Thread 2 ] INFO  FXGLApplication      - Game initialization took: 0.088 sec
10:11:57.395 [JavaFX Application Thread] DEBUG Input                - Clearing active input actions
10:11:57.401 [JavaFX Application Thread] DEBUG GameApplicationServi - Removing overlay from FXGLLoadingScene and adding to GameScene
10:11:57.404 [JavaFX Application Thread] DEBUG PrimaryStageWindow   - FXGLLoadingScene -> GameScene
10:12:00.516 [JavaFX Application Thread] WARN  TMXLevelLoader       - TiledMap generated from 1.7.2. Supported version: 1.2.3. Some features may not be parsed fully.
10:12:00.535 [JavaFX Application Thread] DEBUG TMXLevelLoader       - Parsed TiledMap: file:/D:/GitHub/bomberman-tramcam-desu/target/classes/assets/levels/level1.tmx
10:12:00.536 [JavaFX Application Thread] DEBUG TMXLevelLoader       - Creating tile layer entities
10:12:00.537 [JavaFX Application Thread] DEBUG TilesetLoader        - Loading view for layer Tile Layer 1
10:12:00.541 [JavaFX Application Thread] DEBUG TilesetLoader        - Created buffer with size 1488.0x720.0
10:12:00.627 [JavaFX Application Thread] DEBUG TMXLevelLoader       - Creating object layer entities
10:12:00.628 [JavaFX Application Thread] DEBUG FXGLAssetLoaderServi - Loading from file system: file:/D:/GitHub/bomberman-tramcam-desu/target/classes/assets/textures/photo/powerup_speed.png
10:12:00.633 [JavaFX Application Thread] DEBUG FXGLAssetLoaderServi - Loading from file system: file:/D:/GitHub/bomberman-tramcam-desu/target/classes/assets/textures/photo/powerup_flames.png
10:12:00.634 [JavaFX Application Thread] DEBUG FXGLAssetLoaderServi - Loading from file system: file:/D:/GitHub/bomberman-tramcam-desu/target/classes/assets/textures/photo/powerup_bombs.png
10:12:00.635 [JavaFX Application Thread] DEBUG FXGLAssetLoaderServi - Loading from file system: file:/D:/GitHub/bomberman-tramcam-desu/target/classes/assets/textures/photo/powerup_flamepass.png
10:12:00.638 [JavaFX Application Thread] DEBUG FXGLAssetLoaderServi - Loading from file system: file:/D:/GitHub/bomberman-tramcam-desu/target/classes/assets/textures/photo/portal.png
10:12:00.644 [JavaFX Application Thread] DEBUG FXGLAssetLoaderServi - Loading from file system: file:/D:/GitHub/bomberman-tramcam-desu/target/classes/assets/textures/sprites.png
10:12:00.736 [JavaFX Application Thread] DEBUG GameWorld            - Clearing removable entities
10:12:00.736 [JavaFX Application Thread] DEBUG GameWorld            - Setting level: com.almasb.fxgl.entity.level.Level@322046ca
10:12:00.786 [JavaFX Application Thread] DEBUG FXGLAssetLoaderServi - Loading from file system: file:/D:/GitHub/bomberman-tramcam-desu/target/classes/assets/sounds/walk_2.wav
10:12:04.166 [JavaFX Application Thread] DEBUG FXGLAssetLoaderServi - Loading from file system: file:/D:/GitHub/bomberman-tramcam-desu/target/classes/assets/sounds/BombPlaced.wav
10:12:06.654 [JavaFX Application Thread] DEBUG FXGLAssetLoaderServi - Loading from file system: file:/D:/GitHub/bomberman-tramcam-desu/target/classes/assets/sounds/BombExploding.wav
10:12:09.657 [JavaFX Application Thread] DEBUG FXGLAssetLoaderServi - Loading from file system: file:/D:/GitHub/bomberman-tramcam-desu/target/classes/assets/sounds/walk_1.wav
10:12:12.264 [JavaFX Application Thread] DEBUG FXGLAssetLoaderServi - Loading from file system: file:/D:/GitHub/bomberman-tramcam-desu/target/classes/assets/sounds/power_up.wav
10:12:13.568 [JavaFX Application Thread] DEBUG FXGLAssetLoaderServi - Loading from file system: file:/D:/GitHub/bomberman-tramcam-desu/target/classes/assets/sounds/BombermanDead.wav
10:12:15.101 [JavaFX Application Thread] WARN  TMXLevelLoader       - TiledMap generated from 1.7.2. Supported version: 1.2.3. Some features may not be parsed fully.
10:12:15.143 [JavaFX Application Thread] DEBUG TMXLevelLoader       - Parsed TiledMap: file:/D:/GitHub/bomberman-tramcam-desu/target/classes/assets/levels/level1.tmx
10:12:15.143 [JavaFX Application Thread] DEBUG TMXLevelLoader       - Creating tile layer entities
10:12:15.144 [JavaFX Application Thread] DEBUG TilesetLoader        - Loading view for layer Tile Layer 1
10:12:15.146 [JavaFX Application Thread] DEBUG TilesetLoader        - Created buffer with size 1488.0x720.0
10:12:15.253 [JavaFX Application Thread] DEBUG TMXLevelLoader       - Creating object layer entities
10:12:15.289 [JavaFX Application Thread] DEBUG GameWorld            - Clearing removable entities
10:12:15.297 [JavaFX Application Thread] DEBUG GameWorld            - Setting level: com.almasb.fxgl.entity.level.Level@352d24b3
10:12:15.828 [JavaFX Application Thread] DEBUG PrimaryStageWindow   - Push state: BBMMenuInGame
10:12:15.829 [JavaFX Application Thread] DEBUG Input                - Clearing active input actions
10:12:15.829 [JavaFX Application Thread] DEBUG GameApplicationServi - Removing overlay from GameScene and adding to BBMMenuInGame
10:12:15.830 [JavaFX Application Thread] DEBUG PrimaryStageWindow   - GameScene -> BBMMenuInGame
10:12:18.494 [JavaFX Application Thread] DEBUG Menu                 - fireExit()
10:12:18.497 [JavaFX Application Thread] DEBUG PrimaryStageWindow   - Push state: DialogSubScene
10:12:18.497 [JavaFX Application Thread] DEBUG Input                - Clearing active input actions
10:12:18.498 [JavaFX Application Thread] DEBUG GameApplicationServi - Removing overlay from BBMMenuInGame and adding to DialogSubScene
10:12:18.498 [JavaFX Application Thread] DEBUG PrimaryStageWindow   - BBMMenuInGame -> DialogSubScene
10:12:19.598 [JavaFX Application Thread] DEBUG PrimaryStageWindow   - Pop state: DialogSubScene
10:12:19.598 [JavaFX Application Thread] DEBUG Input                - Clearing active input actions
10:12:19.599 [JavaFX Application Thread] DEBUG GameApplicationServi - Removing overlay from DialogSubScene and adding to BBMMenuInGame
10:12:19.600 [JavaFX Application Thread] DEBUG PrimaryStageWindow   - BBMMenuInGame <- DialogSubScene
10:12:20.161 [JavaFX Application Thread] DEBUG Menu                 - fireExitToMainMenu()
10:12:20.161 [JavaFX Application Thread] DEBUG PrimaryStageWindow   - Push state: DialogSubScene
10:12:20.161 [JavaFX Application Thread] DEBUG Input                - Clearing active input actions
10:12:20.162 [JavaFX Application Thread] DEBUG GameApplicationServi - Removing overlay from BBMMenuInGame and adding to DialogSubScene
10:12:20.162 [JavaFX Application Thread] DEBUG PrimaryStageWindow   - BBMMenuInGame -> DialogSubScene
10:12:20.703 [JavaFX Application Thread] DEBUG PrimaryStageWindow   - Pop state: DialogSubScene
10:12:20.703 [JavaFX Application Thread] DEBUG Input                - Clearing active input actions
10:12:20.704 [JavaFX Application Thread] DEBUG GameApplicationServi - Removing overlay from DialogSubScene and adding to BBMMenuInGame
10:12:20.704 [JavaFX Application Thread] DEBUG PrimaryStageWindow   - BBMMenuInGame <- DialogSubScene
10:12:20.704 [JavaFX Application Thread] DEBUG PrimaryStageWindow   - Pop state: BBMMenuInGame
10:12:20.704 [JavaFX Application Thread] DEBUG Input                - Clearing active input actions
10:12:20.705 [JavaFX Application Thread] DEBUG GameApplicationServi - Removing overlay from BBMMenuInGame and adding to GameScene
10:12:20.705 [JavaFX Application Thread] DEBUG PrimaryStageWindow   - GameScene <- BBMMenuInGame
10:12:20.705 [JavaFX Application Thread] DEBUG Input                - Clearing active input actions
10:12:20.711 [JavaFX Application Thread] DEBUG GameApplicationServi - Removing overlay from GameScene and adding to FXGLMainMenuDummyScene
10:12:20.715 [JavaFX Application Thread] DEBUG PrimaryStageWindow   - GameScene -> FXGLMainMenuDummyScene
10:12:20.715 [JavaFX Application Thread] DEBUG PrimaryStageWindow   - Push state: BBMMenuStartingScreen
10:12:20.715 [JavaFX Application Thread] DEBUG Input                - Clearing active input actions
10:12:20.715 [JavaFX Application Thread] DEBUG GameApplicationServi - Removing overlay from FXGLMainMenuDummyScene and adding to BBMMenuStartingScreen
10:12:20.716 [JavaFX Application Thread] DEBUG PrimaryStageWindow   - FXGLMainMenuDummyScene -> BBMMenuStartingScreen
10:12:21.896 [JavaFX Application Thread] DEBUG PrimaryStageWindow   - Push state: DialogSubScene
10:12:21.896 [JavaFX Application Thread] DEBUG Input                - Clearing active input actions
10:12:21.897 [JavaFX Application Thread] DEBUG GameApplicationServi - Removing overlay from BBMMenuStartingScreen and adding to DialogSubScene
10:12:21.897 [JavaFX Application Thread] DEBUG PrimaryStageWindow   - BBMMenuStartingScreen -> DialogSubScene
10:12:24.662 [JavaFX Application Thread] DEBUG PrimaryStageWindow   - Pop state: DialogSubScene
10:12:24.662 [JavaFX Application Thread] DEBUG Input                - Clearing active input actions
10:12:24.662 [JavaFX Application Thread] DEBUG GameApplicationServi - Removing overlay from DialogSubScene and adding to BBMMenuStartingScreen
10:12:24.663 [JavaFX Application Thread] DEBUG PrimaryStageWindow   - BBMMenuStartingScreen <- DialogSubScene
10:12:25.174 [JavaFX Application Thread] DEBUG Menu                 - fireNewGame()
10:12:25.174 [JavaFX Application Thread] DEBUG GameApplicationServi - Starting new game
10:12:25.174 [JavaFX Application Thread] DEBUG PrimaryStageWindow   - Pop state: BBMMenuStartingScreen
10:12:25.174 [JavaFX Application Thread] DEBUG Input                - Clearing active input actions
10:12:25.174 [JavaFX Application Thread] DEBUG GameApplicationServi - Removing overlay from BBMMenuStartingScreen and adding to FXGLMainMenuDummyScene
10:12:25.175 [JavaFX Application Thread] DEBUG PrimaryStageWindow   - FXGLMainMenuDummyScene <- BBMMenuStartingScreen
10:12:25.175 [JavaFX Application Thread] DEBUG Input                - Clearing active input actions
10:12:25.179 [JavaFX Application Thread] DEBUG GameApplicationServi - Removing overlay from FXGLMainMenuDummyScene and adding to FXGLLoadingScene
10:12:25.179 [JavaFX Application Thread] DEBUG PrimaryStageWindow   - FXGLMainMenuDummyScene -> FXGLLoadingScene
10:12:25.179 [JavaFX Application Thread] DEBUG GameApplicationServi - Clearing previous game
10:12:25.179 [JavaFX Application Thread] DEBUG GameScene            - Clearing game scene
10:12:25.180 [JavaFX Application Thread] DEBUG GameWorld            - Clearing game world
10:12:25.187 [JavaFX Application Thread] DEBUG PhysicsWorld         - Clearing physics world
10:12:25.187 [FXGL Background Thread 2 ] DEBUG FXGLApplication      - Initializing game
10:12:25.205 [FXGL Background Thread 2 ] INFO  FXGLApplication      - Game initialization took: 0.017 sec
10:12:25.208 [JavaFX Application Thread] DEBUG Input                - Clearing active input actions
10:12:25.211 [JavaFX Application Thread] DEBUG GameApplicationServi - Removing overlay from FXGLLoadingScene and adding to GameScene
10:12:25.212 [JavaFX Application Thread] DEBUG PrimaryStageWindow   - FXGLLoadingScene -> GameScene
10:12:28.411 [JavaFX Application Thread] WARN  TMXLevelLoader       - TiledMap generated from 1.7.2. Supported version: 1.2.3. Some features may not be parsed fully.
10:12:28.434 [JavaFX Application Thread] DEBUG TMXLevelLoader       - Parsed TiledMap: file:/D:/GitHub/bomberman-tramcam-desu/target/classes/assets/levels/level1.tmx
10:12:28.434 [JavaFX Application Thread] DEBUG TMXLevelLoader       - Creating tile layer entities
10:12:28.435 [JavaFX Application Thread] DEBUG TilesetLoader        - Loading view for layer Tile Layer 1
10:12:28.436 [JavaFX Application Thread] DEBUG TilesetLoader        - Created buffer with size 1488.0x720.0
10:12:28.574 [JavaFX Application Thread] DEBUG TMXLevelLoader       - Creating object layer entities
10:12:28.578 [JavaFX Application Thread] DEBUG FXGLAssetLoaderServi - Loading from file system: file:/D:/GitHub/bomberman-tramcam-desu/target/classes/assets/textures/sprites1.png
10:12:28.629 [JavaFX Application Thread] DEBUG GameWorld            - Clearing removable entities
10:12:28.629 [JavaFX Application Thread] DEBUG GameWorld            - Setting level: com.almasb.fxgl.entity.level.Level@3c2957c7
10:12:38.539 [JavaFX Application Thread] WARN  TMXLevelLoader       - TiledMap generated from 1.7.2. Supported version: 1.2.3. Some features may not be parsed fully.
10:12:38.553 [JavaFX Application Thread] DEBUG TMXLevelLoader       - Parsed TiledMap: file:/D:/GitHub/bomberman-tramcam-desu/target/classes/assets/levels/level1.tmx
10:12:38.553 [JavaFX Application Thread] DEBUG TMXLevelLoader       - Creating tile layer entities
10:12:38.554 [JavaFX Application Thread] DEBUG TilesetLoader        - Loading view for layer Tile Layer 1
10:12:38.555 [JavaFX Application Thread] DEBUG TilesetLoader        - Created buffer with size 1488.0x720.0
10:12:38.681 [JavaFX Application Thread] DEBUG TMXLevelLoader       - Creating object layer entities
10:12:38.710 [JavaFX Application Thread] DEBUG GameWorld            - Clearing removable entities
10:12:38.714 [JavaFX Application Thread] DEBUG GameWorld            - Setting level: com.almasb.fxgl.entity.level.Level@7273fd26
10:12:54.800 [JavaFX Application Thread] DEBUG PrimaryStageWindow   - Push state: BBMMenuInGame
10:12:54.800 [JavaFX Application Thread] DEBUG Input                - Clearing active input actions
10:12:54.800 [JavaFX Application Thread] DEBUG GameApplicationServi - Removing overlay from GameScene and adding to BBMMenuInGame
10:12:54.800 [JavaFX Application Thread] DEBUG PrimaryStageWindow   - GameScene -> BBMMenuInGame
10:12:55.643 [JavaFX Application Thread] DEBUG Menu                 - fireExit()
10:12:55.643 [JavaFX Application Thread] DEBUG PrimaryStageWindow   - Push state: DialogSubScene
10:12:55.643 [JavaFX Application Thread] DEBUG Input                - Clearing active input actions
10:12:55.644 [JavaFX Application Thread] DEBUG GameApplicationServi - Removing overlay from BBMMenuInGame and adding to DialogSubScene
10:12:55.645 [JavaFX Application Thread] DEBUG PrimaryStageWindow   - BBMMenuInGame -> DialogSubScene
10:12:56.763 [JavaFX Application Thread] DEBUG PrimaryStageWindow   - Pop state: DialogSubScene
10:12:56.763 [JavaFX Application Thread] DEBUG Input                - Clearing active input actions
10:12:56.763 [JavaFX Application Thread] DEBUG GameApplicationServi - Removing overlay from DialogSubScene and adding to BBMMenuInGame
10:12:56.763 [JavaFX Application Thread] DEBUG PrimaryStageWindow   - BBMMenuInGame <- DialogSubScene
10:12:56.764 [JavaFX Application Thread] DEBUG FXGLApplication      - Exiting FXGL
10:12:56.764 [JavaFX Application Thread] DEBUG LoopRunner           - Stopping loop
10:12:56.764 [JavaFX Application Thread] DEBUG SystemBundleService  - Saving FXGL system data
10:12:56.765 [JavaFX Application Thread] DEBUG FileSystemAccess     - Writing to: D:\GitHub\bomberman-tramcam-desu\system\fxgl.bundle
10:12:56.766 [JavaFX Application Thread] DEBUG Async                - Shutting down background threads
10:12:56.766 [JavaFX Application Thread] DEBUG PrimaryStageWindow   - Closing main window
10:12:56.780 [JavaFX Application Thread] DEBUG Logger               - Closing Logger
