16:51:58.712 [main                     ] DEBUG Logger               - Configured Logger
16:51:58.713 [main                     ] DEBUG GameApplication      - Logging settings
Title: Bomberman
Version: Tram Cam Desu
Width: 1080
Height: 720
Fullscreen: false
Intro: false
Profiling: false
Single step:false
App Mode: DEVELOPER
Menu Key: ESCAPE
Stage Style: DECORATED
Scene Factory: class uet.oop.bomberman.BBMApp$1

16:51:58.971 [JavaFX Application Thread] DEBUG FXGLApplication      - Initializing FXGL
16:51:58.972 [JavaFX Application Thread] INFO  Engine               - FXGL-11.17 (16.07.2021 15.46) on WINDOWS (J:18.0.2.1 FX:16)
16:51:58.973 [JavaFX Application Thread] DEBUG Engine               - JRE Vendor Name: Oracle Corporation
16:51:58.973 [JavaFX Application Thread] DEBUG Engine               - Running on OS: Windows 10 version 10.0
16:51:58.973 [JavaFX Application Thread] DEBUG Engine               - Architecture: amd64
16:51:58.973 [JavaFX Application Thread] INFO  Engine               - Source code and latest versions at: https://github.com/AlmasB/FXGL
16:51:58.973 [JavaFX Application Thread] INFO  Engine               -              Join the FXGL chat at: https://gitter.im/AlmasB/FXGL
16:51:59.039 [JavaFX Application Thread] DEBUG PrimaryStageWindow   - Creating a JavaFX scene
16:51:59.069 [JavaFX Application Thread] DEBUG PrimaryStageWindow   - Target settings size: 1080.0 x 720.0
16:51:59.069 [JavaFX Application Thread] DEBUG PrimaryStageWindow   - Scaled scene size:    1080.0 x 720.0
16:51:59.069 [JavaFX Application Thread] DEBUG PrimaryStageWindow   - Scaled ratio: (1.0, 1.0)
16:51:59.070 [JavaFX Application Thread] DEBUG PrimaryStageWindow   - Set initial scene to FXGLStartupScene
16:51:59.075 [JavaFX Application Thread] DEBUG PrimaryStageWindow   - Opening main window
16:51:59.137 [JavaFX Application Thread] DEBUG PrimaryStageWindow   - Window border size: (14.4000244140625, 37.5999755859375)
16:51:59.137 [JavaFX Application Thread] DEBUG PrimaryStageWindow   - Scaled size: 1080.0 x 720.0
16:51:59.137 [JavaFX Application Thread] DEBUG PrimaryStageWindow   - Scaled ratio: (1.0, 1.0)
16:51:59.137 [JavaFX Application Thread] DEBUG PrimaryStageWindow   - Scene size: 1080.0 x 720.0
16:51:59.137 [JavaFX Application Thread] DEBUG PrimaryStageWindow   - Stage size: 1094.4000244140625 x 757.5999755859375
16:51:59.144 [FXGL Background Thread 1 ] DEBUG Engine               - Initializing environment variables
16:51:59.203 [FXGL Background Thread 1 ] DEBUG FXGLAssetLoaderServi - User app class for loading assets: class uet.oop.bomberman.BBMApp
16:51:59.204 [FXGL Background Thread 1 ] DEBUG GameApplicationServi - Applying CSS: fxgl_dark.css
16:51:59.204 [FXGL Background Thread 1 ] DEBUG FXGLAssetLoaderServi - Loading from file system: jar:file:///C:/Users/Legion%207/.m2/repository/com/github/almasb/fxgl/11.17/fxgl-11.17.jar!/fxglassets/ui/css/fxgl_dark.css
16:51:59.246 [FXGL Background Thread 1 ] DEBUG GameApplicationServi - Initializing application scenes
16:51:59.279 [FXGL Background Thread 1 ] DEBUG GameWorld            - Game world initialized
16:51:59.331 [FXGL Background Thread 1 ] DEBUG PhysicsWorld         - Physics world initialized: appHeight=720, physics.ppm=50.0
16:51:59.332 [FXGL Background Thread 1 ] DEBUG PhysicsWorld         - Using strategy: BRUTE_FORCE
16:51:59.333 [FXGL Background Thread 1 ] DEBUG GameScene            - Game scene initialized: 1080x720
16:51:59.431 [FXGL Background Thread 1 ] DEBUG GameApplicationServi - Application scenes initialized
16:51:59.447 [FXGL Background Thread 1 ] DEBUG SystemBundleService  - Loading FXGL system data
16:51:59.467 [FXGL Background Thread 1 ] DEBUG FileSystemAccess     - Reading from: D:\GitHub\bomberman-tramcam-desu\system\fxgl.bundle
16:51:59.476 [FXGL Background Thread 1 ] DEBUG SystemBundleService  - Bundle FXGL: {}
16:51:59.476 [FXGL Background Thread 1 ] DEBUG UpdaterService       - Checking for updates
16:51:59.497 [FXGL Background Thread 4 ] DEBUG FXGLApplication      - Loading fonts
16:51:59.498 [FXGL Background Thread 1 ] DEBUG FXGLApplication      - Loading default localization
16:51:59.498 [FXGL Background Thread 4 ] DEBUG FXGLAssetLoaderServi - Loading from file system: file:/D:/GitHub/bomberman-tramcam-desu/target/classes/assets/ui/fonts/Retro%20Gaming.ttf
16:51:59.498 [FXGL Background Thread 1 ] DEBUG FXGLAssetLoaderServi - Loading from file system: jar:file:///C:/Users/Legion%207/.m2/repository/com/github/almasb/fxgl/11.17/fxgl-11.17.jar!/fxglassets/languages/english.lang
16:51:59.517 [FXGL Background Thread 1 ] INFO  FXGLApplication      - FXGL initialization took: 0.373 sec
16:51:59.524 [JavaFX Application Thread] DEBUG Input                - Registered new binding: Move Up - W
16:51:59.524 [JavaFX Application Thread] DEBUG Input                - Registered new binding: Move Down - S
16:51:59.524 [JavaFX Application Thread] DEBUG Input                - Registered new binding: Move Left - A
16:51:59.524 [JavaFX Application Thread] DEBUG Input                - Registered new binding: Move Right - D
16:51:59.524 [JavaFX Application Thread] DEBUG Input                - Registered new binding: Place Bomb - Space
16:51:59.525 [JavaFX Application Thread] WARN  FXGLAssetLoaderServi - Asset "/assets/music/title_screen.mp3" was not found!
16:51:59.525 [JavaFX Application Thread] WARN  FXGLAssetLoaderServi - Failed to load MUSIC
16:51:59.526 [JavaFX Application Thread] DEBUG AudioPlayer          - Playing music com.almasb.fxgl.audio.Music@6abdc3ab
16:51:59.526 [JavaFX Application Thread] DEBUG FXGLAssetLoaderServi - Loading from file system: jar:file:///C:/Users/Legion%207/.m2/repository/com/github/almasb/fxgl/11.17/fxgl-11.17.jar!/fxglassets/textures/fxgl_icon.png
16:51:59.543 [JavaFX Application Thread] DEBUG FXGLAssetLoaderServi - Loading from file system: jar:file:///C:/Users/Legion%207/.m2/repository/com/github/almasb/fxgl/11.17/fxgl-11.17.jar!/fxglassets/textures/fxgl_default_cursor.png
16:51:59.545 [JavaFX Application Thread] DEBUG Input                - Registered new binding: Screenshot - CTRL+8
16:51:59.545 [JavaFX Application Thread] DEBUG Input                - Registered new binding: Dev Options - 1
16:51:59.545 [JavaFX Application Thread] DEBUG Input                - Registered new binding: Dev Console - 2
16:51:59.545 [JavaFX Application Thread] DEBUG Input                - Registered new binding: System info dump - CTRL+9
16:51:59.546 [JavaFX Application Thread] DEBUG Input                - Registered new binding: Restart - CTRL+R
16:51:59.546 [JavaFX Application Thread] DEBUG Input                - Registered new binding: Toggle Debug Camera - CTRL+C
16:51:59.548 [JavaFX Application Thread] DEBUG LoopRunner           - Starting loop
16:51:59.562 [JavaFX Application Thread] DEBUG LoopRunner           - Initializing JavaFX AnimationTimerLoop
16:51:59.565 [JavaFX Application Thread] DEBUG Input                - Clearing active input actions
16:51:59.567 [FXGL Background Thread 4 ] DEBUG FXGLAssetLoaderServi - Loading from file system: jar:file:///C:/Users/Legion%207/.m2/repository/com/github/almasb/fxgl/11.17/fxgl-11.17.jar!/fxglassets/ui/fonts/Abel-Regular.ttf
16:51:59.573 [JavaFX Application Thread] DEBUG GameApplicationServi - Removing overlay from FXGLStartupScene and adding to FXGLMainMenuDummyScene
16:51:59.576 [JavaFX Application Thread] DEBUG PrimaryStageWindow   - FXGLStartupScene -> FXGLMainMenuDummyScene
16:51:59.576 [JavaFX Application Thread] DEBUG PrimaryStageWindow   - Push state: BBMMenuStartingScreen
16:51:59.576 [JavaFX Application Thread] DEBUG Input                - Clearing active input actions
16:51:59.577 [FXGL Background Thread 4 ] DEBUG FXGLAssetLoaderServi - Loading from file system: jar:file:///C:/Users/Legion%207/.m2/repository/com/github/almasb/fxgl/11.17/fxgl-11.17.jar!/fxglassets/ui/fonts/lucida_console.ttf
16:51:59.579 [JavaFX Application Thread] DEBUG GameApplicationServi - Removing overlay from FXGLMainMenuDummyScene and adding to BBMMenuStartingScreen
16:51:59.580 [JavaFX Application Thread] DEBUG PrimaryStageWindow   - FXGLMainMenuDummyScene -> BBMMenuStartingScreen
16:51:59.587 [FXGL Background Thread 4 ] DEBUG FXGLAssetLoaderServi - Loading from file system: jar:file:///C:/Users/Legion%207/.m2/repository/com/github/almasb/fxgl/11.17/fxgl-11.17.jar!/fxglassets/ui/fonts/Courier-Prime.ttf
16:51:59.715 [JavaFX Application Thread] DEBUG FXGLApplication      - Registering font factories with UI factory
16:52:00.246 [FXGL Background Thread 2 ] INFO  UpdaterService       - Your current version:  11.17
16:52:00.247 [FXGL Background Thread 2 ] INFO  UpdaterService       - Latest stable version: 17.2
16:52:00.898 [JavaFX Application Thread] DEBUG Menu                 - fireNewGame()
16:52:00.898 [JavaFX Application Thread] DEBUG GameApplicationServi - Starting new game
16:52:00.898 [JavaFX Application Thread] DEBUG PrimaryStageWindow   - Pop state: BBMMenuStartingScreen
16:52:00.898 [JavaFX Application Thread] DEBUG Input                - Clearing active input actions
16:52:00.899 [JavaFX Application Thread] DEBUG GameApplicationServi - Removing overlay from BBMMenuStartingScreen and adding to FXGLMainMenuDummyScene
16:52:00.900 [JavaFX Application Thread] DEBUG PrimaryStageWindow   - FXGLMainMenuDummyScene <- BBMMenuStartingScreen
16:52:00.900 [JavaFX Application Thread] DEBUG Input                - Clearing active input actions
16:52:00.905 [JavaFX Application Thread] DEBUG GameApplicationServi - Removing overlay from FXGLMainMenuDummyScene and adding to FXGLLoadingScene
16:52:00.905 [JavaFX Application Thread] DEBUG PrimaryStageWindow   - FXGLMainMenuDummyScene -> FXGLLoadingScene
16:52:00.905 [JavaFX Application Thread] DEBUG GameApplicationServi - Clearing previous game
16:52:00.906 [JavaFX Application Thread] DEBUG GameScene            - Clearing game scene
16:52:00.906 [JavaFX Application Thread] DEBUG GameWorld            - Clearing game world
16:52:00.906 [JavaFX Application Thread] DEBUG PhysicsWorld         - Clearing physics world
16:52:00.909 [FXGL Background Thread 2 ] DEBUG FXGLApplication      - Initializing game
16:52:00.915 [FXGL Background Thread 2 ] DEBUG FXGLAssetLoaderServi - Loading from file system: file:/D:/GitHub/bomberman-tramcam-desu/target/classes/assets/sounds/GameStarted.wav
16:52:01.016 [FXGL Background Thread 2 ] INFO  FXGLApplication      - Game initialization took: 0.108 sec
16:52:01.018 [JavaFX Application Thread] DEBUG Input                - Clearing active input actions
16:52:01.023 [JavaFX Application Thread] DEBUG GameApplicationServi - Removing overlay from FXGLLoadingScene and adding to GameScene
16:52:01.027 [JavaFX Application Thread] DEBUG PrimaryStageWindow   - FXGLLoadingScene -> GameScene
16:52:02.498 [FXGL Background Thread 3 ] DEBUG Engine               - Logging environment variables
16:52:02.498 [FXGL Background Thread 3 ] DEBUG Engine               - achievements: []
16:52:02.498 [FXGL Background Thread 3 ] DEBUG Engine               - actualHeight: 720.0
16:52:02.498 [FXGL Background Thread 3 ] DEBUG Engine               - actualHeightProperty: ReadOnlyDoubleProperty [value: 720.0]
16:52:02.498 [FXGL Background Thread 3 ] DEBUG Engine               - actualWidth: 1080.0
16:52:02.499 [FXGL Background Thread 3 ] DEBUG Engine               - actualWidthProperty: ReadOnlyDoubleProperty [value: 1080.0]
16:52:02.499 [FXGL Background Thread 3 ] DEBUG Engine               - appIcon: fxgl_icon.png
16:52:02.499 [FXGL Background Thread 3 ] DEBUG Engine               - applicationMode: DEVELOPER
16:52:02.499 [FXGL Background Thread 3 ] DEBUG Engine               - cSSList: [fxgl_dark.css]
16:52:02.499 [FXGL Background Thread 3 ] DEBUG Engine               - collisionDetectionStrategy: BRUTE_FORCE
16:52:02.499 [FXGL Background Thread 3 ] DEBUG Engine               - configClass: Optional.empty
16:52:02.499 [FXGL Background Thread 3 ] DEBUG Engine               - credits: []
16:52:02.499 [FXGL Background Thread 3 ] DEBUG Engine               - defaultCursor: CursorInfo(imageName=fxgl_default_cursor.png, hotspotX=7.0, hotspotY=6.0)
16:52:02.499 [FXGL Background Thread 3 ] DEBUG Engine               - devBBoxColorProperty: ObjectProperty [value: 0xff0000ff]
16:52:02.500 [FXGL Background Thread 3 ] DEBUG Engine               - devEnableDebugCameraProperty: BooleanProperty [value: false]
16:52:02.500 [FXGL Background Thread 3 ] DEBUG Engine               - devSensorColorProperty: ObjectProperty [value: 0xffff00ff]
16:52:02.500 [FXGL Background Thread 3 ] DEBUG Engine               - devShowBBoxProperty: BooleanProperty [value: false]
16:52:02.500 [FXGL Background Thread 3 ] DEBUG Engine               - devShowPositionProperty: BooleanProperty [value: false]
16:52:02.500 [FXGL Background Thread 3 ] DEBUG Engine               - enabledMenuItems: []
16:52:02.500 [FXGL Background Thread 3 ] DEBUG Engine               - engineServices: [class com.almasb.fxgl.app.services.FXGLAssetLoaderService, class com.almasb.fxgl.app.FXGLApplication$GameApplicationService, class com.almasb.fxgl.app.services.FXGLDialogService, class com.almasb.fxgl.app.services.IOTaskExecutorService, class com.almasb.fxgl.io.FileSystemService, class com.almasb.fxgl.localization.LocalizationService, class com.almasb.fxgl.app.services.SystemBundleService, class com.almasb.fxgl.profile.SaveLoadService, class com.almasb.fxgl.ui.FXGLUIFactoryServiceProvider, class com.almasb.fxgl.ui.FXGLDialogFactoryServiceProvider, class com.almasb.fxgl.audio.AudioPlayer, class com.almasb.fxgl.notification.impl.NotificationServiceProvider, class com.almasb.fxgl.achievement.AchievementService, class com.almasb.fxgl.cutscene.CutsceneService, class com.almasb.fxgl.minigames.MiniGameService, class com.almasb.fxgl.net.NetService, class com.almasb.fxgl.app.services.UpdaterService, class com.almasb.fxgl.dev.DevService]
16:52:02.500 [FXGL Background Thread 3 ] DEBUG Engine               - fontGame: Abel-Regular.ttf
16:52:02.500 [FXGL Background Thread 3 ] DEBUG Engine               - fontMono: lucida_console.ttf
16:52:02.500 [FXGL Background Thread 3 ] DEBUG Engine               - fontText: Courier-Prime.ttf
16:52:02.500 [FXGL Background Thread 3 ] DEBUG Engine               - fontUI: Retro Gaming.ttf
16:52:02.501 [FXGL Background Thread 3 ] DEBUG Engine               - fullScreen: BooleanProperty [value: false]
16:52:02.501 [FXGL Background Thread 3 ] DEBUG Engine               - gameDifficulty: MEDIUM
16:52:02.501 [FXGL Background Thread 3 ] DEBUG Engine               - gameDifficultyProperty: ObjectProperty [value: MEDIUM]
16:52:02.501 [FXGL Background Thread 3 ] DEBUG Engine               - globalMusicVolume: 0.5
16:52:02.501 [FXGL Background Thread 3 ] DEBUG Engine               - globalMusicVolumeProperty: DoubleProperty [value: 0.0]
16:52:02.501 [FXGL Background Thread 3 ] DEBUG Engine               - globalSoundVolume: 0.5
16:52:02.501 [FXGL Background Thread 3 ] DEBUG Engine               - globalSoundVolumeProperty: DoubleProperty [value: 0.4]
16:52:02.501 [FXGL Background Thread 3 ] DEBUG Engine               - height: 720
16:52:02.501 [FXGL Background Thread 3 ] DEBUG Engine               - is3D: false
16:52:02.501 [FXGL Background Thread 3 ] DEBUG Engine               - isAndroid: false
16:52:02.501 [FXGL Background Thread 3 ] DEBUG Engine               - isBrowser: false
16:52:02.501 [FXGL Background Thread 3 ] DEBUG Engine               - isClickFeedbackEnabled: false
16:52:02.501 [FXGL Background Thread 3 ] DEBUG Engine               - isCloseConfirmation: false
16:52:02.502 [FXGL Background Thread 3 ] DEBUG Engine               - isDesktop: true
16:52:02.502 [FXGL Background Thread 3 ] DEBUG Engine               - isDeveloperMenuEnabled: true
16:52:02.502 [FXGL Background Thread 3 ] DEBUG Engine               - isEntityPreloadEnabled: true
16:52:02.502 [FXGL Background Thread 3 ] DEBUG Engine               - isExperimentalTiledLargeMap: false
16:52:02.502 [FXGL Background Thread 3 ] DEBUG Engine               - isFileSystemWriteAllowed: true
16:52:02.502 [FXGL Background Thread 3 ] DEBUG Engine               - isFullScreenAllowed: false
16:52:02.502 [FXGL Background Thread 3 ] DEBUG Engine               - isFullScreenFromStart: false
16:52:02.502 [FXGL Background Thread 3 ] DEBUG Engine               - isGameMenuEnabled: true
16:52:02.502 [FXGL Background Thread 3 ] DEBUG Engine               - isIOS: false
16:52:02.502 [FXGL Background Thread 3 ] DEBUG Engine               - isIntroEnabled: false
16:52:02.502 [FXGL Background Thread 3 ] DEBUG Engine               - isLinux: false
16:52:02.502 [FXGL Background Thread 3 ] DEBUG Engine               - isMac: false
16:52:02.502 [FXGL Background Thread 3 ] DEBUG Engine               - isMainMenuEnabled: true
16:52:02.502 [FXGL Background Thread 3 ] DEBUG Engine               - isManualResizeEnabled: true
16:52:02.502 [FXGL Background Thread 3 ] DEBUG Engine               - isMobile: false
16:52:02.502 [FXGL Background Thread 3 ] DEBUG Engine               - isNative: false
16:52:02.502 [FXGL Background Thread 3 ] DEBUG Engine               - isPauseMusicWhenMinimized: true
16:52:02.502 [FXGL Background Thread 3 ] DEBUG Engine               - isPreserveResizeRatio: true
16:52:02.502 [FXGL Background Thread 3 ] DEBUG Engine               - isProfilingEnabled: false
16:52:02.503 [FXGL Background Thread 3 ] DEBUG Engine               - isScaleAffectedOnResize: true
16:52:02.503 [FXGL Background Thread 3 ] DEBUG Engine               - isSingleStep: false
16:52:02.503 [FXGL Background Thread 3 ] DEBUG Engine               - isUserProfileEnabled: false
16:52:02.503 [FXGL Background Thread 3 ] DEBUG Engine               - isWindows: true
16:52:02.503 [FXGL Background Thread 3 ] DEBUG Engine               - language: ObjectProperty [value: ENGLISH]
16:52:02.503 [FXGL Background Thread 3 ] DEBUG Engine               - menuKey: ESCAPE
16:52:02.503 [FXGL Background Thread 3 ] DEBUG Engine               - mouseSensitivity: 0.2
16:52:02.503 [FXGL Background Thread 3 ] DEBUG Engine               - notificationViewClass: class com.almasb.fxgl.notification.view.XboxNotificationView
16:52:02.503 [FXGL Background Thread 3 ] DEBUG Engine               - pixelsPerMeter: 50.0
16:52:02.503 [FXGL Background Thread 3 ] DEBUG Engine               - platform: WINDOWS
16:52:02.503 [FXGL Background Thread 3 ] DEBUG Engine               - prefHeightProperty: ReadOnlyDoubleProperty [value: 720.0]
16:52:02.503 [FXGL Background Thread 3 ] DEBUG Engine               - prefWidthProperty: ReadOnlyDoubleProperty [value: 1080.0]
16:52:02.503 [FXGL Background Thread 3 ] DEBUG Engine               - profileDir: profiles/
16:52:02.503 [FXGL Background Thread 3 ] DEBUG Engine               - profileName: StringProperty [value: DEFAULT]
16:52:02.503 [FXGL Background Thread 3 ] DEBUG Engine               - randomSeed: -1
16:52:02.503 [FXGL Background Thread 3 ] DEBUG Engine               - runtimeInfo: RuntimeInfo(platform=WINDOWS, version=11.17, build=16.07.2021 15.46)
16:52:02.503 [FXGL Background Thread 3 ] DEBUG Engine               - saveFileExt: sav
16:52:02.503 [FXGL Background Thread 3 ] DEBUG Engine               - scaledHeightProp$fxgl: DoubleProperty [bound, value: 720.0]
16:52:02.504 [FXGL Background Thread 3 ] DEBUG Engine               - scaledWidthProp$fxgl: DoubleProperty [bound, value: 1080.0]
16:52:02.504 [FXGL Background Thread 3 ] DEBUG Engine               - sceneFactory: uet.oop.bomberman.BBMApp$1@2beb6c3b
16:52:02.504 [FXGL Background Thread 3 ] DEBUG Engine               - secondsIn24h: 60
16:52:02.504 [FXGL Background Thread 3 ] DEBUG Engine               - soundMenuBack: menu/back.wav
16:52:02.504 [FXGL Background Thread 3 ] DEBUG Engine               - soundMenuPress: menu/press.wav
16:52:02.504 [FXGL Background Thread 3 ] DEBUG Engine               - soundMenuSelect: menu/select.wav
16:52:02.504 [FXGL Background Thread 3 ] DEBUG Engine               - soundNotification: core/notification.wav
16:52:02.504 [FXGL Background Thread 3 ] DEBUG Engine               - stageStyle: DECORATED
16:52:02.504 [FXGL Background Thread 3 ] DEBUG Engine               - supportedLanguages: [ENGLISH, FRENCH, GERMAN, HUNGARIAN, RUSSIAN]
16:52:02.504 [FXGL Background Thread 3 ] DEBUG Engine               - ticksPerSecond: -1
16:52:02.504 [FXGL Background Thread 3 ] DEBUG Engine               - title: Bomberman
16:52:02.504 [FXGL Background Thread 3 ] DEBUG Engine               - urlGithub: https://github.com/AlmasB/FXGL
16:52:02.504 [FXGL Background Thread 3 ] DEBUG Engine               - urlLeaderboard: http://fxgl-top.herokuapp.com/
16:52:02.504 [FXGL Background Thread 3 ] DEBUG Engine               - urlPOM: https://raw.githubusercontent.com/AlmasB/FXGL/release/README.md
16:52:02.504 [FXGL Background Thread 3 ] DEBUG Engine               - userAppClass: class uet.oop.bomberman.BBMApp
16:52:02.504 [FXGL Background Thread 3 ] DEBUG Engine               - version: Tram Cam Desu
16:52:02.505 [FXGL Background Thread 3 ] DEBUG Engine               - versionCheckDays: 7
16:52:02.505 [FXGL Background Thread 3 ] DEBUG Engine               - width: 1080
16:52:02.505 [FXGL Background Thread 3 ] DEBUG Engine               - Logging services
16:52:02.505 [FXGL Background Thread 3 ] DEBUG Engine               - class com.almasb.fxgl.app.services.FXGLAssetLoaderService
16:52:02.505 [FXGL Background Thread 3 ] DEBUG Engine               - class com.almasb.fxgl.app.FXGLApplication$GameApplicationService
16:52:02.505 [FXGL Background Thread 3 ] DEBUG Engine               - class com.almasb.fxgl.app.services.FXGLDialogService
16:52:02.505 [FXGL Background Thread 3 ] DEBUG Engine               - class com.almasb.fxgl.app.services.IOTaskExecutorService
16:52:02.505 [FXGL Background Thread 3 ] DEBUG Engine               - class com.almasb.fxgl.io.FileSystemService
16:52:02.505 [FXGL Background Thread 3 ] DEBUG Engine               - class com.almasb.fxgl.localization.LocalizationService
16:52:02.508 [FXGL Background Thread 3 ] DEBUG Engine               - class com.almasb.fxgl.app.services.SystemBundleService
16:52:02.508 [FXGL Background Thread 3 ] DEBUG Engine               - class com.almasb.fxgl.profile.SaveLoadService
16:52:02.508 [FXGL Background Thread 3 ] DEBUG Engine               - class com.almasb.fxgl.ui.FXGLUIFactoryServiceProvider
16:52:02.508 [FXGL Background Thread 3 ] DEBUG Engine               - class com.almasb.fxgl.ui.FXGLDialogFactoryServiceProvider
16:52:02.508 [FXGL Background Thread 3 ] DEBUG Engine               - class com.almasb.fxgl.audio.AudioPlayer
16:52:02.508 [FXGL Background Thread 3 ] DEBUG Engine               - class com.almasb.fxgl.notification.impl.NotificationServiceProvider
16:52:02.508 [FXGL Background Thread 3 ] DEBUG Engine               - class com.almasb.fxgl.achievement.AchievementService
16:52:02.508 [FXGL Background Thread 3 ] DEBUG Engine               - class com.almasb.fxgl.cutscene.CutsceneService
16:52:02.508 [FXGL Background Thread 3 ] DEBUG Engine               - class com.almasb.fxgl.minigames.MiniGameService
16:52:02.509 [FXGL Background Thread 3 ] DEBUG Engine               - class com.almasb.fxgl.net.NetService
16:52:02.509 [FXGL Background Thread 3 ] DEBUG Engine               - class com.almasb.fxgl.app.services.UpdaterService
16:52:02.509 [FXGL Background Thread 3 ] DEBUG Engine               - class com.almasb.fxgl.dev.DevService
16:52:03.782 [JavaFX Application Thread] WARN  TMXLevelLoader       - TiledMap generated from 1.7.2. Supported version: 1.2.3. Some features may not be parsed fully.
16:52:03.801 [JavaFX Application Thread] DEBUG TMXLevelLoader       - Parsed TiledMap: file:/D:/GitHub/bomberman-tramcam-desu/target/classes/assets/levels/level1.tmx
16:52:03.801 [JavaFX Application Thread] DEBUG TMXLevelLoader       - Creating tile layer entities
16:52:03.802 [JavaFX Application Thread] DEBUG TilesetLoader        - Loading view for layer Tile Layer 1
16:52:03.804 [JavaFX Application Thread] DEBUG TilesetLoader        - Created buffer with size 1488.0x720.0
16:52:03.887 [JavaFX Application Thread] DEBUG TMXLevelLoader       - Creating object layer entities
16:52:03.892 [JavaFX Application Thread] DEBUG FXGLAssetLoaderServi - Loading from file system: file:/D:/GitHub/bomberman-tramcam-desu/target/classes/assets/textures/photo/powerup_immortal.png
16:52:03.894 [JavaFX Application Thread] DEBUG FXGLAssetLoaderServi - Loading from file system: file:/D:/GitHub/bomberman-tramcam-desu/target/classes/assets/textures/photo/powerup_speed.png
16:52:03.895 [JavaFX Application Thread] DEBUG FXGLAssetLoaderServi - Loading from file system: file:/D:/GitHub/bomberman-tramcam-desu/target/classes/assets/textures/photo/powerup_flames.png
16:52:03.896 [JavaFX Application Thread] DEBUG FXGLAssetLoaderServi - Loading from file system: file:/D:/GitHub/bomberman-tramcam-desu/target/classes/assets/textures/photo/powerup_bombs.png
16:52:03.898 [JavaFX Application Thread] DEBUG FXGLAssetLoaderServi - Loading from file system: file:/D:/GitHub/bomberman-tramcam-desu/target/classes/assets/textures/photo/portal.png
16:52:03.900 [JavaFX Application Thread] DEBUG FXGLAssetLoaderServi - Loading from file system: file:/D:/GitHub/bomberman-tramcam-desu/target/classes/assets/textures/sprites.png
16:52:03.970 [JavaFX Application Thread] DEBUG GameWorld            - Clearing removable entities
16:52:03.970 [JavaFX Application Thread] DEBUG GameWorld            - Setting level: com.almasb.fxgl.entity.level.Level@2604fc0a
16:52:04.019 [JavaFX Application Thread] DEBUG FXGLAssetLoaderServi - Loading from file system: file:/D:/GitHub/bomberman-tramcam-desu/target/classes/assets/sounds/walk_2.wav
16:52:06.747 [JavaFX Application Thread] DEBUG FXGLAssetLoaderServi - Loading from file system: file:/D:/GitHub/bomberman-tramcam-desu/target/classes/assets/sounds/BombPlaced.wav
16:52:07.179 [JavaFX Application Thread] DEBUG FXGLAssetLoaderServi - Loading from file system: file:/D:/GitHub/bomberman-tramcam-desu/target/classes/assets/sounds/walk_1.wav
16:52:08.996 [JavaFX Application Thread] DEBUG FXGLAssetLoaderServi - Loading from file system: file:/D:/GitHub/bomberman-tramcam-desu/target/classes/assets/sounds/BombExploding.wav
16:52:18.202 [JavaFX Application Thread] DEBUG FXGLAssetLoaderServi - Loading from file system: file:/D:/GitHub/bomberman-tramcam-desu/target/classes/assets/sounds/BombermanDead.wav
16:52:19.709 [JavaFX Application Thread] WARN  TMXLevelLoader       - TiledMap generated from 1.7.2. Supported version: 1.2.3. Some features may not be parsed fully.
16:52:19.717 [JavaFX Application Thread] DEBUG TMXLevelLoader       - Parsed TiledMap: file:/D:/GitHub/bomberman-tramcam-desu/target/classes/assets/levels/level1.tmx
16:52:19.717 [JavaFX Application Thread] DEBUG TMXLevelLoader       - Creating tile layer entities
16:52:19.717 [JavaFX Application Thread] DEBUG TilesetLoader        - Loading view for layer Tile Layer 1
16:52:19.718 [JavaFX Application Thread] DEBUG TilesetLoader        - Created buffer with size 1488.0x720.0
16:52:19.764 [JavaFX Application Thread] DEBUG TMXLevelLoader       - Creating object layer entities
16:52:19.795 [JavaFX Application Thread] DEBUG GameWorld            - Clearing removable entities
16:52:19.805 [JavaFX Application Thread] DEBUG GameWorld            - Setting level: com.almasb.fxgl.entity.level.Level@2b152ee8
16:52:28.385 [JavaFX Application Thread] DEBUG AudioPlayer          - Pausing music com.almasb.fxgl.audio.Music@6abdc3ab
16:52:28.385 [JavaFX Application Thread] DEBUG LoopRunner           - Pausing loop
16:52:47.563 [JavaFX Application Thread] DEBUG LoopRunner           - Resuming loop
16:52:47.563 [JavaFX Application Thread] DEBUG AudioPlayer          - Resuming music com.almasb.fxgl.audio.Music@6abdc3ab
16:52:56.801 [JavaFX Application Thread] DEBUG FXGLAssetLoaderServi - Loading from file system: file:/D:/GitHub/bomberman-tramcam-desu/target/classes/assets/sounds/power_up.wav
16:53:24.198 [JavaFX Application Thread] DEBUG FXGLApplication      - Exiting FXGL
16:53:24.198 [JavaFX Application Thread] DEBUG LoopRunner           - Stopping loop
16:53:24.199 [JavaFX Application Thread] DEBUG SystemBundleService  - Saving FXGL system data
16:53:24.200 [JavaFX Application Thread] DEBUG FileSystemAccess     - Writing to: D:\GitHub\bomberman-tramcam-desu\system\fxgl.bundle
16:53:24.201 [JavaFX Application Thread] DEBUG Async                - Shutting down background threads
16:53:24.201 [JavaFX Application Thread] DEBUG PrimaryStageWindow   - Closing main window
16:53:24.207 [JavaFX Application Thread] DEBUG Logger               - Closing Logger
