17:41:41.739 [main                     ] DEBUG Logger               - Configured Logger
17:41:41.741 [main                     ] DEBUG GameApplication      - Logging settings
Title: Bomberman
Version: Tram Cam Desu
Width: 1080
Height: 720
Fullscreen: false
Intro: false
Profiling: false
Single step:false
App Mode: DEVELOPER
Menu Key: ESCAPE
Stage Style: DECORATED
Scene Factory: class uet.oop.bomberman.BBMApp$1

17:41:42.015 [JavaFX Application Thread] DEBUG FXGLApplication      - Initializing FXGL
17:41:42.016 [JavaFX Application Thread] INFO  Engine               - FXGL-11.17 (16.07.2021 15.46) on WINDOWS (J:18.0.2.1 FX:16)
17:41:42.016 [JavaFX Application Thread] DEBUG Engine               - JRE Vendor Name: Oracle Corporation
17:41:42.016 [JavaFX Application Thread] DEBUG Engine               - Running on OS: Windows 10 version 10.0
17:41:42.016 [JavaFX Application Thread] DEBUG Engine               - Architecture: amd64
17:41:42.017 [JavaFX Application Thread] INFO  Engine               - Source code and latest versions at: https://github.com/AlmasB/FXGL
17:41:42.017 [JavaFX Application Thread] INFO  Engine               -              Join the FXGL chat at: https://gitter.im/AlmasB/FXGL
17:41:42.089 [JavaFX Application Thread] DEBUG PrimaryStageWindow   - Creating a JavaFX scene
17:41:42.122 [JavaFX Application Thread] DEBUG PrimaryStageWindow   - Target settings size: 1080.0 x 720.0
17:41:42.123 [JavaFX Application Thread] DEBUG PrimaryStageWindow   - Scaled scene size:    1080.0 x 720.0
17:41:42.123 [JavaFX Application Thread] DEBUG PrimaryStageWindow   - Scaled ratio: (1.0, 1.0)
17:41:42.123 [JavaFX Application Thread] DEBUG PrimaryStageWindow   - Set initial scene to FXGLStartupScene
17:41:42.128 [JavaFX Application Thread] DEBUG PrimaryStageWindow   - Opening main window
17:41:42.203 [JavaFX Application Thread] DEBUG PrimaryStageWindow   - Window border size: (14.4000244140625, 37.5999755859375)
17:41:42.204 [JavaFX Application Thread] DEBUG PrimaryStageWindow   - Scaled size: 1080.0 x 720.0
17:41:42.204 [JavaFX Application Thread] DEBUG PrimaryStageWindow   - Scaled ratio: (1.0, 1.0)
17:41:42.204 [JavaFX Application Thread] DEBUG PrimaryStageWindow   - Scene size: 1080.0 x 720.0
17:41:42.204 [JavaFX Application Thread] DEBUG PrimaryStageWindow   - Stage size: 1094.4000244140625 x 757.5999755859375
17:41:42.209 [FXGL Background Thread 1 ] DEBUG Engine               - Initializing environment variables
17:41:42.275 [FXGL Background Thread 1 ] DEBUG FXGLAssetLoaderServi - User app class for loading assets: class uet.oop.bomberman.BBMApp
17:41:42.275 [FXGL Background Thread 1 ] DEBUG GameApplicationServi - Applying CSS: fxgl_dark.css
17:41:42.276 [FXGL Background Thread 1 ] DEBUG FXGLAssetLoaderServi - Loading from file system: jar:file:///C:/Users/Legion%207/.m2/repository/com/github/almasb/fxgl/11.17/fxgl-11.17.jar!/fxglassets/ui/css/fxgl_dark.css
17:41:42.322 [FXGL Background Thread 1 ] DEBUG GameApplicationServi - Initializing application scenes
17:41:42.362 [FXGL Background Thread 1 ] DEBUG GameWorld            - Game world initialized
17:41:42.416 [FXGL Background Thread 1 ] DEBUG PhysicsWorld         - Physics world initialized: appHeight=720, physics.ppm=50.0
17:41:42.417 [FXGL Background Thread 1 ] DEBUG PhysicsWorld         - Using strategy: BRUTE_FORCE
17:41:42.422 [FXGL Background Thread 1 ] DEBUG GameScene            - Game scene initialized: 1080x720
17:41:42.526 [FXGL Background Thread 1 ] DEBUG GameApplicationServi - Application scenes initialized
17:41:42.536 [FXGL Background Thread 1 ] DEBUG SystemBundleService  - Loading FXGL system data
17:41:42.540 [FXGL Background Thread 1 ] DEBUG FileSystemAccess     - Reading from: D:\GitHub\bomberman-tramcam-desu\system\fxgl.bundle
17:41:42.547 [FXGL Background Thread 1 ] DEBUG SystemBundleService  - Bundle FXGL: {}
17:41:42.547 [FXGL Background Thread 1 ] DEBUG UpdaterService       - Checking for updates
17:41:42.575 [FXGL Background Thread 4 ] DEBUG FXGLApplication      - Loading fonts
17:41:42.576 [FXGL Background Thread 1 ] DEBUG FXGLApplication      - Loading default localization
17:41:42.576 [FXGL Background Thread 4 ] DEBUG FXGLAssetLoaderServi - Loading from file system: file:/D:/GitHub/bomberman-tramcam-desu/target/classes/assets/ui/fonts/Retro%20Gaming.ttf
17:41:42.576 [FXGL Background Thread 1 ] DEBUG FXGLAssetLoaderServi - Loading from file system: jar:file:///C:/Users/Legion%207/.m2/repository/com/github/almasb/fxgl/11.17/fxgl-11.17.jar!/fxglassets/languages/english.lang
17:41:42.590 [FXGL Background Thread 1 ] INFO  FXGLApplication      - FXGL initialization took: 0.381 sec
17:41:42.599 [JavaFX Application Thread] DEBUG Input                - Registered new binding: Move Up - W
17:41:42.599 [JavaFX Application Thread] DEBUG Input                - Registered new binding: Move Down - S
17:41:42.599 [JavaFX Application Thread] DEBUG Input                - Registered new binding: Move Left - A
17:41:42.600 [JavaFX Application Thread] DEBUG Input                - Registered new binding: Move Right - D
17:41:42.600 [JavaFX Application Thread] DEBUG Input                - Registered new binding: Place Bomb - Space
17:41:42.600 [JavaFX Application Thread] WARN  FXGLAssetLoaderServi - Asset "/assets/music/title_screen.mp3" was not found!
17:41:42.601 [JavaFX Application Thread] WARN  FXGLAssetLoaderServi - Failed to load MUSIC
17:41:42.602 [JavaFX Application Thread] DEBUG AudioPlayer          - Playing music com.almasb.fxgl.audio.Music@711f6359
17:41:42.602 [JavaFX Application Thread] DEBUG FXGLAssetLoaderServi - Loading from file system: jar:file:///C:/Users/Legion%207/.m2/repository/com/github/almasb/fxgl/11.17/fxgl-11.17.jar!/fxglassets/textures/fxgl_icon.png
17:41:42.618 [JavaFX Application Thread] DEBUG FXGLAssetLoaderServi - Loading from file system: jar:file:///C:/Users/Legion%207/.m2/repository/com/github/almasb/fxgl/11.17/fxgl-11.17.jar!/fxglassets/textures/fxgl_default_cursor.png
17:41:42.620 [JavaFX Application Thread] DEBUG Input                - Registered new binding: Screenshot - CTRL+8
17:41:42.621 [JavaFX Application Thread] DEBUG Input                - Registered new binding: Dev Options - 1
17:41:42.621 [JavaFX Application Thread] DEBUG Input                - Registered new binding: Dev Console - 2
17:41:42.622 [JavaFX Application Thread] DEBUG Input                - Registered new binding: System info dump - CTRL+9
17:41:42.622 [JavaFX Application Thread] DEBUG Input                - Registered new binding: Restart - CTRL+R
17:41:42.623 [JavaFX Application Thread] DEBUG Input                - Registered new binding: Toggle Debug Camera - CTRL+C
17:41:42.626 [JavaFX Application Thread] DEBUG LoopRunner           - Starting loop
17:41:42.638 [JavaFX Application Thread] DEBUG LoopRunner           - Initializing JavaFX AnimationTimerLoop
17:41:42.641 [JavaFX Application Thread] DEBUG Input                - Clearing active input actions
17:41:42.650 [JavaFX Application Thread] DEBUG GameApplicationServi - Removing overlay from FXGLStartupScene and adding to FXGLMainMenuDummyScene
17:41:42.654 [JavaFX Application Thread] DEBUG PrimaryStageWindow   - FXGLStartupScene -> FXGLMainMenuDummyScene
17:41:42.654 [JavaFX Application Thread] DEBUG PrimaryStageWindow   - Push state: BBMMenuStartingScreen
17:41:42.655 [JavaFX Application Thread] DEBUG Input                - Clearing active input actions
17:41:42.658 [JavaFX Application Thread] DEBUG GameApplicationServi - Removing overlay from FXGLMainMenuDummyScene and adding to BBMMenuStartingScreen
17:41:42.658 [JavaFX Application Thread] DEBUG PrimaryStageWindow   - FXGLMainMenuDummyScene -> BBMMenuStartingScreen
17:41:42.668 [FXGL Background Thread 4 ] DEBUG FXGLAssetLoaderServi - Loading from file system: jar:file:///C:/Users/Legion%207/.m2/repository/com/github/almasb/fxgl/11.17/fxgl-11.17.jar!/fxglassets/ui/fonts/Abel-Regular.ttf
17:41:42.679 [FXGL Background Thread 4 ] DEBUG FXGLAssetLoaderServi - Loading from file system: jar:file:///C:/Users/Legion%207/.m2/repository/com/github/almasb/fxgl/11.17/fxgl-11.17.jar!/fxglassets/ui/fonts/lucida_console.ttf
17:41:42.696 [FXGL Background Thread 4 ] DEBUG FXGLAssetLoaderServi - Loading from file system: jar:file:///C:/Users/Legion%207/.m2/repository/com/github/almasb/fxgl/11.17/fxgl-11.17.jar!/fxglassets/ui/fonts/Courier-Prime.ttf
17:41:42.869 [JavaFX Application Thread] DEBUG FXGLApplication      - Registering font factories with UI factory
17:41:43.111 [FXGL Background Thread 2 ] INFO  UpdaterService       - Your current version:  11.17
17:41:43.111 [FXGL Background Thread 2 ] INFO  UpdaterService       - Latest stable version: 17.2
17:41:45.574 [FXGL Background Thread 3 ] DEBUG Engine               - Logging environment variables
17:41:45.574 [FXGL Background Thread 3 ] DEBUG Engine               - achievements: []
17:41:45.575 [FXGL Background Thread 3 ] DEBUG Engine               - actualHeight: 720.0
17:41:45.575 [FXGL Background Thread 3 ] DEBUG Engine               - actualHeightProperty: ReadOnlyDoubleProperty [value: 720.0]
17:41:45.575 [FXGL Background Thread 3 ] DEBUG Engine               - actualWidth: 1080.0
17:41:45.575 [FXGL Background Thread 3 ] DEBUG Engine               - actualWidthProperty: ReadOnlyDoubleProperty [value: 1080.0]
17:41:45.575 [FXGL Background Thread 3 ] DEBUG Engine               - appIcon: fxgl_icon.png
17:41:45.575 [FXGL Background Thread 3 ] DEBUG Engine               - applicationMode: DEVELOPER
17:41:45.575 [FXGL Background Thread 3 ] DEBUG Engine               - cSSList: [fxgl_dark.css]
17:41:45.576 [FXGL Background Thread 3 ] DEBUG Engine               - collisionDetectionStrategy: BRUTE_FORCE
17:41:45.576 [FXGL Background Thread 3 ] DEBUG Engine               - configClass: Optional.empty
17:41:45.576 [FXGL Background Thread 3 ] DEBUG Engine               - credits: []
17:41:45.576 [FXGL Background Thread 3 ] DEBUG Engine               - defaultCursor: CursorInfo(imageName=fxgl_default_cursor.png, hotspotX=7.0, hotspotY=6.0)
17:41:45.576 [FXGL Background Thread 3 ] DEBUG Engine               - devBBoxColorProperty: ObjectProperty [value: 0xff0000ff]
17:41:45.576 [FXGL Background Thread 3 ] DEBUG Engine               - devEnableDebugCameraProperty: BooleanProperty [value: false]
17:41:45.576 [FXGL Background Thread 3 ] DEBUG Engine               - devSensorColorProperty: ObjectProperty [value: 0xffff00ff]
17:41:45.576 [FXGL Background Thread 3 ] DEBUG Engine               - devShowBBoxProperty: BooleanProperty [value: false]
17:41:45.576 [FXGL Background Thread 3 ] DEBUG Engine               - devShowPositionProperty: BooleanProperty [value: false]
17:41:45.576 [FXGL Background Thread 3 ] DEBUG Engine               - enabledMenuItems: []
17:41:45.576 [FXGL Background Thread 3 ] DEBUG Engine               - engineServices: [class com.almasb.fxgl.app.services.FXGLAssetLoaderService, class com.almasb.fxgl.app.FXGLApplication$GameApplicationService, class com.almasb.fxgl.app.services.FXGLDialogService, class com.almasb.fxgl.app.services.IOTaskExecutorService, class com.almasb.fxgl.io.FileSystemService, class com.almasb.fxgl.localization.LocalizationService, class com.almasb.fxgl.app.services.SystemBundleService, class com.almasb.fxgl.profile.SaveLoadService, class com.almasb.fxgl.ui.FXGLUIFactoryServiceProvider, class com.almasb.fxgl.ui.FXGLDialogFactoryServiceProvider, class com.almasb.fxgl.audio.AudioPlayer, class com.almasb.fxgl.notification.impl.NotificationServiceProvider, class com.almasb.fxgl.achievement.AchievementService, class com.almasb.fxgl.cutscene.CutsceneService, class com.almasb.fxgl.minigames.MiniGameService, class com.almasb.fxgl.net.NetService, class com.almasb.fxgl.app.services.UpdaterService, class com.almasb.fxgl.dev.DevService]
17:41:45.577 [FXGL Background Thread 3 ] DEBUG Engine               - fontGame: Abel-Regular.ttf
17:41:45.577 [FXGL Background Thread 3 ] DEBUG Engine               - fontMono: lucida_console.ttf
17:41:45.577 [FXGL Background Thread 3 ] DEBUG Engine               - fontText: Courier-Prime.ttf
17:41:45.577 [FXGL Background Thread 3 ] DEBUG Engine               - fontUI: Retro Gaming.ttf
17:41:45.577 [FXGL Background Thread 3 ] DEBUG Engine               - fullScreen: BooleanProperty [value: false]
17:41:45.577 [FXGL Background Thread 3 ] DEBUG Engine               - gameDifficulty: MEDIUM
17:41:45.577 [FXGL Background Thread 3 ] DEBUG Engine               - gameDifficultyProperty: ObjectProperty [value: MEDIUM]
17:41:45.577 [FXGL Background Thread 3 ] DEBUG Engine               - globalMusicVolume: 0.5
17:41:45.577 [FXGL Background Thread 3 ] DEBUG Engine               - globalMusicVolumeProperty: DoubleProperty [value: 1.5]
17:41:45.577 [FXGL Background Thread 3 ] DEBUG Engine               - globalSoundVolume: 0.5
17:41:45.577 [FXGL Background Thread 3 ] DEBUG Engine               - globalSoundVolumeProperty: DoubleProperty [value: 0.4]
17:41:45.577 [FXGL Background Thread 3 ] DEBUG Engine               - height: 720
17:41:45.577 [FXGL Background Thread 3 ] DEBUG Engine               - is3D: false
17:41:45.577 [FXGL Background Thread 3 ] DEBUG Engine               - isAndroid: false
17:41:45.577 [FXGL Background Thread 3 ] DEBUG Engine               - isBrowser: false
17:41:45.578 [FXGL Background Thread 3 ] DEBUG Engine               - isClickFeedbackEnabled: false
17:41:45.578 [FXGL Background Thread 3 ] DEBUG Engine               - isCloseConfirmation: false
17:41:45.578 [FXGL Background Thread 3 ] DEBUG Engine               - isDesktop: true
17:41:45.578 [FXGL Background Thread 3 ] DEBUG Engine               - isDeveloperMenuEnabled: true
17:41:45.578 [FXGL Background Thread 3 ] DEBUG Engine               - isEntityPreloadEnabled: true
17:41:45.578 [FXGL Background Thread 3 ] DEBUG Engine               - isExperimentalTiledLargeMap: false
17:41:45.578 [FXGL Background Thread 3 ] DEBUG Engine               - isFileSystemWriteAllowed: true
17:41:45.578 [FXGL Background Thread 3 ] DEBUG Engine               - isFullScreenAllowed: false
17:41:45.578 [FXGL Background Thread 3 ] DEBUG Engine               - isFullScreenFromStart: false
17:41:45.578 [FXGL Background Thread 3 ] DEBUG Engine               - isGameMenuEnabled: true
17:41:45.578 [FXGL Background Thread 3 ] DEBUG Engine               - isIOS: false
17:41:45.578 [FXGL Background Thread 3 ] DEBUG Engine               - isIntroEnabled: false
17:41:45.578 [FXGL Background Thread 3 ] DEBUG Engine               - isLinux: false
17:41:45.578 [FXGL Background Thread 3 ] DEBUG Engine               - isMac: false
17:41:45.578 [FXGL Background Thread 3 ] DEBUG Engine               - isMainMenuEnabled: true
17:41:45.578 [FXGL Background Thread 3 ] DEBUG Engine               - isManualResizeEnabled: true
17:41:45.578 [FXGL Background Thread 3 ] DEBUG Engine               - isMobile: false
17:41:45.578 [FXGL Background Thread 3 ] DEBUG Engine               - isNative: false
17:41:45.579 [FXGL Background Thread 3 ] DEBUG Engine               - isPauseMusicWhenMinimized: true
17:41:45.579 [FXGL Background Thread 3 ] DEBUG Engine               - isPreserveResizeRatio: true
17:41:45.579 [FXGL Background Thread 3 ] DEBUG Engine               - isProfilingEnabled: false
17:41:45.579 [FXGL Background Thread 3 ] DEBUG Engine               - isScaleAffectedOnResize: true
17:41:45.579 [FXGL Background Thread 3 ] DEBUG Engine               - isSingleStep: false
17:41:45.579 [FXGL Background Thread 3 ] DEBUG Engine               - isUserProfileEnabled: false
17:41:45.579 [FXGL Background Thread 3 ] DEBUG Engine               - isWindows: true
17:41:45.579 [FXGL Background Thread 3 ] DEBUG Engine               - language: ObjectProperty [value: ENGLISH]
17:41:45.579 [FXGL Background Thread 3 ] DEBUG Engine               - menuKey: ESCAPE
17:41:45.579 [FXGL Background Thread 3 ] DEBUG Engine               - mouseSensitivity: 0.2
17:41:45.579 [FXGL Background Thread 3 ] DEBUG Engine               - notificationViewClass: class com.almasb.fxgl.notification.view.XboxNotificationView
17:41:45.579 [FXGL Background Thread 3 ] DEBUG Engine               - pixelsPerMeter: 50.0
17:41:45.579 [FXGL Background Thread 3 ] DEBUG Engine               - platform: WINDOWS
17:41:45.579 [FXGL Background Thread 3 ] DEBUG Engine               - prefHeightProperty: ReadOnlyDoubleProperty [value: 720.0]
17:41:45.579 [FXGL Background Thread 3 ] DEBUG Engine               - prefWidthProperty: ReadOnlyDoubleProperty [value: 1080.0]
17:41:45.579 [FXGL Background Thread 3 ] DEBUG Engine               - profileDir: profiles/
17:41:45.579 [FXGL Background Thread 3 ] DEBUG Engine               - profileName: StringProperty [value: DEFAULT]
17:41:45.580 [FXGL Background Thread 3 ] DEBUG Engine               - randomSeed: -1
17:41:45.580 [FXGL Background Thread 3 ] DEBUG Engine               - runtimeInfo: RuntimeInfo(platform=WINDOWS, version=11.17, build=16.07.2021 15.46)
17:41:45.580 [FXGL Background Thread 3 ] DEBUG Engine               - saveFileExt: sav
17:41:45.580 [FXGL Background Thread 3 ] DEBUG Engine               - scaledHeightProp$fxgl: DoubleProperty [bound, value: 720.0]
17:41:45.580 [FXGL Background Thread 3 ] DEBUG Engine               - scaledWidthProp$fxgl: DoubleProperty [bound, value: 1080.0]
17:41:45.580 [FXGL Background Thread 3 ] DEBUG Engine               - sceneFactory: uet.oop.bomberman.BBMApp$1@634ab929
17:41:45.580 [FXGL Background Thread 3 ] DEBUG Engine               - secondsIn24h: 60
17:41:45.580 [FXGL Background Thread 3 ] DEBUG Engine               - soundMenuBack: menu/back.wav
17:41:45.580 [FXGL Background Thread 3 ] DEBUG Engine               - soundMenuPress: menu/press.wav
17:41:45.580 [FXGL Background Thread 3 ] DEBUG Engine               - soundMenuSelect: menu/select.wav
17:41:45.580 [FXGL Background Thread 3 ] DEBUG Engine               - soundNotification: core/notification.wav
17:41:45.580 [FXGL Background Thread 3 ] DEBUG Engine               - stageStyle: DECORATED
17:41:45.580 [FXGL Background Thread 3 ] DEBUG Engine               - supportedLanguages: [ENGLISH, FRENCH, GERMAN, HUNGARIAN, RUSSIAN]
17:41:45.580 [FXGL Background Thread 3 ] DEBUG Engine               - ticksPerSecond: -1
17:41:45.580 [FXGL Background Thread 3 ] DEBUG Engine               - title: Bomberman
17:41:45.580 [FXGL Background Thread 3 ] DEBUG Engine               - urlGithub: https://github.com/AlmasB/FXGL
17:41:45.580 [FXGL Background Thread 3 ] DEBUG Engine               - urlLeaderboard: http://fxgl-top.herokuapp.com/
17:41:45.581 [FXGL Background Thread 3 ] DEBUG Engine               - urlPOM: https://raw.githubusercontent.com/AlmasB/FXGL/release/README.md
17:41:45.581 [FXGL Background Thread 3 ] DEBUG Engine               - userAppClass: class uet.oop.bomberman.BBMApp
17:41:45.581 [FXGL Background Thread 3 ] DEBUG Engine               - version: Tram Cam Desu
17:41:45.581 [FXGL Background Thread 3 ] DEBUG Engine               - versionCheckDays: 7
17:41:45.581 [FXGL Background Thread 3 ] DEBUG Engine               - width: 1080
17:41:45.581 [FXGL Background Thread 3 ] DEBUG Engine               - Logging services
17:41:45.581 [FXGL Background Thread 3 ] DEBUG Engine               - class com.almasb.fxgl.app.services.FXGLAssetLoaderService
17:41:45.581 [FXGL Background Thread 3 ] DEBUG Engine               - class com.almasb.fxgl.app.FXGLApplication$GameApplicationService
17:41:45.581 [FXGL Background Thread 3 ] DEBUG Engine               - class com.almasb.fxgl.app.services.FXGLDialogService
17:41:45.581 [FXGL Background Thread 3 ] DEBUG Engine               - class com.almasb.fxgl.app.services.IOTaskExecutorService
17:41:45.581 [FXGL Background Thread 3 ] DEBUG Engine               - class com.almasb.fxgl.io.FileSystemService
17:41:45.581 [FXGL Background Thread 3 ] DEBUG Engine               - class com.almasb.fxgl.localization.LocalizationService
17:41:45.581 [FXGL Background Thread 3 ] DEBUG Engine               - class com.almasb.fxgl.app.services.SystemBundleService
17:41:45.581 [FXGL Background Thread 3 ] DEBUG Engine               - class com.almasb.fxgl.profile.SaveLoadService
17:41:45.581 [FXGL Background Thread 3 ] DEBUG Engine               - class com.almasb.fxgl.ui.FXGLUIFactoryServiceProvider
17:41:45.582 [FXGL Background Thread 3 ] DEBUG Engine               - class com.almasb.fxgl.ui.FXGLDialogFactoryServiceProvider
17:41:45.582 [FXGL Background Thread 3 ] DEBUG Engine               - class com.almasb.fxgl.audio.AudioPlayer
17:41:45.582 [FXGL Background Thread 3 ] DEBUG Engine               - class com.almasb.fxgl.notification.impl.NotificationServiceProvider
17:41:45.582 [FXGL Background Thread 3 ] DEBUG Engine               - class com.almasb.fxgl.achievement.AchievementService
17:41:45.582 [FXGL Background Thread 3 ] DEBUG Engine               - class com.almasb.fxgl.cutscene.CutsceneService
17:41:45.582 [FXGL Background Thread 3 ] DEBUG Engine               - class com.almasb.fxgl.minigames.MiniGameService
17:41:45.582 [FXGL Background Thread 3 ] DEBUG Engine               - class com.almasb.fxgl.net.NetService
17:41:45.582 [FXGL Background Thread 3 ] DEBUG Engine               - class com.almasb.fxgl.app.services.UpdaterService
17:41:45.582 [FXGL Background Thread 3 ] DEBUG Engine               - class com.almasb.fxgl.dev.DevService
17:41:48.513 [JavaFX Application Thread] DEBUG Menu                 - fireNewGame()
17:41:48.513 [JavaFX Application Thread] DEBUG GameApplicationServi - Starting new game
17:41:48.513 [JavaFX Application Thread] DEBUG PrimaryStageWindow   - Pop state: BBMMenuStartingScreen
17:41:48.513 [JavaFX Application Thread] DEBUG Input                - Clearing active input actions
17:41:48.514 [JavaFX Application Thread] DEBUG GameApplicationServi - Removing overlay from BBMMenuStartingScreen and adding to FXGLMainMenuDummyScene
17:41:48.516 [JavaFX Application Thread] DEBUG PrimaryStageWindow   - FXGLMainMenuDummyScene <- BBMMenuStartingScreen
17:41:48.517 [JavaFX Application Thread] DEBUG Input                - Clearing active input actions
17:41:48.522 [JavaFX Application Thread] DEBUG GameApplicationServi - Removing overlay from FXGLMainMenuDummyScene and adding to FXGLLoadingScene
17:41:48.523 [JavaFX Application Thread] DEBUG PrimaryStageWindow   - FXGLMainMenuDummyScene -> FXGLLoadingScene
17:41:48.523 [JavaFX Application Thread] DEBUG GameApplicationServi - Clearing previous game
17:41:48.523 [JavaFX Application Thread] DEBUG GameScene            - Clearing game scene
17:41:48.523 [JavaFX Application Thread] DEBUG GameWorld            - Clearing game world
17:41:48.523 [JavaFX Application Thread] DEBUG PhysicsWorld         - Clearing physics world
17:41:48.526 [FXGL Background Thread 2 ] DEBUG FXGLApplication      - Initializing game
17:41:48.533 [FXGL Background Thread 2 ] DEBUG FXGLAssetLoaderServi - Loading from file system: file:/D:/GitHub/bomberman-tramcam-desu/target/classes/assets/sounds/GameStarted.wav
17:41:48.642 [FXGL Background Thread 2 ] INFO  FXGLApplication      - Game initialization took: 0.115 sec
17:41:48.643 [JavaFX Application Thread] DEBUG Input                - Clearing active input actions
17:41:48.659 [JavaFX Application Thread] DEBUG GameApplicationServi - Removing overlay from FXGLLoadingScene and adding to GameScene
17:41:48.663 [JavaFX Application Thread] DEBUG PrimaryStageWindow   - FXGLLoadingScene -> GameScene
17:41:49.806 [JavaFX Application Thread] DEBUG FXGLApplication      - Exiting FXGL
17:41:49.807 [JavaFX Application Thread] DEBUG LoopRunner           - Stopping loop
17:41:49.807 [JavaFX Application Thread] DEBUG SystemBundleService  - Saving FXGL system data
17:41:49.808 [JavaFX Application Thread] DEBUG FileSystemAccess     - Writing to: D:\GitHub\bomberman-tramcam-desu\system\fxgl.bundle
17:41:49.809 [JavaFX Application Thread] DEBUG Async                - Shutting down background threads
17:41:49.810 [JavaFX Application Thread] DEBUG PrimaryStageWindow   - Closing main window
17:41:49.824 [JavaFX Application Thread] DEBUG Logger               - Closing Logger
