14:28:47.637 [main                     ] DEBUG Logger               - Configured Logger
14:28:47.639 [main                     ] DEBUG GameApplication      - Logging settings
Title: Bomberman
Version: Tram Cam Desu
Width: 1080
Height: 720
Fullscreen: false
Intro: false
Profiling: false
Single step:false
App Mode: DEVELOPER
Menu Key: ESCAPE
Stage Style: DECORATED
Scene Factory: class uet.oop.bomberman.BBMApp$1

14:28:47.890 [JavaFX Application Thread] DEBUG FXGLApplication      - Initializing FXGL
14:28:47.892 [JavaFX Application Thread] INFO  Engine               - FXGL-11.17 (16.07.2021 15.46) on WINDOWS (J:18.0.2.1 FX:16)
14:28:47.892 [JavaFX Application Thread] DEBUG Engine               - JRE Vendor Name: Oracle Corporation
14:28:47.892 [JavaFX Application Thread] DEBUG Engine               - Running on OS: Windows 10 version 10.0
14:28:47.892 [JavaFX Application Thread] DEBUG Engine               - Architecture: amd64
14:28:47.892 [JavaFX Application Thread] INFO  Engine               - Source code and latest versions at: https://github.com/AlmasB/FXGL
14:28:47.892 [JavaFX Application Thread] INFO  Engine               -              Join the FXGL chat at: https://gitter.im/AlmasB/FXGL
14:28:47.959 [JavaFX Application Thread] DEBUG PrimaryStageWindow   - Creating a JavaFX scene
14:28:47.992 [JavaFX Application Thread] DEBUG PrimaryStageWindow   - Target settings size: 1080.0 x 720.0
14:28:47.992 [JavaFX Application Thread] DEBUG PrimaryStageWindow   - Scaled scene size:    1080.0 x 720.0
14:28:47.992 [JavaFX Application Thread] DEBUG PrimaryStageWindow   - Scaled ratio: (1.0, 1.0)
14:28:47.993 [JavaFX Application Thread] DEBUG PrimaryStageWindow   - Set initial scene to FXGLStartupScene
14:28:47.998 [JavaFX Application Thread] DEBUG PrimaryStageWindow   - Opening main window
14:28:48.059 [JavaFX Application Thread] DEBUG PrimaryStageWindow   - Window border size: (14.4000244140625, 37.5999755859375)
14:28:48.060 [JavaFX Application Thread] DEBUG PrimaryStageWindow   - Scaled size: 1080.0 x 720.0
14:28:48.060 [JavaFX Application Thread] DEBUG PrimaryStageWindow   - Scaled ratio: (1.0, 1.0)
14:28:48.060 [JavaFX Application Thread] DEBUG PrimaryStageWindow   - Scene size: 1080.0 x 720.0
14:28:48.060 [JavaFX Application Thread] DEBUG PrimaryStageWindow   - Stage size: 1094.4000244140625 x 757.5999755859375
14:28:48.066 [FXGL Background Thread 1 ] DEBUG Engine               - Initializing environment variables
14:28:48.124 [FXGL Background Thread 1 ] DEBUG FXGLAssetLoaderServi - User app class for loading assets: class uet.oop.bomberman.BBMApp
14:28:48.124 [FXGL Background Thread 1 ] DEBUG GameApplicationServi - Applying CSS: fxgl_dark.css
14:28:48.124 [FXGL Background Thread 1 ] DEBUG FXGLAssetLoaderServi - Loading from file system: jar:file:///C:/Users/Legion%207/.m2/repository/com/github/almasb/fxgl/11.17/fxgl-11.17.jar!/fxglassets/ui/css/fxgl_dark.css
14:28:48.166 [FXGL Background Thread 1 ] DEBUG GameApplicationServi - Initializing application scenes
14:28:48.202 [FXGL Background Thread 1 ] DEBUG GameWorld            - Game world initialized
14:28:48.256 [FXGL Background Thread 1 ] DEBUG PhysicsWorld         - Physics world initialized: appHeight=720, physics.ppm=50.0
14:28:48.257 [FXGL Background Thread 1 ] DEBUG PhysicsWorld         - Using strategy: BRUTE_FORCE
14:28:48.261 [FXGL Background Thread 1 ] DEBUG GameScene            - Game scene initialized: 1080x720
14:28:48.363 [FXGL Background Thread 1 ] DEBUG GameApplicationServi - Application scenes initialized
14:28:48.381 [FXGL Background Thread 1 ] DEBUG SystemBundleService  - Loading FXGL system data
14:28:48.386 [FXGL Background Thread 1 ] DEBUG FileSystemAccess     - Reading from: D:\GitHub\bomberman-tramcam-desu\system\fxgl.bundle
14:28:48.396 [FXGL Background Thread 1 ] DEBUG SystemBundleService  - Bundle FXGL: {}
14:28:48.396 [FXGL Background Thread 1 ] DEBUG UpdaterService       - Checking for updates
14:28:48.424 [FXGL Background Thread 4 ] DEBUG FXGLApplication      - Loading fonts
14:28:48.424 [FXGL Background Thread 4 ] DEBUG FXGLAssetLoaderServi - Loading from file system: file:/D:/GitHub/bomberman-tramcam-desu/target/classes/assets/ui/fonts/Retro%20Gaming.ttf
14:28:48.425 [FXGL Background Thread 1 ] DEBUG FXGLApplication      - Loading default localization
14:28:48.425 [FXGL Background Thread 1 ] DEBUG FXGLAssetLoaderServi - Loading from file system: jar:file:///C:/Users/Legion%207/.m2/repository/com/github/almasb/fxgl/11.17/fxgl-11.17.jar!/fxglassets/languages/english.lang
14:28:48.437 [FXGL Background Thread 1 ] INFO  FXGLApplication      - FXGL initialization took: 0.370 sec
14:28:48.446 [JavaFX Application Thread] DEBUG Input                - Registered new binding: Move Up - W
14:28:48.447 [JavaFX Application Thread] DEBUG Input                - Registered new binding: Move Down - S
14:28:48.447 [JavaFX Application Thread] DEBUG Input                - Registered new binding: Move Left - A
14:28:48.447 [JavaFX Application Thread] DEBUG Input                - Registered new binding: Move Right - D
14:28:48.447 [JavaFX Application Thread] DEBUG Input                - Registered new binding: Place Bomb - Space
14:28:48.448 [JavaFX Application Thread] WARN  FXGLAssetLoaderServi - Asset "/assets/music/title_screen.mp3" was not found!
14:28:48.448 [JavaFX Application Thread] WARN  FXGLAssetLoaderServi - Failed to load MUSIC
14:28:48.449 [JavaFX Application Thread] DEBUG AudioPlayer          - Playing music com.almasb.fxgl.audio.Music@56411b9d
14:28:48.449 [JavaFX Application Thread] DEBUG FXGLAssetLoaderServi - Loading from file system: jar:file:///C:/Users/Legion%207/.m2/repository/com/github/almasb/fxgl/11.17/fxgl-11.17.jar!/fxglassets/textures/fxgl_icon.png
14:28:48.467 [JavaFX Application Thread] DEBUG FXGLAssetLoaderServi - Loading from file system: jar:file:///C:/Users/Legion%207/.m2/repository/com/github/almasb/fxgl/11.17/fxgl-11.17.jar!/fxglassets/textures/fxgl_default_cursor.png
14:28:48.468 [JavaFX Application Thread] DEBUG Input                - Registered new binding: Screenshot - CTRL+8
14:28:48.468 [JavaFX Application Thread] DEBUG Input                - Registered new binding: Dev Options - 1
14:28:48.468 [JavaFX Application Thread] DEBUG Input                - Registered new binding: Dev Console - 2
14:28:48.469 [JavaFX Application Thread] DEBUG Input                - Registered new binding: System info dump - CTRL+9
14:28:48.469 [JavaFX Application Thread] DEBUG Input                - Registered new binding: Restart - CTRL+R
14:28:48.469 [JavaFX Application Thread] DEBUG Input                - Registered new binding: Toggle Debug Camera - CTRL+C
14:28:48.471 [JavaFX Application Thread] DEBUG LoopRunner           - Starting loop
14:28:48.484 [JavaFX Application Thread] DEBUG LoopRunner           - Initializing JavaFX AnimationTimerLoop
14:28:48.487 [JavaFX Application Thread] DEBUG Input                - Clearing active input actions
14:28:48.493 [FXGL Background Thread 4 ] DEBUG FXGLAssetLoaderServi - Loading from file system: jar:file:///C:/Users/Legion%207/.m2/repository/com/github/almasb/fxgl/11.17/fxgl-11.17.jar!/fxglassets/ui/fonts/Abel-Regular.ttf
14:28:48.495 [JavaFX Application Thread] DEBUG GameApplicationServi - Removing overlay from FXGLStartupScene and adding to FXGLMainMenuDummyScene
14:28:48.499 [JavaFX Application Thread] DEBUG PrimaryStageWindow   - FXGLStartupScene -> FXGLMainMenuDummyScene
14:28:48.499 [JavaFX Application Thread] DEBUG PrimaryStageWindow   - Push state: BBMMenuStartingScreen
14:28:48.499 [JavaFX Application Thread] DEBUG Input                - Clearing active input actions
14:28:48.501 [FXGL Background Thread 4 ] DEBUG FXGLAssetLoaderServi - Loading from file system: jar:file:///C:/Users/Legion%207/.m2/repository/com/github/almasb/fxgl/11.17/fxgl-11.17.jar!/fxglassets/ui/fonts/lucida_console.ttf
14:28:48.502 [JavaFX Application Thread] DEBUG GameApplicationServi - Removing overlay from FXGLMainMenuDummyScene and adding to BBMMenuStartingScreen
14:28:48.502 [JavaFX Application Thread] DEBUG PrimaryStageWindow   - FXGLMainMenuDummyScene -> BBMMenuStartingScreen
14:28:48.509 [FXGL Background Thread 4 ] DEBUG FXGLAssetLoaderServi - Loading from file system: jar:file:///C:/Users/Legion%207/.m2/repository/com/github/almasb/fxgl/11.17/fxgl-11.17.jar!/fxglassets/ui/fonts/Courier-Prime.ttf
14:28:48.634 [JavaFX Application Thread] DEBUG FXGLApplication      - Registering font factories with UI factory
14:28:48.928 [FXGL Background Thread 2 ] INFO  UpdaterService       - Your current version:  11.17
14:28:48.928 [FXGL Background Thread 2 ] INFO  UpdaterService       - Latest stable version: 17.2
14:28:49.425 [JavaFX Application Thread] DEBUG Menu                 - fireNewGame()
14:28:49.425 [JavaFX Application Thread] DEBUG GameApplicationServi - Starting new game
14:28:49.425 [JavaFX Application Thread] DEBUG PrimaryStageWindow   - Pop state: BBMMenuStartingScreen
14:28:49.425 [JavaFX Application Thread] DEBUG Input                - Clearing active input actions
14:28:49.426 [JavaFX Application Thread] DEBUG GameApplicationServi - Removing overlay from BBMMenuStartingScreen and adding to FXGLMainMenuDummyScene
14:28:49.428 [JavaFX Application Thread] DEBUG PrimaryStageWindow   - FXGLMainMenuDummyScene <- BBMMenuStartingScreen
14:28:49.429 [JavaFX Application Thread] DEBUG Input                - Clearing active input actions
14:28:49.435 [JavaFX Application Thread] DEBUG GameApplicationServi - Removing overlay from FXGLMainMenuDummyScene and adding to FXGLLoadingScene
14:28:49.436 [JavaFX Application Thread] DEBUG PrimaryStageWindow   - FXGLMainMenuDummyScene -> FXGLLoadingScene
14:28:49.436 [JavaFX Application Thread] DEBUG GameApplicationServi - Clearing previous game
14:28:49.437 [JavaFX Application Thread] DEBUG GameScene            - Clearing game scene
14:28:49.437 [JavaFX Application Thread] DEBUG GameWorld            - Clearing game world
14:28:49.438 [JavaFX Application Thread] DEBUG PhysicsWorld         - Clearing physics world
14:28:49.440 [FXGL Background Thread 2 ] DEBUG FXGLApplication      - Initializing game
14:28:49.445 [FXGL Background Thread 2 ] DEBUG FXGLAssetLoaderServi - Loading from file system: file:/D:/GitHub/bomberman-tramcam-desu/target/classes/assets/sounds/GameStarted.wav
14:28:49.541 [FXGL Background Thread 2 ] INFO  FXGLApplication      - Game initialization took: 0.100 sec
14:28:49.543 [JavaFX Application Thread] DEBUG Input                - Clearing active input actions
14:28:49.549 [JavaFX Application Thread] DEBUG GameApplicationServi - Removing overlay from FXGLLoadingScene and adding to GameScene
14:28:49.551 [JavaFX Application Thread] DEBUG PrimaryStageWindow   - FXGLLoadingScene -> GameScene
14:28:51.423 [FXGL Background Thread 3 ] DEBUG Engine               - Logging environment variables
14:28:51.423 [FXGL Background Thread 3 ] DEBUG Engine               - achievements: []
14:28:51.424 [FXGL Background Thread 3 ] DEBUG Engine               - actualHeight: 720.0
14:28:51.424 [FXGL Background Thread 3 ] DEBUG Engine               - actualHeightProperty: ReadOnlyDoubleProperty [value: 720.0]
14:28:51.424 [FXGL Background Thread 3 ] DEBUG Engine               - actualWidth: 1080.0
14:28:51.424 [FXGL Background Thread 3 ] DEBUG Engine               - actualWidthProperty: ReadOnlyDoubleProperty [value: 1080.0]
14:28:51.424 [FXGL Background Thread 3 ] DEBUG Engine               - appIcon: fxgl_icon.png
14:28:51.424 [FXGL Background Thread 3 ] DEBUG Engine               - applicationMode: DEVELOPER
14:28:51.424 [FXGL Background Thread 3 ] DEBUG Engine               - cSSList: [fxgl_dark.css]
14:28:51.425 [FXGL Background Thread 3 ] DEBUG Engine               - collisionDetectionStrategy: BRUTE_FORCE
14:28:51.425 [FXGL Background Thread 3 ] DEBUG Engine               - configClass: Optional.empty
14:28:51.425 [FXGL Background Thread 3 ] DEBUG Engine               - credits: []
14:28:51.425 [FXGL Background Thread 3 ] DEBUG Engine               - defaultCursor: CursorInfo(imageName=fxgl_default_cursor.png, hotspotX=7.0, hotspotY=6.0)
14:28:51.425 [FXGL Background Thread 3 ] DEBUG Engine               - devBBoxColorProperty: ObjectProperty [value: 0xff0000ff]
14:28:51.426 [FXGL Background Thread 3 ] DEBUG Engine               - devEnableDebugCameraProperty: BooleanProperty [value: false]
14:28:51.426 [FXGL Background Thread 3 ] DEBUG Engine               - devSensorColorProperty: ObjectProperty [value: 0xffff00ff]
14:28:51.426 [FXGL Background Thread 3 ] DEBUG Engine               - devShowBBoxProperty: BooleanProperty [value: false]
14:28:51.426 [FXGL Background Thread 3 ] DEBUG Engine               - devShowPositionProperty: BooleanProperty [value: false]
14:28:51.426 [FXGL Background Thread 3 ] DEBUG Engine               - enabledMenuItems: []
14:28:51.426 [FXGL Background Thread 3 ] DEBUG Engine               - engineServices: [class com.almasb.fxgl.app.services.FXGLAssetLoaderService, class com.almasb.fxgl.app.FXGLApplication$GameApplicationService, class com.almasb.fxgl.app.services.FXGLDialogService, class com.almasb.fxgl.app.services.IOTaskExecutorService, class com.almasb.fxgl.io.FileSystemService, class com.almasb.fxgl.localization.LocalizationService, class com.almasb.fxgl.app.services.SystemBundleService, class com.almasb.fxgl.profile.SaveLoadService, class com.almasb.fxgl.ui.FXGLUIFactoryServiceProvider, class com.almasb.fxgl.ui.FXGLDialogFactoryServiceProvider, class com.almasb.fxgl.audio.AudioPlayer, class com.almasb.fxgl.notification.impl.NotificationServiceProvider, class com.almasb.fxgl.achievement.AchievementService, class com.almasb.fxgl.cutscene.CutsceneService, class com.almasb.fxgl.minigames.MiniGameService, class com.almasb.fxgl.net.NetService, class com.almasb.fxgl.app.services.UpdaterService, class com.almasb.fxgl.dev.DevService]
14:28:51.426 [FXGL Background Thread 3 ] DEBUG Engine               - fontGame: Abel-Regular.ttf
14:28:51.427 [FXGL Background Thread 3 ] DEBUG Engine               - fontMono: lucida_console.ttf
14:28:51.427 [FXGL Background Thread 3 ] DEBUG Engine               - fontText: Courier-Prime.ttf
14:28:51.427 [FXGL Background Thread 3 ] DEBUG Engine               - fontUI: Retro Gaming.ttf
14:28:51.427 [FXGL Background Thread 3 ] DEBUG Engine               - fullScreen: BooleanProperty [value: false]
14:28:51.427 [FXGL Background Thread 3 ] DEBUG Engine               - gameDifficulty: MEDIUM
14:28:51.427 [FXGL Background Thread 3 ] DEBUG Engine               - gameDifficultyProperty: ObjectProperty [value: MEDIUM]
14:28:51.427 [FXGL Background Thread 3 ] DEBUG Engine               - globalMusicVolume: 0.5
14:28:51.428 [FXGL Background Thread 3 ] DEBUG Engine               - globalMusicVolumeProperty: DoubleProperty [value: 0.0]
14:28:51.428 [FXGL Background Thread 3 ] DEBUG Engine               - globalSoundVolume: 0.5
14:28:51.428 [FXGL Background Thread 3 ] DEBUG Engine               - globalSoundVolumeProperty: DoubleProperty [value: 0.4]
14:28:51.428 [FXGL Background Thread 3 ] DEBUG Engine               - height: 720
14:28:51.428 [FXGL Background Thread 3 ] DEBUG Engine               - is3D: false
14:28:51.428 [FXGL Background Thread 3 ] DEBUG Engine               - isAndroid: false
14:28:51.428 [FXGL Background Thread 3 ] DEBUG Engine               - isBrowser: false
14:28:51.428 [FXGL Background Thread 3 ] DEBUG Engine               - isClickFeedbackEnabled: false
14:28:51.429 [FXGL Background Thread 3 ] DEBUG Engine               - isCloseConfirmation: false
14:28:51.429 [FXGL Background Thread 3 ] DEBUG Engine               - isDesktop: true
14:28:51.429 [FXGL Background Thread 3 ] DEBUG Engine               - isDeveloperMenuEnabled: true
14:28:51.429 [FXGL Background Thread 3 ] DEBUG Engine               - isEntityPreloadEnabled: true
14:28:51.429 [FXGL Background Thread 3 ] DEBUG Engine               - isExperimentalTiledLargeMap: false
14:28:51.429 [FXGL Background Thread 3 ] DEBUG Engine               - isFileSystemWriteAllowed: true
14:28:51.429 [FXGL Background Thread 3 ] DEBUG Engine               - isFullScreenAllowed: false
14:28:51.429 [FXGL Background Thread 3 ] DEBUG Engine               - isFullScreenFromStart: false
14:28:51.429 [FXGL Background Thread 3 ] DEBUG Engine               - isGameMenuEnabled: true
14:28:51.430 [FXGL Background Thread 3 ] DEBUG Engine               - isIOS: false
14:28:51.430 [FXGL Background Thread 3 ] DEBUG Engine               - isIntroEnabled: false
14:28:51.430 [FXGL Background Thread 3 ] DEBUG Engine               - isLinux: false
14:28:51.430 [FXGL Background Thread 3 ] DEBUG Engine               - isMac: false
14:28:51.430 [FXGL Background Thread 3 ] DEBUG Engine               - isMainMenuEnabled: true
14:28:51.430 [FXGL Background Thread 3 ] DEBUG Engine               - isManualResizeEnabled: true
14:28:51.430 [FXGL Background Thread 3 ] DEBUG Engine               - isMobile: false
14:28:51.430 [FXGL Background Thread 3 ] DEBUG Engine               - isNative: false
14:28:51.430 [FXGL Background Thread 3 ] DEBUG Engine               - isPauseMusicWhenMinimized: true
14:28:51.431 [FXGL Background Thread 3 ] DEBUG Engine               - isPreserveResizeRatio: true
14:28:51.431 [FXGL Background Thread 3 ] DEBUG Engine               - isProfilingEnabled: false
14:28:51.431 [FXGL Background Thread 3 ] DEBUG Engine               - isScaleAffectedOnResize: true
14:28:51.431 [FXGL Background Thread 3 ] DEBUG Engine               - isSingleStep: false
14:28:51.431 [FXGL Background Thread 3 ] DEBUG Engine               - isUserProfileEnabled: false
14:28:51.431 [FXGL Background Thread 3 ] DEBUG Engine               - isWindows: true
14:28:51.431 [FXGL Background Thread 3 ] DEBUG Engine               - language: ObjectProperty [value: ENGLISH]
14:28:51.431 [FXGL Background Thread 3 ] DEBUG Engine               - menuKey: ESCAPE
14:28:51.431 [FXGL Background Thread 3 ] DEBUG Engine               - mouseSensitivity: 0.2
14:28:51.432 [FXGL Background Thread 3 ] DEBUG Engine               - notificationViewClass: class com.almasb.fxgl.notification.view.XboxNotificationView
14:28:51.432 [FXGL Background Thread 3 ] DEBUG Engine               - pixelsPerMeter: 50.0
14:28:51.432 [FXGL Background Thread 3 ] DEBUG Engine               - platform: WINDOWS
14:28:51.432 [FXGL Background Thread 3 ] DEBUG Engine               - prefHeightProperty: ReadOnlyDoubleProperty [value: 720.0]
14:28:51.432 [FXGL Background Thread 3 ] DEBUG Engine               - prefWidthProperty: ReadOnlyDoubleProperty [value: 1080.0]
14:28:51.432 [FXGL Background Thread 3 ] DEBUG Engine               - profileDir: profiles/
14:28:51.432 [FXGL Background Thread 3 ] DEBUG Engine               - profileName: StringProperty [value: DEFAULT]
14:28:51.432 [FXGL Background Thread 3 ] DEBUG Engine               - randomSeed: -1
14:28:51.433 [FXGL Background Thread 3 ] DEBUG Engine               - runtimeInfo: RuntimeInfo(platform=WINDOWS, version=11.17, build=16.07.2021 15.46)
14:28:51.433 [FXGL Background Thread 3 ] DEBUG Engine               - saveFileExt: sav
14:28:51.433 [FXGL Background Thread 3 ] DEBUG Engine               - scaledHeightProp$fxgl: DoubleProperty [bound, value: 720.0]
14:28:51.433 [FXGL Background Thread 3 ] DEBUG Engine               - scaledWidthProp$fxgl: DoubleProperty [bound, value: 1080.0]
14:28:51.433 [FXGL Background Thread 3 ] DEBUG Engine               - sceneFactory: uet.oop.bomberman.BBMApp$1@35c50520
14:28:51.433 [FXGL Background Thread 3 ] DEBUG Engine               - secondsIn24h: 60
14:28:51.433 [FXGL Background Thread 3 ] DEBUG Engine               - soundMenuBack: menu/back.wav
14:28:51.433 [FXGL Background Thread 3 ] DEBUG Engine               - soundMenuPress: menu/press.wav
14:28:51.433 [FXGL Background Thread 3 ] DEBUG Engine               - soundMenuSelect: menu/select.wav
14:28:51.433 [FXGL Background Thread 3 ] DEBUG Engine               - soundNotification: core/notification.wav
14:28:51.434 [FXGL Background Thread 3 ] DEBUG Engine               - stageStyle: DECORATED
14:28:51.434 [FXGL Background Thread 3 ] DEBUG Engine               - supportedLanguages: [ENGLISH, FRENCH, GERMAN, HUNGARIAN, RUSSIAN]
14:28:51.434 [FXGL Background Thread 3 ] DEBUG Engine               - ticksPerSecond: -1
14:28:51.434 [FXGL Background Thread 3 ] DEBUG Engine               - title: Bomberman
14:28:51.434 [FXGL Background Thread 3 ] DEBUG Engine               - urlGithub: https://github.com/AlmasB/FXGL
14:28:51.434 [FXGL Background Thread 3 ] DEBUG Engine               - urlLeaderboard: http://fxgl-top.herokuapp.com/
14:28:51.434 [FXGL Background Thread 3 ] DEBUG Engine               - urlPOM: https://raw.githubusercontent.com/AlmasB/FXGL/release/README.md
14:28:51.434 [FXGL Background Thread 3 ] DEBUG Engine               - userAppClass: class uet.oop.bomberman.BBMApp
14:28:51.434 [FXGL Background Thread 3 ] DEBUG Engine               - version: Tram Cam Desu
14:28:51.434 [FXGL Background Thread 3 ] DEBUG Engine               - versionCheckDays: 7
14:28:51.434 [FXGL Background Thread 3 ] DEBUG Engine               - width: 1080
14:28:51.435 [FXGL Background Thread 3 ] DEBUG Engine               - Logging services
14:28:51.437 [FXGL Background Thread 3 ] DEBUG Engine               - class com.almasb.fxgl.app.services.FXGLAssetLoaderService
14:28:51.438 [FXGL Background Thread 3 ] DEBUG Engine               - class com.almasb.fxgl.app.FXGLApplication$GameApplicationService
14:28:51.438 [FXGL Background Thread 3 ] DEBUG Engine               - class com.almasb.fxgl.app.services.FXGLDialogService
14:28:51.438 [FXGL Background Thread 3 ] DEBUG Engine               - class com.almasb.fxgl.app.services.IOTaskExecutorService
14:28:51.438 [FXGL Background Thread 3 ] DEBUG Engine               - class com.almasb.fxgl.io.FileSystemService
14:28:51.438 [FXGL Background Thread 3 ] DEBUG Engine               - class com.almasb.fxgl.localization.LocalizationService
14:28:51.438 [FXGL Background Thread 3 ] DEBUG Engine               - class com.almasb.fxgl.app.services.SystemBundleService
14:28:51.438 [FXGL Background Thread 3 ] DEBUG Engine               - class com.almasb.fxgl.profile.SaveLoadService
14:28:51.438 [FXGL Background Thread 3 ] DEBUG Engine               - class com.almasb.fxgl.ui.FXGLUIFactoryServiceProvider
14:28:51.438 [FXGL Background Thread 3 ] DEBUG Engine               - class com.almasb.fxgl.ui.FXGLDialogFactoryServiceProvider
14:28:51.438 [FXGL Background Thread 3 ] DEBUG Engine               - class com.almasb.fxgl.audio.AudioPlayer
14:28:51.438 [FXGL Background Thread 3 ] DEBUG Engine               - class com.almasb.fxgl.notification.impl.NotificationServiceProvider
14:28:51.438 [FXGL Background Thread 3 ] DEBUG Engine               - class com.almasb.fxgl.achievement.AchievementService
14:28:51.438 [FXGL Background Thread 3 ] DEBUG Engine               - class com.almasb.fxgl.cutscene.CutsceneService
14:28:51.438 [FXGL Background Thread 3 ] DEBUG Engine               - class com.almasb.fxgl.minigames.MiniGameService
14:28:51.439 [FXGL Background Thread 3 ] DEBUG Engine               - class com.almasb.fxgl.net.NetService
14:28:51.439 [FXGL Background Thread 3 ] DEBUG Engine               - class com.almasb.fxgl.app.services.UpdaterService
14:28:51.439 [FXGL Background Thread 3 ] DEBUG Engine               - class com.almasb.fxgl.dev.DevService
14:28:52.369 [JavaFX Application Thread] WARN  TMXLevelLoader       - TiledMap generated from 1.7.2. Supported version: 1.2.3. Some features may not be parsed fully.
14:28:52.437 [JavaFX Application Thread] DEBUG TMXLevelLoader       - Parsed TiledMap: file:/D:/GitHub/bomberman-tramcam-desu/target/classes/assets/levels/level1.tmx
14:28:52.438 [JavaFX Application Thread] DEBUG TMXLevelLoader       - Creating tile layer entities
14:28:52.439 [JavaFX Application Thread] DEBUG TilesetLoader        - Loading view for layer Tile Layer 1
14:28:52.443 [JavaFX Application Thread] DEBUG TilesetLoader        - Created buffer with size 1488.0x720.0
14:28:52.551 [JavaFX Application Thread] DEBUG TMXLevelLoader       - Creating object layer entities
14:28:52.555 [JavaFX Application Thread] DEBUG FXGLAssetLoaderServi - Loading from file system: file:/D:/GitHub/bomberman-tramcam-desu/target/classes/assets/textures/photo/powerup_flamepass.png
14:28:52.557 [JavaFX Application Thread] DEBUG FXGLAssetLoaderServi - Loading from file system: file:/D:/GitHub/bomberman-tramcam-desu/target/classes/assets/textures/photo/powerup_speed.png
14:28:52.559 [JavaFX Application Thread] DEBUG FXGLAssetLoaderServi - Loading from file system: file:/D:/GitHub/bomberman-tramcam-desu/target/classes/assets/textures/photo/powerup_flames.png
14:28:52.560 [JavaFX Application Thread] DEBUG FXGLAssetLoaderServi - Loading from file system: file:/D:/GitHub/bomberman-tramcam-desu/target/classes/assets/textures/photo/powerup_bombs.png
14:28:52.562 [JavaFX Application Thread] DEBUG FXGLAssetLoaderServi - Loading from file system: file:/D:/GitHub/bomberman-tramcam-desu/target/classes/assets/textures/photo/portal.png
14:28:52.564 [JavaFX Application Thread] DEBUG FXGLAssetLoaderServi - Loading from file system: file:/D:/GitHub/bomberman-tramcam-desu/target/classes/assets/textures/sprites.png
14:28:52.634 [JavaFX Application Thread] DEBUG GameWorld            - Clearing removable entities
14:28:52.634 [JavaFX Application Thread] DEBUG GameWorld            - Setting level: com.almasb.fxgl.entity.level.Level@7d79b313
14:28:52.678 [JavaFX Application Thread] DEBUG FXGLAssetLoaderServi - Loading from file system: file:/D:/GitHub/bomberman-tramcam-desu/target/classes/assets/sounds/walk_2.wav
14:29:08.300 [JavaFX Application Thread] DEBUG FXGLAssetLoaderServi - Loading from file system: file:/D:/GitHub/bomberman-tramcam-desu/target/classes/assets/sounds/BombermanDead.wav
14:29:09.832 [JavaFX Application Thread] WARN  TMXLevelLoader       - TiledMap generated from 1.7.2. Supported version: 1.2.3. Some features may not be parsed fully.
14:29:09.843 [JavaFX Application Thread] DEBUG TMXLevelLoader       - Parsed TiledMap: file:/D:/GitHub/bomberman-tramcam-desu/target/classes/assets/levels/level1.tmx
14:29:09.843 [JavaFX Application Thread] DEBUG TMXLevelLoader       - Creating tile layer entities
14:29:09.844 [JavaFX Application Thread] DEBUG TilesetLoader        - Loading view for layer Tile Layer 1
14:29:09.845 [JavaFX Application Thread] DEBUG TilesetLoader        - Created buffer with size 1488.0x720.0
14:29:09.902 [JavaFX Application Thread] DEBUG TMXLevelLoader       - Creating object layer entities
14:29:09.933 [JavaFX Application Thread] DEBUG GameWorld            - Clearing removable entities
14:29:09.944 [JavaFX Application Thread] DEBUG GameWorld            - Setting level: com.almasb.fxgl.entity.level.Level@4eedea52
14:29:11.685 [JavaFX Application Thread] DEBUG FXGLApplication      - Exiting FXGL
14:29:11.685 [JavaFX Application Thread] DEBUG LoopRunner           - Stopping loop
14:29:11.685 [JavaFX Application Thread] DEBUG SystemBundleService  - Saving FXGL system data
14:29:11.687 [JavaFX Application Thread] DEBUG FileSystemAccess     - Writing to: D:\GitHub\bomberman-tramcam-desu\system\fxgl.bundle
14:29:11.689 [JavaFX Application Thread] DEBUG Async                - Shutting down background threads
14:29:11.689 [JavaFX Application Thread] DEBUG PrimaryStageWindow   - Closing main window
14:29:11.700 [JavaFX Application Thread] DEBUG Logger               - Closing Logger
