17:31:58.022 [main                     ] DEBUG Logger               - Configured Logger
17:31:58.024 [main                     ] DEBUG GameApplication      - Logging settings
Title: Bomberman
Version: Tram Cam Desu
Width: 1080
Height: 720
Fullscreen: false
Intro: false
Profiling: false
Single step:false
App Mode: DEVELOPER
Menu Key: ESCAPE
Stage Style: DECORATED
Scene Factory: class uet.oop.bomberman.BBMApp$1

17:31:58.308 [JavaFX Application Thread] DEBUG FXGLApplication      - Initializing FXGL
17:31:58.310 [JavaFX Application Thread] INFO  Engine               - FXGL-11.17 (16.07.2021 15.46) on WINDOWS (J:18.0.2.1 FX:16)
17:31:58.310 [JavaFX Application Thread] DEBUG Engine               - JRE Vendor Name: Oracle Corporation
17:31:58.310 [JavaFX Application Thread] DEBUG Engine               - Running on OS: Windows 10 version 10.0
17:31:58.310 [JavaFX Application Thread] DEBUG Engine               - Architecture: amd64
17:31:58.310 [JavaFX Application Thread] INFO  Engine               - Source code and latest versions at: https://github.com/AlmasB/FXGL
17:31:58.311 [JavaFX Application Thread] INFO  Engine               -              Join the FXGL chat at: https://gitter.im/AlmasB/FXGL
17:31:58.386 [JavaFX Application Thread] DEBUG PrimaryStageWindow   - Creating a JavaFX scene
17:31:58.425 [JavaFX Application Thread] DEBUG PrimaryStageWindow   - Target settings size: 1080.0 x 720.0
17:31:58.425 [JavaFX Application Thread] DEBUG PrimaryStageWindow   - Scaled scene size:    1080.0 x 720.0
17:31:58.426 [JavaFX Application Thread] DEBUG PrimaryStageWindow   - Scaled ratio: (1.0, 1.0)
17:31:58.426 [JavaFX Application Thread] DEBUG PrimaryStageWindow   - Set initial scene to FXGLStartupScene
17:31:58.431 [JavaFX Application Thread] DEBUG PrimaryStageWindow   - Opening main window
17:31:58.498 [JavaFX Application Thread] DEBUG PrimaryStageWindow   - Window border size: (14.4000244140625, 37.5999755859375)
17:31:58.498 [JavaFX Application Thread] DEBUG PrimaryStageWindow   - Scaled size: 1080.0 x 720.0
17:31:58.499 [JavaFX Application Thread] DEBUG PrimaryStageWindow   - Scaled ratio: (1.0, 1.0)
17:31:58.499 [JavaFX Application Thread] DEBUG PrimaryStageWindow   - Scene size: 1080.0 x 720.0
17:31:58.499 [JavaFX Application Thread] DEBUG PrimaryStageWindow   - Stage size: 1094.4000244140625 x 757.5999755859375
17:31:58.505 [FXGL Background Thread 1 ] DEBUG Engine               - Initializing environment variables
17:31:58.600 [FXGL Background Thread 1 ] DEBUG FXGLAssetLoaderServi - User app class for loading assets: class uet.oop.bomberman.BBMApp
17:31:58.601 [FXGL Background Thread 1 ] DEBUG GameApplicationServi - Applying CSS: fxgl_dark.css
17:31:58.601 [FXGL Background Thread 1 ] DEBUG FXGLAssetLoaderServi - Loading from file system: jar:file:///C:/Users/Legion%207/.m2/repository/com/github/almasb/fxgl/11.17/fxgl-11.17.jar!/fxglassets/ui/css/fxgl_dark.css
17:31:58.644 [FXGL Background Thread 1 ] DEBUG GameApplicationServi - Initializing application scenes
17:31:58.682 [FXGL Background Thread 1 ] DEBUG GameWorld            - Game world initialized
17:31:58.743 [FXGL Background Thread 1 ] DEBUG PhysicsWorld         - Physics world initialized: appHeight=720, physics.ppm=50.0
17:31:58.743 [FXGL Background Thread 1 ] DEBUG PhysicsWorld         - Using strategy: BRUTE_FORCE
17:31:58.745 [FXGL Background Thread 1 ] DEBUG GameScene            - Game scene initialized: 1080x720
17:31:58.836 [FXGL Background Thread 1 ] DEBUG GameApplicationServi - Application scenes initialized
17:31:58.848 [FXGL Background Thread 1 ] DEBUG SystemBundleService  - Loading FXGL system data
17:31:58.855 [FXGL Background Thread 1 ] DEBUG FileSystemAccess     - Reading from: D:\GitHub\bomberman-tramcam-desu\system\fxgl.bundle
17:31:58.869 [FXGL Background Thread 1 ] DEBUG SystemBundleService  - Bundle FXGL: {}
17:31:58.869 [FXGL Background Thread 1 ] DEBUG UpdaterService       - Checking for updates
17:31:58.907 [FXGL Background Thread 1 ] DEBUG FXGLApplication      - Loading default localization
17:31:58.907 [FXGL Background Thread 1 ] DEBUG FXGLAssetLoaderServi - Loading from file system: jar:file:///C:/Users/Legion%207/.m2/repository/com/github/almasb/fxgl/11.17/fxgl-11.17.jar!/fxglassets/languages/english.lang
17:31:58.920 [FXGL Background Thread 1 ] INFO  FXGLApplication      - FXGL initialization took: 0.416 sec
17:31:58.923 [FXGL Background Thread 4 ] DEBUG FXGLApplication      - Loading fonts
17:31:58.923 [FXGL Background Thread 4 ] DEBUG FXGLAssetLoaderServi - Loading from file system: file:/D:/GitHub/bomberman-tramcam-desu/target/classes/assets/ui/fonts/Retro%20Gaming.ttf
17:31:58.931 [JavaFX Application Thread] DEBUG Input                - Registered new binding: Move Up - W
17:31:58.931 [JavaFX Application Thread] DEBUG Input                - Registered new binding: Move Down - S
17:31:58.932 [JavaFX Application Thread] DEBUG Input                - Registered new binding: Move Left - A
17:31:58.932 [JavaFX Application Thread] DEBUG Input                - Registered new binding: Move Right - D
17:31:58.932 [JavaFX Application Thread] DEBUG Input                - Registered new binding: Place Bomb - Space
17:31:58.933 [JavaFX Application Thread] WARN  FXGLAssetLoaderServi - Asset "/assets/music/title_screen.mp3" was not found!
17:31:58.933 [JavaFX Application Thread] WARN  FXGLAssetLoaderServi - Failed to load MUSIC
17:31:58.934 [JavaFX Application Thread] DEBUG AudioPlayer          - Playing music com.almasb.fxgl.audio.Music@659f66d9
17:31:58.935 [JavaFX Application Thread] DEBUG FXGLAssetLoaderServi - Loading from file system: jar:file:///C:/Users/Legion%207/.m2/repository/com/github/almasb/fxgl/11.17/fxgl-11.17.jar!/fxglassets/textures/fxgl_icon.png
17:31:58.967 [JavaFX Application Thread] DEBUG FXGLAssetLoaderServi - Loading from file system: jar:file:///C:/Users/Legion%207/.m2/repository/com/github/almasb/fxgl/11.17/fxgl-11.17.jar!/fxglassets/textures/fxgl_default_cursor.png
17:31:58.969 [JavaFX Application Thread] DEBUG Input                - Registered new binding: Screenshot - CTRL+8
17:31:58.969 [JavaFX Application Thread] DEBUG Input                - Registered new binding: Dev Options - 1
17:31:58.970 [JavaFX Application Thread] DEBUG Input                - Registered new binding: Dev Console - 2
17:31:58.970 [JavaFX Application Thread] DEBUG Input                - Registered new binding: System info dump - CTRL+9
17:31:58.970 [JavaFX Application Thread] DEBUG Input                - Registered new binding: Restart - CTRL+R
17:31:58.971 [JavaFX Application Thread] DEBUG Input                - Registered new binding: Toggle Debug Camera - CTRL+C
17:31:58.978 [JavaFX Application Thread] DEBUG LoopRunner           - Starting loop
17:31:58.993 [JavaFX Application Thread] DEBUG LoopRunner           - Initializing JavaFX AnimationTimerLoop
17:31:58.997 [JavaFX Application Thread] DEBUG Input                - Clearing active input actions
17:31:59.006 [JavaFX Application Thread] DEBUG GameApplicationServi - Removing overlay from FXGLStartupScene and adding to FXGLMainMenuDummyScene
17:31:59.009 [JavaFX Application Thread] DEBUG PrimaryStageWindow   - FXGLStartupScene -> FXGLMainMenuDummyScene
17:31:59.009 [JavaFX Application Thread] DEBUG PrimaryStageWindow   - Push state: BBMMenuStartingScreen
17:31:59.009 [JavaFX Application Thread] DEBUG Input                - Clearing active input actions
17:31:59.013 [JavaFX Application Thread] DEBUG GameApplicationServi - Removing overlay from FXGLMainMenuDummyScene and adding to BBMMenuStartingScreen
17:31:59.013 [JavaFX Application Thread] DEBUG PrimaryStageWindow   - FXGLMainMenuDummyScene -> BBMMenuStartingScreen
17:31:59.031 [FXGL Background Thread 4 ] DEBUG FXGLAssetLoaderServi - Loading from file system: jar:file:///C:/Users/Legion%207/.m2/repository/com/github/almasb/fxgl/11.17/fxgl-11.17.jar!/fxglassets/ui/fonts/Abel-Regular.ttf
17:31:59.044 [FXGL Background Thread 4 ] DEBUG FXGLAssetLoaderServi - Loading from file system: jar:file:///C:/Users/Legion%207/.m2/repository/com/github/almasb/fxgl/11.17/fxgl-11.17.jar!/fxglassets/ui/fonts/lucida_console.ttf
17:31:59.055 [FXGL Background Thread 4 ] DEBUG FXGLAssetLoaderServi - Loading from file system: jar:file:///C:/Users/Legion%207/.m2/repository/com/github/almasb/fxgl/11.17/fxgl-11.17.jar!/fxglassets/ui/fonts/Courier-Prime.ttf
17:31:59.167 [JavaFX Application Thread] DEBUG FXGLApplication      - Registering font factories with UI factory
17:32:00.183 [FXGL Background Thread 2 ] INFO  UpdaterService       - Your current version:  11.17
17:32:00.183 [FXGL Background Thread 2 ] INFO  UpdaterService       - Latest stable version: 17.2
17:32:01.906 [FXGL Background Thread 3 ] DEBUG Engine               - Logging environment variables
17:32:01.906 [FXGL Background Thread 3 ] DEBUG Engine               - achievements: []
17:32:01.907 [FXGL Background Thread 3 ] DEBUG Engine               - actualHeight: 720.0
17:32:01.907 [FXGL Background Thread 3 ] DEBUG Engine               - actualHeightProperty: ReadOnlyDoubleProperty [value: 720.0]
17:32:01.907 [FXGL Background Thread 3 ] DEBUG Engine               - actualWidth: 1080.0
17:32:01.907 [FXGL Background Thread 3 ] DEBUG Engine               - actualWidthProperty: ReadOnlyDoubleProperty [value: 1080.0]
17:32:01.907 [FXGL Background Thread 3 ] DEBUG Engine               - appIcon: fxgl_icon.png
17:32:01.907 [FXGL Background Thread 3 ] DEBUG Engine               - applicationMode: DEVELOPER
17:32:01.908 [FXGL Background Thread 3 ] DEBUG Engine               - cSSList: [fxgl_dark.css]
17:32:01.908 [FXGL Background Thread 3 ] DEBUG Engine               - collisionDetectionStrategy: BRUTE_FORCE
17:32:01.908 [FXGL Background Thread 3 ] DEBUG Engine               - configClass: Optional.empty
17:32:01.908 [FXGL Background Thread 3 ] DEBUG Engine               - credits: []
17:32:01.908 [FXGL Background Thread 3 ] DEBUG Engine               - defaultCursor: CursorInfo(imageName=fxgl_default_cursor.png, hotspotX=7.0, hotspotY=6.0)
17:32:01.909 [FXGL Background Thread 3 ] DEBUG Engine               - devBBoxColorProperty: ObjectProperty [value: 0xff0000ff]
17:32:01.909 [FXGL Background Thread 3 ] DEBUG Engine               - devEnableDebugCameraProperty: BooleanProperty [value: false]
17:32:01.909 [FXGL Background Thread 3 ] DEBUG Engine               - devSensorColorProperty: ObjectProperty [value: 0xffff00ff]
17:32:01.909 [FXGL Background Thread 3 ] DEBUG Engine               - devShowBBoxProperty: BooleanProperty [value: false]
17:32:01.909 [FXGL Background Thread 3 ] DEBUG Engine               - devShowPositionProperty: BooleanProperty [value: false]
17:32:01.910 [FXGL Background Thread 3 ] DEBUG Engine               - enabledMenuItems: []
17:32:01.910 [FXGL Background Thread 3 ] DEBUG Engine               - engineServices: [class com.almasb.fxgl.app.services.FXGLAssetLoaderService, class com.almasb.fxgl.app.FXGLApplication$GameApplicationService, class com.almasb.fxgl.app.services.FXGLDialogService, class com.almasb.fxgl.app.services.IOTaskExecutorService, class com.almasb.fxgl.io.FileSystemService, class com.almasb.fxgl.localization.LocalizationService, class com.almasb.fxgl.app.services.SystemBundleService, class com.almasb.fxgl.profile.SaveLoadService, class com.almasb.fxgl.ui.FXGLUIFactoryServiceProvider, class com.almasb.fxgl.ui.FXGLDialogFactoryServiceProvider, class com.almasb.fxgl.audio.AudioPlayer, class com.almasb.fxgl.notification.impl.NotificationServiceProvider, class com.almasb.fxgl.achievement.AchievementService, class com.almasb.fxgl.cutscene.CutsceneService, class com.almasb.fxgl.minigames.MiniGameService, class com.almasb.fxgl.net.NetService, class com.almasb.fxgl.app.services.UpdaterService, class com.almasb.fxgl.dev.DevService]
17:32:01.910 [FXGL Background Thread 3 ] DEBUG Engine               - fontGame: Abel-Regular.ttf
17:32:01.910 [FXGL Background Thread 3 ] DEBUG Engine               - fontMono: lucida_console.ttf
17:32:01.910 [FXGL Background Thread 3 ] DEBUG Engine               - fontText: Courier-Prime.ttf
17:32:01.910 [FXGL Background Thread 3 ] DEBUG Engine               - fontUI: Retro Gaming.ttf
17:32:01.911 [FXGL Background Thread 3 ] DEBUG Engine               - fullScreen: BooleanProperty [value: false]
17:32:01.911 [FXGL Background Thread 3 ] DEBUG Engine               - gameDifficulty: MEDIUM
17:32:01.911 [FXGL Background Thread 3 ] DEBUG Engine               - gameDifficultyProperty: ObjectProperty [value: MEDIUM]
17:32:01.911 [FXGL Background Thread 3 ] DEBUG Engine               - globalMusicVolume: 0.5
17:32:01.911 [FXGL Background Thread 3 ] DEBUG Engine               - globalMusicVolumeProperty: DoubleProperty [value: 0.05]
17:32:01.911 [FXGL Background Thread 3 ] DEBUG Engine               - globalSoundVolume: 0.5
17:32:01.911 [FXGL Background Thread 3 ] DEBUG Engine               - globalSoundVolumeProperty: DoubleProperty [value: 0.4]
17:32:01.911 [FXGL Background Thread 3 ] DEBUG Engine               - height: 720
17:32:01.912 [FXGL Background Thread 3 ] DEBUG Engine               - is3D: false
17:32:01.912 [FXGL Background Thread 3 ] DEBUG Engine               - isAndroid: false
17:32:01.912 [FXGL Background Thread 3 ] DEBUG Engine               - isBrowser: false
17:32:01.912 [FXGL Background Thread 3 ] DEBUG Engine               - isClickFeedbackEnabled: false
17:32:01.912 [FXGL Background Thread 3 ] DEBUG Engine               - isCloseConfirmation: false
17:32:01.912 [FXGL Background Thread 3 ] DEBUG Engine               - isDesktop: true
17:32:01.912 [FXGL Background Thread 3 ] DEBUG Engine               - isDeveloperMenuEnabled: true
17:32:01.912 [FXGL Background Thread 3 ] DEBUG Engine               - isEntityPreloadEnabled: true
17:32:01.912 [FXGL Background Thread 3 ] DEBUG Engine               - isExperimentalTiledLargeMap: false
17:32:01.912 [FXGL Background Thread 3 ] DEBUG Engine               - isFileSystemWriteAllowed: true
17:32:01.912 [FXGL Background Thread 3 ] DEBUG Engine               - isFullScreenAllowed: false
17:32:01.912 [FXGL Background Thread 3 ] DEBUG Engine               - isFullScreenFromStart: false
17:32:01.912 [FXGL Background Thread 3 ] DEBUG Engine               - isGameMenuEnabled: true
17:32:01.912 [FXGL Background Thread 3 ] DEBUG Engine               - isIOS: false
17:32:01.912 [FXGL Background Thread 3 ] DEBUG Engine               - isIntroEnabled: false
17:32:01.912 [FXGL Background Thread 3 ] DEBUG Engine               - isLinux: false
17:32:01.912 [FXGL Background Thread 3 ] DEBUG Engine               - isMac: false
17:32:01.912 [FXGL Background Thread 3 ] DEBUG Engine               - isMainMenuEnabled: true
17:32:01.912 [FXGL Background Thread 3 ] DEBUG Engine               - isManualResizeEnabled: true
17:32:01.912 [FXGL Background Thread 3 ] DEBUG Engine               - isMobile: false
17:32:01.913 [FXGL Background Thread 3 ] DEBUG Engine               - isNative: false
17:32:01.913 [FXGL Background Thread 3 ] DEBUG Engine               - isPauseMusicWhenMinimized: true
17:32:01.913 [FXGL Background Thread 3 ] DEBUG Engine               - isPreserveResizeRatio: true
17:32:01.913 [FXGL Background Thread 3 ] DEBUG Engine               - isProfilingEnabled: false
17:32:01.913 [FXGL Background Thread 3 ] DEBUG Engine               - isScaleAffectedOnResize: true
17:32:01.913 [FXGL Background Thread 3 ] DEBUG Engine               - isSingleStep: false
17:32:01.913 [FXGL Background Thread 3 ] DEBUG Engine               - isUserProfileEnabled: false
17:32:01.913 [FXGL Background Thread 3 ] DEBUG Engine               - isWindows: true
17:32:01.913 [FXGL Background Thread 3 ] DEBUG Engine               - language: ObjectProperty [value: ENGLISH]
17:32:01.913 [FXGL Background Thread 3 ] DEBUG Engine               - menuKey: ESCAPE
17:32:01.913 [FXGL Background Thread 3 ] DEBUG Engine               - mouseSensitivity: 0.2
17:32:01.913 [FXGL Background Thread 3 ] DEBUG Engine               - notificationViewClass: class com.almasb.fxgl.notification.view.XboxNotificationView
17:32:01.913 [FXGL Background Thread 3 ] DEBUG Engine               - pixelsPerMeter: 50.0
17:32:01.913 [FXGL Background Thread 3 ] DEBUG Engine               - platform: WINDOWS
17:32:01.913 [FXGL Background Thread 3 ] DEBUG Engine               - prefHeightProperty: ReadOnlyDoubleProperty [value: 720.0]
17:32:01.913 [FXGL Background Thread 3 ] DEBUG Engine               - prefWidthProperty: ReadOnlyDoubleProperty [value: 1080.0]
17:32:01.913 [FXGL Background Thread 3 ] DEBUG Engine               - profileDir: profiles/
17:32:01.914 [FXGL Background Thread 3 ] DEBUG Engine               - profileName: StringProperty [value: DEFAULT]
17:32:01.914 [FXGL Background Thread 3 ] DEBUG Engine               - randomSeed: -1
17:32:01.914 [FXGL Background Thread 3 ] DEBUG Engine               - runtimeInfo: RuntimeInfo(platform=WINDOWS, version=11.17, build=16.07.2021 15.46)
17:32:01.914 [FXGL Background Thread 3 ] DEBUG Engine               - saveFileExt: sav
17:32:01.914 [FXGL Background Thread 3 ] DEBUG Engine               - scaledHeightProp$fxgl: DoubleProperty [bound, value: 720.0]
17:32:01.914 [FXGL Background Thread 3 ] DEBUG Engine               - scaledWidthProp$fxgl: DoubleProperty [bound, value: 1080.0]
17:32:01.914 [FXGL Background Thread 3 ] DEBUG Engine               - sceneFactory: uet.oop.bomberman.BBMApp$1@1503d580
17:32:01.914 [FXGL Background Thread 3 ] DEBUG Engine               - secondsIn24h: 60
17:32:01.914 [FXGL Background Thread 3 ] DEBUG Engine               - soundMenuBack: menu/back.wav
17:32:01.914 [FXGL Background Thread 3 ] DEBUG Engine               - soundMenuPress: menu/press.wav
17:32:01.914 [FXGL Background Thread 3 ] DEBUG Engine               - soundMenuSelect: menu/select.wav
17:32:01.914 [FXGL Background Thread 3 ] DEBUG Engine               - soundNotification: core/notification.wav
17:32:01.914 [FXGL Background Thread 3 ] DEBUG Engine               - stageStyle: DECORATED
17:32:01.914 [FXGL Background Thread 3 ] DEBUG Engine               - supportedLanguages: [ENGLISH, FRENCH, GERMAN, HUNGARIAN, RUSSIAN]
17:32:01.914 [FXGL Background Thread 3 ] DEBUG Engine               - ticksPerSecond: -1
17:32:01.914 [FXGL Background Thread 3 ] DEBUG Engine               - title: Bomberman
17:32:01.914 [FXGL Background Thread 3 ] DEBUG Engine               - urlGithub: https://github.com/AlmasB/FXGL
17:32:01.915 [FXGL Background Thread 3 ] DEBUG Engine               - urlLeaderboard: http://fxgl-top.herokuapp.com/
17:32:01.915 [FXGL Background Thread 3 ] DEBUG Engine               - urlPOM: https://raw.githubusercontent.com/AlmasB/FXGL/release/README.md
17:32:01.915 [FXGL Background Thread 3 ] DEBUG Engine               - userAppClass: class uet.oop.bomberman.BBMApp
17:32:01.915 [FXGL Background Thread 3 ] DEBUG Engine               - version: Tram Cam Desu
17:32:01.915 [FXGL Background Thread 3 ] DEBUG Engine               - versionCheckDays: 7
17:32:01.915 [FXGL Background Thread 3 ] DEBUG Engine               - width: 1080
17:32:01.915 [FXGL Background Thread 3 ] DEBUG Engine               - Logging services
17:32:01.915 [FXGL Background Thread 3 ] DEBUG Engine               - class com.almasb.fxgl.app.services.FXGLAssetLoaderService
17:32:01.915 [FXGL Background Thread 3 ] DEBUG Engine               - class com.almasb.fxgl.app.FXGLApplication$GameApplicationService
17:32:01.915 [FXGL Background Thread 3 ] DEBUG Engine               - class com.almasb.fxgl.app.services.FXGLDialogService
17:32:01.915 [FXGL Background Thread 3 ] DEBUG Engine               - class com.almasb.fxgl.app.services.IOTaskExecutorService
17:32:01.915 [FXGL Background Thread 3 ] DEBUG Engine               - class com.almasb.fxgl.io.FileSystemService
17:32:01.916 [FXGL Background Thread 3 ] DEBUG Engine               - class com.almasb.fxgl.localization.LocalizationService
17:32:01.916 [FXGL Background Thread 3 ] DEBUG Engine               - class com.almasb.fxgl.app.services.SystemBundleService
17:32:01.916 [FXGL Background Thread 3 ] DEBUG Engine               - class com.almasb.fxgl.profile.SaveLoadService
17:32:01.916 [FXGL Background Thread 3 ] DEBUG Engine               - class com.almasb.fxgl.ui.FXGLUIFactoryServiceProvider
17:32:01.916 [FXGL Background Thread 3 ] DEBUG Engine               - class com.almasb.fxgl.ui.FXGLDialogFactoryServiceProvider
17:32:01.916 [FXGL Background Thread 3 ] DEBUG Engine               - class com.almasb.fxgl.audio.AudioPlayer
17:32:01.916 [FXGL Background Thread 3 ] DEBUG Engine               - class com.almasb.fxgl.notification.impl.NotificationServiceProvider
17:32:01.916 [FXGL Background Thread 3 ] DEBUG Engine               - class com.almasb.fxgl.achievement.AchievementService
17:32:01.916 [FXGL Background Thread 3 ] DEBUG Engine               - class com.almasb.fxgl.cutscene.CutsceneService
17:32:01.916 [FXGL Background Thread 3 ] DEBUG Engine               - class com.almasb.fxgl.minigames.MiniGameService
17:32:01.916 [FXGL Background Thread 3 ] DEBUG Engine               - class com.almasb.fxgl.net.NetService
17:32:01.916 [FXGL Background Thread 3 ] DEBUG Engine               - class com.almasb.fxgl.app.services.UpdaterService
17:32:01.916 [FXGL Background Thread 3 ] DEBUG Engine               - class com.almasb.fxgl.dev.DevService
17:32:07.008 [JavaFX Application Thread] DEBUG Menu                 - fireNewGame()
17:32:07.008 [JavaFX Application Thread] DEBUG GameApplicationServi - Starting new game
17:32:07.008 [JavaFX Application Thread] DEBUG PrimaryStageWindow   - Pop state: BBMMenuStartingScreen
17:32:07.009 [JavaFX Application Thread] DEBUG Input                - Clearing active input actions
17:32:07.010 [JavaFX Application Thread] DEBUG GameApplicationServi - Removing overlay from BBMMenuStartingScreen and adding to FXGLMainMenuDummyScene
17:32:07.012 [JavaFX Application Thread] DEBUG PrimaryStageWindow   - FXGLMainMenuDummyScene <- BBMMenuStartingScreen
17:32:07.012 [JavaFX Application Thread] DEBUG Input                - Clearing active input actions
17:32:07.018 [JavaFX Application Thread] DEBUG GameApplicationServi - Removing overlay from FXGLMainMenuDummyScene and adding to FXGLLoadingScene
17:32:07.019 [JavaFX Application Thread] DEBUG PrimaryStageWindow   - FXGLMainMenuDummyScene -> FXGLLoadingScene
17:32:07.019 [JavaFX Application Thread] DEBUG GameApplicationServi - Clearing previous game
17:32:07.019 [JavaFX Application Thread] DEBUG GameScene            - Clearing game scene
17:32:07.019 [JavaFX Application Thread] DEBUG GameWorld            - Clearing game world
17:32:07.019 [JavaFX Application Thread] DEBUG PhysicsWorld         - Clearing physics world
17:32:07.020 [FXGL Background Thread 2 ] DEBUG FXGLApplication      - Initializing game
17:32:07.029 [FXGL Background Thread 2 ] DEBUG FXGLAssetLoaderServi - Loading from file system: file:/D:/GitHub/bomberman-tramcam-desu/target/classes/assets/sounds/GameStarted.wav
17:32:07.150 [FXGL Background Thread 2 ] INFO  FXGLApplication      - Game initialization took: 0.129 sec
17:32:07.151 [JavaFX Application Thread] DEBUG Input                - Clearing active input actions
17:32:07.162 [JavaFX Application Thread] DEBUG GameApplicationServi - Removing overlay from FXGLLoadingScene and adding to GameScene
17:32:07.166 [JavaFX Application Thread] DEBUG PrimaryStageWindow   - FXGLLoadingScene -> GameScene
17:32:10.175 [JavaFX Application Thread] WARN  TMXLevelLoader       - TiledMap generated from 1.7.2. Supported version: 1.2.3. Some features may not be parsed fully.
17:32:10.195 [JavaFX Application Thread] DEBUG TMXLevelLoader       - Parsed TiledMap: file:/D:/GitHub/bomberman-tramcam-desu/target/classes/assets/levels/level1.tmx
17:32:10.197 [JavaFX Application Thread] DEBUG TMXLevelLoader       - Creating tile layer entities
17:32:10.198 [JavaFX Application Thread] DEBUG TilesetLoader        - Loading view for layer Tile Layer 1
17:32:10.200 [JavaFX Application Thread] DEBUG TilesetLoader        - Created buffer with size 1488.0x720.0
17:32:10.285 [JavaFX Application Thread] DEBUG TMXLevelLoader       - Creating object layer entities
17:32:10.288 [JavaFX Application Thread] DEBUG FXGLAssetLoaderServi - Loading from file system: file:/D:/GitHub/bomberman-tramcam-desu/target/classes/assets/textures/photo/powerup_immortal.png
17:32:10.291 [JavaFX Application Thread] DEBUG FXGLAssetLoaderServi - Loading from file system: file:/D:/GitHub/bomberman-tramcam-desu/target/classes/assets/textures/photo/powerup_speed.png
17:32:10.293 [JavaFX Application Thread] DEBUG FXGLAssetLoaderServi - Loading from file system: file:/D:/GitHub/bomberman-tramcam-desu/target/classes/assets/textures/photo/powerup_flames.png
17:32:10.294 [JavaFX Application Thread] DEBUG FXGLAssetLoaderServi - Loading from file system: file:/D:/GitHub/bomberman-tramcam-desu/target/classes/assets/textures/photo/powerup_bombs.png
17:32:10.297 [JavaFX Application Thread] DEBUG FXGLAssetLoaderServi - Loading from file system: file:/D:/GitHub/bomberman-tramcam-desu/target/classes/assets/textures/photo/portal.png
17:32:10.299 [JavaFX Application Thread] DEBUG FXGLAssetLoaderServi - Loading from file system: file:/D:/GitHub/bomberman-tramcam-desu/target/classes/assets/textures/sprites.png
17:32:10.374 [JavaFX Application Thread] DEBUG GameWorld            - Clearing removable entities
17:32:10.375 [JavaFX Application Thread] DEBUG GameWorld            - Setting level: com.almasb.fxgl.entity.level.Level@470e5316
17:32:10.424 [JavaFX Application Thread] DEBUG FXGLAssetLoaderServi - Loading from file system: file:/D:/GitHub/bomberman-tramcam-desu/target/classes/assets/sounds/walk_2.wav
17:32:13.939 [JavaFX Application Thread] DEBUG FXGLAssetLoaderServi - Loading from file system: file:/D:/GitHub/bomberman-tramcam-desu/target/classes/assets/sounds/BombPlaced.wav
17:32:14.564 [JavaFX Application Thread] DEBUG FXGLAssetLoaderServi - Loading from file system: file:/D:/GitHub/bomberman-tramcam-desu/target/classes/assets/sounds/walk_1.wav
17:32:16.443 [JavaFX Application Thread] DEBUG FXGLAssetLoaderServi - Loading from file system: file:/D:/GitHub/bomberman-tramcam-desu/target/classes/assets/sounds/BombExploding.wav
17:32:21.579 [JavaFX Application Thread] DEBUG FXGLAssetLoaderServi - Loading from file system: file:/D:/GitHub/bomberman-tramcam-desu/target/classes/assets/sounds/power_up.wav
17:32:27.355 [JavaFX Application Thread] DEBUG PrimaryStageWindow   - Push state: BBMMenuInGame
17:32:27.355 [JavaFX Application Thread] DEBUG Input                - Clearing active input actions
17:32:27.355 [JavaFX Application Thread] DEBUG GameApplicationServi - Removing overlay from GameScene and adding to BBMMenuInGame
17:32:27.356 [JavaFX Application Thread] DEBUG PrimaryStageWindow   - GameScene -> BBMMenuInGame
17:32:28.623 [JavaFX Application Thread] DEBUG Menu                 - fireExitToMainMenu()
17:32:28.625 [JavaFX Application Thread] DEBUG PrimaryStageWindow   - Push state: DialogSubScene
17:32:28.625 [JavaFX Application Thread] DEBUG Input                - Clearing active input actions
17:32:28.626 [JavaFX Application Thread] DEBUG GameApplicationServi - Removing overlay from BBMMenuInGame and adding to DialogSubScene
17:32:28.626 [JavaFX Application Thread] DEBUG PrimaryStageWindow   - BBMMenuInGame -> DialogSubScene
17:32:29.342 [JavaFX Application Thread] DEBUG PrimaryStageWindow   - Pop state: DialogSubScene
17:32:29.342 [JavaFX Application Thread] DEBUG Input                - Clearing active input actions
17:32:29.343 [JavaFX Application Thread] DEBUG GameApplicationServi - Removing overlay from DialogSubScene and adding to BBMMenuInGame
17:32:29.344 [JavaFX Application Thread] DEBUG PrimaryStageWindow   - BBMMenuInGame <- DialogSubScene
17:32:29.344 [JavaFX Application Thread] DEBUG PrimaryStageWindow   - Pop state: BBMMenuInGame
17:32:29.344 [JavaFX Application Thread] DEBUG Input                - Clearing active input actions
17:32:29.344 [JavaFX Application Thread] DEBUG GameApplicationServi - Removing overlay from BBMMenuInGame and adding to GameScene
17:32:29.344 [JavaFX Application Thread] DEBUG PrimaryStageWindow   - GameScene <- BBMMenuInGame
17:32:29.344 [JavaFX Application Thread] DEBUG Input                - Clearing active input actions
17:32:29.348 [JavaFX Application Thread] DEBUG GameApplicationServi - Removing overlay from GameScene and adding to FXGLMainMenuDummyScene
17:32:29.351 [JavaFX Application Thread] DEBUG PrimaryStageWindow   - GameScene -> FXGLMainMenuDummyScene
17:32:29.351 [JavaFX Application Thread] DEBUG PrimaryStageWindow   - Push state: BBMMenuStartingScreen
17:32:29.351 [JavaFX Application Thread] DEBUG Input                - Clearing active input actions
17:32:29.351 [JavaFX Application Thread] DEBUG GameApplicationServi - Removing overlay from FXGLMainMenuDummyScene and adding to BBMMenuStartingScreen
17:32:29.352 [JavaFX Application Thread] DEBUG PrimaryStageWindow   - FXGLMainMenuDummyScene -> BBMMenuStartingScreen
17:32:30.130 [JavaFX Application Thread] DEBUG PrimaryStageWindow   - Push state: DialogSubScene
17:32:30.130 [JavaFX Application Thread] DEBUG Input                - Clearing active input actions
17:32:30.130 [JavaFX Application Thread] DEBUG GameApplicationServi - Removing overlay from BBMMenuStartingScreen and adding to DialogSubScene
17:32:30.131 [JavaFX Application Thread] DEBUG PrimaryStageWindow   - BBMMenuStartingScreen -> DialogSubScene
17:32:32.801 [JavaFX Application Thread] DEBUG PrimaryStageWindow   - Pop state: DialogSubScene
17:32:32.802 [JavaFX Application Thread] DEBUG Input                - Clearing active input actions
17:32:32.802 [JavaFX Application Thread] DEBUG GameApplicationServi - Removing overlay from DialogSubScene and adding to BBMMenuStartingScreen
17:32:32.803 [JavaFX Application Thread] DEBUG PrimaryStageWindow   - BBMMenuStartingScreen <- DialogSubScene
17:35:26.604 [JavaFX Application Thread] DEBUG FXGLApplication      - Exiting FXGL
17:35:26.604 [JavaFX Application Thread] DEBUG LoopRunner           - Stopping loop
17:35:26.604 [JavaFX Application Thread] DEBUG SystemBundleService  - Saving FXGL system data
17:35:26.606 [JavaFX Application Thread] DEBUG FileSystemAccess     - Writing to: D:\GitHub\bomberman-tramcam-desu\system\fxgl.bundle
17:35:26.607 [JavaFX Application Thread] DEBUG Async                - Shutting down background threads
17:35:26.607 [JavaFX Application Thread] DEBUG PrimaryStageWindow   - Closing main window
17:35:26.620 [JavaFX Application Thread] DEBUG Logger               - Closing Logger
