13:15:55.584 [main                     ] DEBUG Logger               - Configured Logger
13:15:55.585 [main                     ] DEBUG GameApplication      - Logging settings
Title: Bomberman
Version: Tram Cam Desu
Width: 1080
Height: 720
Fullscreen: false
Intro: false
Profiling: false
Single step:false
App Mode: DEVELOPER
Menu Key: ESCAPE
Stage Style: DECORATED
Scene Factory: class uet.oop.bomberman.BBMApp$1

13:15:55.841 [JavaFX Application Thread] DEBUG FXGLApplication      - Initializing FXGL
13:15:55.843 [JavaFX Application Thread] INFO  Engine               - FXGL-11.17 (16.07.2021 15.46) on WINDOWS (J:18.0.2.1 FX:16)
13:15:55.843 [JavaFX Application Thread] DEBUG Engine               - JRE Vendor Name: Oracle Corporation
13:15:55.843 [JavaFX Application Thread] DEBUG Engine               - Running on OS: Windows 10 version 10.0
13:15:55.843 [JavaFX Application Thread] DEBUG Engine               - Architecture: amd64
13:15:55.843 [JavaFX Application Thread] INFO  Engine               - Source code and latest versions at: https://github.com/AlmasB/FXGL
13:15:55.843 [JavaFX Application Thread] INFO  Engine               -              Join the FXGL chat at: https://gitter.im/AlmasB/FXGL
13:15:55.911 [JavaFX Application Thread] DEBUG PrimaryStageWindow   - Creating a JavaFX scene
13:15:55.943 [JavaFX Application Thread] DEBUG PrimaryStageWindow   - Target settings size: 1080.0 x 720.0
13:15:55.943 [JavaFX Application Thread] DEBUG PrimaryStageWindow   - Scaled scene size:    1080.0 x 720.0
13:15:55.943 [JavaFX Application Thread] DEBUG PrimaryStageWindow   - Scaled ratio: (1.0, 1.0)
13:15:55.943 [JavaFX Application Thread] DEBUG PrimaryStageWindow   - Set initial scene to FXGLStartupScene
13:15:55.948 [JavaFX Application Thread] DEBUG PrimaryStageWindow   - Opening main window
13:15:56.025 [JavaFX Application Thread] DEBUG PrimaryStageWindow   - Window border size: (14.4000244140625, 37.5999755859375)
13:15:56.026 [JavaFX Application Thread] DEBUG PrimaryStageWindow   - Scaled size: 1080.0 x 720.0
13:15:56.026 [JavaFX Application Thread] DEBUG PrimaryStageWindow   - Scaled ratio: (1.0, 1.0)
13:15:56.026 [JavaFX Application Thread] DEBUG PrimaryStageWindow   - Scene size: 1080.0 x 720.0
13:15:56.026 [JavaFX Application Thread] DEBUG PrimaryStageWindow   - Stage size: 1094.4000244140625 x 757.5999755859375
13:15:56.033 [FXGL Background Thread 1 ] DEBUG Engine               - Initializing environment variables
13:15:56.097 [FXGL Background Thread 1 ] DEBUG FXGLAssetLoaderServi - User app class for loading assets: class uet.oop.bomberman.BBMApp
13:15:56.097 [FXGL Background Thread 1 ] DEBUG GameApplicationServi - Applying CSS: fxgl_dark.css
13:15:56.097 [FXGL Background Thread 1 ] DEBUG FXGLAssetLoaderServi - Loading from file system: jar:file:///C:/Users/Legion%207/.m2/repository/com/github/almasb/fxgl/11.17/fxgl-11.17.jar!/fxglassets/ui/css/fxgl_dark.css
13:15:56.138 [FXGL Background Thread 1 ] DEBUG GameApplicationServi - Initializing application scenes
13:15:56.173 [FXGL Background Thread 1 ] DEBUG GameWorld            - Game world initialized
13:15:56.221 [FXGL Background Thread 1 ] DEBUG PhysicsWorld         - Physics world initialized: appHeight=720, physics.ppm=50.0
13:15:56.222 [FXGL Background Thread 1 ] DEBUG PhysicsWorld         - Using strategy: BRUTE_FORCE
13:15:56.223 [FXGL Background Thread 1 ] DEBUG GameScene            - Game scene initialized: 1080x720
13:15:56.312 [FXGL Background Thread 1 ] DEBUG GameApplicationServi - Application scenes initialized
13:15:56.323 [FXGL Background Thread 1 ] DEBUG SystemBundleService  - Loading FXGL system data
13:15:56.329 [FXGL Background Thread 1 ] DEBUG FileSystemAccess     - Reading from: D:\GitHub\bomberman-tramcam-desu\system\fxgl.bundle
13:15:56.339 [FXGL Background Thread 1 ] DEBUG SystemBundleService  - Bundle FXGL: {}
13:15:56.339 [FXGL Background Thread 1 ] DEBUG UpdaterService       - Checking for updates
13:15:56.358 [FXGL Background Thread 4 ] DEBUG FXGLApplication      - Loading fonts
13:15:56.358 [FXGL Background Thread 1 ] DEBUG FXGLApplication      - Loading default localization
13:15:56.358 [FXGL Background Thread 4 ] DEBUG FXGLAssetLoaderServi - Loading from file system: file:/D:/GitHub/bomberman-tramcam-desu/target/classes/assets/ui/fonts/Retro%20Gaming.ttf
13:15:56.359 [FXGL Background Thread 1 ] DEBUG FXGLAssetLoaderServi - Loading from file system: jar:file:///C:/Users/Legion%207/.m2/repository/com/github/almasb/fxgl/11.17/fxgl-11.17.jar!/fxglassets/languages/english.lang
13:15:56.372 [FXGL Background Thread 1 ] INFO  FXGLApplication      - FXGL initialization took: 0.339 sec
13:15:56.383 [JavaFX Application Thread] DEBUG Input                - Registered new binding: Move Up - W
13:15:56.383 [JavaFX Application Thread] DEBUG Input                - Registered new binding: Move Down - S
13:15:56.383 [JavaFX Application Thread] DEBUG Input                - Registered new binding: Move Left - A
13:15:56.383 [JavaFX Application Thread] DEBUG Input                - Registered new binding: Move Right - D
13:15:56.383 [JavaFX Application Thread] DEBUG Input                - Registered new binding: Place Bomb - Space
13:15:56.384 [JavaFX Application Thread] WARN  FXGLAssetLoaderServi - Asset "/assets/music/title_screen.mp3" was not found!
13:15:56.384 [JavaFX Application Thread] WARN  FXGLAssetLoaderServi - Failed to load MUSIC
13:15:56.385 [JavaFX Application Thread] DEBUG AudioPlayer          - Playing music com.almasb.fxgl.audio.Music@580888c6
13:15:56.385 [JavaFX Application Thread] DEBUG FXGLAssetLoaderServi - Loading from file system: jar:file:///C:/Users/Legion%207/.m2/repository/com/github/almasb/fxgl/11.17/fxgl-11.17.jar!/fxglassets/textures/fxgl_icon.png
13:15:56.403 [JavaFX Application Thread] DEBUG FXGLAssetLoaderServi - Loading from file system: jar:file:///C:/Users/Legion%207/.m2/repository/com/github/almasb/fxgl/11.17/fxgl-11.17.jar!/fxglassets/textures/fxgl_default_cursor.png
13:15:56.404 [JavaFX Application Thread] DEBUG Input                - Registered new binding: Screenshot - CTRL+8
13:15:56.404 [JavaFX Application Thread] DEBUG Input                - Registered new binding: Dev Options - 1
13:15:56.405 [JavaFX Application Thread] DEBUG Input                - Registered new binding: Dev Console - 2
13:15:56.405 [JavaFX Application Thread] DEBUG Input                - Registered new binding: System info dump - CTRL+9
13:15:56.405 [JavaFX Application Thread] DEBUG Input                - Registered new binding: Restart - CTRL+R
13:15:56.405 [JavaFX Application Thread] DEBUG Input                - Registered new binding: Toggle Debug Camera - CTRL+C
13:15:56.408 [JavaFX Application Thread] DEBUG LoopRunner           - Starting loop
13:15:56.418 [JavaFX Application Thread] DEBUG LoopRunner           - Initializing JavaFX AnimationTimerLoop
13:15:56.423 [JavaFX Application Thread] DEBUG Input                - Clearing active input actions
13:15:56.430 [JavaFX Application Thread] DEBUG GameApplicationServi - Removing overlay from FXGLStartupScene and adding to FXGLMainMenuDummyScene
13:15:56.431 [FXGL Background Thread 4 ] DEBUG FXGLAssetLoaderServi - Loading from file system: jar:file:///C:/Users/Legion%207/.m2/repository/com/github/almasb/fxgl/11.17/fxgl-11.17.jar!/fxglassets/ui/fonts/Abel-Regular.ttf
13:15:56.432 [JavaFX Application Thread] DEBUG PrimaryStageWindow   - FXGLStartupScene -> FXGLMainMenuDummyScene
13:15:56.432 [JavaFX Application Thread] DEBUG PrimaryStageWindow   - Push state: BBMMenuStartingScreen
13:15:56.433 [JavaFX Application Thread] DEBUG Input                - Clearing active input actions
13:15:56.436 [JavaFX Application Thread] DEBUG GameApplicationServi - Removing overlay from FXGLMainMenuDummyScene and adding to BBMMenuStartingScreen
13:15:56.437 [JavaFX Application Thread] DEBUG PrimaryStageWindow   - FXGLMainMenuDummyScene -> BBMMenuStartingScreen
13:15:56.439 [FXGL Background Thread 4 ] DEBUG FXGLAssetLoaderServi - Loading from file system: jar:file:///C:/Users/Legion%207/.m2/repository/com/github/almasb/fxgl/11.17/fxgl-11.17.jar!/fxglassets/ui/fonts/lucida_console.ttf
13:15:56.448 [FXGL Background Thread 4 ] DEBUG FXGLAssetLoaderServi - Loading from file system: jar:file:///C:/Users/Legion%207/.m2/repository/com/github/almasb/fxgl/11.17/fxgl-11.17.jar!/fxglassets/ui/fonts/Courier-Prime.ttf
13:15:56.571 [JavaFX Application Thread] DEBUG FXGLApplication      - Registering font factories with UI factory
13:15:56.941 [FXGL Background Thread 2 ] INFO  UpdaterService       - Your current version:  11.17
13:15:56.942 [FXGL Background Thread 2 ] INFO  UpdaterService       - Latest stable version: 17.2
13:15:57.220 [JavaFX Application Thread] DEBUG Menu                 - fireNewGame()
13:15:57.220 [JavaFX Application Thread] DEBUG GameApplicationServi - Starting new game
13:15:57.221 [JavaFX Application Thread] DEBUG PrimaryStageWindow   - Pop state: BBMMenuStartingScreen
13:15:57.221 [JavaFX Application Thread] DEBUG Input                - Clearing active input actions
13:15:57.222 [JavaFX Application Thread] DEBUG GameApplicationServi - Removing overlay from BBMMenuStartingScreen and adding to FXGLMainMenuDummyScene
13:15:57.223 [JavaFX Application Thread] DEBUG PrimaryStageWindow   - FXGLMainMenuDummyScene <- BBMMenuStartingScreen
13:15:57.223 [JavaFX Application Thread] DEBUG Input                - Clearing active input actions
13:15:57.230 [JavaFX Application Thread] DEBUG GameApplicationServi - Removing overlay from FXGLMainMenuDummyScene and adding to FXGLLoadingScene
13:15:57.231 [JavaFX Application Thread] DEBUG PrimaryStageWindow   - FXGLMainMenuDummyScene -> FXGLLoadingScene
13:15:57.231 [JavaFX Application Thread] DEBUG GameApplicationServi - Clearing previous game
13:15:57.231 [JavaFX Application Thread] DEBUG GameScene            - Clearing game scene
13:15:57.231 [JavaFX Application Thread] DEBUG GameWorld            - Clearing game world
13:15:57.231 [JavaFX Application Thread] DEBUG PhysicsWorld         - Clearing physics world
13:15:57.232 [FXGL Background Thread 2 ] DEBUG FXGLApplication      - Initializing game
13:15:57.242 [FXGL Background Thread 2 ] DEBUG FXGLAssetLoaderServi - Loading from file system: file:/D:/GitHub/bomberman-tramcam-desu/target/classes/assets/sounds/GameStarted.wav
13:15:57.344 [FXGL Background Thread 2 ] INFO  FXGLApplication      - Game initialization took: 0.113 sec
13:15:57.345 [JavaFX Application Thread] DEBUG Input                - Clearing active input actions
13:15:57.352 [JavaFX Application Thread] DEBUG GameApplicationServi - Removing overlay from FXGLLoadingScene and adding to GameScene
13:15:57.355 [JavaFX Application Thread] DEBUG PrimaryStageWindow   - FXGLLoadingScene -> GameScene
13:15:59.358 [FXGL Background Thread 3 ] DEBUG Engine               - Logging environment variables
13:15:59.358 [FXGL Background Thread 3 ] DEBUG Engine               - achievements: []
13:15:59.359 [FXGL Background Thread 3 ] DEBUG Engine               - actualHeight: 720.0
13:15:59.359 [FXGL Background Thread 3 ] DEBUG Engine               - actualHeightProperty: ReadOnlyDoubleProperty [value: 720.0]
13:15:59.359 [FXGL Background Thread 3 ] DEBUG Engine               - actualWidth: 1080.0
13:15:59.359 [FXGL Background Thread 3 ] DEBUG Engine               - actualWidthProperty: ReadOnlyDoubleProperty [value: 1080.0]
13:15:59.359 [FXGL Background Thread 3 ] DEBUG Engine               - appIcon: fxgl_icon.png
13:15:59.360 [FXGL Background Thread 3 ] DEBUG Engine               - applicationMode: DEVELOPER
13:15:59.360 [FXGL Background Thread 3 ] DEBUG Engine               - cSSList: [fxgl_dark.css]
13:15:59.360 [FXGL Background Thread 3 ] DEBUG Engine               - collisionDetectionStrategy: BRUTE_FORCE
13:15:59.360 [FXGL Background Thread 3 ] DEBUG Engine               - configClass: Optional.empty
13:15:59.360 [FXGL Background Thread 3 ] DEBUG Engine               - credits: []
13:15:59.361 [FXGL Background Thread 3 ] DEBUG Engine               - defaultCursor: CursorInfo(imageName=fxgl_default_cursor.png, hotspotX=7.0, hotspotY=6.0)
13:15:59.361 [FXGL Background Thread 3 ] DEBUG Engine               - devBBoxColorProperty: ObjectProperty [value: 0xff0000ff]
13:15:59.361 [FXGL Background Thread 3 ] DEBUG Engine               - devEnableDebugCameraProperty: BooleanProperty [value: false]
13:15:59.362 [FXGL Background Thread 3 ] DEBUG Engine               - devSensorColorProperty: ObjectProperty [value: 0xffff00ff]
13:15:59.362 [FXGL Background Thread 3 ] DEBUG Engine               - devShowBBoxProperty: BooleanProperty [value: false]
13:15:59.362 [FXGL Background Thread 3 ] DEBUG Engine               - devShowPositionProperty: BooleanProperty [value: false]
13:15:59.362 [FXGL Background Thread 3 ] DEBUG Engine               - enabledMenuItems: []
13:15:59.362 [FXGL Background Thread 3 ] DEBUG Engine               - engineServices: [class com.almasb.fxgl.app.services.FXGLAssetLoaderService, class com.almasb.fxgl.app.FXGLApplication$GameApplicationService, class com.almasb.fxgl.app.services.FXGLDialogService, class com.almasb.fxgl.app.services.IOTaskExecutorService, class com.almasb.fxgl.io.FileSystemService, class com.almasb.fxgl.localization.LocalizationService, class com.almasb.fxgl.app.services.SystemBundleService, class com.almasb.fxgl.profile.SaveLoadService, class com.almasb.fxgl.ui.FXGLUIFactoryServiceProvider, class com.almasb.fxgl.ui.FXGLDialogFactoryServiceProvider, class com.almasb.fxgl.audio.AudioPlayer, class com.almasb.fxgl.notification.impl.NotificationServiceProvider, class com.almasb.fxgl.achievement.AchievementService, class com.almasb.fxgl.cutscene.CutsceneService, class com.almasb.fxgl.minigames.MiniGameService, class com.almasb.fxgl.net.NetService, class com.almasb.fxgl.app.services.UpdaterService, class com.almasb.fxgl.dev.DevService]
13:15:59.363 [FXGL Background Thread 3 ] DEBUG Engine               - fontGame: Abel-Regular.ttf
13:15:59.363 [FXGL Background Thread 3 ] DEBUG Engine               - fontMono: lucida_console.ttf
13:15:59.363 [FXGL Background Thread 3 ] DEBUG Engine               - fontText: Courier-Prime.ttf
13:15:59.363 [FXGL Background Thread 3 ] DEBUG Engine               - fontUI: Retro Gaming.ttf
13:15:59.363 [FXGL Background Thread 3 ] DEBUG Engine               - fullScreen: BooleanProperty [value: false]
13:15:59.364 [FXGL Background Thread 3 ] DEBUG Engine               - gameDifficulty: MEDIUM
13:15:59.364 [FXGL Background Thread 3 ] DEBUG Engine               - gameDifficultyProperty: ObjectProperty [value: MEDIUM]
13:15:59.364 [FXGL Background Thread 3 ] DEBUG Engine               - globalMusicVolume: 0.5
13:15:59.364 [FXGL Background Thread 3 ] DEBUG Engine               - globalMusicVolumeProperty: DoubleProperty [value: 0.0]
13:15:59.364 [FXGL Background Thread 3 ] DEBUG Engine               - globalSoundVolume: 0.5
13:15:59.365 [FXGL Background Thread 3 ] DEBUG Engine               - globalSoundVolumeProperty: DoubleProperty [value: 0.4]
13:15:59.365 [FXGL Background Thread 3 ] DEBUG Engine               - height: 720
13:15:59.365 [FXGL Background Thread 3 ] DEBUG Engine               - is3D: false
13:15:59.365 [FXGL Background Thread 3 ] DEBUG Engine               - isAndroid: false
13:15:59.365 [FXGL Background Thread 3 ] DEBUG Engine               - isBrowser: false
13:15:59.366 [FXGL Background Thread 3 ] DEBUG Engine               - isClickFeedbackEnabled: false
13:15:59.366 [FXGL Background Thread 3 ] DEBUG Engine               - isCloseConfirmation: false
13:15:59.366 [FXGL Background Thread 3 ] DEBUG Engine               - isDesktop: true
13:15:59.366 [FXGL Background Thread 3 ] DEBUG Engine               - isDeveloperMenuEnabled: true
13:15:59.366 [FXGL Background Thread 3 ] DEBUG Engine               - isEntityPreloadEnabled: true
13:15:59.366 [FXGL Background Thread 3 ] DEBUG Engine               - isExperimentalTiledLargeMap: false
13:15:59.367 [FXGL Background Thread 3 ] DEBUG Engine               - isFileSystemWriteAllowed: true
13:15:59.367 [FXGL Background Thread 3 ] DEBUG Engine               - isFullScreenAllowed: false
13:15:59.367 [FXGL Background Thread 3 ] DEBUG Engine               - isFullScreenFromStart: false
13:15:59.367 [FXGL Background Thread 3 ] DEBUG Engine               - isGameMenuEnabled: true
13:15:59.367 [FXGL Background Thread 3 ] DEBUG Engine               - isIOS: false
13:15:59.367 [FXGL Background Thread 3 ] DEBUG Engine               - isIntroEnabled: false
13:15:59.368 [FXGL Background Thread 3 ] DEBUG Engine               - isLinux: false
13:15:59.368 [FXGL Background Thread 3 ] DEBUG Engine               - isMac: false
13:15:59.368 [FXGL Background Thread 3 ] DEBUG Engine               - isMainMenuEnabled: true
13:15:59.368 [FXGL Background Thread 3 ] DEBUG Engine               - isManualResizeEnabled: true
13:15:59.368 [FXGL Background Thread 3 ] DEBUG Engine               - isMobile: false
13:15:59.369 [FXGL Background Thread 3 ] DEBUG Engine               - isNative: false
13:15:59.369 [FXGL Background Thread 3 ] DEBUG Engine               - isPauseMusicWhenMinimized: true
13:15:59.369 [FXGL Background Thread 3 ] DEBUG Engine               - isPreserveResizeRatio: true
13:15:59.369 [FXGL Background Thread 3 ] DEBUG Engine               - isProfilingEnabled: false
13:15:59.369 [FXGL Background Thread 3 ] DEBUG Engine               - isScaleAffectedOnResize: true
13:15:59.370 [FXGL Background Thread 3 ] DEBUG Engine               - isSingleStep: false
13:15:59.370 [FXGL Background Thread 3 ] DEBUG Engine               - isUserProfileEnabled: false
13:15:59.370 [FXGL Background Thread 3 ] DEBUG Engine               - isWindows: true
13:15:59.370 [FXGL Background Thread 3 ] DEBUG Engine               - language: ObjectProperty [value: ENGLISH]
13:15:59.370 [FXGL Background Thread 3 ] DEBUG Engine               - menuKey: ESCAPE
13:15:59.371 [FXGL Background Thread 3 ] DEBUG Engine               - mouseSensitivity: 0.2
13:15:59.371 [FXGL Background Thread 3 ] DEBUG Engine               - notificationViewClass: class com.almasb.fxgl.notification.view.XboxNotificationView
13:15:59.371 [FXGL Background Thread 3 ] DEBUG Engine               - pixelsPerMeter: 50.0
13:15:59.371 [FXGL Background Thread 3 ] DEBUG Engine               - platform: WINDOWS
13:15:59.372 [FXGL Background Thread 3 ] DEBUG Engine               - prefHeightProperty: ReadOnlyDoubleProperty [value: 720.0]
13:15:59.372 [FXGL Background Thread 3 ] DEBUG Engine               - prefWidthProperty: ReadOnlyDoubleProperty [value: 1080.0]
13:15:59.372 [FXGL Background Thread 3 ] DEBUG Engine               - profileDir: profiles/
13:15:59.372 [FXGL Background Thread 3 ] DEBUG Engine               - profileName: StringProperty [value: DEFAULT]
13:15:59.373 [FXGL Background Thread 3 ] DEBUG Engine               - randomSeed: -1
13:15:59.373 [FXGL Background Thread 3 ] DEBUG Engine               - runtimeInfo: RuntimeInfo(platform=WINDOWS, version=11.17, build=16.07.2021 15.46)
13:15:59.373 [FXGL Background Thread 3 ] DEBUG Engine               - saveFileExt: sav
13:15:59.373 [FXGL Background Thread 3 ] DEBUG Engine               - scaledHeightProp$fxgl: DoubleProperty [bound, value: 720.0]
13:15:59.374 [FXGL Background Thread 3 ] DEBUG Engine               - scaledWidthProp$fxgl: DoubleProperty [bound, value: 1080.0]
13:15:59.374 [FXGL Background Thread 3 ] DEBUG Engine               - sceneFactory: uet.oop.bomberman.BBMApp$1@4ac697e3
13:15:59.374 [FXGL Background Thread 3 ] DEBUG Engine               - secondsIn24h: 60
13:15:59.374 [FXGL Background Thread 3 ] DEBUG Engine               - soundMenuBack: menu/back.wav
13:15:59.374 [FXGL Background Thread 3 ] DEBUG Engine               - soundMenuPress: menu/press.wav
13:15:59.375 [FXGL Background Thread 3 ] DEBUG Engine               - soundMenuSelect: menu/select.wav
13:15:59.375 [FXGL Background Thread 3 ] DEBUG Engine               - soundNotification: core/notification.wav
13:15:59.375 [FXGL Background Thread 3 ] DEBUG Engine               - stageStyle: DECORATED
13:15:59.375 [FXGL Background Thread 3 ] DEBUG Engine               - supportedLanguages: [ENGLISH, FRENCH, GERMAN, HUNGARIAN, RUSSIAN]
13:15:59.375 [FXGL Background Thread 3 ] DEBUG Engine               - ticksPerSecond: -1
13:15:59.376 [FXGL Background Thread 3 ] DEBUG Engine               - title: Bomberman
13:15:59.376 [FXGL Background Thread 3 ] DEBUG Engine               - urlGithub: https://github.com/AlmasB/FXGL
13:15:59.376 [FXGL Background Thread 3 ] DEBUG Engine               - urlLeaderboard: http://fxgl-top.herokuapp.com/
13:15:59.376 [FXGL Background Thread 3 ] DEBUG Engine               - urlPOM: https://raw.githubusercontent.com/AlmasB/FXGL/release/README.md
13:15:59.376 [FXGL Background Thread 3 ] DEBUG Engine               - userAppClass: class uet.oop.bomberman.BBMApp
13:15:59.377 [FXGL Background Thread 3 ] DEBUG Engine               - version: Tram Cam Desu
13:15:59.377 [FXGL Background Thread 3 ] DEBUG Engine               - versionCheckDays: 7
13:15:59.377 [FXGL Background Thread 3 ] DEBUG Engine               - width: 1080
13:15:59.377 [FXGL Background Thread 3 ] DEBUG Engine               - Logging services
13:15:59.377 [FXGL Background Thread 3 ] DEBUG Engine               - class com.almasb.fxgl.app.services.FXGLAssetLoaderService
13:15:59.378 [FXGL Background Thread 3 ] DEBUG Engine               - class com.almasb.fxgl.app.FXGLApplication$GameApplicationService
13:15:59.378 [FXGL Background Thread 3 ] DEBUG Engine               - class com.almasb.fxgl.app.services.FXGLDialogService
13:15:59.378 [FXGL Background Thread 3 ] DEBUG Engine               - class com.almasb.fxgl.app.services.IOTaskExecutorService
13:15:59.379 [FXGL Background Thread 3 ] DEBUG Engine               - class com.almasb.fxgl.io.FileSystemService
13:15:59.379 [FXGL Background Thread 3 ] DEBUG Engine               - class com.almasb.fxgl.localization.LocalizationService
13:15:59.379 [FXGL Background Thread 3 ] DEBUG Engine               - class com.almasb.fxgl.app.services.SystemBundleService
13:15:59.379 [FXGL Background Thread 3 ] DEBUG Engine               - class com.almasb.fxgl.profile.SaveLoadService
13:15:59.388 [FXGL Background Thread 3 ] DEBUG Engine               - class com.almasb.fxgl.ui.FXGLUIFactoryServiceProvider
13:15:59.388 [FXGL Background Thread 3 ] DEBUG Engine               - class com.almasb.fxgl.ui.FXGLDialogFactoryServiceProvider
13:15:59.388 [FXGL Background Thread 3 ] DEBUG Engine               - class com.almasb.fxgl.audio.AudioPlayer
13:15:59.388 [FXGL Background Thread 3 ] DEBUG Engine               - class com.almasb.fxgl.notification.impl.NotificationServiceProvider
13:15:59.388 [FXGL Background Thread 3 ] DEBUG Engine               - class com.almasb.fxgl.achievement.AchievementService
13:15:59.389 [FXGL Background Thread 3 ] DEBUG Engine               - class com.almasb.fxgl.cutscene.CutsceneService
13:15:59.389 [FXGL Background Thread 3 ] DEBUG Engine               - class com.almasb.fxgl.minigames.MiniGameService
13:15:59.389 [FXGL Background Thread 3 ] DEBUG Engine               - class com.almasb.fxgl.net.NetService
13:15:59.389 [FXGL Background Thread 3 ] DEBUG Engine               - class com.almasb.fxgl.app.services.UpdaterService
13:15:59.389 [FXGL Background Thread 3 ] DEBUG Engine               - class com.almasb.fxgl.dev.DevService
13:16:00.212 [JavaFX Application Thread] WARN  TMXLevelLoader       - TiledMap generated from 1.7.2. Supported version: 1.2.3. Some features may not be parsed fully.
13:16:00.268 [JavaFX Application Thread] DEBUG TMXLevelLoader       - Parsed TiledMap: file:/D:/GitHub/bomberman-tramcam-desu/target/classes/assets/levels/level1.tmx
13:16:00.269 [JavaFX Application Thread] DEBUG TMXLevelLoader       - Creating tile layer entities
13:16:00.270 [JavaFX Application Thread] DEBUG TilesetLoader        - Loading view for layer Tile Layer 1
13:16:00.273 [JavaFX Application Thread] DEBUG TilesetLoader        - Created buffer with size 1488.0x720.0
13:16:00.351 [JavaFX Application Thread] DEBUG TMXLevelLoader       - Creating object layer entities
13:16:00.352 [JavaFX Application Thread] DEBUG FXGLAssetLoaderServi - Loading from file system: file:/D:/GitHub/bomberman-tramcam-desu/target/classes/assets/textures/photo/powerup_speed.png
13:16:00.357 [JavaFX Application Thread] DEBUG FXGLAssetLoaderServi - Loading from file system: file:/D:/GitHub/bomberman-tramcam-desu/target/classes/assets/textures/photo/powerup_flames.png
13:16:00.358 [JavaFX Application Thread] DEBUG FXGLAssetLoaderServi - Loading from file system: file:/D:/GitHub/bomberman-tramcam-desu/target/classes/assets/textures/photo/powerup_bombs.png
13:16:00.359 [JavaFX Application Thread] DEBUG FXGLAssetLoaderServi - Loading from file system: file:/D:/GitHub/bomberman-tramcam-desu/target/classes/assets/textures/photo/powerup_flamepass.png
13:16:00.361 [JavaFX Application Thread] DEBUG FXGLAssetLoaderServi - Loading from file system: file:/D:/GitHub/bomberman-tramcam-desu/target/classes/assets/textures/photo/portal.png
13:16:00.362 [JavaFX Application Thread] DEBUG FXGLAssetLoaderServi - Loading from file system: file:/D:/GitHub/bomberman-tramcam-desu/target/classes/assets/textures/sprites.png
13:16:00.425 [JavaFX Application Thread] DEBUG GameWorld            - Clearing removable entities
13:16:00.425 [JavaFX Application Thread] DEBUG GameWorld            - Setting level: com.almasb.fxgl.entity.level.Level@56f7898d
13:16:00.468 [JavaFX Application Thread] DEBUG FXGLAssetLoaderServi - Loading from file system: file:/D:/GitHub/bomberman-tramcam-desu/target/classes/assets/sounds/walk_2.wav
13:16:03.809 [JavaFX Application Thread] DEBUG FXGLAssetLoaderServi - Loading from file system: file:/D:/GitHub/bomberman-tramcam-desu/target/classes/assets/sounds/BombermanDead.wav
13:16:05.321 [JavaFX Application Thread] WARN  TMXLevelLoader       - TiledMap generated from 1.7.2. Supported version: 1.2.3. Some features may not be parsed fully.
13:16:05.338 [JavaFX Application Thread] DEBUG TMXLevelLoader       - Parsed TiledMap: file:/D:/GitHub/bomberman-tramcam-desu/target/classes/assets/levels/level1.tmx
13:16:05.338 [JavaFX Application Thread] DEBUG TMXLevelLoader       - Creating tile layer entities
13:16:05.339 [JavaFX Application Thread] DEBUG TilesetLoader        - Loading view for layer Tile Layer 1
13:16:05.340 [JavaFX Application Thread] DEBUG TilesetLoader        - Created buffer with size 1488.0x720.0
13:16:05.385 [JavaFX Application Thread] DEBUG TMXLevelLoader       - Creating object layer entities
13:16:05.417 [JavaFX Application Thread] DEBUG GameWorld            - Clearing removable entities
13:16:05.428 [JavaFX Application Thread] DEBUG GameWorld            - Setting level: com.almasb.fxgl.entity.level.Level@6f4b8849
13:16:06.743 [JavaFX Application Thread] DEBUG FXGLApplication      - Exiting FXGL
13:16:06.743 [JavaFX Application Thread] DEBUG LoopRunner           - Stopping loop
13:16:06.743 [JavaFX Application Thread] DEBUG SystemBundleService  - Saving FXGL system data
13:16:06.744 [JavaFX Application Thread] DEBUG FileSystemAccess     - Writing to: D:\GitHub\bomberman-tramcam-desu\system\fxgl.bundle
13:16:06.746 [JavaFX Application Thread] DEBUG Async                - Shutting down background threads
13:16:06.746 [JavaFX Application Thread] DEBUG PrimaryStageWindow   - Closing main window
13:16:06.757 [JavaFX Application Thread] DEBUG Logger               - Closing Logger
